[2025-12-16T17:08:06.355+0000] {taskinstance.py:1956} INFO - Dependencies all met for dep_context=non-requeueable deps ti=<TaskInstance: etl_airflow.transform scheduled__2025-03-25T00:00:00+00:00 [queued]>
[2025-12-16T17:08:06.371+0000] {taskinstance.py:1956} INFO - Dependencies all met for dep_context=requeueable deps ti=<TaskInstance: etl_airflow.transform scheduled__2025-03-25T00:00:00+00:00 [queued]>
[2025-12-16T17:08:06.371+0000] {taskinstance.py:2170} INFO - Starting attempt 1 of 3
[2025-12-16T17:08:06.390+0000] {taskinstance.py:2191} INFO - Executing <Task(PythonOperator): transform> on 2025-03-25 00:00:00+00:00
[2025-12-16T17:08:06.397+0000] {standard_task_runner.py:60} INFO - Started process 1839 to run task
[2025-12-16T17:08:06.405+0000] {standard_task_runner.py:87} INFO - Running: ['***', 'tasks', 'run', 'etl_***', 'transform', 'scheduled__2025-03-25T00:00:00+00:00', '--job-id', '3477', '--raw', '--subdir', 'DAGS_FOLDER/etl_dag.py', '--cfg-path', '/tmp/tmpqh9xe5u4']
[2025-12-16T17:08:06.408+0000] {standard_task_runner.py:88} INFO - Job 3477: Subtask transform
[2025-12-16T17:08:06.509+0000] {task_command.py:423} INFO - Running <TaskInstance: etl_airflow.transform scheduled__2025-03-25T00:00:00+00:00 [running]> on host db658e834d9d
[2025-12-16T17:08:06.645+0000] {taskinstance.py:2480} INFO - Exporting env vars: AIRFLOW_CTX_DAG_OWNER='***' AIRFLOW_CTX_DAG_ID='etl_***' AIRFLOW_CTX_TASK_ID='transform' AIRFLOW_CTX_EXECUTION_DATE='2025-03-25T00:00:00+00:00' AIRFLOW_CTX_TRY_NUMBER='1' AIRFLOW_CTX_DAG_RUN_ID='scheduled__2025-03-25T00:00:00+00:00'
[2025-12-16T17:08:06.647+0000] {logging_mixin.py:188} INFO - [TRANSFORM]
[2025-12-16T17:08:06.664+0000] {taskinstance.py:2698} ERROR - Task failed with exception
Traceback (most recent call last):
  File "/home/airflow/.local/lib/python3.8/site-packages/airflow/models/taskinstance.py", line 433, in _execute_task
    result = execute_callable(context=context, **execute_callable_kwargs)
  File "/home/airflow/.local/lib/python3.8/site-packages/airflow/operators/python.py", line 199, in execute
    return_value = self.execute_callable()
  File "/home/airflow/.local/lib/python3.8/site-packages/airflow/operators/python.py", line 216, in execute_callable
    return self.python_callable(*self.op_args, **self.op_kwargs)
  File "/opt/airflow/etl_logic/pipeline.py", line 113, in transform_data
    df.to_csv(OUTPUT_PATH, index=False)
  File "/home/airflow/.local/lib/python3.8/site-packages/pandas/core/generic.py", line 3772, in to_csv
    return DataFrameRenderer(formatter).to_csv(
  File "/home/airflow/.local/lib/python3.8/site-packages/pandas/io/formats/format.py", line 1186, in to_csv
    csv_formatter.save()
  File "/home/airflow/.local/lib/python3.8/site-packages/pandas/io/formats/csvs.py", line 240, in save
    with get_handle(
  File "/home/airflow/.local/lib/python3.8/site-packages/pandas/io/common.py", line 737, in get_handle
    check_parent_directory(str(handle))
  File "/home/airflow/.local/lib/python3.8/site-packages/pandas/io/common.py", line 600, in check_parent_directory
    raise OSError(rf"Cannot save file into a non-existent directory: '{parent}'")
OSError: Cannot save file into a non-existent directory: 'E:\GPP\Task_4\comparative-data-orchestrationirflow\data'
[2025-12-16T17:08:06.693+0000] {taskinstance.py:1138} INFO - Marking task as UP_FOR_RETRY. dag_id=etl_***, task_id=transform, execution_date=20250325T000000, start_date=20251216T170806, end_date=20251216T170806
[2025-12-16T17:08:06.711+0000] {standard_task_runner.py:107} ERROR - Failed to execute job 3477 for task transform (Cannot save file into a non-existent directory: 'E:\GPP\Task_4\comparative-data-orchestrationirflow\data'; 1839)
[2025-12-16T17:08:06.738+0000] {local_task_job_runner.py:234} INFO - Task exited with return code 1
[2025-12-16T17:08:06.772+0000] {taskinstance.py:3280} INFO - 0 downstream tasks scheduled from follow-on schedule check
[2025-12-17T01:57:53.870+0000] {taskinstance.py:1956} INFO - Dependencies all met for dep_context=non-requeueable deps ti=<TaskInstance: etl_airflow.transform scheduled__2025-03-25T00:00:00+00:00 [queued]>
[2025-12-17T01:57:53.909+0000] {taskinstance.py:1956} INFO - Dependencies all met for dep_context=requeueable deps ti=<TaskInstance: etl_airflow.transform scheduled__2025-03-25T00:00:00+00:00 [queued]>
[2025-12-17T01:57:53.911+0000] {taskinstance.py:2170} INFO - Starting attempt 1 of 3
[2025-12-17T01:57:54.175+0000] {taskinstance.py:2191} INFO - Executing <Task(PythonOperator): transform> on 2025-03-25 00:00:00+00:00
[2025-12-17T01:57:54.189+0000] {standard_task_runner.py:60} INFO - Started process 4554 to run task
[2025-12-17T01:57:54.209+0000] {standard_task_runner.py:87} INFO - Running: ['***', 'tasks', 'run', 'etl_***', 'transform', 'scheduled__2025-03-25T00:00:00+00:00', '--job-id', '1366', '--raw', '--subdir', 'DAGS_FOLDER/etl_dag.py', '--cfg-path', '/tmp/tmp5p5gvc5l']
[2025-12-17T01:57:54.216+0000] {standard_task_runner.py:88} INFO - Job 1366: Subtask transform
[2025-12-17T01:57:54.424+0000] {task_command.py:423} INFO - Running <TaskInstance: etl_airflow.transform scheduled__2025-03-25T00:00:00+00:00 [running]> on host 571e042550da
[2025-12-17T01:57:54.911+0000] {taskinstance.py:2480} INFO - Exporting env vars: AIRFLOW_CTX_DAG_OWNER='***' AIRFLOW_CTX_DAG_ID='etl_***' AIRFLOW_CTX_TASK_ID='transform' AIRFLOW_CTX_EXECUTION_DATE='2025-03-25T00:00:00+00:00' AIRFLOW_CTX_TRY_NUMBER='1' AIRFLOW_CTX_DAG_RUN_ID='scheduled__2025-03-25T00:00:00+00:00'
[2025-12-17T01:57:54.916+0000] {logging_mixin.py:188} INFO - [TRANSFORM]
[2025-12-17T01:57:54.957+0000] {logging_mixin.py:188} INFO - [TRANSFORM] done
[2025-12-17T01:57:54.958+0000] {python.py:201} INFO - Done. Returned value was: None
[2025-12-17T01:57:54.978+0000] {taskinstance.py:1138} INFO - Marking task as SUCCESS. dag_id=etl_***, task_id=transform, execution_date=20250325T000000, start_date=20251217T015753, end_date=20251217T015754
[2025-12-17T01:57:55.213+0000] {local_task_job_runner.py:234} INFO - Task exited with return code 0
[2025-12-17T01:57:55.265+0000] {taskinstance.py:3280} INFO - 1 downstream tasks scheduled from follow-on schedule check
[2025-12-17T04:58:39.838+0000] {taskinstance.py:1956} INFO - Dependencies all met for dep_context=non-requeueable deps ti=<TaskInstance: etl_airflow.transform scheduled__2025-03-25T00:00:00+00:00 [queued]>
[2025-12-17T04:58:39.853+0000] {taskinstance.py:1956} INFO - Dependencies all met for dep_context=requeueable deps ti=<TaskInstance: etl_airflow.transform scheduled__2025-03-25T00:00:00+00:00 [queued]>
[2025-12-17T04:58:39.854+0000] {taskinstance.py:2170} INFO - Starting attempt 1 of 3
[2025-12-17T04:58:39.875+0000] {taskinstance.py:2191} INFO - Executing <Task(PythonOperator): transform> on 2025-03-25 00:00:00+00:00
[2025-12-17T04:58:39.885+0000] {standard_task_runner.py:60} INFO - Started process 6185 to run task
[2025-12-17T04:58:39.892+0000] {standard_task_runner.py:87} INFO - Running: ['***', 'tasks', 'run', 'etl_***', 'transform', 'scheduled__2025-03-25T00:00:00+00:00', '--job-id', '1806', '--raw', '--subdir', 'DAGS_FOLDER/etl_***.py', '--cfg-path', '/tmp/tmp8_dy6lv1']
[2025-12-17T04:58:39.898+0000] {standard_task_runner.py:88} INFO - Job 1806: Subtask transform
[2025-12-17T04:58:40.028+0000] {task_command.py:423} INFO - Running <TaskInstance: etl_airflow.transform scheduled__2025-03-25T00:00:00+00:00 [running]> on host b3426f05ac70
[2025-12-17T04:58:40.475+0000] {taskinstance.py:2480} INFO - Exporting env vars: AIRFLOW_CTX_DAG_OWNER='***' AIRFLOW_CTX_DAG_ID='etl_***' AIRFLOW_CTX_TASK_ID='transform' AIRFLOW_CTX_EXECUTION_DATE='2025-03-25T00:00:00+00:00' AIRFLOW_CTX_TRY_NUMBER='1' AIRFLOW_CTX_DAG_RUN_ID='scheduled__2025-03-25T00:00:00+00:00'
[2025-12-17T04:58:40.478+0000] {taskinstance.py:2698} ERROR - Task failed with exception
Traceback (most recent call last):
  File "/home/airflow/.local/lib/python3.8/site-packages/airflow/models/taskinstance.py", line 433, in _execute_task
    result = execute_callable(context=context, **execute_callable_kwargs)
  File "/home/airflow/.local/lib/python3.8/site-packages/airflow/operators/python.py", line 199, in execute
    return_value = self.execute_callable()
  File "/home/airflow/.local/lib/python3.8/site-packages/airflow/operators/python.py", line 216, in execute_callable
    return self.python_callable(*self.op_args, **self.op_kwargs)
TypeError: transform_data() missing 1 required positional argument: 'df'
[2025-12-17T04:58:40.491+0000] {taskinstance.py:1138} INFO - Marking task as UP_FOR_RETRY. dag_id=etl_***, task_id=transform, execution_date=20250325T000000, start_date=20251217T045839, end_date=20251217T045840
[2025-12-17T04:58:40.648+0000] {standard_task_runner.py:107} ERROR - Failed to execute job 1806 for task transform (transform_data() missing 1 required positional argument: 'df'; 6185)
[2025-12-17T04:58:40.714+0000] {local_task_job_runner.py:234} INFO - Task exited with return code 1
[2025-12-17T04:58:40.971+0000] {taskinstance.py:3280} INFO - 0 downstream tasks scheduled from follow-on schedule check
