[2025-12-16T17:19:12.717+0000] {taskinstance.py:1956} INFO - Dependencies all met for dep_context=non-requeueable deps ti=<TaskInstance: etl_airflow.transform scheduled__2024-03-19T00:00:00+00:00 [queued]>
[2025-12-16T17:19:12.741+0000] {taskinstance.py:1956} INFO - Dependencies all met for dep_context=requeueable deps ti=<TaskInstance: etl_airflow.transform scheduled__2024-03-19T00:00:00+00:00 [queued]>
[2025-12-16T17:19:12.743+0000] {taskinstance.py:2170} INFO - Starting attempt 2 of 4
[2025-12-16T17:19:12.776+0000] {taskinstance.py:2191} INFO - Executing <Task(PythonOperator): transform> on 2024-03-19 00:00:00+00:00
[2025-12-16T17:19:12.794+0000] {standard_task_runner.py:60} INFO - Started process 4142 to run task
[2025-12-16T17:19:12.803+0000] {standard_task_runner.py:87} INFO - Running: ['***', 'tasks', 'run', 'etl_***', 'transform', 'scheduled__2024-03-19T00:00:00+00:00', '--job-id', '5384', '--raw', '--subdir', 'DAGS_FOLDER/etl_dag.py', '--cfg-path', '/tmp/tmpefq2gmjr']
[2025-12-16T17:19:12.811+0000] {standard_task_runner.py:88} INFO - Job 5384: Subtask transform
[2025-12-16T17:19:12.969+0000] {task_command.py:423} INFO - Running <TaskInstance: etl_airflow.transform scheduled__2024-03-19T00:00:00+00:00 [running]> on host 3b89cfee50e9
[2025-12-16T17:19:13.292+0000] {taskinstance.py:2480} INFO - Exporting env vars: AIRFLOW_CTX_DAG_OWNER='***' AIRFLOW_CTX_DAG_ID='etl_***' AIRFLOW_CTX_TASK_ID='transform' AIRFLOW_CTX_EXECUTION_DATE='2024-03-19T00:00:00+00:00' AIRFLOW_CTX_TRY_NUMBER='2' AIRFLOW_CTX_DAG_RUN_ID='scheduled__2024-03-19T00:00:00+00:00'
[2025-12-16T17:19:13.296+0000] {logging_mixin.py:188} INFO - [TRANSFORM]
[2025-12-16T17:19:13.887+0000] {logging_mixin.py:188} INFO - [TRANSFORM] done
[2025-12-16T17:19:13.888+0000] {python.py:201} INFO - Done. Returned value was: None
[2025-12-16T17:19:13.926+0000] {taskinstance.py:1138} INFO - Marking task as SUCCESS. dag_id=etl_***, task_id=transform, execution_date=20240319T000000, start_date=20251216T171912, end_date=20251216T171913
[2025-12-16T17:19:14.030+0000] {local_task_job_runner.py:234} INFO - Task exited with return code 0
[2025-12-16T17:19:14.085+0000] {taskinstance.py:3280} INFO - 1 downstream tasks scheduled from follow-on schedule check
[2025-12-17T04:19:27.985+0000] {taskinstance.py:1956} INFO - Dependencies all met for dep_context=non-requeueable deps ti=<TaskInstance: etl_airflow.transform scheduled__2024-03-19T00:00:00+00:00 [queued]>
[2025-12-17T04:19:28.002+0000] {taskinstance.py:1956} INFO - Dependencies all met for dep_context=requeueable deps ti=<TaskInstance: etl_airflow.transform scheduled__2024-03-19T00:00:00+00:00 [queued]>
[2025-12-17T04:19:28.004+0000] {taskinstance.py:2170} INFO - Starting attempt 2 of 3
[2025-12-17T04:19:28.102+0000] {taskinstance.py:2191} INFO - Executing <Task(PythonOperator): transform> on 2024-03-19 00:00:00+00:00
[2025-12-17T04:19:28.114+0000] {standard_task_runner.py:60} INFO - Started process 635 to run task
[2025-12-17T04:19:28.123+0000] {standard_task_runner.py:87} INFO - Running: ['***', 'tasks', 'run', 'etl_***', 'transform', 'scheduled__2024-03-19T00:00:00+00:00', '--job-id', '129', '--raw', '--subdir', 'DAGS_FOLDER/etl_***.py', '--cfg-path', '/tmp/tmppepf820_']
[2025-12-17T04:19:28.129+0000] {standard_task_runner.py:88} INFO - Job 129: Subtask transform
[2025-12-17T04:19:28.287+0000] {task_command.py:423} INFO - Running <TaskInstance: etl_airflow.transform scheduled__2024-03-19T00:00:00+00:00 [running]> on host c5811fe183ca
[2025-12-17T04:19:28.697+0000] {taskinstance.py:2480} INFO - Exporting env vars: AIRFLOW_CTX_DAG_OWNER='***' AIRFLOW_CTX_DAG_ID='etl_***' AIRFLOW_CTX_TASK_ID='transform' AIRFLOW_CTX_EXECUTION_DATE='2024-03-19T00:00:00+00:00' AIRFLOW_CTX_TRY_NUMBER='2' AIRFLOW_CTX_DAG_RUN_ID='scheduled__2024-03-19T00:00:00+00:00'
[2025-12-17T04:19:28.701+0000] {taskinstance.py:2698} ERROR - Task failed with exception
Traceback (most recent call last):
  File "/home/airflow/.local/lib/python3.8/site-packages/airflow/models/taskinstance.py", line 433, in _execute_task
    result = execute_callable(context=context, **execute_callable_kwargs)
  File "/home/airflow/.local/lib/python3.8/site-packages/airflow/operators/python.py", line 199, in execute
    return_value = self.execute_callable()
  File "/home/airflow/.local/lib/python3.8/site-packages/airflow/operators/python.py", line 216, in execute_callable
    return self.python_callable(*self.op_args, **self.op_kwargs)
TypeError: transform_data() missing 1 required positional argument: 'df'
[2025-12-17T04:19:28.716+0000] {taskinstance.py:1138} INFO - Marking task as UP_FOR_RETRY. dag_id=etl_***, task_id=transform, execution_date=20240319T000000, start_date=20251217T041927, end_date=20251217T041928
[2025-12-17T04:19:28.737+0000] {standard_task_runner.py:107} ERROR - Failed to execute job 129 for task transform (transform_data() missing 1 required positional argument: 'df'; 635)
[2025-12-17T04:19:28.782+0000] {local_task_job_runner.py:234} INFO - Task exited with return code 1
[2025-12-17T04:19:28.880+0000] {taskinstance.py:3280} INFO - 0 downstream tasks scheduled from follow-on schedule check
[2025-12-17T04:44:56.093+0000] {taskinstance.py:1956} INFO - Dependencies all met for dep_context=non-requeueable deps ti=<TaskInstance: etl_airflow.transform scheduled__2024-03-19T00:00:00+00:00 [queued]>
[2025-12-17T04:44:56.119+0000] {taskinstance.py:1956} INFO - Dependencies all met for dep_context=requeueable deps ti=<TaskInstance: etl_airflow.transform scheduled__2024-03-19T00:00:00+00:00 [queued]>
[2025-12-17T04:44:56.122+0000] {taskinstance.py:2170} INFO - Starting attempt 2 of 3
[2025-12-17T04:44:56.151+0000] {taskinstance.py:2191} INFO - Executing <Task(PythonOperator): transform> on 2024-03-19 00:00:00+00:00
[2025-12-17T04:44:56.159+0000] {standard_task_runner.py:60} INFO - Started process 1221 to run task
[2025-12-17T04:44:56.165+0000] {standard_task_runner.py:87} INFO - Running: ['***', 'tasks', 'run', 'etl_***', 'transform', 'scheduled__2024-03-19T00:00:00+00:00', '--job-id', '304', '--raw', '--subdir', 'DAGS_FOLDER/etl_***.py', '--cfg-path', '/tmp/tmpb7ay5cqx']
[2025-12-17T04:44:56.168+0000] {standard_task_runner.py:88} INFO - Job 304: Subtask transform
[2025-12-17T04:44:56.288+0000] {task_command.py:423} INFO - Running <TaskInstance: etl_airflow.transform scheduled__2024-03-19T00:00:00+00:00 [running]> on host b3426f05ac70
[2025-12-17T04:44:56.573+0000] {taskinstance.py:2480} INFO - Exporting env vars: AIRFLOW_CTX_DAG_OWNER='***' AIRFLOW_CTX_DAG_ID='etl_***' AIRFLOW_CTX_TASK_ID='transform' AIRFLOW_CTX_EXECUTION_DATE='2024-03-19T00:00:00+00:00' AIRFLOW_CTX_TRY_NUMBER='2' AIRFLOW_CTX_DAG_RUN_ID='scheduled__2024-03-19T00:00:00+00:00'
[2025-12-17T04:44:56.575+0000] {taskinstance.py:2698} ERROR - Task failed with exception
Traceback (most recent call last):
  File "/home/airflow/.local/lib/python3.8/site-packages/airflow/models/taskinstance.py", line 433, in _execute_task
    result = execute_callable(context=context, **execute_callable_kwargs)
  File "/home/airflow/.local/lib/python3.8/site-packages/airflow/operators/python.py", line 199, in execute
    return_value = self.execute_callable()
  File "/home/airflow/.local/lib/python3.8/site-packages/airflow/operators/python.py", line 216, in execute_callable
    return self.python_callable(*self.op_args, **self.op_kwargs)
TypeError: transform_data() missing 1 required positional argument: 'df'
[2025-12-17T04:44:56.589+0000] {taskinstance.py:1138} INFO - Marking task as UP_FOR_RETRY. dag_id=etl_***, task_id=transform, execution_date=20240319T000000, start_date=20251217T044456, end_date=20251217T044456
[2025-12-17T04:44:56.605+0000] {standard_task_runner.py:107} ERROR - Failed to execute job 304 for task transform (transform_data() missing 1 required positional argument: 'df'; 1221)
[2025-12-17T04:44:56.621+0000] {local_task_job_runner.py:234} INFO - Task exited with return code 1
[2025-12-17T04:44:56.648+0000] {taskinstance.py:3280} INFO - 0 downstream tasks scheduled from follow-on schedule check
[2025-12-17T07:38:17.716+0000] {taskinstance.py:1956} INFO - Dependencies all met for dep_context=non-requeueable deps ti=<TaskInstance: etl_airflow.transform scheduled__2024-03-19T00:00:00+00:00 [queued]>
[2025-12-17T07:38:17.747+0000] {taskinstance.py:1956} INFO - Dependencies all met for dep_context=requeueable deps ti=<TaskInstance: etl_airflow.transform scheduled__2024-03-19T00:00:00+00:00 [queued]>
[2025-12-17T07:38:17.749+0000] {taskinstance.py:2170} INFO - Starting attempt 2 of 3
[2025-12-17T07:38:17.794+0000] {taskinstance.py:2191} INFO - Executing <Task(PythonOperator): transform> on 2024-03-19 00:00:00+00:00
[2025-12-17T07:38:17.809+0000] {standard_task_runner.py:60} INFO - Started process 1279 to run task
[2025-12-17T07:38:17.819+0000] {standard_task_runner.py:87} INFO - Running: ['***', 'tasks', 'run', 'etl_***', 'transform', 'scheduled__2024-03-19T00:00:00+00:00', '--job-id', '304', '--raw', '--subdir', 'DAGS_FOLDER/etl_***.py', '--cfg-path', '/tmp/tmp3vumf_1x']
[2025-12-17T07:38:17.828+0000] {standard_task_runner.py:88} INFO - Job 304: Subtask transform
[2025-12-17T07:38:18.057+0000] {task_command.py:423} INFO - Running <TaskInstance: etl_airflow.transform scheduled__2024-03-19T00:00:00+00:00 [running]> on host 2a0de06c8905
[2025-12-17T07:38:18.597+0000] {taskinstance.py:2480} INFO - Exporting env vars: AIRFLOW_CTX_DAG_OWNER='***' AIRFLOW_CTX_DAG_ID='etl_***' AIRFLOW_CTX_TASK_ID='transform' AIRFLOW_CTX_EXECUTION_DATE='2024-03-19T00:00:00+00:00' AIRFLOW_CTX_TRY_NUMBER='2' AIRFLOW_CTX_DAG_RUN_ID='scheduled__2024-03-19T00:00:00+00:00'
[2025-12-17T07:38:18.603+0000] {taskinstance.py:2698} ERROR - Task failed with exception
Traceback (most recent call last):
  File "/home/airflow/.local/lib/python3.8/site-packages/airflow/models/taskinstance.py", line 433, in _execute_task
    result = execute_callable(context=context, **execute_callable_kwargs)
  File "/home/airflow/.local/lib/python3.8/site-packages/airflow/operators/python.py", line 199, in execute
    return_value = self.execute_callable()
  File "/home/airflow/.local/lib/python3.8/site-packages/airflow/operators/python.py", line 216, in execute_callable
    return self.python_callable(*self.op_args, **self.op_kwargs)
TypeError: transform_data() missing 1 required positional argument: 'df'
[2025-12-17T07:38:18.627+0000] {taskinstance.py:1138} INFO - Marking task as UP_FOR_RETRY. dag_id=etl_***, task_id=transform, execution_date=20240319T000000, start_date=20251217T073817, end_date=20251217T073818
[2025-12-17T07:38:18.671+0000] {standard_task_runner.py:107} ERROR - Failed to execute job 304 for task transform (transform_data() missing 1 required positional argument: 'df'; 1279)
[2025-12-17T07:38:18.721+0000] {local_task_job_runner.py:234} INFO - Task exited with return code 1
[2025-12-17T07:38:18.775+0000] {taskinstance.py:3280} INFO - 0 downstream tasks scheduled from follow-on schedule check
