[2025-12-17T04:55:26.095+0000] {taskinstance.py:1956} INFO - Dependencies all met for dep_context=non-requeueable deps ti=<TaskInstance: etl_airflow.transform scheduled__2024-12-28T00:00:00+00:00 [queued]>
[2025-12-17T04:55:26.113+0000] {taskinstance.py:1956} INFO - Dependencies all met for dep_context=requeueable deps ti=<TaskInstance: etl_airflow.transform scheduled__2024-12-28T00:00:00+00:00 [queued]>
[2025-12-17T04:55:26.115+0000] {taskinstance.py:2170} INFO - Starting attempt 2 of 3
[2025-12-17T04:55:26.143+0000] {taskinstance.py:2191} INFO - Executing <Task(PythonOperator): transform> on 2024-12-28 00:00:00+00:00
[2025-12-17T04:55:26.160+0000] {standard_task_runner.py:60} INFO - Started process 5002 to run task
[2025-12-17T04:55:26.168+0000] {standard_task_runner.py:87} INFO - Running: ['***', 'tasks', 'run', 'etl_***', 'transform', 'scheduled__2024-12-28T00:00:00+00:00', '--job-id', '1451', '--raw', '--subdir', 'DAGS_FOLDER/etl_***.py', '--cfg-path', '/tmp/tmp25i2n0a0']
[2025-12-17T04:55:26.175+0000] {standard_task_runner.py:88} INFO - Job 1451: Subtask transform
[2025-12-17T04:55:26.306+0000] {task_command.py:423} INFO - Running <TaskInstance: etl_airflow.transform scheduled__2024-12-28T00:00:00+00:00 [running]> on host b3426f05ac70
[2025-12-17T04:55:26.687+0000] {taskinstance.py:2480} INFO - Exporting env vars: AIRFLOW_CTX_DAG_OWNER='***' AIRFLOW_CTX_DAG_ID='etl_***' AIRFLOW_CTX_TASK_ID='transform' AIRFLOW_CTX_EXECUTION_DATE='2024-12-28T00:00:00+00:00' AIRFLOW_CTX_TRY_NUMBER='2' AIRFLOW_CTX_DAG_RUN_ID='scheduled__2024-12-28T00:00:00+00:00'
[2025-12-17T04:55:26.689+0000] {taskinstance.py:2698} ERROR - Task failed with exception
Traceback (most recent call last):
  File "/home/airflow/.local/lib/python3.8/site-packages/airflow/models/taskinstance.py", line 433, in _execute_task
    result = execute_callable(context=context, **execute_callable_kwargs)
  File "/home/airflow/.local/lib/python3.8/site-packages/airflow/operators/python.py", line 199, in execute
    return_value = self.execute_callable()
  File "/home/airflow/.local/lib/python3.8/site-packages/airflow/operators/python.py", line 216, in execute_callable
    return self.python_callable(*self.op_args, **self.op_kwargs)
TypeError: transform_data() missing 1 required positional argument: 'df'
[2025-12-17T04:55:26.701+0000] {taskinstance.py:1138} INFO - Marking task as UP_FOR_RETRY. dag_id=etl_***, task_id=transform, execution_date=20241228T000000, start_date=20251217T045526, end_date=20251217T045526
[2025-12-17T04:55:26.731+0000] {standard_task_runner.py:107} ERROR - Failed to execute job 1451 for task transform (transform_data() missing 1 required positional argument: 'df'; 5002)
[2025-12-17T04:55:26.787+0000] {local_task_job_runner.py:234} INFO - Task exited with return code 1
[2025-12-17T04:55:26.956+0000] {taskinstance.py:3280} INFO - 0 downstream tasks scheduled from follow-on schedule check
[2025-12-17T08:00:53.566+0000] {taskinstance.py:1956} INFO - Dependencies all met for dep_context=non-requeueable deps ti=<TaskInstance: etl_airflow.transform scheduled__2024-12-28T00:00:00+00:00 [queued]>
[2025-12-17T08:00:53.588+0000] {taskinstance.py:1956} INFO - Dependencies all met for dep_context=requeueable deps ti=<TaskInstance: etl_airflow.transform scheduled__2024-12-28T00:00:00+00:00 [queued]>
[2025-12-17T08:00:53.590+0000] {taskinstance.py:2170} INFO - Starting attempt 2 of 3
[2025-12-17T08:00:53.632+0000] {taskinstance.py:2191} INFO - Executing <Task(PythonOperator): transform> on 2024-12-28 00:00:00+00:00
[2025-12-17T08:00:53.655+0000] {standard_task_runner.py:60} INFO - Started process 5120 to run task
[2025-12-17T08:00:53.673+0000] {standard_task_runner.py:87} INFO - Running: ['***', 'tasks', 'run', 'etl_***', 'transform', 'scheduled__2024-12-28T00:00:00+00:00', '--job-id', '1457', '--raw', '--subdir', 'DAGS_FOLDER/etl_***.py', '--cfg-path', '/tmp/tmpgt0uxg36']
[2025-12-17T08:00:53.687+0000] {standard_task_runner.py:88} INFO - Job 1457: Subtask transform
[2025-12-17T08:00:53.890+0000] {task_command.py:423} INFO - Running <TaskInstance: etl_airflow.transform scheduled__2024-12-28T00:00:00+00:00 [running]> on host 2a0de06c8905
[2025-12-17T08:00:54.524+0000] {taskinstance.py:2480} INFO - Exporting env vars: AIRFLOW_CTX_DAG_OWNER='***' AIRFLOW_CTX_DAG_ID='etl_***' AIRFLOW_CTX_TASK_ID='transform' AIRFLOW_CTX_EXECUTION_DATE='2024-12-28T00:00:00+00:00' AIRFLOW_CTX_TRY_NUMBER='2' AIRFLOW_CTX_DAG_RUN_ID='scheduled__2024-12-28T00:00:00+00:00'
[2025-12-17T08:00:54.529+0000] {taskinstance.py:2698} ERROR - Task failed with exception
Traceback (most recent call last):
  File "/home/airflow/.local/lib/python3.8/site-packages/airflow/models/taskinstance.py", line 433, in _execute_task
    result = execute_callable(context=context, **execute_callable_kwargs)
  File "/home/airflow/.local/lib/python3.8/site-packages/airflow/operators/python.py", line 199, in execute
    return_value = self.execute_callable()
  File "/home/airflow/.local/lib/python3.8/site-packages/airflow/operators/python.py", line 216, in execute_callable
    return self.python_callable(*self.op_args, **self.op_kwargs)
TypeError: transform_data() missing 1 required positional argument: 'df'
[2025-12-17T08:00:54.559+0000] {taskinstance.py:1138} INFO - Marking task as UP_FOR_RETRY. dag_id=etl_***, task_id=transform, execution_date=20241228T000000, start_date=20251217T080053, end_date=20251217T080054
[2025-12-17T08:00:54.614+0000] {standard_task_runner.py:107} ERROR - Failed to execute job 1457 for task transform (transform_data() missing 1 required positional argument: 'df'; 5120)
[2025-12-17T08:00:54.694+0000] {local_task_job_runner.py:234} INFO - Task exited with return code 1
[2025-12-17T08:00:54.773+0000] {taskinstance.py:3280} INFO - 0 downstream tasks scheduled from follow-on schedule check
