[2025-12-17T04:53:04.012+0000] {taskinstance.py:1956} INFO - Dependencies all met for dep_context=non-requeueable deps ti=<TaskInstance: etl_airflow.transform scheduled__2024-10-18T00:00:00+00:00 [queued]>
[2025-12-17T04:53:04.026+0000] {taskinstance.py:1956} INFO - Dependencies all met for dep_context=requeueable deps ti=<TaskInstance: etl_airflow.transform scheduled__2024-10-18T00:00:00+00:00 [queued]>
[2025-12-17T04:53:04.027+0000] {taskinstance.py:2170} INFO - Starting attempt 2 of 3
[2025-12-17T04:53:04.078+0000] {taskinstance.py:2191} INFO - Executing <Task(PythonOperator): transform> on 2024-10-18 00:00:00+00:00
[2025-12-17T04:53:04.088+0000] {standard_task_runner.py:60} INFO - Started process 4150 to run task
[2025-12-17T04:53:04.097+0000] {standard_task_runner.py:87} INFO - Running: ['***', 'tasks', 'run', 'etl_***', 'transform', 'scheduled__2024-10-18T00:00:00+00:00', '--job-id', '1190', '--raw', '--subdir', 'DAGS_FOLDER/etl_***.py', '--cfg-path', '/tmp/tmp83iwkhs6']
[2025-12-17T04:53:04.107+0000] {standard_task_runner.py:88} INFO - Job 1190: Subtask transform
[2025-12-17T04:53:04.241+0000] {task_command.py:423} INFO - Running <TaskInstance: etl_airflow.transform scheduled__2024-10-18T00:00:00+00:00 [running]> on host b3426f05ac70
[2025-12-17T04:53:04.694+0000] {taskinstance.py:2480} INFO - Exporting env vars: AIRFLOW_CTX_DAG_OWNER='***' AIRFLOW_CTX_DAG_ID='etl_***' AIRFLOW_CTX_TASK_ID='transform' AIRFLOW_CTX_EXECUTION_DATE='2024-10-18T00:00:00+00:00' AIRFLOW_CTX_TRY_NUMBER='2' AIRFLOW_CTX_DAG_RUN_ID='scheduled__2024-10-18T00:00:00+00:00'
[2025-12-17T04:53:04.696+0000] {taskinstance.py:2698} ERROR - Task failed with exception
Traceback (most recent call last):
  File "/home/airflow/.local/lib/python3.8/site-packages/airflow/models/taskinstance.py", line 433, in _execute_task
    result = execute_callable(context=context, **execute_callable_kwargs)
  File "/home/airflow/.local/lib/python3.8/site-packages/airflow/operators/python.py", line 199, in execute
    return_value = self.execute_callable()
  File "/home/airflow/.local/lib/python3.8/site-packages/airflow/operators/python.py", line 216, in execute_callable
    return self.python_callable(*self.op_args, **self.op_kwargs)
TypeError: transform_data() missing 1 required positional argument: 'df'
[2025-12-17T04:53:04.714+0000] {taskinstance.py:1138} INFO - Marking task as UP_FOR_RETRY. dag_id=etl_***, task_id=transform, execution_date=20241018T000000, start_date=20251217T045304, end_date=20251217T045304
[2025-12-17T04:53:04.743+0000] {standard_task_runner.py:107} ERROR - Failed to execute job 1190 for task transform (transform_data() missing 1 required positional argument: 'df'; 4150)
[2025-12-17T04:53:04.795+0000] {local_task_job_runner.py:234} INFO - Task exited with return code 1
[2025-12-17T04:53:04.840+0000] {taskinstance.py:3280} INFO - 0 downstream tasks scheduled from follow-on schedule check
[2025-12-17T07:58:10.535+0000] {taskinstance.py:1956} INFO - Dependencies all met for dep_context=non-requeueable deps ti=<TaskInstance: etl_airflow.transform scheduled__2024-10-18T00:00:00+00:00 [queued]>
[2025-12-17T07:58:10.556+0000] {taskinstance.py:1956} INFO - Dependencies all met for dep_context=requeueable deps ti=<TaskInstance: etl_airflow.transform scheduled__2024-10-18T00:00:00+00:00 [queued]>
[2025-12-17T07:58:10.557+0000] {taskinstance.py:2170} INFO - Starting attempt 2 of 3
[2025-12-17T07:58:10.585+0000] {taskinstance.py:2191} INFO - Executing <Task(PythonOperator): transform> on 2024-10-18 00:00:00+00:00
[2025-12-17T07:58:10.595+0000] {standard_task_runner.py:60} INFO - Started process 4239 to run task
[2025-12-17T07:58:10.603+0000] {standard_task_runner.py:87} INFO - Running: ['***', 'tasks', 'run', 'etl_***', 'transform', 'scheduled__2024-10-18T00:00:00+00:00', '--job-id', '1192', '--raw', '--subdir', 'DAGS_FOLDER/etl_***.py', '--cfg-path', '/tmp/tmpo9h_gmdb']
[2025-12-17T07:58:10.607+0000] {standard_task_runner.py:88} INFO - Job 1192: Subtask transform
[2025-12-17T07:58:10.740+0000] {task_command.py:423} INFO - Running <TaskInstance: etl_airflow.transform scheduled__2024-10-18T00:00:00+00:00 [running]> on host 2a0de06c8905
[2025-12-17T07:58:11.186+0000] {taskinstance.py:2480} INFO - Exporting env vars: AIRFLOW_CTX_DAG_OWNER='***' AIRFLOW_CTX_DAG_ID='etl_***' AIRFLOW_CTX_TASK_ID='transform' AIRFLOW_CTX_EXECUTION_DATE='2024-10-18T00:00:00+00:00' AIRFLOW_CTX_TRY_NUMBER='2' AIRFLOW_CTX_DAG_RUN_ID='scheduled__2024-10-18T00:00:00+00:00'
[2025-12-17T07:58:11.192+0000] {taskinstance.py:2698} ERROR - Task failed with exception
Traceback (most recent call last):
  File "/home/airflow/.local/lib/python3.8/site-packages/airflow/models/taskinstance.py", line 433, in _execute_task
    result = execute_callable(context=context, **execute_callable_kwargs)
  File "/home/airflow/.local/lib/python3.8/site-packages/airflow/operators/python.py", line 199, in execute
    return_value = self.execute_callable()
  File "/home/airflow/.local/lib/python3.8/site-packages/airflow/operators/python.py", line 216, in execute_callable
    return self.python_callable(*self.op_args, **self.op_kwargs)
TypeError: transform_data() missing 1 required positional argument: 'df'
[2025-12-17T07:58:11.206+0000] {taskinstance.py:1138} INFO - Marking task as UP_FOR_RETRY. dag_id=etl_***, task_id=transform, execution_date=20241018T000000, start_date=20251217T075810, end_date=20251217T075811
[2025-12-17T07:58:11.314+0000] {standard_task_runner.py:107} ERROR - Failed to execute job 1192 for task transform (transform_data() missing 1 required positional argument: 'df'; 4239)
[2025-12-17T07:58:11.381+0000] {local_task_job_runner.py:234} INFO - Task exited with return code 1
[2025-12-17T07:58:11.427+0000] {taskinstance.py:3280} INFO - 0 downstream tasks scheduled from follow-on schedule check
