[2025-12-16T17:22:23.355+0000] {taskinstance.py:1956} INFO - Dependencies all met for dep_context=non-requeueable deps ti=<TaskInstance: etl_airflow.transform scheduled__2024-04-17T00:00:00+00:00 [queued]>
[2025-12-16T17:22:23.380+0000] {taskinstance.py:1956} INFO - Dependencies all met for dep_context=requeueable deps ti=<TaskInstance: etl_airflow.transform scheduled__2024-04-17T00:00:00+00:00 [queued]>
[2025-12-16T17:22:23.381+0000] {taskinstance.py:2170} INFO - Starting attempt 3 of 5
[2025-12-16T17:22:23.431+0000] {taskinstance.py:2191} INFO - Executing <Task(PythonOperator): transform> on 2024-04-17 00:00:00+00:00
[2025-12-16T17:22:23.445+0000] {standard_task_runner.py:60} INFO - Started process 6450 to run task
[2025-12-16T17:22:23.461+0000] {standard_task_runner.py:87} INFO - Running: ['***', 'tasks', 'run', 'etl_***', 'transform', 'scheduled__2024-04-17T00:00:00+00:00', '--job-id', '6121', '--raw', '--subdir', 'DAGS_FOLDER/etl_dag.py', '--cfg-path', '/tmp/tmpb4so714b']
[2025-12-16T17:22:23.467+0000] {standard_task_runner.py:88} INFO - Job 6121: Subtask transform
[2025-12-16T17:22:23.672+0000] {task_command.py:423} INFO - Running <TaskInstance: etl_airflow.transform scheduled__2024-04-17T00:00:00+00:00 [running]> on host 3b89cfee50e9
[2025-12-16T17:22:23.974+0000] {taskinstance.py:2480} INFO - Exporting env vars: AIRFLOW_CTX_DAG_OWNER='***' AIRFLOW_CTX_DAG_ID='etl_***' AIRFLOW_CTX_TASK_ID='transform' AIRFLOW_CTX_EXECUTION_DATE='2024-04-17T00:00:00+00:00' AIRFLOW_CTX_TRY_NUMBER='3' AIRFLOW_CTX_DAG_RUN_ID='scheduled__2024-04-17T00:00:00+00:00'
[2025-12-16T17:22:23.980+0000] {logging_mixin.py:188} INFO - [TRANSFORM]
[2025-12-16T17:22:24.444+0000] {logging_mixin.py:188} INFO - [TRANSFORM] done
[2025-12-16T17:22:24.445+0000] {python.py:201} INFO - Done. Returned value was: None
[2025-12-16T17:22:24.464+0000] {taskinstance.py:1138} INFO - Marking task as SUCCESS. dag_id=etl_***, task_id=transform, execution_date=20240417T000000, start_date=20251216T172223, end_date=20251216T172224
[2025-12-16T17:22:24.527+0000] {local_task_job_runner.py:234} INFO - Task exited with return code 0
[2025-12-16T17:22:24.621+0000] {taskinstance.py:3280} INFO - 1 downstream tasks scheduled from follow-on schedule check
[2025-12-17T04:46:22.228+0000] {taskinstance.py:1956} INFO - Dependencies all met for dep_context=non-requeueable deps ti=<TaskInstance: etl_airflow.transform scheduled__2024-04-17T00:00:00+00:00 [queued]>
[2025-12-17T04:46:22.244+0000] {taskinstance.py:1956} INFO - Dependencies all met for dep_context=requeueable deps ti=<TaskInstance: etl_airflow.transform scheduled__2024-04-17T00:00:00+00:00 [queued]>
[2025-12-17T04:46:22.246+0000] {taskinstance.py:2170} INFO - Starting attempt 3 of 3
[2025-12-17T04:46:22.273+0000] {taskinstance.py:2191} INFO - Executing <Task(PythonOperator): transform> on 2024-04-17 00:00:00+00:00
[2025-12-17T04:46:22.286+0000] {standard_task_runner.py:60} INFO - Started process 1687 to run task
[2025-12-17T04:46:22.293+0000] {standard_task_runner.py:87} INFO - Running: ['***', 'tasks', 'run', 'etl_***', 'transform', 'scheduled__2024-04-17T00:00:00+00:00', '--job-id', '445', '--raw', '--subdir', 'DAGS_FOLDER/etl_***.py', '--cfg-path', '/tmp/tmpauhce0ql']
[2025-12-17T04:46:22.303+0000] {standard_task_runner.py:88} INFO - Job 445: Subtask transform
[2025-12-17T04:46:22.484+0000] {task_command.py:423} INFO - Running <TaskInstance: etl_airflow.transform scheduled__2024-04-17T00:00:00+00:00 [running]> on host b3426f05ac70
[2025-12-17T04:46:22.803+0000] {taskinstance.py:2480} INFO - Exporting env vars: AIRFLOW_CTX_DAG_OWNER='***' AIRFLOW_CTX_DAG_ID='etl_***' AIRFLOW_CTX_TASK_ID='transform' AIRFLOW_CTX_EXECUTION_DATE='2024-04-17T00:00:00+00:00' AIRFLOW_CTX_TRY_NUMBER='3' AIRFLOW_CTX_DAG_RUN_ID='scheduled__2024-04-17T00:00:00+00:00'
[2025-12-17T04:46:22.806+0000] {taskinstance.py:2698} ERROR - Task failed with exception
Traceback (most recent call last):
  File "/home/airflow/.local/lib/python3.8/site-packages/airflow/models/taskinstance.py", line 433, in _execute_task
    result = execute_callable(context=context, **execute_callable_kwargs)
  File "/home/airflow/.local/lib/python3.8/site-packages/airflow/operators/python.py", line 199, in execute
    return_value = self.execute_callable()
  File "/home/airflow/.local/lib/python3.8/site-packages/airflow/operators/python.py", line 216, in execute_callable
    return self.python_callable(*self.op_args, **self.op_kwargs)
TypeError: transform_data() missing 1 required positional argument: 'df'
[2025-12-17T04:46:22.824+0000] {taskinstance.py:1138} INFO - Marking task as FAILED. dag_id=etl_***, task_id=transform, execution_date=20240417T000000, start_date=20251217T044622, end_date=20251217T044622
[2025-12-17T04:46:22.847+0000] {standard_task_runner.py:107} ERROR - Failed to execute job 445 for task transform (transform_data() missing 1 required positional argument: 'df'; 1687)
[2025-12-17T04:46:22.910+0000] {local_task_job_runner.py:234} INFO - Task exited with return code 1
[2025-12-17T04:46:22.964+0000] {taskinstance.py:3280} INFO - 0 downstream tasks scheduled from follow-on schedule check
[2025-12-17T07:39:45.263+0000] {taskinstance.py:1956} INFO - Dependencies all met for dep_context=non-requeueable deps ti=<TaskInstance: etl_airflow.transform scheduled__2024-04-17T00:00:00+00:00 [queued]>
[2025-12-17T07:39:45.283+0000] {taskinstance.py:1956} INFO - Dependencies all met for dep_context=requeueable deps ti=<TaskInstance: etl_airflow.transform scheduled__2024-04-17T00:00:00+00:00 [queued]>
[2025-12-17T07:39:45.284+0000] {taskinstance.py:2170} INFO - Starting attempt 3 of 3
[2025-12-17T07:39:45.311+0000] {taskinstance.py:2191} INFO - Executing <Task(PythonOperator): transform> on 2024-04-17 00:00:00+00:00
[2025-12-17T07:39:45.321+0000] {standard_task_runner.py:60} INFO - Started process 1757 to run task
[2025-12-17T07:39:45.329+0000] {standard_task_runner.py:87} INFO - Running: ['***', 'tasks', 'run', 'etl_***', 'transform', 'scheduled__2024-04-17T00:00:00+00:00', '--job-id', '448', '--raw', '--subdir', 'DAGS_FOLDER/etl_***.py', '--cfg-path', '/tmp/tmp7ukvigeo']
[2025-12-17T07:39:45.334+0000] {standard_task_runner.py:88} INFO - Job 448: Subtask transform
[2025-12-17T07:39:45.472+0000] {task_command.py:423} INFO - Running <TaskInstance: etl_airflow.transform scheduled__2024-04-17T00:00:00+00:00 [running]> on host 2a0de06c8905
[2025-12-17T07:39:45.890+0000] {taskinstance.py:2480} INFO - Exporting env vars: AIRFLOW_CTX_DAG_OWNER='***' AIRFLOW_CTX_DAG_ID='etl_***' AIRFLOW_CTX_TASK_ID='transform' AIRFLOW_CTX_EXECUTION_DATE='2024-04-17T00:00:00+00:00' AIRFLOW_CTX_TRY_NUMBER='3' AIRFLOW_CTX_DAG_RUN_ID='scheduled__2024-04-17T00:00:00+00:00'
[2025-12-17T07:39:45.897+0000] {taskinstance.py:2698} ERROR - Task failed with exception
Traceback (most recent call last):
  File "/home/airflow/.local/lib/python3.8/site-packages/airflow/models/taskinstance.py", line 433, in _execute_task
    result = execute_callable(context=context, **execute_callable_kwargs)
  File "/home/airflow/.local/lib/python3.8/site-packages/airflow/operators/python.py", line 199, in execute
    return_value = self.execute_callable()
  File "/home/airflow/.local/lib/python3.8/site-packages/airflow/operators/python.py", line 216, in execute_callable
    return self.python_callable(*self.op_args, **self.op_kwargs)
TypeError: transform_data() missing 1 required positional argument: 'df'
[2025-12-17T07:39:45.918+0000] {taskinstance.py:1138} INFO - Marking task as FAILED. dag_id=etl_***, task_id=transform, execution_date=20240417T000000, start_date=20251217T073945, end_date=20251217T073945
[2025-12-17T07:39:45.943+0000] {standard_task_runner.py:107} ERROR - Failed to execute job 448 for task transform (transform_data() missing 1 required positional argument: 'df'; 1757)
[2025-12-17T07:39:45.984+0000] {local_task_job_runner.py:234} INFO - Task exited with return code 1
[2025-12-17T07:39:46.054+0000] {taskinstance.py:3280} INFO - 0 downstream tasks scheduled from follow-on schedule check
