[2025-12-16T17:11:01.577+0000] {taskinstance.py:1956} INFO - Dependencies all met for dep_context=non-requeueable deps ti=<TaskInstance: etl_airflow.transform scheduled__2024-04-01T00:00:00+00:00 [queued]>
[2025-12-16T17:11:01.611+0000] {taskinstance.py:1956} INFO - Dependencies all met for dep_context=requeueable deps ti=<TaskInstance: etl_airflow.transform scheduled__2024-04-01T00:00:00+00:00 [queued]>
[2025-12-16T17:11:01.618+0000] {taskinstance.py:2170} INFO - Starting attempt 1 of 3
[2025-12-16T17:11:01.667+0000] {taskinstance.py:2191} INFO - Executing <Task(PythonOperator): transform> on 2024-04-01 00:00:00+00:00
[2025-12-16T17:11:01.684+0000] {standard_task_runner.py:60} INFO - Started process 1198 to run task
[2025-12-16T17:11:01.692+0000] {standard_task_runner.py:87} INFO - Running: ['***', 'tasks', 'run', 'etl_***', 'transform', 'scheduled__2024-04-01T00:00:00+00:00', '--job-id', '3885', '--raw', '--subdir', 'DAGS_FOLDER/etl_dag.py', '--cfg-path', '/tmp/tmp88eml8ej']
[2025-12-16T17:11:01.711+0000] {standard_task_runner.py:88} INFO - Job 3885: Subtask transform
[2025-12-16T17:11:01.878+0000] {task_command.py:423} INFO - Running <TaskInstance: etl_airflow.transform scheduled__2024-04-01T00:00:00+00:00 [running]> on host 3b89cfee50e9
[2025-12-16T17:11:02.147+0000] {taskinstance.py:2480} INFO - Exporting env vars: AIRFLOW_CTX_DAG_OWNER='***' AIRFLOW_CTX_DAG_ID='etl_***' AIRFLOW_CTX_TASK_ID='transform' AIRFLOW_CTX_EXECUTION_DATE='2024-04-01T00:00:00+00:00' AIRFLOW_CTX_TRY_NUMBER='1' AIRFLOW_CTX_DAG_RUN_ID='scheduled__2024-04-01T00:00:00+00:00'
[2025-12-16T17:11:02.193+0000] {logging_mixin.py:188} INFO - [TRANSFORM]
[2025-12-16T17:11:02.639+0000] {logging_mixin.py:188} INFO - [TRANSFORM] done
[2025-12-16T17:11:02.645+0000] {python.py:201} INFO - Done. Returned value was: None
[2025-12-16T17:11:02.686+0000] {taskinstance.py:1138} INFO - Marking task as SUCCESS. dag_id=etl_***, task_id=transform, execution_date=20240401T000000, start_date=20251216T171101, end_date=20251216T171102
[2025-12-16T17:11:02.900+0000] {local_task_job_runner.py:234} INFO - Task exited with return code 0
[2025-12-16T17:11:02.992+0000] {taskinstance.py:3280} INFO - 1 downstream tasks scheduled from follow-on schedule check
[2025-12-17T01:51:45.938+0000] {taskinstance.py:1956} INFO - Dependencies all met for dep_context=non-requeueable deps ti=<TaskInstance: etl_airflow.transform scheduled__2024-04-01T00:00:00+00:00 [queued]>
[2025-12-17T01:51:45.994+0000] {taskinstance.py:1956} INFO - Dependencies all met for dep_context=requeueable deps ti=<TaskInstance: etl_airflow.transform scheduled__2024-04-01T00:00:00+00:00 [queued]>
[2025-12-17T01:51:46.058+0000] {taskinstance.py:2170} INFO - Starting attempt 1 of 3
[2025-12-17T01:51:46.126+0000] {taskinstance.py:2191} INFO - Executing <Task(PythonOperator): transform> on 2024-04-01 00:00:00+00:00
[2025-12-17T01:51:46.262+0000] {standard_task_runner.py:60} INFO - Started process 1125 to run task
[2025-12-17T01:51:46.269+0000] {standard_task_runner.py:87} INFO - Running: ['***', 'tasks', 'run', 'etl_***', 'transform', 'scheduled__2024-04-01T00:00:00+00:00', '--job-id', '289', '--raw', '--subdir', 'DAGS_FOLDER/etl_dag.py', '--cfg-path', '/tmp/tmpq_h8jls2']
[2025-12-17T01:51:46.323+0000] {standard_task_runner.py:88} INFO - Job 289: Subtask transform
[2025-12-17T01:51:46.620+0000] {task_command.py:423} INFO - Running <TaskInstance: etl_airflow.transform scheduled__2024-04-01T00:00:00+00:00 [running]> on host 571e042550da
[2025-12-17T01:51:47.396+0000] {taskinstance.py:2480} INFO - Exporting env vars: AIRFLOW_CTX_DAG_OWNER='***' AIRFLOW_CTX_DAG_ID='etl_***' AIRFLOW_CTX_TASK_ID='transform' AIRFLOW_CTX_EXECUTION_DATE='2024-04-01T00:00:00+00:00' AIRFLOW_CTX_TRY_NUMBER='1' AIRFLOW_CTX_DAG_RUN_ID='scheduled__2024-04-01T00:00:00+00:00'
[2025-12-17T01:51:47.407+0000] {logging_mixin.py:188} INFO - [TRANSFORM]
[2025-12-17T01:51:47.435+0000] {taskinstance.py:2698} ERROR - Task failed with exception
Traceback (most recent call last):
  File "/home/airflow/.local/lib/python3.8/site-packages/airflow/models/taskinstance.py", line 433, in _execute_task
    result = execute_callable(context=context, **execute_callable_kwargs)
  File "/home/airflow/.local/lib/python3.8/site-packages/airflow/operators/python.py", line 199, in execute
    return_value = self.execute_callable()
  File "/home/airflow/.local/lib/python3.8/site-packages/airflow/operators/python.py", line 216, in execute_callable
    return self.python_callable(*self.op_args, **self.op_kwargs)
  File "/opt/airflow/etl_logic/pipeline.py", line 111, in transform_data
    df = pd.read_csv(TRANSFORMED_PATH)
  File "/home/airflow/.local/lib/python3.8/site-packages/pandas/io/parsers/readers.py", line 912, in read_csv
    return _read(filepath_or_buffer, kwds)
  File "/home/airflow/.local/lib/python3.8/site-packages/pandas/io/parsers/readers.py", line 577, in _read
    parser = TextFileReader(filepath_or_buffer, **kwds)
  File "/home/airflow/.local/lib/python3.8/site-packages/pandas/io/parsers/readers.py", line 1407, in __init__
    self._engine = self._make_engine(f, self.engine)
  File "/home/airflow/.local/lib/python3.8/site-packages/pandas/io/parsers/readers.py", line 1679, in _make_engine
    return mapping[engine](f, **self.options)
  File "/home/airflow/.local/lib/python3.8/site-packages/pandas/io/parsers/c_parser_wrapper.py", line 93, in __init__
    self._reader = parsers.TextReader(src, **kwds)
  File "pandas/_libs/parsers.pyx", line 557, in pandas._libs.parsers.TextReader.__cinit__
pandas.errors.EmptyDataError: No columns to parse from file
[2025-12-17T01:51:47.587+0000] {taskinstance.py:1138} INFO - Marking task as UP_FOR_RETRY. dag_id=etl_***, task_id=transform, execution_date=20240401T000000, start_date=20251217T015145, end_date=20251217T015147
[2025-12-17T01:51:47.619+0000] {standard_task_runner.py:107} ERROR - Failed to execute job 289 for task transform (No columns to parse from file; 1125)
[2025-12-17T01:51:47.656+0000] {local_task_job_runner.py:234} INFO - Task exited with return code 1
[2025-12-17T01:51:47.715+0000] {taskinstance.py:3280} INFO - 0 downstream tasks scheduled from follow-on schedule check
[2025-12-17T04:45:18.336+0000] {taskinstance.py:1956} INFO - Dependencies all met for dep_context=non-requeueable deps ti=<TaskInstance: etl_airflow.transform scheduled__2024-04-01T00:00:00+00:00 [queued]>
[2025-12-17T04:45:18.374+0000] {taskinstance.py:1956} INFO - Dependencies all met for dep_context=requeueable deps ti=<TaskInstance: etl_airflow.transform scheduled__2024-04-01T00:00:00+00:00 [queued]>
[2025-12-17T04:45:18.382+0000] {taskinstance.py:2170} INFO - Starting attempt 1 of 3
[2025-12-17T04:45:18.410+0000] {taskinstance.py:2191} INFO - Executing <Task(PythonOperator): transform> on 2024-04-01 00:00:00+00:00
[2025-12-17T04:45:18.423+0000] {standard_task_runner.py:60} INFO - Started process 1369 to run task
[2025-12-17T04:45:18.427+0000] {standard_task_runner.py:87} INFO - Running: ['***', 'tasks', 'run', 'etl_***', 'transform', 'scheduled__2024-04-01T00:00:00+00:00', '--job-id', '350', '--raw', '--subdir', 'DAGS_FOLDER/etl_***.py', '--cfg-path', '/tmp/tmp699qbwih']
[2025-12-17T04:45:18.436+0000] {standard_task_runner.py:88} INFO - Job 350: Subtask transform
[2025-12-17T04:45:18.615+0000] {task_command.py:423} INFO - Running <TaskInstance: etl_airflow.transform scheduled__2024-04-01T00:00:00+00:00 [running]> on host b3426f05ac70
[2025-12-17T04:45:19.095+0000] {taskinstance.py:2480} INFO - Exporting env vars: AIRFLOW_CTX_DAG_OWNER='***' AIRFLOW_CTX_DAG_ID='etl_***' AIRFLOW_CTX_TASK_ID='transform' AIRFLOW_CTX_EXECUTION_DATE='2024-04-01T00:00:00+00:00' AIRFLOW_CTX_TRY_NUMBER='1' AIRFLOW_CTX_DAG_RUN_ID='scheduled__2024-04-01T00:00:00+00:00'
[2025-12-17T04:45:19.106+0000] {taskinstance.py:2698} ERROR - Task failed with exception
Traceback (most recent call last):
  File "/home/airflow/.local/lib/python3.8/site-packages/airflow/models/taskinstance.py", line 433, in _execute_task
    result = execute_callable(context=context, **execute_callable_kwargs)
  File "/home/airflow/.local/lib/python3.8/site-packages/airflow/operators/python.py", line 199, in execute
    return_value = self.execute_callable()
  File "/home/airflow/.local/lib/python3.8/site-packages/airflow/operators/python.py", line 216, in execute_callable
    return self.python_callable(*self.op_args, **self.op_kwargs)
TypeError: transform_data() missing 1 required positional argument: 'df'
[2025-12-17T04:45:19.134+0000] {taskinstance.py:1138} INFO - Marking task as UP_FOR_RETRY. dag_id=etl_***, task_id=transform, execution_date=20240401T000000, start_date=20251217T044518, end_date=20251217T044519
[2025-12-17T04:45:19.170+0000] {standard_task_runner.py:107} ERROR - Failed to execute job 350 for task transform (transform_data() missing 1 required positional argument: 'df'; 1369)
[2025-12-17T04:45:19.214+0000] {local_task_job_runner.py:234} INFO - Task exited with return code 1
[2025-12-17T04:45:19.347+0000] {taskinstance.py:3280} INFO - 0 downstream tasks scheduled from follow-on schedule check
[2025-12-17T07:38:43.342+0000] {taskinstance.py:1956} INFO - Dependencies all met for dep_context=non-requeueable deps ti=<TaskInstance: etl_airflow.transform scheduled__2024-04-01T00:00:00+00:00 [queued]>
[2025-12-17T07:38:43.360+0000] {taskinstance.py:1956} INFO - Dependencies all met for dep_context=requeueable deps ti=<TaskInstance: etl_airflow.transform scheduled__2024-04-01T00:00:00+00:00 [queued]>
[2025-12-17T07:38:43.362+0000] {taskinstance.py:2170} INFO - Starting attempt 1 of 3
[2025-12-17T07:38:43.385+0000] {taskinstance.py:2191} INFO - Executing <Task(PythonOperator): transform> on 2024-04-01 00:00:00+00:00
[2025-12-17T07:38:43.396+0000] {standard_task_runner.py:60} INFO - Started process 1435 to run task
[2025-12-17T07:38:43.402+0000] {standard_task_runner.py:87} INFO - Running: ['***', 'tasks', 'run', 'etl_***', 'transform', 'scheduled__2024-04-01T00:00:00+00:00', '--job-id', '350', '--raw', '--subdir', 'DAGS_FOLDER/etl_***.py', '--cfg-path', '/tmp/tmp7k_m4zpc']
[2025-12-17T07:38:43.410+0000] {standard_task_runner.py:88} INFO - Job 350: Subtask transform
[2025-12-17T07:38:43.540+0000] {task_command.py:423} INFO - Running <TaskInstance: etl_airflow.transform scheduled__2024-04-01T00:00:00+00:00 [running]> on host 2a0de06c8905
[2025-12-17T07:38:43.944+0000] {taskinstance.py:2480} INFO - Exporting env vars: AIRFLOW_CTX_DAG_OWNER='***' AIRFLOW_CTX_DAG_ID='etl_***' AIRFLOW_CTX_TASK_ID='transform' AIRFLOW_CTX_EXECUTION_DATE='2024-04-01T00:00:00+00:00' AIRFLOW_CTX_TRY_NUMBER='1' AIRFLOW_CTX_DAG_RUN_ID='scheduled__2024-04-01T00:00:00+00:00'
[2025-12-17T07:38:43.947+0000] {taskinstance.py:2698} ERROR - Task failed with exception
Traceback (most recent call last):
  File "/home/airflow/.local/lib/python3.8/site-packages/airflow/models/taskinstance.py", line 433, in _execute_task
    result = execute_callable(context=context, **execute_callable_kwargs)
  File "/home/airflow/.local/lib/python3.8/site-packages/airflow/operators/python.py", line 199, in execute
    return_value = self.execute_callable()
  File "/home/airflow/.local/lib/python3.8/site-packages/airflow/operators/python.py", line 216, in execute_callable
    return self.python_callable(*self.op_args, **self.op_kwargs)
TypeError: transform_data() missing 1 required positional argument: 'df'
[2025-12-17T07:38:43.962+0000] {taskinstance.py:1138} INFO - Marking task as UP_FOR_RETRY. dag_id=etl_***, task_id=transform, execution_date=20240401T000000, start_date=20251217T073843, end_date=20251217T073843
[2025-12-17T07:38:43.983+0000] {standard_task_runner.py:107} ERROR - Failed to execute job 350 for task transform (transform_data() missing 1 required positional argument: 'df'; 1435)
[2025-12-17T07:38:44.018+0000] {local_task_job_runner.py:234} INFO - Task exited with return code 1
[2025-12-17T07:38:44.069+0000] {taskinstance.py:3280} INFO - 0 downstream tasks scheduled from follow-on schedule check
