[2025-12-17T05:05:18.816+0000] {taskinstance.py:1956} INFO - Dependencies all met for dep_context=non-requeueable deps ti=<TaskInstance: etl_airflow.transform scheduled__2025-09-23T00:00:00+00:00 [queued]>
[2025-12-17T05:05:18.834+0000] {taskinstance.py:1956} INFO - Dependencies all met for dep_context=requeueable deps ti=<TaskInstance: etl_airflow.transform scheduled__2025-09-23T00:00:00+00:00 [queued]>
[2025-12-17T05:05:18.836+0000] {taskinstance.py:2170} INFO - Starting attempt 3 of 3
[2025-12-17T05:05:18.893+0000] {taskinstance.py:2191} INFO - Executing <Task(PythonOperator): transform> on 2025-09-23 00:00:00+00:00
[2025-12-17T05:05:18.904+0000] {standard_task_runner.py:60} INFO - Started process 8648 to run task
[2025-12-17T05:05:18.911+0000] {standard_task_runner.py:87} INFO - Running: ['***', 'tasks', 'run', 'etl_***', 'transform', 'scheduled__2025-09-23T00:00:00+00:00', '--job-id', '2554', '--raw', '--subdir', 'DAGS_FOLDER/etl_***.py', '--cfg-path', '/tmp/tmpua3jyae8']
[2025-12-17T05:05:18.918+0000] {standard_task_runner.py:88} INFO - Job 2554: Subtask transform
[2025-12-17T05:05:19.061+0000] {task_command.py:423} INFO - Running <TaskInstance: etl_airflow.transform scheduled__2025-09-23T00:00:00+00:00 [running]> on host b3426f05ac70
[2025-12-17T05:05:19.458+0000] {taskinstance.py:2480} INFO - Exporting env vars: AIRFLOW_CTX_DAG_OWNER='***' AIRFLOW_CTX_DAG_ID='etl_***' AIRFLOW_CTX_TASK_ID='transform' AIRFLOW_CTX_EXECUTION_DATE='2025-09-23T00:00:00+00:00' AIRFLOW_CTX_TRY_NUMBER='3' AIRFLOW_CTX_DAG_RUN_ID='scheduled__2025-09-23T00:00:00+00:00'
[2025-12-17T05:05:19.460+0000] {taskinstance.py:2698} ERROR - Task failed with exception
Traceback (most recent call last):
  File "/home/airflow/.local/lib/python3.8/site-packages/airflow/models/taskinstance.py", line 433, in _execute_task
    result = execute_callable(context=context, **execute_callable_kwargs)
  File "/home/airflow/.local/lib/python3.8/site-packages/airflow/operators/python.py", line 199, in execute
    return_value = self.execute_callable()
  File "/home/airflow/.local/lib/python3.8/site-packages/airflow/operators/python.py", line 216, in execute_callable
    return self.python_callable(*self.op_args, **self.op_kwargs)
TypeError: transform_data() missing 1 required positional argument: 'df'
[2025-12-17T05:05:19.472+0000] {taskinstance.py:1138} INFO - Marking task as FAILED. dag_id=etl_***, task_id=transform, execution_date=20250923T000000, start_date=20251217T050518, end_date=20251217T050519
[2025-12-17T05:05:19.490+0000] {standard_task_runner.py:107} ERROR - Failed to execute job 2554 for task transform (transform_data() missing 1 required positional argument: 'df'; 8648)
[2025-12-17T05:05:19.532+0000] {local_task_job_runner.py:234} INFO - Task exited with return code 1
[2025-12-17T05:05:19.794+0000] {taskinstance.py:3280} INFO - 0 downstream tasks scheduled from follow-on schedule check
