[2025-12-16T16:33:53.267+0000] {taskinstance.py:1956} INFO - Dependencies all met for dep_context=non-requeueable deps ti=<TaskInstance: etl_airflow.extract scheduled__2024-05-06T00:00:00+00:00 [queued]>
[2025-12-16T16:33:53.285+0000] {taskinstance.py:1956} INFO - Dependencies all met for dep_context=requeueable deps ti=<TaskInstance: etl_airflow.extract scheduled__2024-05-06T00:00:00+00:00 [queued]>
[2025-12-16T16:33:53.287+0000] {taskinstance.py:2170} INFO - Starting attempt 3 of 3
[2025-12-16T16:33:53.403+0000] {taskinstance.py:2191} INFO - Executing <Task(PythonOperator): extract> on 2024-05-06 00:00:00+00:00
[2025-12-16T16:33:53.425+0000] {standard_task_runner.py:60} INFO - Started process 1812 to run task
[2025-12-16T16:33:53.437+0000] {standard_task_runner.py:87} INFO - Running: ['***', 'tasks', 'run', 'etl_***', 'extract', 'scheduled__2024-05-06T00:00:00+00:00', '--job-id', '404', '--raw', '--subdir', 'DAGS_FOLDER/etl_dag.py', '--cfg-path', '/tmp/tmp9qckpwro']
[2025-12-16T16:33:53.443+0000] {standard_task_runner.py:88} INFO - Job 404: Subtask extract
[2025-12-16T16:33:53.598+0000] {task_command.py:423} INFO - Running <TaskInstance: etl_airflow.extract scheduled__2024-05-06T00:00:00+00:00 [running]> on host 528de643acfe
[2025-12-16T16:33:53.848+0000] {local_task_job_runner.py:121} ERROR - Received SIGTERM. Terminating subprocesses
[2025-12-16T16:33:53.886+0000] {process_utils.py:131} INFO - Sending 15 to group 1812. PIDs of all processes in the group: [1812]
[2025-12-16T16:33:53.887+0000] {process_utils.py:86} INFO - Sending the signal 15 to group 1812
[2025-12-16T16:33:54.079+0000] {taskinstance.py:2450} ERROR - Received SIGTERM. Terminating subprocesses.
[2025-12-16T16:33:54.095+0000] {taskinstance.py:2698} ERROR - Task failed with exception
Traceback (most recent call last):
  File "/home/airflow/.local/lib/python3.8/site-packages/airflow/models/taskinstance.py", line 2334, in _run_raw_task
    self._execute_task_with_callbacks(context, test_mode, session=session)
  File "/home/airflow/.local/lib/python3.8/site-packages/airflow/models/taskinstance.py", line 2470, in _execute_task_with_callbacks
    RenderedTaskInstanceFields.delete_old_records(self.task_id, self.dag_id)
  File "/home/airflow/.local/lib/python3.8/site-packages/airflow/utils/session.py", line 79, in wrapper
    return func(*args, session=session, **kwargs)
  File "/home/airflow/.local/lib/python3.8/site-packages/airflow/models/renderedtifields.py", line 228, in delete_old_records
    cls._do_delete_old_records(
  File "/home/airflow/.local/lib/python3.8/site-packages/airflow/utils/retries.py", line 91, in wrapped_function
    for attempt in run_with_db_retries(max_retries=retries, logger=logger, **retry_kwargs):
  File "/home/airflow/.local/lib/python3.8/site-packages/tenacity/__init__.py", line 347, in __iter__
    do = self.iter(retry_state=retry_state)
  File "/home/airflow/.local/lib/python3.8/site-packages/tenacity/__init__.py", line 314, in iter
    return fut.result()
  File "/usr/local/lib/python3.8/concurrent/futures/_base.py", line 437, in result
    return self.__get_result()
  File "/usr/local/lib/python3.8/concurrent/futures/_base.py", line 389, in __get_result
    raise self._exception
  File "/home/airflow/.local/lib/python3.8/site-packages/airflow/utils/retries.py", line 100, in wrapped_function
    return func(*args, **kwargs)
  File "/home/airflow/.local/lib/python3.8/site-packages/airflow/models/renderedtifields.py", line 262, in _do_delete_old_records
    session.execute(stmt)
  File "/home/airflow/.local/lib/python3.8/site-packages/sqlalchemy/orm/session.py", line 1717, in execute
    result = conn._execute_20(statement, params or {}, execution_options)
  File "/home/airflow/.local/lib/python3.8/site-packages/sqlalchemy/engine/base.py", line 1710, in _execute_20
    return meth(self, args_10style, kwargs_10style, execution_options)
  File "/home/airflow/.local/lib/python3.8/site-packages/sqlalchemy/sql/elements.py", line 334, in _execute_on_connection
    return connection._execute_clauseelement(
  File "/home/airflow/.local/lib/python3.8/site-packages/sqlalchemy/engine/base.py", line 1569, in _execute_clauseelement
    compiled_sql, extracted_params, cache_hit = elem._compile_w_cache(
  File "/home/airflow/.local/lib/python3.8/site-packages/sqlalchemy/sql/elements.py", line 532, in _compile_w_cache
    compiled_sql = self._compiler(
  File "/home/airflow/.local/lib/python3.8/site-packages/sqlalchemy/sql/elements.py", line 567, in _compiler
    return dialect.statement_compiler(dialect, self, **kw)
  File "/home/airflow/.local/lib/python3.8/site-packages/sqlalchemy/sql/compiler.py", line 809, in __init__
    Compiled.__init__(self, dialect, statement, **kwargs)
  File "/home/airflow/.local/lib/python3.8/site-packages/sqlalchemy/sql/compiler.py", line 464, in __init__
    self.string = self.process(self.statement, **compile_kwargs)
  File "/home/airflow/.local/lib/python3.8/site-packages/sqlalchemy/sql/compiler.py", line 499, in process
    return obj._compiler_dispatch(self, **kwargs)
  File "/home/airflow/.local/lib/python3.8/site-packages/sqlalchemy/sql/annotation.py", line 200, in _compiler_dispatch
    return self.__element.__class__._compiler_dispatch(self, visitor, **kw)
  File "/home/airflow/.local/lib/python3.8/site-packages/sqlalchemy/sql/visitors.py", line 82, in _compiler_dispatch
    return meth(self, **kw)
  File "/home/airflow/.local/lib/python3.8/site-packages/sqlalchemy/sql/compiler.py", line 4370, in visit_delete
    t = self._generate_delimited_and_list(
  File "/home/airflow/.local/lib/python3.8/site-packages/sqlalchemy/sql/compiler.py", line 1749, in _generate_delimited_and_list
    return separator.join(
  File "/home/airflow/.local/lib/python3.8/site-packages/sqlalchemy/sql/compiler.py", line 1749, in <genexpr>
    return separator.join(
  File "/home/airflow/.local/lib/python3.8/site-packages/sqlalchemy/sql/compiler.py", line 1751, in <genexpr>
    for s in (c._compiler_dispatch(self, **kw) for c in clauses)
  File "/home/airflow/.local/lib/python3.8/site-packages/sqlalchemy/sql/visitors.py", line 82, in _compiler_dispatch
    return meth(self, **kw)
  File "/home/airflow/.local/lib/python3.8/site-packages/sqlalchemy/sql/compiler.py", line 2023, in visit_unary
    return self._generate_generic_unary_operator(
  File "/home/airflow/.local/lib/python3.8/site-packages/sqlalchemy/sql/compiler.py", line 2344, in _generate_generic_unary_operator
    return opstring + unary.element._compiler_dispatch(self, **kw)
  File "/home/airflow/.local/lib/python3.8/site-packages/sqlalchemy/sql/visitors.py", line 82, in _compiler_dispatch
    return meth(self, **kw)
  File "/home/airflow/.local/lib/python3.8/site-packages/sqlalchemy/sql/compiler.py", line 1428, in visit_grouping
    return "(" + grouping.element._compiler_dispatch(self, **kwargs) + ")"
  File "/home/airflow/.local/lib/python3.8/site-packages/sqlalchemy/sql/visitors.py", line 82, in _compiler_dispatch
    return meth(self, **kw)
  File "/home/airflow/.local/lib/python3.8/site-packages/sqlalchemy/sql/compiler.py", line 2023, in visit_unary
    return self._generate_generic_unary_operator(
  File "/home/airflow/.local/lib/python3.8/site-packages/sqlalchemy/sql/compiler.py", line 2344, in _generate_generic_unary_operator
    return opstring + unary.element._compiler_dispatch(self, **kw)
  File "/home/airflow/.local/lib/python3.8/site-packages/sqlalchemy/sql/visitors.py", line 82, in _compiler_dispatch
    return meth(self, **kw)
  File "/home/airflow/.local/lib/python3.8/site-packages/sqlalchemy/sql/compiler.py", line 1431, in visit_select_statement_grouping
    return "(" + grouping.element._compiler_dispatch(self, **kwargs) + ")"
  File "/home/airflow/.local/lib/python3.8/site-packages/sqlalchemy/sql/visitors.py", line 82, in _compiler_dispatch
    return meth(self, **kw)
  File "/home/airflow/.local/lib/python3.8/site-packages/sqlalchemy/sql/compiler.py", line 3543, in visit_select
    text = self._compose_select_body(
  File "/home/airflow/.local/lib/python3.8/site-packages/sqlalchemy/sql/compiler.py", line 3690, in _compose_select_body
    [
  File "/home/airflow/.local/lib/python3.8/site-packages/sqlalchemy/sql/compiler.py", line 3691, in <listcomp>
    f._compiler_dispatch(
  File "/home/airflow/.local/lib/python3.8/site-packages/sqlalchemy/sql/visitors.py", line 82, in _compiler_dispatch
    return meth(self, **kw)
  File "/home/airflow/.local/lib/python3.8/site-packages/sqlalchemy/sql/compiler.py", line 3055, in visit_subquery
    return self.visit_alias(subquery, **kw)
  File "/home/airflow/.local/lib/python3.8/site-packages/sqlalchemy/sql/compiler.py", line 3014, in visit_alias
    inner = alias.element._compiler_dispatch(
  File "/home/airflow/.local/lib/python3.8/site-packages/sqlalchemy/sql/visitors.py", line 82, in _compiler_dispatch
    return meth(self, **kw)
  File "/home/airflow/.local/lib/python3.8/site-packages/sqlalchemy/sql/compiler.py", line 3403, in visit_select
    compile_state = select_stmt._compile_state_factory(
  File "/home/airflow/.local/lib/python3.8/site-packages/sqlalchemy/sql/base.py", line 510, in create_for_statement
    return klass.create_for_statement(statement, compiler, **kw)
  File "/home/airflow/.local/lib/python3.8/site-packages/sqlalchemy/orm/context.py", line 765, in create_for_statement
    self._setup_for_generate()
  File "/home/airflow/.local/lib/python3.8/site-packages/sqlalchemy/orm/context.py", line 793, in _setup_for_generate
    self._join(query._setup_joins, self._entities)
  File "/home/airflow/.local/lib/python3.8/site-packages/sqlalchemy/orm/context.py", line 1515, in _join
    self._join_left_to_right(
  File "/home/airflow/.local/lib/python3.8/site-packages/sqlalchemy/orm/context.py", line 1727, in _join_left_to_right
    ) = self._join_place_explicit_left_side(entities_collection, left)
  File "/home/airflow/.local/lib/python3.8/site-packages/sqlalchemy/orm/context.py", line 1896, in _join_place_explicit_left_side
    def _join_place_explicit_left_side(self, entities_collection, left):
  File "/home/airflow/.local/lib/python3.8/site-packages/airflow/models/taskinstance.py", line 2452, in signal_handler
    raise AirflowException("Task received SIGTERM signal")
airflow.exceptions.AirflowException: Task received SIGTERM signal
[2025-12-16T16:33:54.106+0000] {taskinstance.py:1138} INFO - Marking task as FAILED. dag_id=etl_***, task_id=extract, execution_date=20240506T000000, start_date=20251216T163353, end_date=20251216T163354
[2025-12-16T16:33:54.129+0000] {standard_task_runner.py:107} ERROR - Failed to execute job 404 for task extract (Task received SIGTERM signal; 1812)
[2025-12-16T16:33:54.183+0000] {process_utils.py:79} INFO - Process psutil.Process(pid=1812, status='terminated', exitcode=1, started='16:33:53') (1812) terminated with exit code 1
[2025-12-16T16:33:54.192+0000] {local_task_job_runner.py:234} INFO - Task exited with return code 143
[2025-12-16T16:33:54.275+0000] {taskinstance.py:3280} INFO - 0 downstream tasks scheduled from follow-on schedule check
