[2025-12-16T17:08:41.565+0000] {taskinstance.py:1956} INFO - Dependencies all met for dep_context=non-requeueable deps ti=<TaskInstance: etl_airflow.transform scheduled__2025-04-01T00:00:00+00:00 [queued]>
[2025-12-16T17:08:41.584+0000] {taskinstance.py:1956} INFO - Dependencies all met for dep_context=requeueable deps ti=<TaskInstance: etl_airflow.transform scheduled__2025-04-01T00:00:00+00:00 [queued]>
[2025-12-16T17:08:41.585+0000] {taskinstance.py:2170} INFO - Starting attempt 2 of 3
[2025-12-16T17:08:41.608+0000] {taskinstance.py:2191} INFO - Executing <Task(PythonOperator): transform> on 2025-04-01 00:00:00+00:00
[2025-12-16T17:08:41.618+0000] {standard_task_runner.py:60} INFO - Started process 2077 to run task
[2025-12-16T17:08:41.625+0000] {standard_task_runner.py:87} INFO - Running: ['***', 'tasks', 'run', 'etl_***', 'transform', 'scheduled__2025-04-01T00:00:00+00:00', '--job-id', '3555', '--raw', '--subdir', 'DAGS_FOLDER/etl_dag.py', '--cfg-path', '/tmp/tmp91ogxm41']
[2025-12-16T17:08:41.629+0000] {standard_task_runner.py:88} INFO - Job 3555: Subtask transform
[2025-12-16T17:08:41.742+0000] {task_command.py:423} INFO - Running <TaskInstance: etl_airflow.transform scheduled__2025-04-01T00:00:00+00:00 [running]> on host db658e834d9d
[2025-12-16T17:08:41.892+0000] {taskinstance.py:2480} INFO - Exporting env vars: AIRFLOW_CTX_DAG_OWNER='***' AIRFLOW_CTX_DAG_ID='etl_***' AIRFLOW_CTX_TASK_ID='transform' AIRFLOW_CTX_EXECUTION_DATE='2025-04-01T00:00:00+00:00' AIRFLOW_CTX_TRY_NUMBER='2' AIRFLOW_CTX_DAG_RUN_ID='scheduled__2025-04-01T00:00:00+00:00'
[2025-12-16T17:08:41.895+0000] {logging_mixin.py:188} INFO - [TRANSFORM]
[2025-12-16T17:08:41.902+0000] {taskinstance.py:2698} ERROR - Task failed with exception
Traceback (most recent call last):
  File "/home/airflow/.local/lib/python3.8/site-packages/airflow/models/taskinstance.py", line 433, in _execute_task
    result = execute_callable(context=context, **execute_callable_kwargs)
  File "/home/airflow/.local/lib/python3.8/site-packages/airflow/operators/python.py", line 199, in execute
    return_value = self.execute_callable()
  File "/home/airflow/.local/lib/python3.8/site-packages/airflow/operators/python.py", line 216, in execute_callable
    return self.python_callable(*self.op_args, **self.op_kwargs)
  File "/opt/airflow/etl_logic/pipeline.py", line 111, in transform_data
    df = pd.read_csv(TRANSFORMED_PATH)
  File "/home/airflow/.local/lib/python3.8/site-packages/pandas/io/parsers/readers.py", line 912, in read_csv
    return _read(filepath_or_buffer, kwds)
  File "/home/airflow/.local/lib/python3.8/site-packages/pandas/io/parsers/readers.py", line 577, in _read
    parser = TextFileReader(filepath_or_buffer, **kwds)
  File "/home/airflow/.local/lib/python3.8/site-packages/pandas/io/parsers/readers.py", line 1407, in __init__
    self._engine = self._make_engine(f, self.engine)
  File "/home/airflow/.local/lib/python3.8/site-packages/pandas/io/parsers/readers.py", line 1661, in _make_engine
    self.handles = get_handle(
  File "/home/airflow/.local/lib/python3.8/site-packages/pandas/io/common.py", line 859, in get_handle
    handle = open(
FileNotFoundError: [Errno 2] No such file or directory: '/opt/airflow/data/transformed.csv'
[2025-12-16T17:08:41.929+0000] {taskinstance.py:1138} INFO - Marking task as UP_FOR_RETRY. dag_id=etl_***, task_id=transform, execution_date=20250401T000000, start_date=20251216T170841, end_date=20251216T170841
[2025-12-16T17:08:41.956+0000] {standard_task_runner.py:107} ERROR - Failed to execute job 3555 for task transform ([Errno 2] No such file or directory: '/opt/airflow/data/transformed.csv'; 2077)
[2025-12-16T17:08:41.999+0000] {local_task_job_runner.py:234} INFO - Task exited with return code 1
[2025-12-16T17:08:42.070+0000] {taskinstance.py:3280} INFO - 0 downstream tasks scheduled from follow-on schedule check
[2025-12-17T04:58:53.036+0000] {taskinstance.py:1956} INFO - Dependencies all met for dep_context=non-requeueable deps ti=<TaskInstance: etl_airflow.transform scheduled__2025-04-01T00:00:00+00:00 [queued]>
[2025-12-17T04:58:53.052+0000] {taskinstance.py:1956} INFO - Dependencies all met for dep_context=requeueable deps ti=<TaskInstance: etl_airflow.transform scheduled__2025-04-01T00:00:00+00:00 [queued]>
[2025-12-17T04:58:53.053+0000] {taskinstance.py:2170} INFO - Starting attempt 2 of 3
[2025-12-17T04:58:53.109+0000] {taskinstance.py:2191} INFO - Executing <Task(PythonOperator): transform> on 2025-04-01 00:00:00+00:00
[2025-12-17T04:58:53.120+0000] {standard_task_runner.py:60} INFO - Started process 6268 to run task
[2025-12-17T04:58:53.127+0000] {standard_task_runner.py:87} INFO - Running: ['***', 'tasks', 'run', 'etl_***', 'transform', 'scheduled__2025-04-01T00:00:00+00:00', '--job-id', '1835', '--raw', '--subdir', 'DAGS_FOLDER/etl_***.py', '--cfg-path', '/tmp/tmpimdgxywk']
[2025-12-17T04:58:53.132+0000] {standard_task_runner.py:88} INFO - Job 1835: Subtask transform
[2025-12-17T04:58:53.274+0000] {task_command.py:423} INFO - Running <TaskInstance: etl_airflow.transform scheduled__2025-04-01T00:00:00+00:00 [running]> on host b3426f05ac70
[2025-12-17T04:58:53.634+0000] {taskinstance.py:2480} INFO - Exporting env vars: AIRFLOW_CTX_DAG_OWNER='***' AIRFLOW_CTX_DAG_ID='etl_***' AIRFLOW_CTX_TASK_ID='transform' AIRFLOW_CTX_EXECUTION_DATE='2025-04-01T00:00:00+00:00' AIRFLOW_CTX_TRY_NUMBER='2' AIRFLOW_CTX_DAG_RUN_ID='scheduled__2025-04-01T00:00:00+00:00'
[2025-12-17T04:58:53.636+0000] {taskinstance.py:2698} ERROR - Task failed with exception
Traceback (most recent call last):
  File "/home/airflow/.local/lib/python3.8/site-packages/airflow/models/taskinstance.py", line 433, in _execute_task
    result = execute_callable(context=context, **execute_callable_kwargs)
  File "/home/airflow/.local/lib/python3.8/site-packages/airflow/operators/python.py", line 199, in execute
    return_value = self.execute_callable()
  File "/home/airflow/.local/lib/python3.8/site-packages/airflow/operators/python.py", line 216, in execute_callable
    return self.python_callable(*self.op_args, **self.op_kwargs)
TypeError: transform_data() missing 1 required positional argument: 'df'
[2025-12-17T04:58:53.649+0000] {taskinstance.py:1138} INFO - Marking task as UP_FOR_RETRY. dag_id=etl_***, task_id=transform, execution_date=20250401T000000, start_date=20251217T045853, end_date=20251217T045853
[2025-12-17T04:58:53.670+0000] {standard_task_runner.py:107} ERROR - Failed to execute job 1835 for task transform (transform_data() missing 1 required positional argument: 'df'; 6268)
[2025-12-17T04:58:53.705+0000] {local_task_job_runner.py:234} INFO - Task exited with return code 1
[2025-12-17T04:58:53.741+0000] {taskinstance.py:3280} INFO - 0 downstream tasks scheduled from follow-on schedule check
