[2025-12-17T04:55:06.450+0000] {taskinstance.py:1956} INFO - Dependencies all met for dep_context=non-requeueable deps ti=<TaskInstance: etl_airflow.transform scheduled__2024-12-13T00:00:00+00:00 [queued]>
[2025-12-17T04:55:06.470+0000] {taskinstance.py:1956} INFO - Dependencies all met for dep_context=requeueable deps ti=<TaskInstance: etl_airflow.transform scheduled__2024-12-13T00:00:00+00:00 [queued]>
[2025-12-17T04:55:06.472+0000] {taskinstance.py:2170} INFO - Starting attempt 3 of 3
[2025-12-17T04:55:06.496+0000] {taskinstance.py:2191} INFO - Executing <Task(PythonOperator): transform> on 2024-12-13 00:00:00+00:00
[2025-12-17T04:55:06.525+0000] {standard_task_runner.py:60} INFO - Started process 4854 to run task
[2025-12-17T04:55:06.539+0000] {standard_task_runner.py:87} INFO - Running: ['***', 'tasks', 'run', 'etl_***', 'transform', 'scheduled__2024-12-13T00:00:00+00:00', '--job-id', '1405', '--raw', '--subdir', 'DAGS_FOLDER/etl_***.py', '--cfg-path', '/tmp/tmpgxh7z5gv']
[2025-12-17T04:55:06.550+0000] {standard_task_runner.py:88} INFO - Job 1405: Subtask transform
[2025-12-17T04:55:06.705+0000] {task_command.py:423} INFO - Running <TaskInstance: etl_airflow.transform scheduled__2024-12-13T00:00:00+00:00 [running]> on host b3426f05ac70
[2025-12-17T04:55:07.024+0000] {taskinstance.py:2480} INFO - Exporting env vars: AIRFLOW_CTX_DAG_OWNER='***' AIRFLOW_CTX_DAG_ID='etl_***' AIRFLOW_CTX_TASK_ID='transform' AIRFLOW_CTX_EXECUTION_DATE='2024-12-13T00:00:00+00:00' AIRFLOW_CTX_TRY_NUMBER='3' AIRFLOW_CTX_DAG_RUN_ID='scheduled__2024-12-13T00:00:00+00:00'
[2025-12-17T04:55:07.027+0000] {taskinstance.py:2698} ERROR - Task failed with exception
Traceback (most recent call last):
  File "/home/airflow/.local/lib/python3.8/site-packages/airflow/models/taskinstance.py", line 433, in _execute_task
    result = execute_callable(context=context, **execute_callable_kwargs)
  File "/home/airflow/.local/lib/python3.8/site-packages/airflow/operators/python.py", line 199, in execute
    return_value = self.execute_callable()
  File "/home/airflow/.local/lib/python3.8/site-packages/airflow/operators/python.py", line 216, in execute_callable
    return self.python_callable(*self.op_args, **self.op_kwargs)
TypeError: transform_data() missing 1 required positional argument: 'df'
[2025-12-17T04:55:07.040+0000] {taskinstance.py:1138} INFO - Marking task as FAILED. dag_id=etl_***, task_id=transform, execution_date=20241213T000000, start_date=20251217T045506, end_date=20251217T045507
[2025-12-17T04:55:07.193+0000] {standard_task_runner.py:107} ERROR - Failed to execute job 1405 for task transform (transform_data() missing 1 required positional argument: 'df'; 4854)
[2025-12-17T04:55:07.243+0000] {local_task_job_runner.py:234} INFO - Task exited with return code 1
[2025-12-17T04:55:07.269+0000] {taskinstance.py:3280} INFO - 0 downstream tasks scheduled from follow-on schedule check
[2025-12-17T08:00:23.055+0000] {taskinstance.py:1956} INFO - Dependencies all met for dep_context=non-requeueable deps ti=<TaskInstance: etl_airflow.transform scheduled__2024-12-13T00:00:00+00:00 [queued]>
[2025-12-17T08:00:23.075+0000] {taskinstance.py:1956} INFO - Dependencies all met for dep_context=requeueable deps ti=<TaskInstance: etl_airflow.transform scheduled__2024-12-13T00:00:00+00:00 [queued]>
[2025-12-17T08:00:23.077+0000] {taskinstance.py:2170} INFO - Starting attempt 3 of 3
[2025-12-17T08:00:23.101+0000] {taskinstance.py:2191} INFO - Executing <Task(PythonOperator): transform> on 2024-12-13 00:00:00+00:00
[2025-12-17T08:00:23.114+0000] {standard_task_runner.py:60} INFO - Started process 4951 to run task
[2025-12-17T08:00:23.123+0000] {standard_task_runner.py:87} INFO - Running: ['***', 'tasks', 'run', 'etl_***', 'transform', 'scheduled__2024-12-13T00:00:00+00:00', '--job-id', '1406', '--raw', '--subdir', 'DAGS_FOLDER/etl_***.py', '--cfg-path', '/tmp/tmp7keybol_']
[2025-12-17T08:00:23.130+0000] {standard_task_runner.py:88} INFO - Job 1406: Subtask transform
[2025-12-17T08:00:23.264+0000] {task_command.py:423} INFO - Running <TaskInstance: etl_airflow.transform scheduled__2024-12-13T00:00:00+00:00 [running]> on host 2a0de06c8905
[2025-12-17T08:00:23.640+0000] {taskinstance.py:2480} INFO - Exporting env vars: AIRFLOW_CTX_DAG_OWNER='***' AIRFLOW_CTX_DAG_ID='etl_***' AIRFLOW_CTX_TASK_ID='transform' AIRFLOW_CTX_EXECUTION_DATE='2024-12-13T00:00:00+00:00' AIRFLOW_CTX_TRY_NUMBER='3' AIRFLOW_CTX_DAG_RUN_ID='scheduled__2024-12-13T00:00:00+00:00'
[2025-12-17T08:00:23.643+0000] {taskinstance.py:2698} ERROR - Task failed with exception
Traceback (most recent call last):
  File "/home/airflow/.local/lib/python3.8/site-packages/airflow/models/taskinstance.py", line 433, in _execute_task
    result = execute_callable(context=context, **execute_callable_kwargs)
  File "/home/airflow/.local/lib/python3.8/site-packages/airflow/operators/python.py", line 199, in execute
    return_value = self.execute_callable()
  File "/home/airflow/.local/lib/python3.8/site-packages/airflow/operators/python.py", line 216, in execute_callable
    return self.python_callable(*self.op_args, **self.op_kwargs)
TypeError: transform_data() missing 1 required positional argument: 'df'
[2025-12-17T08:00:23.661+0000] {taskinstance.py:1138} INFO - Marking task as FAILED. dag_id=etl_***, task_id=transform, execution_date=20241213T000000, start_date=20251217T080023, end_date=20251217T080023
[2025-12-17T08:00:23.682+0000] {standard_task_runner.py:107} ERROR - Failed to execute job 1406 for task transform (transform_data() missing 1 required positional argument: 'df'; 4951)
[2025-12-17T08:00:23.739+0000] {local_task_job_runner.py:234} INFO - Task exited with return code 1
[2025-12-17T08:00:23.810+0000] {taskinstance.py:3280} INFO - 0 downstream tasks scheduled from follow-on schedule check
