[2025-12-17T04:54:54.452+0000] {taskinstance.py:1956} INFO - Dependencies all met for dep_context=non-requeueable deps ti=<TaskInstance: etl_airflow.transform scheduled__2024-12-13T00:00:00+00:00 [queued]>
[2025-12-17T04:54:54.465+0000] {taskinstance.py:1956} INFO - Dependencies all met for dep_context=requeueable deps ti=<TaskInstance: etl_airflow.transform scheduled__2024-12-13T00:00:00+00:00 [queued]>
[2025-12-17T04:54:54.466+0000] {taskinstance.py:2170} INFO - Starting attempt 2 of 3
[2025-12-17T04:54:54.647+0000] {taskinstance.py:2191} INFO - Executing <Task(PythonOperator): transform> on 2024-12-13 00:00:00+00:00
[2025-12-17T04:54:54.661+0000] {standard_task_runner.py:60} INFO - Started process 4803 to run task
[2025-12-17T04:54:54.673+0000] {standard_task_runner.py:87} INFO - Running: ['***', 'tasks', 'run', 'etl_***', 'transform', 'scheduled__2024-12-13T00:00:00+00:00', '--job-id', '1390', '--raw', '--subdir', 'DAGS_FOLDER/etl_***.py', '--cfg-path', '/tmp/tmp0byir2se']
[2025-12-17T04:54:54.678+0000] {standard_task_runner.py:88} INFO - Job 1390: Subtask transform
[2025-12-17T04:54:54.787+0000] {task_command.py:423} INFO - Running <TaskInstance: etl_airflow.transform scheduled__2024-12-13T00:00:00+00:00 [running]> on host b3426f05ac70
[2025-12-17T04:54:55.133+0000] {taskinstance.py:2480} INFO - Exporting env vars: AIRFLOW_CTX_DAG_OWNER='***' AIRFLOW_CTX_DAG_ID='etl_***' AIRFLOW_CTX_TASK_ID='transform' AIRFLOW_CTX_EXECUTION_DATE='2024-12-13T00:00:00+00:00' AIRFLOW_CTX_TRY_NUMBER='2' AIRFLOW_CTX_DAG_RUN_ID='scheduled__2024-12-13T00:00:00+00:00'
[2025-12-17T04:54:55.139+0000] {taskinstance.py:2698} ERROR - Task failed with exception
Traceback (most recent call last):
  File "/home/airflow/.local/lib/python3.8/site-packages/airflow/models/taskinstance.py", line 433, in _execute_task
    result = execute_callable(context=context, **execute_callable_kwargs)
  File "/home/airflow/.local/lib/python3.8/site-packages/airflow/operators/python.py", line 199, in execute
    return_value = self.execute_callable()
  File "/home/airflow/.local/lib/python3.8/site-packages/airflow/operators/python.py", line 216, in execute_callable
    return self.python_callable(*self.op_args, **self.op_kwargs)
TypeError: transform_data() missing 1 required positional argument: 'df'
[2025-12-17T04:54:55.171+0000] {taskinstance.py:1138} INFO - Marking task as UP_FOR_RETRY. dag_id=etl_***, task_id=transform, execution_date=20241213T000000, start_date=20251217T045454, end_date=20251217T045455
[2025-12-17T04:54:55.191+0000] {standard_task_runner.py:107} ERROR - Failed to execute job 1390 for task transform (transform_data() missing 1 required positional argument: 'df'; 4803)
[2025-12-17T04:54:55.251+0000] {local_task_job_runner.py:234} INFO - Task exited with return code 1
[2025-12-17T04:54:55.282+0000] {taskinstance.py:3280} INFO - 0 downstream tasks scheduled from follow-on schedule check
[2025-12-17T08:00:10.554+0000] {taskinstance.py:1956} INFO - Dependencies all met for dep_context=non-requeueable deps ti=<TaskInstance: etl_airflow.transform scheduled__2024-12-13T00:00:00+00:00 [queued]>
[2025-12-17T08:00:10.567+0000] {taskinstance.py:1956} INFO - Dependencies all met for dep_context=requeueable deps ti=<TaskInstance: etl_airflow.transform scheduled__2024-12-13T00:00:00+00:00 [queued]>
[2025-12-17T08:00:10.568+0000] {taskinstance.py:2170} INFO - Starting attempt 2 of 3
[2025-12-17T08:00:10.590+0000] {taskinstance.py:2191} INFO - Executing <Task(PythonOperator): transform> on 2024-12-13 00:00:00+00:00
[2025-12-17T08:00:10.608+0000] {standard_task_runner.py:60} INFO - Started process 4895 to run task
[2025-12-17T08:00:10.619+0000] {standard_task_runner.py:87} INFO - Running: ['***', 'tasks', 'run', 'etl_***', 'transform', 'scheduled__2024-12-13T00:00:00+00:00', '--job-id', '1390', '--raw', '--subdir', 'DAGS_FOLDER/etl_***.py', '--cfg-path', '/tmp/tmp27vi1y5w']
[2025-12-17T08:00:10.627+0000] {standard_task_runner.py:88} INFO - Job 1390: Subtask transform
[2025-12-17T08:00:10.800+0000] {task_command.py:423} INFO - Running <TaskInstance: etl_airflow.transform scheduled__2024-12-13T00:00:00+00:00 [running]> on host 2a0de06c8905
[2025-12-17T08:00:11.296+0000] {taskinstance.py:2480} INFO - Exporting env vars: AIRFLOW_CTX_DAG_OWNER='***' AIRFLOW_CTX_DAG_ID='etl_***' AIRFLOW_CTX_TASK_ID='transform' AIRFLOW_CTX_EXECUTION_DATE='2024-12-13T00:00:00+00:00' AIRFLOW_CTX_TRY_NUMBER='2' AIRFLOW_CTX_DAG_RUN_ID='scheduled__2024-12-13T00:00:00+00:00'
[2025-12-17T08:00:11.303+0000] {taskinstance.py:2698} ERROR - Task failed with exception
Traceback (most recent call last):
  File "/home/airflow/.local/lib/python3.8/site-packages/airflow/models/taskinstance.py", line 433, in _execute_task
    result = execute_callable(context=context, **execute_callable_kwargs)
  File "/home/airflow/.local/lib/python3.8/site-packages/airflow/operators/python.py", line 199, in execute
    return_value = self.execute_callable()
  File "/home/airflow/.local/lib/python3.8/site-packages/airflow/operators/python.py", line 216, in execute_callable
    return self.python_callable(*self.op_args, **self.op_kwargs)
TypeError: transform_data() missing 1 required positional argument: 'df'
[2025-12-17T08:00:11.330+0000] {taskinstance.py:1138} INFO - Marking task as UP_FOR_RETRY. dag_id=etl_***, task_id=transform, execution_date=20241213T000000, start_date=20251217T080010, end_date=20251217T080011
[2025-12-17T08:00:11.364+0000] {standard_task_runner.py:107} ERROR - Failed to execute job 1390 for task transform (transform_data() missing 1 required positional argument: 'df'; 4895)
[2025-12-17T08:00:11.401+0000] {local_task_job_runner.py:234} INFO - Task exited with return code 1
[2025-12-17T08:00:11.459+0000] {taskinstance.py:3280} INFO - 0 downstream tasks scheduled from follow-on schedule check
