[2025-12-17T04:20:39.882+0000] {taskinstance.py:1956} INFO - Dependencies all met for dep_context=non-requeueable deps ti=<TaskInstance: etl_airflow.transform scheduled__2024-05-28T00:00:00+00:00 [queued]>
[2025-12-17T04:20:39.895+0000] {taskinstance.py:1956} INFO - Dependencies all met for dep_context=requeueable deps ti=<TaskInstance: etl_airflow.transform scheduled__2024-05-28T00:00:00+00:00 [queued]>
[2025-12-17T04:20:39.896+0000] {taskinstance.py:2170} INFO - Starting attempt 3 of 3
[2025-12-17T04:20:39.918+0000] {taskinstance.py:2191} INFO - Executing <Task(PythonOperator): transform> on 2024-05-28 00:00:00+00:00
[2025-12-17T04:20:39.927+0000] {standard_task_runner.py:60} INFO - Started process 1071 to run task
[2025-12-17T04:20:39.932+0000] {standard_task_runner.py:87} INFO - Running: ['***', 'tasks', 'run', 'etl_***', 'transform', 'scheduled__2024-05-28T00:00:00+00:00', '--job-id', '261', '--raw', '--subdir', 'DAGS_FOLDER/etl_***.py', '--cfg-path', '/tmp/tmpmaujqe82']
[2025-12-17T04:20:39.935+0000] {standard_task_runner.py:88} INFO - Job 261: Subtask transform
[2025-12-17T04:20:40.033+0000] {task_command.py:423} INFO - Running <TaskInstance: etl_airflow.transform scheduled__2024-05-28T00:00:00+00:00 [running]> on host c5811fe183ca
[2025-12-17T04:20:40.416+0000] {taskinstance.py:2480} INFO - Exporting env vars: AIRFLOW_CTX_DAG_OWNER='***' AIRFLOW_CTX_DAG_ID='etl_***' AIRFLOW_CTX_TASK_ID='transform' AIRFLOW_CTX_EXECUTION_DATE='2024-05-28T00:00:00+00:00' AIRFLOW_CTX_TRY_NUMBER='3' AIRFLOW_CTX_DAG_RUN_ID='scheduled__2024-05-28T00:00:00+00:00'
[2025-12-17T04:20:40.418+0000] {taskinstance.py:2698} ERROR - Task failed with exception
Traceback (most recent call last):
  File "/home/airflow/.local/lib/python3.8/site-packages/airflow/models/taskinstance.py", line 433, in _execute_task
    result = execute_callable(context=context, **execute_callable_kwargs)
  File "/home/airflow/.local/lib/python3.8/site-packages/airflow/operators/python.py", line 199, in execute
    return_value = self.execute_callable()
  File "/home/airflow/.local/lib/python3.8/site-packages/airflow/operators/python.py", line 216, in execute_callable
    return self.python_callable(*self.op_args, **self.op_kwargs)
TypeError: transform_data() missing 1 required positional argument: 'df'
[2025-12-17T04:20:40.431+0000] {taskinstance.py:1138} INFO - Marking task as FAILED. dag_id=etl_***, task_id=transform, execution_date=20240528T000000, start_date=20251217T042039, end_date=20251217T042040
[2025-12-17T04:20:40.450+0000] {standard_task_runner.py:107} ERROR - Failed to execute job 261 for task transform (transform_data() missing 1 required positional argument: 'df'; 1071)
[2025-12-17T04:20:40.506+0000] {local_task_job_runner.py:234} INFO - Task exited with return code 1
[2025-12-17T04:20:40.537+0000] {taskinstance.py:3280} INFO - 0 downstream tasks scheduled from follow-on schedule check
[2025-12-17T04:48:03.402+0000] {taskinstance.py:1956} INFO - Dependencies all met for dep_context=non-requeueable deps ti=<TaskInstance: etl_airflow.transform scheduled__2024-05-28T00:00:00+00:00 [queued]>
[2025-12-17T04:48:03.414+0000] {taskinstance.py:1956} INFO - Dependencies all met for dep_context=requeueable deps ti=<TaskInstance: etl_airflow.transform scheduled__2024-05-28T00:00:00+00:00 [queued]>
[2025-12-17T04:48:03.419+0000] {taskinstance.py:2170} INFO - Starting attempt 3 of 3
[2025-12-17T04:48:03.440+0000] {taskinstance.py:2191} INFO - Executing <Task(PythonOperator): transform> on 2024-05-28 00:00:00+00:00
[2025-12-17T04:48:03.447+0000] {standard_task_runner.py:60} INFO - Started process 2301 to run task
[2025-12-17T04:48:03.451+0000] {standard_task_runner.py:87} INFO - Running: ['***', 'tasks', 'run', 'etl_***', 'transform', 'scheduled__2024-05-28T00:00:00+00:00', '--job-id', '630', '--raw', '--subdir', 'DAGS_FOLDER/etl_***.py', '--cfg-path', '/tmp/tmpalk7lynv']
[2025-12-17T04:48:03.454+0000] {standard_task_runner.py:88} INFO - Job 630: Subtask transform
[2025-12-17T04:48:03.576+0000] {task_command.py:423} INFO - Running <TaskInstance: etl_airflow.transform scheduled__2024-05-28T00:00:00+00:00 [running]> on host b3426f05ac70
[2025-12-17T04:48:03.959+0000] {taskinstance.py:2480} INFO - Exporting env vars: AIRFLOW_CTX_DAG_OWNER='***' AIRFLOW_CTX_DAG_ID='etl_***' AIRFLOW_CTX_TASK_ID='transform' AIRFLOW_CTX_EXECUTION_DATE='2024-05-28T00:00:00+00:00' AIRFLOW_CTX_TRY_NUMBER='3' AIRFLOW_CTX_DAG_RUN_ID='scheduled__2024-05-28T00:00:00+00:00'
[2025-12-17T04:48:03.962+0000] {taskinstance.py:2698} ERROR - Task failed with exception
Traceback (most recent call last):
  File "/home/airflow/.local/lib/python3.8/site-packages/airflow/models/taskinstance.py", line 433, in _execute_task
    result = execute_callable(context=context, **execute_callable_kwargs)
  File "/home/airflow/.local/lib/python3.8/site-packages/airflow/operators/python.py", line 199, in execute
    return_value = self.execute_callable()
  File "/home/airflow/.local/lib/python3.8/site-packages/airflow/operators/python.py", line 216, in execute_callable
    return self.python_callable(*self.op_args, **self.op_kwargs)
TypeError: transform_data() missing 1 required positional argument: 'df'
[2025-12-17T04:48:03.973+0000] {taskinstance.py:1138} INFO - Marking task as FAILED. dag_id=etl_***, task_id=transform, execution_date=20240528T000000, start_date=20251217T044803, end_date=20251217T044803
[2025-12-17T04:48:03.992+0000] {standard_task_runner.py:107} ERROR - Failed to execute job 630 for task transform (transform_data() missing 1 required positional argument: 'df'; 2301)
[2025-12-17T04:48:04.029+0000] {local_task_job_runner.py:234} INFO - Task exited with return code 1
[2025-12-17T04:48:04.291+0000] {taskinstance.py:3280} INFO - 0 downstream tasks scheduled from follow-on schedule check
[2025-12-17T07:41:35.443+0000] {taskinstance.py:1956} INFO - Dependencies all met for dep_context=non-requeueable deps ti=<TaskInstance: etl_airflow.transform scheduled__2024-05-28T00:00:00+00:00 [queued]>
[2025-12-17T07:41:35.471+0000] {taskinstance.py:1956} INFO - Dependencies all met for dep_context=requeueable deps ti=<TaskInstance: etl_airflow.transform scheduled__2024-05-28T00:00:00+00:00 [queued]>
[2025-12-17T07:41:35.472+0000] {taskinstance.py:2170} INFO - Starting attempt 3 of 3
[2025-12-17T07:41:35.503+0000] {taskinstance.py:2191} INFO - Executing <Task(PythonOperator): transform> on 2024-05-28 00:00:00+00:00
[2025-12-17T07:41:35.512+0000] {standard_task_runner.py:60} INFO - Started process 2371 to run task
[2025-12-17T07:41:35.519+0000] {standard_task_runner.py:87} INFO - Running: ['***', 'tasks', 'run', 'etl_***', 'transform', 'scheduled__2024-05-28T00:00:00+00:00', '--job-id', '632', '--raw', '--subdir', 'DAGS_FOLDER/etl_***.py', '--cfg-path', '/tmp/tmplte4pdy8']
[2025-12-17T07:41:35.525+0000] {standard_task_runner.py:88} INFO - Job 632: Subtask transform
[2025-12-17T07:41:35.671+0000] {task_command.py:423} INFO - Running <TaskInstance: etl_airflow.transform scheduled__2024-05-28T00:00:00+00:00 [running]> on host 2a0de06c8905
[2025-12-17T07:41:36.097+0000] {taskinstance.py:2480} INFO - Exporting env vars: AIRFLOW_CTX_DAG_OWNER='***' AIRFLOW_CTX_DAG_ID='etl_***' AIRFLOW_CTX_TASK_ID='transform' AIRFLOW_CTX_EXECUTION_DATE='2024-05-28T00:00:00+00:00' AIRFLOW_CTX_TRY_NUMBER='3' AIRFLOW_CTX_DAG_RUN_ID='scheduled__2024-05-28T00:00:00+00:00'
[2025-12-17T07:41:36.101+0000] {taskinstance.py:2698} ERROR - Task failed with exception
Traceback (most recent call last):
  File "/home/airflow/.local/lib/python3.8/site-packages/airflow/models/taskinstance.py", line 433, in _execute_task
    result = execute_callable(context=context, **execute_callable_kwargs)
  File "/home/airflow/.local/lib/python3.8/site-packages/airflow/operators/python.py", line 199, in execute
    return_value = self.execute_callable()
  File "/home/airflow/.local/lib/python3.8/site-packages/airflow/operators/python.py", line 216, in execute_callable
    return self.python_callable(*self.op_args, **self.op_kwargs)
TypeError: transform_data() missing 1 required positional argument: 'df'
[2025-12-17T07:41:36.121+0000] {taskinstance.py:1138} INFO - Marking task as FAILED. dag_id=etl_***, task_id=transform, execution_date=20240528T000000, start_date=20251217T074135, end_date=20251217T074136
[2025-12-17T07:41:36.335+0000] {standard_task_runner.py:107} ERROR - Failed to execute job 632 for task transform (transform_data() missing 1 required positional argument: 'df'; 2371)
[2025-12-17T07:41:36.421+0000] {local_task_job_runner.py:234} INFO - Task exited with return code 1
[2025-12-17T07:41:36.628+0000] {taskinstance.py:3280} INFO - 0 downstream tasks scheduled from follow-on schedule check
