[2025-12-16T17:22:23.489+0000] {taskinstance.py:1956} INFO - Dependencies all met for dep_context=non-requeueable deps ti=<TaskInstance: etl_airflow.transform scheduled__2024-04-16T00:00:00+00:00 [queued]>
[2025-12-16T17:22:23.522+0000] {taskinstance.py:1956} INFO - Dependencies all met for dep_context=requeueable deps ti=<TaskInstance: etl_airflow.transform scheduled__2024-04-16T00:00:00+00:00 [queued]>
[2025-12-16T17:22:23.524+0000] {taskinstance.py:2170} INFO - Starting attempt 3 of 5
[2025-12-16T17:22:23.578+0000] {taskinstance.py:2191} INFO - Executing <Task(PythonOperator): transform> on 2024-04-16 00:00:00+00:00
[2025-12-16T17:22:23.593+0000] {standard_task_runner.py:60} INFO - Started process 6457 to run task
[2025-12-16T17:22:23.608+0000] {standard_task_runner.py:87} INFO - Running: ['***', 'tasks', 'run', 'etl_***', 'transform', 'scheduled__2024-04-16T00:00:00+00:00', '--job-id', '6127', '--raw', '--subdir', 'DAGS_FOLDER/etl_dag.py', '--cfg-path', '/tmp/tmp1f4wztj_']
[2025-12-16T17:22:23.614+0000] {standard_task_runner.py:88} INFO - Job 6127: Subtask transform
[2025-12-16T17:22:23.831+0000] {task_command.py:423} INFO - Running <TaskInstance: etl_airflow.transform scheduled__2024-04-16T00:00:00+00:00 [running]> on host 3b89cfee50e9
[2025-12-16T17:22:24.065+0000] {taskinstance.py:2480} INFO - Exporting env vars: AIRFLOW_CTX_DAG_OWNER='***' AIRFLOW_CTX_DAG_ID='etl_***' AIRFLOW_CTX_TASK_ID='transform' AIRFLOW_CTX_EXECUTION_DATE='2024-04-16T00:00:00+00:00' AIRFLOW_CTX_TRY_NUMBER='3' AIRFLOW_CTX_DAG_RUN_ID='scheduled__2024-04-16T00:00:00+00:00'
[2025-12-16T17:22:24.069+0000] {logging_mixin.py:188} INFO - [TRANSFORM]
[2025-12-16T17:22:24.474+0000] {logging_mixin.py:188} INFO - [TRANSFORM] done
[2025-12-16T17:22:24.475+0000] {python.py:201} INFO - Done. Returned value was: None
[2025-12-16T17:22:24.494+0000] {taskinstance.py:1138} INFO - Marking task as SUCCESS. dag_id=etl_***, task_id=transform, execution_date=20240416T000000, start_date=20251216T172223, end_date=20251216T172224
[2025-12-16T17:22:24.555+0000] {local_task_job_runner.py:234} INFO - Task exited with return code 0
[2025-12-16T17:22:24.599+0000] {taskinstance.py:3280} INFO - 0 downstream tasks scheduled from follow-on schedule check
[2025-12-17T04:46:21.826+0000] {taskinstance.py:1956} INFO - Dependencies all met for dep_context=non-requeueable deps ti=<TaskInstance: etl_airflow.transform scheduled__2024-04-16T00:00:00+00:00 [queued]>
[2025-12-17T04:46:21.844+0000] {taskinstance.py:1956} INFO - Dependencies all met for dep_context=requeueable deps ti=<TaskInstance: etl_airflow.transform scheduled__2024-04-16T00:00:00+00:00 [queued]>
[2025-12-17T04:46:21.845+0000] {taskinstance.py:2170} INFO - Starting attempt 3 of 3
[2025-12-17T04:46:21.868+0000] {taskinstance.py:2191} INFO - Executing <Task(PythonOperator): transform> on 2024-04-16 00:00:00+00:00
[2025-12-17T04:46:21.880+0000] {standard_task_runner.py:60} INFO - Started process 1683 to run task
[2025-12-17T04:46:21.890+0000] {standard_task_runner.py:87} INFO - Running: ['***', 'tasks', 'run', 'etl_***', 'transform', 'scheduled__2024-04-16T00:00:00+00:00', '--job-id', '443', '--raw', '--subdir', 'DAGS_FOLDER/etl_***.py', '--cfg-path', '/tmp/tmpl6h_qvr4']
[2025-12-17T04:46:21.897+0000] {standard_task_runner.py:88} INFO - Job 443: Subtask transform
[2025-12-17T04:46:22.052+0000] {task_command.py:423} INFO - Running <TaskInstance: etl_airflow.transform scheduled__2024-04-16T00:00:00+00:00 [running]> on host b3426f05ac70
[2025-12-17T04:46:22.485+0000] {taskinstance.py:2480} INFO - Exporting env vars: AIRFLOW_CTX_DAG_OWNER='***' AIRFLOW_CTX_DAG_ID='etl_***' AIRFLOW_CTX_TASK_ID='transform' AIRFLOW_CTX_EXECUTION_DATE='2024-04-16T00:00:00+00:00' AIRFLOW_CTX_TRY_NUMBER='3' AIRFLOW_CTX_DAG_RUN_ID='scheduled__2024-04-16T00:00:00+00:00'
[2025-12-17T04:46:22.487+0000] {taskinstance.py:2698} ERROR - Task failed with exception
Traceback (most recent call last):
  File "/home/airflow/.local/lib/python3.8/site-packages/airflow/models/taskinstance.py", line 433, in _execute_task
    result = execute_callable(context=context, **execute_callable_kwargs)
  File "/home/airflow/.local/lib/python3.8/site-packages/airflow/operators/python.py", line 199, in execute
    return_value = self.execute_callable()
  File "/home/airflow/.local/lib/python3.8/site-packages/airflow/operators/python.py", line 216, in execute_callable
    return self.python_callable(*self.op_args, **self.op_kwargs)
TypeError: transform_data() missing 1 required positional argument: 'df'
[2025-12-17T04:46:22.496+0000] {taskinstance.py:1138} INFO - Marking task as FAILED. dag_id=etl_***, task_id=transform, execution_date=20240416T000000, start_date=20251217T044621, end_date=20251217T044622
[2025-12-17T04:46:22.511+0000] {standard_task_runner.py:107} ERROR - Failed to execute job 443 for task transform (transform_data() missing 1 required positional argument: 'df'; 1683)
[2025-12-17T04:46:22.546+0000] {local_task_job_runner.py:234} INFO - Task exited with return code 1
[2025-12-17T04:46:22.575+0000] {taskinstance.py:3280} INFO - 0 downstream tasks scheduled from follow-on schedule check
[2025-12-17T07:39:45.244+0000] {taskinstance.py:1956} INFO - Dependencies all met for dep_context=non-requeueable deps ti=<TaskInstance: etl_airflow.transform scheduled__2024-04-16T00:00:00+00:00 [queued]>
[2025-12-17T07:39:45.261+0000] {taskinstance.py:1956} INFO - Dependencies all met for dep_context=requeueable deps ti=<TaskInstance: etl_airflow.transform scheduled__2024-04-16T00:00:00+00:00 [queued]>
[2025-12-17T07:39:45.262+0000] {taskinstance.py:2170} INFO - Starting attempt 3 of 3
[2025-12-17T07:39:45.287+0000] {taskinstance.py:2191} INFO - Executing <Task(PythonOperator): transform> on 2024-04-16 00:00:00+00:00
[2025-12-17T07:39:45.298+0000] {standard_task_runner.py:60} INFO - Started process 1756 to run task
[2025-12-17T07:39:45.306+0000] {standard_task_runner.py:87} INFO - Running: ['***', 'tasks', 'run', 'etl_***', 'transform', 'scheduled__2024-04-16T00:00:00+00:00', '--job-id', '447', '--raw', '--subdir', 'DAGS_FOLDER/etl_***.py', '--cfg-path', '/tmp/tmp2zn0rsve']
[2025-12-17T07:39:45.310+0000] {standard_task_runner.py:88} INFO - Job 447: Subtask transform
[2025-12-17T07:39:45.444+0000] {task_command.py:423} INFO - Running <TaskInstance: etl_airflow.transform scheduled__2024-04-16T00:00:00+00:00 [running]> on host 2a0de06c8905
[2025-12-17T07:39:45.842+0000] {taskinstance.py:2480} INFO - Exporting env vars: AIRFLOW_CTX_DAG_OWNER='***' AIRFLOW_CTX_DAG_ID='etl_***' AIRFLOW_CTX_TASK_ID='transform' AIRFLOW_CTX_EXECUTION_DATE='2024-04-16T00:00:00+00:00' AIRFLOW_CTX_TRY_NUMBER='3' AIRFLOW_CTX_DAG_RUN_ID='scheduled__2024-04-16T00:00:00+00:00'
[2025-12-17T07:39:45.848+0000] {taskinstance.py:2698} ERROR - Task failed with exception
Traceback (most recent call last):
  File "/home/airflow/.local/lib/python3.8/site-packages/airflow/models/taskinstance.py", line 433, in _execute_task
    result = execute_callable(context=context, **execute_callable_kwargs)
  File "/home/airflow/.local/lib/python3.8/site-packages/airflow/operators/python.py", line 199, in execute
    return_value = self.execute_callable()
  File "/home/airflow/.local/lib/python3.8/site-packages/airflow/operators/python.py", line 216, in execute_callable
    return self.python_callable(*self.op_args, **self.op_kwargs)
TypeError: transform_data() missing 1 required positional argument: 'df'
[2025-12-17T07:39:45.865+0000] {taskinstance.py:1138} INFO - Marking task as FAILED. dag_id=etl_***, task_id=transform, execution_date=20240416T000000, start_date=20251217T073945, end_date=20251217T073945
[2025-12-17T07:39:45.891+0000] {standard_task_runner.py:107} ERROR - Failed to execute job 447 for task transform (transform_data() missing 1 required positional argument: 'df'; 1756)
[2025-12-17T07:39:45.920+0000] {local_task_job_runner.py:234} INFO - Task exited with return code 1
[2025-12-17T07:39:45.962+0000] {taskinstance.py:3280} INFO - 0 downstream tasks scheduled from follow-on schedule check
