[2025-12-16T17:08:06.369+0000] {taskinstance.py:1956} INFO - Dependencies all met for dep_context=non-requeueable deps ti=<TaskInstance: etl_airflow.transform scheduled__2025-03-23T00:00:00+00:00 [queued]>
[2025-12-16T17:08:06.383+0000] {taskinstance.py:1956} INFO - Dependencies all met for dep_context=requeueable deps ti=<TaskInstance: etl_airflow.transform scheduled__2025-03-23T00:00:00+00:00 [queued]>
[2025-12-16T17:08:06.384+0000] {taskinstance.py:2170} INFO - Starting attempt 1 of 3
[2025-12-16T17:08:06.404+0000] {taskinstance.py:2191} INFO - Executing <Task(PythonOperator): transform> on 2025-03-23 00:00:00+00:00
[2025-12-16T17:08:06.414+0000] {standard_task_runner.py:60} INFO - Started process 1843 to run task
[2025-12-16T17:08:06.420+0000] {standard_task_runner.py:87} INFO - Running: ['***', 'tasks', 'run', 'etl_***', 'transform', 'scheduled__2025-03-23T00:00:00+00:00', '--job-id', '3482', '--raw', '--subdir', 'DAGS_FOLDER/etl_dag.py', '--cfg-path', '/tmp/tmpqu3133t2']
[2025-12-16T17:08:06.424+0000] {standard_task_runner.py:88} INFO - Job 3482: Subtask transform
[2025-12-16T17:08:06.532+0000] {task_command.py:423} INFO - Running <TaskInstance: etl_airflow.transform scheduled__2025-03-23T00:00:00+00:00 [running]> on host db658e834d9d
[2025-12-16T17:08:06.664+0000] {taskinstance.py:2480} INFO - Exporting env vars: AIRFLOW_CTX_DAG_OWNER='***' AIRFLOW_CTX_DAG_ID='etl_***' AIRFLOW_CTX_TASK_ID='transform' AIRFLOW_CTX_EXECUTION_DATE='2025-03-23T00:00:00+00:00' AIRFLOW_CTX_TRY_NUMBER='1' AIRFLOW_CTX_DAG_RUN_ID='scheduled__2025-03-23T00:00:00+00:00'
[2025-12-16T17:08:06.666+0000] {logging_mixin.py:188} INFO - [TRANSFORM]
[2025-12-16T17:08:06.684+0000] {taskinstance.py:2698} ERROR - Task failed with exception
Traceback (most recent call last):
  File "/home/airflow/.local/lib/python3.8/site-packages/airflow/models/taskinstance.py", line 433, in _execute_task
    result = execute_callable(context=context, **execute_callable_kwargs)
  File "/home/airflow/.local/lib/python3.8/site-packages/airflow/operators/python.py", line 199, in execute
    return_value = self.execute_callable()
  File "/home/airflow/.local/lib/python3.8/site-packages/airflow/operators/python.py", line 216, in execute_callable
    return self.python_callable(*self.op_args, **self.op_kwargs)
  File "/opt/airflow/etl_logic/pipeline.py", line 113, in transform_data
    df.to_csv(OUTPUT_PATH, index=False)
  File "/home/airflow/.local/lib/python3.8/site-packages/pandas/core/generic.py", line 3772, in to_csv
    return DataFrameRenderer(formatter).to_csv(
  File "/home/airflow/.local/lib/python3.8/site-packages/pandas/io/formats/format.py", line 1186, in to_csv
    csv_formatter.save()
  File "/home/airflow/.local/lib/python3.8/site-packages/pandas/io/formats/csvs.py", line 240, in save
    with get_handle(
  File "/home/airflow/.local/lib/python3.8/site-packages/pandas/io/common.py", line 737, in get_handle
    check_parent_directory(str(handle))
  File "/home/airflow/.local/lib/python3.8/site-packages/pandas/io/common.py", line 600, in check_parent_directory
    raise OSError(rf"Cannot save file into a non-existent directory: '{parent}'")
OSError: Cannot save file into a non-existent directory: 'E:\GPP\Task_4\comparative-data-orchestrationirflow\data'
[2025-12-16T17:08:06.710+0000] {taskinstance.py:1138} INFO - Marking task as UP_FOR_RETRY. dag_id=etl_***, task_id=transform, execution_date=20250323T000000, start_date=20251216T170806, end_date=20251216T170806
[2025-12-16T17:08:06.730+0000] {standard_task_runner.py:107} ERROR - Failed to execute job 3482 for task transform (Cannot save file into a non-existent directory: 'E:\GPP\Task_4\comparative-data-orchestrationirflow\data'; 1843)
[2025-12-16T17:08:06.753+0000] {local_task_job_runner.py:234} INFO - Task exited with return code 1
[2025-12-16T17:08:06.790+0000] {taskinstance.py:3280} INFO - 0 downstream tasks scheduled from follow-on schedule check
[2025-12-17T01:57:53.352+0000] {taskinstance.py:1956} INFO - Dependencies all met for dep_context=non-requeueable deps ti=<TaskInstance: etl_airflow.transform scheduled__2025-03-23T00:00:00+00:00 [queued]>
[2025-12-17T01:57:53.402+0000] {taskinstance.py:1956} INFO - Dependencies all met for dep_context=requeueable deps ti=<TaskInstance: etl_airflow.transform scheduled__2025-03-23T00:00:00+00:00 [queued]>
[2025-12-17T01:57:53.408+0000] {taskinstance.py:2170} INFO - Starting attempt 1 of 3
[2025-12-17T01:57:53.747+0000] {taskinstance.py:2191} INFO - Executing <Task(PythonOperator): transform> on 2025-03-23 00:00:00+00:00
[2025-12-17T01:57:53.769+0000] {standard_task_runner.py:60} INFO - Started process 4550 to run task
[2025-12-17T01:57:53.779+0000] {standard_task_runner.py:87} INFO - Running: ['***', 'tasks', 'run', 'etl_***', 'transform', 'scheduled__2025-03-23T00:00:00+00:00', '--job-id', '1364', '--raw', '--subdir', 'DAGS_FOLDER/etl_dag.py', '--cfg-path', '/tmp/tmpu6pwf2kf']
[2025-12-17T01:57:53.785+0000] {standard_task_runner.py:88} INFO - Job 1364: Subtask transform
[2025-12-17T01:57:53.976+0000] {task_command.py:423} INFO - Running <TaskInstance: etl_airflow.transform scheduled__2025-03-23T00:00:00+00:00 [running]> on host 571e042550da
[2025-12-17T01:57:54.573+0000] {taskinstance.py:2480} INFO - Exporting env vars: AIRFLOW_CTX_DAG_OWNER='***' AIRFLOW_CTX_DAG_ID='etl_***' AIRFLOW_CTX_TASK_ID='transform' AIRFLOW_CTX_EXECUTION_DATE='2025-03-23T00:00:00+00:00' AIRFLOW_CTX_TRY_NUMBER='1' AIRFLOW_CTX_DAG_RUN_ID='scheduled__2025-03-23T00:00:00+00:00'
[2025-12-17T01:57:54.581+0000] {logging_mixin.py:188} INFO - [TRANSFORM]
[2025-12-17T01:57:54.625+0000] {logging_mixin.py:188} INFO - [TRANSFORM] done
[2025-12-17T01:57:54.626+0000] {python.py:201} INFO - Done. Returned value was: None
[2025-12-17T01:57:54.653+0000] {taskinstance.py:1138} INFO - Marking task as SUCCESS. dag_id=etl_***, task_id=transform, execution_date=20250323T000000, start_date=20251217T015753, end_date=20251217T015754
[2025-12-17T01:57:54.906+0000] {local_task_job_runner.py:234} INFO - Task exited with return code 0
[2025-12-17T01:57:54.955+0000] {taskinstance.py:3280} INFO - 1 downstream tasks scheduled from follow-on schedule check
[2025-12-17T04:58:10.592+0000] {taskinstance.py:1956} INFO - Dependencies all met for dep_context=non-requeueable deps ti=<TaskInstance: etl_airflow.transform scheduled__2025-03-23T00:00:00+00:00 [queued]>
[2025-12-17T04:58:10.604+0000] {taskinstance.py:1956} INFO - Dependencies all met for dep_context=requeueable deps ti=<TaskInstance: etl_airflow.transform scheduled__2025-03-23T00:00:00+00:00 [queued]>
[2025-12-17T04:58:10.606+0000] {taskinstance.py:2170} INFO - Starting attempt 1 of 3
[2025-12-17T04:58:10.623+0000] {taskinstance.py:2191} INFO - Executing <Task(PythonOperator): transform> on 2025-03-23 00:00:00+00:00
[2025-12-17T04:58:10.631+0000] {standard_task_runner.py:60} INFO - Started process 6023 to run task
[2025-12-17T04:58:10.643+0000] {standard_task_runner.py:87} INFO - Running: ['***', 'tasks', 'run', 'etl_***', 'transform', 'scheduled__2025-03-23T00:00:00+00:00', '--job-id', '1760', '--raw', '--subdir', 'DAGS_FOLDER/etl_***.py', '--cfg-path', '/tmp/tmpbts_j3y3']
[2025-12-17T04:58:10.651+0000] {standard_task_runner.py:88} INFO - Job 1760: Subtask transform
[2025-12-17T04:58:10.789+0000] {task_command.py:423} INFO - Running <TaskInstance: etl_airflow.transform scheduled__2025-03-23T00:00:00+00:00 [running]> on host b3426f05ac70
[2025-12-17T04:58:11.158+0000] {taskinstance.py:2480} INFO - Exporting env vars: AIRFLOW_CTX_DAG_OWNER='***' AIRFLOW_CTX_DAG_ID='etl_***' AIRFLOW_CTX_TASK_ID='transform' AIRFLOW_CTX_EXECUTION_DATE='2025-03-23T00:00:00+00:00' AIRFLOW_CTX_TRY_NUMBER='1' AIRFLOW_CTX_DAG_RUN_ID='scheduled__2025-03-23T00:00:00+00:00'
[2025-12-17T04:58:11.164+0000] {taskinstance.py:2698} ERROR - Task failed with exception
Traceback (most recent call last):
  File "/home/airflow/.local/lib/python3.8/site-packages/airflow/models/taskinstance.py", line 433, in _execute_task
    result = execute_callable(context=context, **execute_callable_kwargs)
  File "/home/airflow/.local/lib/python3.8/site-packages/airflow/operators/python.py", line 199, in execute
    return_value = self.execute_callable()
  File "/home/airflow/.local/lib/python3.8/site-packages/airflow/operators/python.py", line 216, in execute_callable
    return self.python_callable(*self.op_args, **self.op_kwargs)
TypeError: transform_data() missing 1 required positional argument: 'df'
[2025-12-17T04:58:11.188+0000] {taskinstance.py:1138} INFO - Marking task as UP_FOR_RETRY. dag_id=etl_***, task_id=transform, execution_date=20250323T000000, start_date=20251217T045810, end_date=20251217T045811
[2025-12-17T04:58:11.213+0000] {standard_task_runner.py:107} ERROR - Failed to execute job 1760 for task transform (transform_data() missing 1 required positional argument: 'df'; 6023)
[2025-12-17T04:58:11.261+0000] {local_task_job_runner.py:234} INFO - Task exited with return code 1
[2025-12-17T04:58:11.343+0000] {taskinstance.py:3280} INFO - 0 downstream tasks scheduled from follow-on schedule check
