[2025-12-16T17:06:39.129+0000] {taskinstance.py:1956} INFO - Dependencies all met for dep_context=non-requeueable deps ti=<TaskInstance: etl_airflow.transform scheduled__2025-01-26T00:00:00+00:00 [queued]>
[2025-12-16T17:06:39.149+0000] {taskinstance.py:1956} INFO - Dependencies all met for dep_context=requeueable deps ti=<TaskInstance: etl_airflow.transform scheduled__2025-01-26T00:00:00+00:00 [queued]>
[2025-12-16T17:06:39.150+0000] {taskinstance.py:2170} INFO - Starting attempt 1 of 3
[2025-12-16T17:06:39.173+0000] {taskinstance.py:2191} INFO - Executing <Task(PythonOperator): transform> on 2025-01-26 00:00:00+00:00
[2025-12-16T17:06:39.183+0000] {standard_task_runner.py:60} INFO - Started process 1220 to run task
[2025-12-16T17:06:39.190+0000] {standard_task_runner.py:87} INFO - Running: ['***', 'tasks', 'run', 'etl_***', 'transform', 'scheduled__2025-01-26T00:00:00+00:00', '--job-id', '3290', '--raw', '--subdir', 'DAGS_FOLDER/etl_dag.py', '--cfg-path', '/tmp/tmpjvpt0cy3']
[2025-12-16T17:06:39.194+0000] {standard_task_runner.py:88} INFO - Job 3290: Subtask transform
[2025-12-16T17:06:39.297+0000] {task_command.py:423} INFO - Running <TaskInstance: etl_airflow.transform scheduled__2025-01-26T00:00:00+00:00 [running]> on host db658e834d9d
[2025-12-16T17:06:39.455+0000] {taskinstance.py:2480} INFO - Exporting env vars: AIRFLOW_CTX_DAG_OWNER='***' AIRFLOW_CTX_DAG_ID='etl_***' AIRFLOW_CTX_TASK_ID='transform' AIRFLOW_CTX_EXECUTION_DATE='2025-01-26T00:00:00+00:00' AIRFLOW_CTX_TRY_NUMBER='1' AIRFLOW_CTX_DAG_RUN_ID='scheduled__2025-01-26T00:00:00+00:00'
[2025-12-16T17:06:39.457+0000] {logging_mixin.py:188} INFO - [TRANSFORM]
[2025-12-16T17:06:39.479+0000] {taskinstance.py:2698} ERROR - Task failed with exception
Traceback (most recent call last):
  File "/home/airflow/.local/lib/python3.8/site-packages/airflow/models/taskinstance.py", line 433, in _execute_task
    result = execute_callable(context=context, **execute_callable_kwargs)
  File "/home/airflow/.local/lib/python3.8/site-packages/airflow/operators/python.py", line 199, in execute
    return_value = self.execute_callable()
  File "/home/airflow/.local/lib/python3.8/site-packages/airflow/operators/python.py", line 216, in execute_callable
    return self.python_callable(*self.op_args, **self.op_kwargs)
  File "/opt/airflow/etl_logic/pipeline.py", line 113, in transform_data
    df.to_csv(OUTPUT_PATH, index=False)
  File "/home/airflow/.local/lib/python3.8/site-packages/pandas/core/generic.py", line 3772, in to_csv
    return DataFrameRenderer(formatter).to_csv(
  File "/home/airflow/.local/lib/python3.8/site-packages/pandas/io/formats/format.py", line 1186, in to_csv
    csv_formatter.save()
  File "/home/airflow/.local/lib/python3.8/site-packages/pandas/io/formats/csvs.py", line 240, in save
    with get_handle(
  File "/home/airflow/.local/lib/python3.8/site-packages/pandas/io/common.py", line 737, in get_handle
    check_parent_directory(str(handle))
  File "/home/airflow/.local/lib/python3.8/site-packages/pandas/io/common.py", line 600, in check_parent_directory
    raise OSError(rf"Cannot save file into a non-existent directory: '{parent}'")
OSError: Cannot save file into a non-existent directory: 'E:\GPP\Task_4\comparative-data-orchestrationirflow\data'
[2025-12-16T17:06:39.526+0000] {taskinstance.py:1138} INFO - Marking task as UP_FOR_RETRY. dag_id=etl_***, task_id=transform, execution_date=20250126T000000, start_date=20251216T170639, end_date=20251216T170639
[2025-12-16T17:06:39.559+0000] {standard_task_runner.py:107} ERROR - Failed to execute job 3290 for task transform (Cannot save file into a non-existent directory: 'E:\GPP\Task_4\comparative-data-orchestrationirflow\data'; 1220)
[2025-12-16T17:06:39.603+0000] {local_task_job_runner.py:234} INFO - Task exited with return code 1
[2025-12-16T17:06:39.695+0000] {taskinstance.py:3280} INFO - 0 downstream tasks scheduled from follow-on schedule check
[2025-12-17T01:57:02.647+0000] {taskinstance.py:1956} INFO - Dependencies all met for dep_context=non-requeueable deps ti=<TaskInstance: etl_airflow.transform scheduled__2025-01-26T00:00:00+00:00 [queued]>
[2025-12-17T01:57:02.668+0000] {taskinstance.py:1956} INFO - Dependencies all met for dep_context=requeueable deps ti=<TaskInstance: etl_airflow.transform scheduled__2025-01-26T00:00:00+00:00 [queued]>
[2025-12-17T01:57:02.669+0000] {taskinstance.py:2170} INFO - Starting attempt 1 of 3
[2025-12-17T01:57:02.697+0000] {taskinstance.py:2191} INFO - Executing <Task(PythonOperator): transform> on 2025-01-26 00:00:00+00:00
[2025-12-17T01:57:02.708+0000] {standard_task_runner.py:60} INFO - Started process 4046 to run task
[2025-12-17T01:57:02.718+0000] {standard_task_runner.py:87} INFO - Running: ['***', 'tasks', 'run', 'etl_***', 'transform', 'scheduled__2025-01-26T00:00:00+00:00', '--job-id', '1206', '--raw', '--subdir', 'DAGS_FOLDER/etl_dag.py', '--cfg-path', '/tmp/tmpf8qj1av5']
[2025-12-17T01:57:02.724+0000] {standard_task_runner.py:88} INFO - Job 1206: Subtask transform
[2025-12-17T01:57:02.948+0000] {task_command.py:423} INFO - Running <TaskInstance: etl_airflow.transform scheduled__2025-01-26T00:00:00+00:00 [running]> on host 571e042550da
[2025-12-17T01:57:03.662+0000] {taskinstance.py:2480} INFO - Exporting env vars: AIRFLOW_CTX_DAG_OWNER='***' AIRFLOW_CTX_DAG_ID='etl_***' AIRFLOW_CTX_TASK_ID='transform' AIRFLOW_CTX_EXECUTION_DATE='2025-01-26T00:00:00+00:00' AIRFLOW_CTX_TRY_NUMBER='1' AIRFLOW_CTX_DAG_RUN_ID='scheduled__2025-01-26T00:00:00+00:00'
[2025-12-17T01:57:03.665+0000] {logging_mixin.py:188} INFO - [TRANSFORM]
[2025-12-17T01:57:03.748+0000] {logging_mixin.py:188} INFO - [TRANSFORM] done
[2025-12-17T01:57:03.753+0000] {python.py:201} INFO - Done. Returned value was: None
[2025-12-17T01:57:03.782+0000] {taskinstance.py:1138} INFO - Marking task as SUCCESS. dag_id=etl_***, task_id=transform, execution_date=20250126T000000, start_date=20251217T015702, end_date=20251217T015703
[2025-12-17T01:57:04.231+0000] {local_task_job_runner.py:234} INFO - Task exited with return code 0
[2025-12-17T01:57:04.341+0000] {taskinstance.py:3280} INFO - 1 downstream tasks scheduled from follow-on schedule check
[2025-12-17T04:56:25.040+0000] {taskinstance.py:1956} INFO - Dependencies all met for dep_context=non-requeueable deps ti=<TaskInstance: etl_airflow.transform scheduled__2025-01-26T00:00:00+00:00 [queued]>
[2025-12-17T04:56:25.063+0000] {taskinstance.py:1956} INFO - Dependencies all met for dep_context=requeueable deps ti=<TaskInstance: etl_airflow.transform scheduled__2025-01-26T00:00:00+00:00 [queued]>
[2025-12-17T04:56:25.071+0000] {taskinstance.py:2170} INFO - Starting attempt 1 of 3
[2025-12-17T04:56:25.294+0000] {taskinstance.py:2191} INFO - Executing <Task(PythonOperator): transform> on 2025-01-26 00:00:00+00:00
[2025-12-17T04:56:25.303+0000] {standard_task_runner.py:60} INFO - Started process 5371 to run task
[2025-12-17T04:56:25.306+0000] {standard_task_runner.py:87} INFO - Running: ['***', 'tasks', 'run', 'etl_***', 'transform', 'scheduled__2025-01-26T00:00:00+00:00', '--job-id', '1560', '--raw', '--subdir', 'DAGS_FOLDER/etl_***.py', '--cfg-path', '/tmp/tmprzjsqvdc']
[2025-12-17T04:56:25.313+0000] {standard_task_runner.py:88} INFO - Job 1560: Subtask transform
[2025-12-17T04:56:25.441+0000] {task_command.py:423} INFO - Running <TaskInstance: etl_airflow.transform scheduled__2025-01-26T00:00:00+00:00 [running]> on host b3426f05ac70
[2025-12-17T04:56:25.812+0000] {taskinstance.py:2480} INFO - Exporting env vars: AIRFLOW_CTX_DAG_OWNER='***' AIRFLOW_CTX_DAG_ID='etl_***' AIRFLOW_CTX_TASK_ID='transform' AIRFLOW_CTX_EXECUTION_DATE='2025-01-26T00:00:00+00:00' AIRFLOW_CTX_TRY_NUMBER='1' AIRFLOW_CTX_DAG_RUN_ID='scheduled__2025-01-26T00:00:00+00:00'
[2025-12-17T04:56:25.815+0000] {taskinstance.py:2698} ERROR - Task failed with exception
Traceback (most recent call last):
  File "/home/airflow/.local/lib/python3.8/site-packages/airflow/models/taskinstance.py", line 433, in _execute_task
    result = execute_callable(context=context, **execute_callable_kwargs)
  File "/home/airflow/.local/lib/python3.8/site-packages/airflow/operators/python.py", line 199, in execute
    return_value = self.execute_callable()
  File "/home/airflow/.local/lib/python3.8/site-packages/airflow/operators/python.py", line 216, in execute_callable
    return self.python_callable(*self.op_args, **self.op_kwargs)
TypeError: transform_data() missing 1 required positional argument: 'df'
[2025-12-17T04:56:25.828+0000] {taskinstance.py:1138} INFO - Marking task as UP_FOR_RETRY. dag_id=etl_***, task_id=transform, execution_date=20250126T000000, start_date=20251217T045625, end_date=20251217T045625
[2025-12-17T04:56:25.848+0000] {standard_task_runner.py:107} ERROR - Failed to execute job 1560 for task transform (transform_data() missing 1 required positional argument: 'df'; 5371)
[2025-12-17T04:56:25.892+0000] {local_task_job_runner.py:234} INFO - Task exited with return code 1
[2025-12-17T04:56:25.932+0000] {taskinstance.py:3280} INFO - 0 downstream tasks scheduled from follow-on schedule check
