[2025-12-17T04:52:06.993+0000] {taskinstance.py:1956} INFO - Dependencies all met for dep_context=non-requeueable deps ti=<TaskInstance: etl_airflow.transform scheduled__2024-09-20T00:00:00+00:00 [queued]>
[2025-12-17T04:52:07.011+0000] {taskinstance.py:1956} INFO - Dependencies all met for dep_context=requeueable deps ti=<TaskInstance: etl_airflow.transform scheduled__2024-09-20T00:00:00+00:00 [queued]>
[2025-12-17T04:52:07.012+0000] {taskinstance.py:2170} INFO - Starting attempt 3 of 3
[2025-12-17T04:52:07.037+0000] {taskinstance.py:2191} INFO - Executing <Task(PythonOperator): transform> on 2024-09-20 00:00:00+00:00
[2025-12-17T04:52:07.050+0000] {standard_task_runner.py:60} INFO - Started process 3791 to run task
[2025-12-17T04:52:07.057+0000] {standard_task_runner.py:87} INFO - Running: ['***', 'tasks', 'run', 'etl_***', 'transform', 'scheduled__2024-09-20T00:00:00+00:00', '--job-id', '1080', '--raw', '--subdir', 'DAGS_FOLDER/etl_***.py', '--cfg-path', '/tmp/tmpfb5sxskw']
[2025-12-17T04:52:07.064+0000] {standard_task_runner.py:88} INFO - Job 1080: Subtask transform
[2025-12-17T04:52:07.203+0000] {task_command.py:423} INFO - Running <TaskInstance: etl_airflow.transform scheduled__2024-09-20T00:00:00+00:00 [running]> on host b3426f05ac70
[2025-12-17T04:52:07.972+0000] {taskinstance.py:2480} INFO - Exporting env vars: AIRFLOW_CTX_DAG_OWNER='***' AIRFLOW_CTX_DAG_ID='etl_***' AIRFLOW_CTX_TASK_ID='transform' AIRFLOW_CTX_EXECUTION_DATE='2024-09-20T00:00:00+00:00' AIRFLOW_CTX_TRY_NUMBER='3' AIRFLOW_CTX_DAG_RUN_ID='scheduled__2024-09-20T00:00:00+00:00'
[2025-12-17T04:52:07.977+0000] {taskinstance.py:2698} ERROR - Task failed with exception
Traceback (most recent call last):
  File "/home/airflow/.local/lib/python3.8/site-packages/airflow/models/taskinstance.py", line 433, in _execute_task
    result = execute_callable(context=context, **execute_callable_kwargs)
  File "/home/airflow/.local/lib/python3.8/site-packages/airflow/operators/python.py", line 199, in execute
    return_value = self.execute_callable()
  File "/home/airflow/.local/lib/python3.8/site-packages/airflow/operators/python.py", line 216, in execute_callable
    return self.python_callable(*self.op_args, **self.op_kwargs)
TypeError: transform_data() missing 1 required positional argument: 'df'
[2025-12-17T04:52:07.993+0000] {taskinstance.py:1138} INFO - Marking task as FAILED. dag_id=etl_***, task_id=transform, execution_date=20240920T000000, start_date=20251217T045206, end_date=20251217T045207
[2025-12-17T04:52:08.017+0000] {standard_task_runner.py:107} ERROR - Failed to execute job 1080 for task transform (transform_data() missing 1 required positional argument: 'df'; 3791)
[2025-12-17T04:52:08.048+0000] {local_task_job_runner.py:234} INFO - Task exited with return code 1
[2025-12-17T04:52:08.086+0000] {taskinstance.py:3280} INFO - 0 downstream tasks scheduled from follow-on schedule check
[2025-12-17T07:57:07.079+0000] {taskinstance.py:1956} INFO - Dependencies all met for dep_context=non-requeueable deps ti=<TaskInstance: etl_airflow.transform scheduled__2024-09-20T00:00:00+00:00 [queued]>
[2025-12-17T07:57:07.114+0000] {taskinstance.py:1956} INFO - Dependencies all met for dep_context=requeueable deps ti=<TaskInstance: etl_airflow.transform scheduled__2024-09-20T00:00:00+00:00 [queued]>
[2025-12-17T07:57:07.125+0000] {taskinstance.py:2170} INFO - Starting attempt 3 of 3
[2025-12-17T07:57:07.185+0000] {taskinstance.py:2191} INFO - Executing <Task(PythonOperator): transform> on 2024-09-20 00:00:00+00:00
[2025-12-17T07:57:07.217+0000] {standard_task_runner.py:60} INFO - Started process 3886 to run task
[2025-12-17T07:57:07.229+0000] {standard_task_runner.py:87} INFO - Running: ['***', 'tasks', 'run', 'etl_***', 'transform', 'scheduled__2024-09-20T00:00:00+00:00', '--job-id', '1087', '--raw', '--subdir', 'DAGS_FOLDER/etl_***.py', '--cfg-path', '/tmp/tmp8relh31i']
[2025-12-17T07:57:07.244+0000] {standard_task_runner.py:88} INFO - Job 1087: Subtask transform
[2025-12-17T07:57:07.573+0000] {task_command.py:423} INFO - Running <TaskInstance: etl_airflow.transform scheduled__2024-09-20T00:00:00+00:00 [running]> on host 2a0de06c8905
[2025-12-17T07:57:08.801+0000] {taskinstance.py:2480} INFO - Exporting env vars: AIRFLOW_CTX_DAG_OWNER='***' AIRFLOW_CTX_DAG_ID='etl_***' AIRFLOW_CTX_TASK_ID='transform' AIRFLOW_CTX_EXECUTION_DATE='2024-09-20T00:00:00+00:00' AIRFLOW_CTX_TRY_NUMBER='3' AIRFLOW_CTX_DAG_RUN_ID='scheduled__2024-09-20T00:00:00+00:00'
[2025-12-17T07:57:08.824+0000] {taskinstance.py:2698} ERROR - Task failed with exception
Traceback (most recent call last):
  File "/home/airflow/.local/lib/python3.8/site-packages/airflow/models/taskinstance.py", line 433, in _execute_task
    result = execute_callable(context=context, **execute_callable_kwargs)
  File "/home/airflow/.local/lib/python3.8/site-packages/airflow/operators/python.py", line 199, in execute
    return_value = self.execute_callable()
  File "/home/airflow/.local/lib/python3.8/site-packages/airflow/operators/python.py", line 216, in execute_callable
    return self.python_callable(*self.op_args, **self.op_kwargs)
TypeError: transform_data() missing 1 required positional argument: 'df'
[2025-12-17T07:57:08.850+0000] {taskinstance.py:1138} INFO - Marking task as FAILED. dag_id=etl_***, task_id=transform, execution_date=20240920T000000, start_date=20251217T075707, end_date=20251217T075708
[2025-12-17T07:57:08.888+0000] {standard_task_runner.py:107} ERROR - Failed to execute job 1087 for task transform (transform_data() missing 1 required positional argument: 'df'; 3886)
[2025-12-17T07:57:08.990+0000] {local_task_job_runner.py:234} INFO - Task exited with return code 1
[2025-12-17T07:57:09.062+0000] {taskinstance.py:3280} INFO - 0 downstream tasks scheduled from follow-on schedule check
