[2025-12-17T05:01:55.684+0000] {taskinstance.py:1956} INFO - Dependencies all met for dep_context=non-requeueable deps ti=<TaskInstance: etl_airflow.transform scheduled__2025-06-13T00:00:00+00:00 [queued]>
[2025-12-17T05:01:55.701+0000] {taskinstance.py:1956} INFO - Dependencies all met for dep_context=requeueable deps ti=<TaskInstance: etl_airflow.transform scheduled__2025-06-13T00:00:00+00:00 [queued]>
[2025-12-17T05:01:55.702+0000] {taskinstance.py:2170} INFO - Starting attempt 3 of 3
[2025-12-17T05:01:55.729+0000] {taskinstance.py:2191} INFO - Executing <Task(PythonOperator): transform> on 2025-06-13 00:00:00+00:00
[2025-12-17T05:01:55.739+0000] {standard_task_runner.py:60} INFO - Started process 7371 to run task
[2025-12-17T05:01:55.746+0000] {standard_task_runner.py:87} INFO - Running: ['***', 'tasks', 'run', 'etl_***', 'transform', 'scheduled__2025-06-13T00:00:00+00:00', '--job-id', '2163', '--raw', '--subdir', 'DAGS_FOLDER/etl_***.py', '--cfg-path', '/tmp/tmpebmdk8n2']
[2025-12-17T05:01:55.750+0000] {standard_task_runner.py:88} INFO - Job 2163: Subtask transform
[2025-12-17T05:01:55.869+0000] {task_command.py:423} INFO - Running <TaskInstance: etl_airflow.transform scheduled__2025-06-13T00:00:00+00:00 [running]> on host b3426f05ac70
[2025-12-17T05:01:56.393+0000] {taskinstance.py:2480} INFO - Exporting env vars: AIRFLOW_CTX_DAG_OWNER='***' AIRFLOW_CTX_DAG_ID='etl_***' AIRFLOW_CTX_TASK_ID='transform' AIRFLOW_CTX_EXECUTION_DATE='2025-06-13T00:00:00+00:00' AIRFLOW_CTX_TRY_NUMBER='3' AIRFLOW_CTX_DAG_RUN_ID='scheduled__2025-06-13T00:00:00+00:00'
[2025-12-17T05:01:56.396+0000] {taskinstance.py:2698} ERROR - Task failed with exception
Traceback (most recent call last):
  File "/home/airflow/.local/lib/python3.8/site-packages/airflow/models/taskinstance.py", line 433, in _execute_task
    result = execute_callable(context=context, **execute_callable_kwargs)
  File "/home/airflow/.local/lib/python3.8/site-packages/airflow/operators/python.py", line 199, in execute
    return_value = self.execute_callable()
  File "/home/airflow/.local/lib/python3.8/site-packages/airflow/operators/python.py", line 216, in execute_callable
    return self.python_callable(*self.op_args, **self.op_kwargs)
TypeError: transform_data() missing 1 required positional argument: 'df'
[2025-12-17T05:01:56.415+0000] {taskinstance.py:1138} INFO - Marking task as FAILED. dag_id=etl_***, task_id=transform, execution_date=20250613T000000, start_date=20251217T050155, end_date=20251217T050156
[2025-12-17T05:01:56.440+0000] {standard_task_runner.py:107} ERROR - Failed to execute job 2163 for task transform (transform_data() missing 1 required positional argument: 'df'; 7371)
[2025-12-17T05:01:56.494+0000] {local_task_job_runner.py:234} INFO - Task exited with return code 1
[2025-12-17T05:01:56.713+0000] {taskinstance.py:3280} INFO - 0 downstream tasks scheduled from follow-on schedule check
