[2025-12-17T04:51:56.376+0000] {taskinstance.py:1956} INFO - Dependencies all met for dep_context=non-requeueable deps ti=<TaskInstance: etl_airflow.transform scheduled__2024-09-28T00:00:00+00:00 [queued]>
[2025-12-17T04:51:56.389+0000] {taskinstance.py:1956} INFO - Dependencies all met for dep_context=requeueable deps ti=<TaskInstance: etl_airflow.transform scheduled__2024-09-28T00:00:00+00:00 [queued]>
[2025-12-17T04:51:56.390+0000] {taskinstance.py:2170} INFO - Starting attempt 2 of 3
[2025-12-17T04:51:56.410+0000] {taskinstance.py:2191} INFO - Executing <Task(PythonOperator): transform> on 2024-09-28 00:00:00+00:00
[2025-12-17T04:51:56.417+0000] {standard_task_runner.py:60} INFO - Started process 3747 to run task
[2025-12-17T04:51:56.424+0000] {standard_task_runner.py:87} INFO - Running: ['***', 'tasks', 'run', 'etl_***', 'transform', 'scheduled__2024-09-28T00:00:00+00:00', '--job-id', '1073', '--raw', '--subdir', 'DAGS_FOLDER/etl_***.py', '--cfg-path', '/tmp/tmpq5u69bc9']
[2025-12-17T04:51:56.428+0000] {standard_task_runner.py:88} INFO - Job 1073: Subtask transform
[2025-12-17T04:51:56.539+0000] {task_command.py:423} INFO - Running <TaskInstance: etl_airflow.transform scheduled__2024-09-28T00:00:00+00:00 [running]> on host b3426f05ac70
[2025-12-17T04:51:57.149+0000] {taskinstance.py:2480} INFO - Exporting env vars: AIRFLOW_CTX_DAG_OWNER='***' AIRFLOW_CTX_DAG_ID='etl_***' AIRFLOW_CTX_TASK_ID='transform' AIRFLOW_CTX_EXECUTION_DATE='2024-09-28T00:00:00+00:00' AIRFLOW_CTX_TRY_NUMBER='2' AIRFLOW_CTX_DAG_RUN_ID='scheduled__2024-09-28T00:00:00+00:00'
[2025-12-17T04:51:57.155+0000] {taskinstance.py:2698} ERROR - Task failed with exception
Traceback (most recent call last):
  File "/home/airflow/.local/lib/python3.8/site-packages/airflow/models/taskinstance.py", line 433, in _execute_task
    result = execute_callable(context=context, **execute_callable_kwargs)
  File "/home/airflow/.local/lib/python3.8/site-packages/airflow/operators/python.py", line 199, in execute
    return_value = self.execute_callable()
  File "/home/airflow/.local/lib/python3.8/site-packages/airflow/operators/python.py", line 216, in execute_callable
    return self.python_callable(*self.op_args, **self.op_kwargs)
TypeError: transform_data() missing 1 required positional argument: 'df'
[2025-12-17T04:51:57.186+0000] {taskinstance.py:1138} INFO - Marking task as UP_FOR_RETRY. dag_id=etl_***, task_id=transform, execution_date=20240928T000000, start_date=20251217T045156, end_date=20251217T045157
[2025-12-17T04:51:57.234+0000] {standard_task_runner.py:107} ERROR - Failed to execute job 1073 for task transform (transform_data() missing 1 required positional argument: 'df'; 3747)
[2025-12-17T04:51:57.281+0000] {local_task_job_runner.py:234} INFO - Task exited with return code 1
[2025-12-17T04:51:57.358+0000] {taskinstance.py:3280} INFO - 0 downstream tasks scheduled from follow-on schedule check
[2025-12-17T07:57:30.319+0000] {taskinstance.py:1956} INFO - Dependencies all met for dep_context=non-requeueable deps ti=<TaskInstance: etl_airflow.transform scheduled__2024-09-28T00:00:00+00:00 [queued]>
[2025-12-17T07:57:30.341+0000] {taskinstance.py:1956} INFO - Dependencies all met for dep_context=requeueable deps ti=<TaskInstance: etl_airflow.transform scheduled__2024-09-28T00:00:00+00:00 [queued]>
[2025-12-17T07:57:30.342+0000] {taskinstance.py:2170} INFO - Starting attempt 2 of 3
[2025-12-17T07:57:30.363+0000] {taskinstance.py:2191} INFO - Executing <Task(PythonOperator): transform> on 2024-09-28 00:00:00+00:00
[2025-12-17T07:57:30.375+0000] {standard_task_runner.py:60} INFO - Started process 4020 to run task
[2025-12-17T07:57:30.384+0000] {standard_task_runner.py:87} INFO - Running: ['***', 'tasks', 'run', 'etl_***', 'transform', 'scheduled__2024-09-28T00:00:00+00:00', '--job-id', '1127', '--raw', '--subdir', 'DAGS_FOLDER/etl_***.py', '--cfg-path', '/tmp/tmpcs1qzuh6']
[2025-12-17T07:57:30.391+0000] {standard_task_runner.py:88} INFO - Job 1127: Subtask transform
[2025-12-17T07:57:30.573+0000] {task_command.py:423} INFO - Running <TaskInstance: etl_airflow.transform scheduled__2024-09-28T00:00:00+00:00 [running]> on host 2a0de06c8905
[2025-12-17T07:57:31.014+0000] {taskinstance.py:2480} INFO - Exporting env vars: AIRFLOW_CTX_DAG_OWNER='***' AIRFLOW_CTX_DAG_ID='etl_***' AIRFLOW_CTX_TASK_ID='transform' AIRFLOW_CTX_EXECUTION_DATE='2024-09-28T00:00:00+00:00' AIRFLOW_CTX_TRY_NUMBER='2' AIRFLOW_CTX_DAG_RUN_ID='scheduled__2024-09-28T00:00:00+00:00'
[2025-12-17T07:57:31.017+0000] {taskinstance.py:2698} ERROR - Task failed with exception
Traceback (most recent call last):
  File "/home/airflow/.local/lib/python3.8/site-packages/airflow/models/taskinstance.py", line 433, in _execute_task
    result = execute_callable(context=context, **execute_callable_kwargs)
  File "/home/airflow/.local/lib/python3.8/site-packages/airflow/operators/python.py", line 199, in execute
    return_value = self.execute_callable()
  File "/home/airflow/.local/lib/python3.8/site-packages/airflow/operators/python.py", line 216, in execute_callable
    return self.python_callable(*self.op_args, **self.op_kwargs)
TypeError: transform_data() missing 1 required positional argument: 'df'
[2025-12-17T07:57:31.032+0000] {taskinstance.py:1138} INFO - Marking task as UP_FOR_RETRY. dag_id=etl_***, task_id=transform, execution_date=20240928T000000, start_date=20251217T075730, end_date=20251217T075731
[2025-12-17T07:57:31.304+0000] {standard_task_runner.py:107} ERROR - Failed to execute job 1127 for task transform (transform_data() missing 1 required positional argument: 'df'; 4020)
[2025-12-17T07:57:31.363+0000] {local_task_job_runner.py:234} INFO - Task exited with return code 1
[2025-12-17T07:57:31.409+0000] {taskinstance.py:3280} INFO - 0 downstream tasks scheduled from follow-on schedule check
