[2025-12-16T17:06:29.550+0000] {taskinstance.py:1956} INFO - Dependencies all met for dep_context=non-requeueable deps ti=<TaskInstance: etl_airflow.transform scheduled__2025-01-30T00:00:00+00:00 [queued]>
[2025-12-16T17:06:29.571+0000] {taskinstance.py:1956} INFO - Dependencies all met for dep_context=requeueable deps ti=<TaskInstance: etl_airflow.transform scheduled__2025-01-30T00:00:00+00:00 [queued]>
[2025-12-16T17:06:29.572+0000] {taskinstance.py:2170} INFO - Starting attempt 1 of 3
[2025-12-16T17:06:29.603+0000] {taskinstance.py:2191} INFO - Executing <Task(PythonOperator): transform> on 2025-01-30 00:00:00+00:00
[2025-12-16T17:06:29.615+0000] {standard_task_runner.py:60} INFO - Started process 1167 to run task
[2025-12-16T17:06:29.624+0000] {standard_task_runner.py:87} INFO - Running: ['***', 'tasks', 'run', 'etl_***', 'transform', 'scheduled__2025-01-30T00:00:00+00:00', '--job-id', '3270', '--raw', '--subdir', 'DAGS_FOLDER/etl_dag.py', '--cfg-path', '/tmp/tmpyarvzwbr']
[2025-12-16T17:06:29.630+0000] {standard_task_runner.py:88} INFO - Job 3270: Subtask transform
[2025-12-16T17:06:29.777+0000] {task_command.py:423} INFO - Running <TaskInstance: etl_airflow.transform scheduled__2025-01-30T00:00:00+00:00 [running]> on host db658e834d9d
[2025-12-16T17:06:29.943+0000] {taskinstance.py:2480} INFO - Exporting env vars: AIRFLOW_CTX_DAG_OWNER='***' AIRFLOW_CTX_DAG_ID='etl_***' AIRFLOW_CTX_TASK_ID='transform' AIRFLOW_CTX_EXECUTION_DATE='2025-01-30T00:00:00+00:00' AIRFLOW_CTX_TRY_NUMBER='1' AIRFLOW_CTX_DAG_RUN_ID='scheduled__2025-01-30T00:00:00+00:00'
[2025-12-16T17:06:29.946+0000] {logging_mixin.py:188} INFO - [TRANSFORM]
[2025-12-16T17:06:29.967+0000] {taskinstance.py:2698} ERROR - Task failed with exception
Traceback (most recent call last):
  File "/home/airflow/.local/lib/python3.8/site-packages/airflow/models/taskinstance.py", line 433, in _execute_task
    result = execute_callable(context=context, **execute_callable_kwargs)
  File "/home/airflow/.local/lib/python3.8/site-packages/airflow/operators/python.py", line 199, in execute
    return_value = self.execute_callable()
  File "/home/airflow/.local/lib/python3.8/site-packages/airflow/operators/python.py", line 216, in execute_callable
    return self.python_callable(*self.op_args, **self.op_kwargs)
  File "/opt/airflow/etl_logic/pipeline.py", line 113, in transform_data
    df.to_csv(OUTPUT_PATH, index=False)
  File "/home/airflow/.local/lib/python3.8/site-packages/pandas/core/generic.py", line 3772, in to_csv
    return DataFrameRenderer(formatter).to_csv(
  File "/home/airflow/.local/lib/python3.8/site-packages/pandas/io/formats/format.py", line 1186, in to_csv
    csv_formatter.save()
  File "/home/airflow/.local/lib/python3.8/site-packages/pandas/io/formats/csvs.py", line 240, in save
    with get_handle(
  File "/home/airflow/.local/lib/python3.8/site-packages/pandas/io/common.py", line 737, in get_handle
    check_parent_directory(str(handle))
  File "/home/airflow/.local/lib/python3.8/site-packages/pandas/io/common.py", line 600, in check_parent_directory
    raise OSError(rf"Cannot save file into a non-existent directory: '{parent}'")
OSError: Cannot save file into a non-existent directory: 'E:\GPP\Task_4\comparative-data-orchestrationirflow\data'
[2025-12-16T17:06:29.993+0000] {taskinstance.py:1138} INFO - Marking task as UP_FOR_RETRY. dag_id=etl_***, task_id=transform, execution_date=20250130T000000, start_date=20251216T170629, end_date=20251216T170629
[2025-12-16T17:06:30.018+0000] {standard_task_runner.py:107} ERROR - Failed to execute job 3270 for task transform (Cannot save file into a non-existent directory: 'E:\GPP\Task_4\comparative-data-orchestrationirflow\data'; 1167)
[2025-12-16T17:06:30.042+0000] {local_task_job_runner.py:234} INFO - Task exited with return code 1
[2025-12-16T17:06:30.085+0000] {taskinstance.py:3280} INFO - 0 downstream tasks scheduled from follow-on schedule check
[2025-12-17T01:57:03.194+0000] {taskinstance.py:1956} INFO - Dependencies all met for dep_context=non-requeueable deps ti=<TaskInstance: etl_airflow.transform scheduled__2025-01-30T00:00:00+00:00 [queued]>
[2025-12-17T01:57:03.218+0000] {taskinstance.py:1956} INFO - Dependencies all met for dep_context=requeueable deps ti=<TaskInstance: etl_airflow.transform scheduled__2025-01-30T00:00:00+00:00 [queued]>
[2025-12-17T01:57:03.221+0000] {taskinstance.py:2170} INFO - Starting attempt 1 of 3
[2025-12-17T01:57:03.251+0000] {taskinstance.py:2191} INFO - Executing <Task(PythonOperator): transform> on 2025-01-30 00:00:00+00:00
[2025-12-17T01:57:03.276+0000] {standard_task_runner.py:60} INFO - Started process 4055 to run task
[2025-12-17T01:57:03.293+0000] {standard_task_runner.py:87} INFO - Running: ['***', 'tasks', 'run', 'etl_***', 'transform', 'scheduled__2025-01-30T00:00:00+00:00', '--job-id', '1210', '--raw', '--subdir', 'DAGS_FOLDER/etl_dag.py', '--cfg-path', '/tmp/tmpdb2g2jzr']
[2025-12-17T01:57:03.305+0000] {standard_task_runner.py:88} INFO - Job 1210: Subtask transform
[2025-12-17T01:57:03.577+0000] {task_command.py:423} INFO - Running <TaskInstance: etl_airflow.transform scheduled__2025-01-30T00:00:00+00:00 [running]> on host 571e042550da
[2025-12-17T01:57:04.111+0000] {taskinstance.py:2480} INFO - Exporting env vars: AIRFLOW_CTX_DAG_OWNER='***' AIRFLOW_CTX_DAG_ID='etl_***' AIRFLOW_CTX_TASK_ID='transform' AIRFLOW_CTX_EXECUTION_DATE='2025-01-30T00:00:00+00:00' AIRFLOW_CTX_TRY_NUMBER='1' AIRFLOW_CTX_DAG_RUN_ID='scheduled__2025-01-30T00:00:00+00:00'
[2025-12-17T01:57:04.114+0000] {logging_mixin.py:188} INFO - [TRANSFORM]
[2025-12-17T01:57:04.182+0000] {logging_mixin.py:188} INFO - [TRANSFORM] done
[2025-12-17T01:57:04.192+0000] {python.py:201} INFO - Done. Returned value was: None
[2025-12-17T01:57:04.223+0000] {taskinstance.py:1138} INFO - Marking task as SUCCESS. dag_id=etl_***, task_id=transform, execution_date=20250130T000000, start_date=20251217T015703, end_date=20251217T015704
[2025-12-17T01:57:04.334+0000] {local_task_job_runner.py:234} INFO - Task exited with return code 0
[2025-12-17T01:57:04.629+0000] {taskinstance.py:3280} INFO - 0 downstream tasks scheduled from follow-on schedule check
[2025-12-17T04:56:25.944+0000] {taskinstance.py:1956} INFO - Dependencies all met for dep_context=non-requeueable deps ti=<TaskInstance: etl_airflow.transform scheduled__2025-01-30T00:00:00+00:00 [queued]>
[2025-12-17T04:56:25.957+0000] {taskinstance.py:1956} INFO - Dependencies all met for dep_context=requeueable deps ti=<TaskInstance: etl_airflow.transform scheduled__2025-01-30T00:00:00+00:00 [queued]>
[2025-12-17T04:56:25.958+0000] {taskinstance.py:2170} INFO - Starting attempt 1 of 3
[2025-12-17T04:56:25.980+0000] {taskinstance.py:2191} INFO - Executing <Task(PythonOperator): transform> on 2025-01-30 00:00:00+00:00
[2025-12-17T04:56:25.988+0000] {standard_task_runner.py:60} INFO - Started process 5376 to run task
[2025-12-17T04:56:25.995+0000] {standard_task_runner.py:87} INFO - Running: ['***', 'tasks', 'run', 'etl_***', 'transform', 'scheduled__2025-01-30T00:00:00+00:00', '--job-id', '1565', '--raw', '--subdir', 'DAGS_FOLDER/etl_***.py', '--cfg-path', '/tmp/tmpmafviwy3']
[2025-12-17T04:56:25.998+0000] {standard_task_runner.py:88} INFO - Job 1565: Subtask transform
[2025-12-17T04:56:26.123+0000] {task_command.py:423} INFO - Running <TaskInstance: etl_airflow.transform scheduled__2025-01-30T00:00:00+00:00 [running]> on host b3426f05ac70
[2025-12-17T04:56:26.590+0000] {taskinstance.py:2480} INFO - Exporting env vars: AIRFLOW_CTX_DAG_OWNER='***' AIRFLOW_CTX_DAG_ID='etl_***' AIRFLOW_CTX_TASK_ID='transform' AIRFLOW_CTX_EXECUTION_DATE='2025-01-30T00:00:00+00:00' AIRFLOW_CTX_TRY_NUMBER='1' AIRFLOW_CTX_DAG_RUN_ID='scheduled__2025-01-30T00:00:00+00:00'
[2025-12-17T04:56:26.596+0000] {taskinstance.py:2698} ERROR - Task failed with exception
Traceback (most recent call last):
  File "/home/airflow/.local/lib/python3.8/site-packages/airflow/models/taskinstance.py", line 433, in _execute_task
    result = execute_callable(context=context, **execute_callable_kwargs)
  File "/home/airflow/.local/lib/python3.8/site-packages/airflow/operators/python.py", line 199, in execute
    return_value = self.execute_callable()
  File "/home/airflow/.local/lib/python3.8/site-packages/airflow/operators/python.py", line 216, in execute_callable
    return self.python_callable(*self.op_args, **self.op_kwargs)
TypeError: transform_data() missing 1 required positional argument: 'df'
[2025-12-17T04:56:26.619+0000] {taskinstance.py:1138} INFO - Marking task as UP_FOR_RETRY. dag_id=etl_***, task_id=transform, execution_date=20250130T000000, start_date=20251217T045625, end_date=20251217T045626
[2025-12-17T04:56:26.670+0000] {standard_task_runner.py:107} ERROR - Failed to execute job 1565 for task transform (transform_data() missing 1 required positional argument: 'df'; 5376)
[2025-12-17T04:56:26.732+0000] {local_task_job_runner.py:234} INFO - Task exited with return code 1
[2025-12-17T04:56:26.802+0000] {taskinstance.py:3280} INFO - 0 downstream tasks scheduled from follow-on schedule check
