[2025-12-16T17:22:23.185+0000] {taskinstance.py:1956} INFO - Dependencies all met for dep_context=non-requeueable deps ti=<TaskInstance: etl_airflow.transform scheduled__2024-04-14T00:00:00+00:00 [queued]>
[2025-12-16T17:22:23.231+0000] {taskinstance.py:1956} INFO - Dependencies all met for dep_context=requeueable deps ti=<TaskInstance: etl_airflow.transform scheduled__2024-04-14T00:00:00+00:00 [queued]>
[2025-12-16T17:22:23.233+0000] {taskinstance.py:2170} INFO - Starting attempt 3 of 5
[2025-12-16T17:22:23.267+0000] {taskinstance.py:2191} INFO - Executing <Task(PythonOperator): transform> on 2024-04-14 00:00:00+00:00
[2025-12-16T17:22:23.281+0000] {standard_task_runner.py:60} INFO - Started process 6445 to run task
[2025-12-16T17:22:23.296+0000] {standard_task_runner.py:87} INFO - Running: ['***', 'tasks', 'run', 'etl_***', 'transform', 'scheduled__2024-04-14T00:00:00+00:00', '--job-id', '6116', '--raw', '--subdir', 'DAGS_FOLDER/etl_dag.py', '--cfg-path', '/tmp/tmpx3hghrhh']
[2025-12-16T17:22:23.304+0000] {standard_task_runner.py:88} INFO - Job 6116: Subtask transform
[2025-12-16T17:22:23.526+0000] {task_command.py:423} INFO - Running <TaskInstance: etl_airflow.transform scheduled__2024-04-14T00:00:00+00:00 [running]> on host 3b89cfee50e9
[2025-12-16T17:22:23.818+0000] {taskinstance.py:2480} INFO - Exporting env vars: AIRFLOW_CTX_DAG_OWNER='***' AIRFLOW_CTX_DAG_ID='etl_***' AIRFLOW_CTX_TASK_ID='transform' AIRFLOW_CTX_EXECUTION_DATE='2024-04-14T00:00:00+00:00' AIRFLOW_CTX_TRY_NUMBER='3' AIRFLOW_CTX_DAG_RUN_ID='scheduled__2024-04-14T00:00:00+00:00'
[2025-12-16T17:22:23.825+0000] {logging_mixin.py:188} INFO - [TRANSFORM]
[2025-12-16T17:22:24.322+0000] {logging_mixin.py:188} INFO - [TRANSFORM] done
[2025-12-16T17:22:24.324+0000] {python.py:201} INFO - Done. Returned value was: None
[2025-12-16T17:22:24.349+0000] {taskinstance.py:1138} INFO - Marking task as SUCCESS. dag_id=etl_***, task_id=transform, execution_date=20240414T000000, start_date=20251216T172223, end_date=20251216T172224
[2025-12-16T17:22:24.421+0000] {local_task_job_runner.py:234} INFO - Task exited with return code 0
[2025-12-16T17:22:24.605+0000] {taskinstance.py:3280} INFO - 0 downstream tasks scheduled from follow-on schedule check
[2025-12-17T04:46:21.498+0000] {taskinstance.py:1956} INFO - Dependencies all met for dep_context=non-requeueable deps ti=<TaskInstance: etl_airflow.transform scheduled__2024-04-14T00:00:00+00:00 [queued]>
[2025-12-17T04:46:21.516+0000] {taskinstance.py:1956} INFO - Dependencies all met for dep_context=requeueable deps ti=<TaskInstance: etl_airflow.transform scheduled__2024-04-14T00:00:00+00:00 [queued]>
[2025-12-17T04:46:21.517+0000] {taskinstance.py:2170} INFO - Starting attempt 3 of 3
[2025-12-17T04:46:21.557+0000] {taskinstance.py:2191} INFO - Executing <Task(PythonOperator): transform> on 2024-04-14 00:00:00+00:00
[2025-12-17T04:46:21.572+0000] {standard_task_runner.py:60} INFO - Started process 1680 to run task
[2025-12-17T04:46:21.579+0000] {standard_task_runner.py:87} INFO - Running: ['***', 'tasks', 'run', 'etl_***', 'transform', 'scheduled__2024-04-14T00:00:00+00:00', '--job-id', '440', '--raw', '--subdir', 'DAGS_FOLDER/etl_***.py', '--cfg-path', '/tmp/tmpdw1np_ao']
[2025-12-17T04:46:21.583+0000] {standard_task_runner.py:88} INFO - Job 440: Subtask transform
[2025-12-17T04:46:21.715+0000] {task_command.py:423} INFO - Running <TaskInstance: etl_airflow.transform scheduled__2024-04-14T00:00:00+00:00 [running]> on host b3426f05ac70
[2025-12-17T04:46:22.112+0000] {taskinstance.py:2480} INFO - Exporting env vars: AIRFLOW_CTX_DAG_OWNER='***' AIRFLOW_CTX_DAG_ID='etl_***' AIRFLOW_CTX_TASK_ID='transform' AIRFLOW_CTX_EXECUTION_DATE='2024-04-14T00:00:00+00:00' AIRFLOW_CTX_TRY_NUMBER='3' AIRFLOW_CTX_DAG_RUN_ID='scheduled__2024-04-14T00:00:00+00:00'
[2025-12-17T04:46:22.114+0000] {taskinstance.py:2698} ERROR - Task failed with exception
Traceback (most recent call last):
  File "/home/airflow/.local/lib/python3.8/site-packages/airflow/models/taskinstance.py", line 433, in _execute_task
    result = execute_callable(context=context, **execute_callable_kwargs)
  File "/home/airflow/.local/lib/python3.8/site-packages/airflow/operators/python.py", line 199, in execute
    return_value = self.execute_callable()
  File "/home/airflow/.local/lib/python3.8/site-packages/airflow/operators/python.py", line 216, in execute_callable
    return self.python_callable(*self.op_args, **self.op_kwargs)
TypeError: transform_data() missing 1 required positional argument: 'df'
[2025-12-17T04:46:22.127+0000] {taskinstance.py:1138} INFO - Marking task as FAILED. dag_id=etl_***, task_id=transform, execution_date=20240414T000000, start_date=20251217T044621, end_date=20251217T044622
[2025-12-17T04:46:22.146+0000] {standard_task_runner.py:107} ERROR - Failed to execute job 440 for task transform (transform_data() missing 1 required positional argument: 'df'; 1680)
[2025-12-17T04:46:22.197+0000] {local_task_job_runner.py:234} INFO - Task exited with return code 1
[2025-12-17T04:46:22.235+0000] {taskinstance.py:3280} INFO - 0 downstream tasks scheduled from follow-on schedule check
[2025-12-17T07:39:43.295+0000] {taskinstance.py:1956} INFO - Dependencies all met for dep_context=non-requeueable deps ti=<TaskInstance: etl_airflow.transform scheduled__2024-04-14T00:00:00+00:00 [queued]>
[2025-12-17T07:39:43.321+0000] {taskinstance.py:1956} INFO - Dependencies all met for dep_context=requeueable deps ti=<TaskInstance: etl_airflow.transform scheduled__2024-04-14T00:00:00+00:00 [queued]>
[2025-12-17T07:39:43.323+0000] {taskinstance.py:2170} INFO - Starting attempt 3 of 3
[2025-12-17T07:39:43.347+0000] {taskinstance.py:2191} INFO - Executing <Task(PythonOperator): transform> on 2024-04-14 00:00:00+00:00
[2025-12-17T07:39:43.362+0000] {standard_task_runner.py:60} INFO - Started process 1741 to run task
[2025-12-17T07:39:43.367+0000] {standard_task_runner.py:87} INFO - Running: ['***', 'tasks', 'run', 'etl_***', 'transform', 'scheduled__2024-04-14T00:00:00+00:00', '--job-id', '442', '--raw', '--subdir', 'DAGS_FOLDER/etl_***.py', '--cfg-path', '/tmp/tmpbpl9p1_w']
[2025-12-17T07:39:43.370+0000] {standard_task_runner.py:88} INFO - Job 442: Subtask transform
[2025-12-17T07:39:43.518+0000] {task_command.py:423} INFO - Running <TaskInstance: etl_airflow.transform scheduled__2024-04-14T00:00:00+00:00 [running]> on host 2a0de06c8905
[2025-12-17T07:39:44.017+0000] {taskinstance.py:2480} INFO - Exporting env vars: AIRFLOW_CTX_DAG_OWNER='***' AIRFLOW_CTX_DAG_ID='etl_***' AIRFLOW_CTX_TASK_ID='transform' AIRFLOW_CTX_EXECUTION_DATE='2024-04-14T00:00:00+00:00' AIRFLOW_CTX_TRY_NUMBER='3' AIRFLOW_CTX_DAG_RUN_ID='scheduled__2024-04-14T00:00:00+00:00'
[2025-12-17T07:39:44.020+0000] {taskinstance.py:2698} ERROR - Task failed with exception
Traceback (most recent call last):
  File "/home/airflow/.local/lib/python3.8/site-packages/airflow/models/taskinstance.py", line 433, in _execute_task
    result = execute_callable(context=context, **execute_callable_kwargs)
  File "/home/airflow/.local/lib/python3.8/site-packages/airflow/operators/python.py", line 199, in execute
    return_value = self.execute_callable()
  File "/home/airflow/.local/lib/python3.8/site-packages/airflow/operators/python.py", line 216, in execute_callable
    return self.python_callable(*self.op_args, **self.op_kwargs)
TypeError: transform_data() missing 1 required positional argument: 'df'
[2025-12-17T07:39:44.035+0000] {taskinstance.py:1138} INFO - Marking task as FAILED. dag_id=etl_***, task_id=transform, execution_date=20240414T000000, start_date=20251217T073943, end_date=20251217T073944
[2025-12-17T07:39:44.061+0000] {standard_task_runner.py:107} ERROR - Failed to execute job 442 for task transform (transform_data() missing 1 required positional argument: 'df'; 1741)
[2025-12-17T07:39:44.104+0000] {local_task_job_runner.py:234} INFO - Task exited with return code 1
[2025-12-17T07:39:44.205+0000] {taskinstance.py:3280} INFO - 0 downstream tasks scheduled from follow-on schedule check
