[2025-12-16T17:06:29.580+0000] {taskinstance.py:1956} INFO - Dependencies all met for dep_context=non-requeueable deps ti=<TaskInstance: etl_airflow.transform scheduled__2025-02-06T00:00:00+00:00 [queued]>
[2025-12-16T17:06:29.603+0000] {taskinstance.py:1956} INFO - Dependencies all met for dep_context=requeueable deps ti=<TaskInstance: etl_airflow.transform scheduled__2025-02-06T00:00:00+00:00 [queued]>
[2025-12-16T17:06:29.604+0000] {taskinstance.py:2170} INFO - Starting attempt 1 of 3
[2025-12-16T17:06:29.630+0000] {taskinstance.py:2191} INFO - Executing <Task(PythonOperator): transform> on 2025-02-06 00:00:00+00:00
[2025-12-16T17:06:29.642+0000] {standard_task_runner.py:60} INFO - Started process 1171 to run task
[2025-12-16T17:06:29.649+0000] {standard_task_runner.py:87} INFO - Running: ['***', 'tasks', 'run', 'etl_***', 'transform', 'scheduled__2025-02-06T00:00:00+00:00', '--job-id', '3272', '--raw', '--subdir', 'DAGS_FOLDER/etl_dag.py', '--cfg-path', '/tmp/tmp9ono3m06']
[2025-12-16T17:06:29.655+0000] {standard_task_runner.py:88} INFO - Job 3272: Subtask transform
[2025-12-16T17:06:29.790+0000] {task_command.py:423} INFO - Running <TaskInstance: etl_airflow.transform scheduled__2025-02-06T00:00:00+00:00 [running]> on host db658e834d9d
[2025-12-16T17:06:29.937+0000] {taskinstance.py:2480} INFO - Exporting env vars: AIRFLOW_CTX_DAG_OWNER='***' AIRFLOW_CTX_DAG_ID='etl_***' AIRFLOW_CTX_TASK_ID='transform' AIRFLOW_CTX_EXECUTION_DATE='2025-02-06T00:00:00+00:00' AIRFLOW_CTX_TRY_NUMBER='1' AIRFLOW_CTX_DAG_RUN_ID='scheduled__2025-02-06T00:00:00+00:00'
[2025-12-16T17:06:29.943+0000] {logging_mixin.py:188} INFO - [TRANSFORM]
[2025-12-16T17:06:29.964+0000] {taskinstance.py:2698} ERROR - Task failed with exception
Traceback (most recent call last):
  File "/home/airflow/.local/lib/python3.8/site-packages/airflow/models/taskinstance.py", line 433, in _execute_task
    result = execute_callable(context=context, **execute_callable_kwargs)
  File "/home/airflow/.local/lib/python3.8/site-packages/airflow/operators/python.py", line 199, in execute
    return_value = self.execute_callable()
  File "/home/airflow/.local/lib/python3.8/site-packages/airflow/operators/python.py", line 216, in execute_callable
    return self.python_callable(*self.op_args, **self.op_kwargs)
  File "/opt/airflow/etl_logic/pipeline.py", line 113, in transform_data
    df.to_csv(OUTPUT_PATH, index=False)
  File "/home/airflow/.local/lib/python3.8/site-packages/pandas/core/generic.py", line 3772, in to_csv
    return DataFrameRenderer(formatter).to_csv(
  File "/home/airflow/.local/lib/python3.8/site-packages/pandas/io/formats/format.py", line 1186, in to_csv
    csv_formatter.save()
  File "/home/airflow/.local/lib/python3.8/site-packages/pandas/io/formats/csvs.py", line 240, in save
    with get_handle(
  File "/home/airflow/.local/lib/python3.8/site-packages/pandas/io/common.py", line 737, in get_handle
    check_parent_directory(str(handle))
  File "/home/airflow/.local/lib/python3.8/site-packages/pandas/io/common.py", line 600, in check_parent_directory
    raise OSError(rf"Cannot save file into a non-existent directory: '{parent}'")
OSError: Cannot save file into a non-existent directory: 'E:\GPP\Task_4\comparative-data-orchestrationirflow\data'
[2025-12-16T17:06:29.994+0000] {taskinstance.py:1138} INFO - Marking task as UP_FOR_RETRY. dag_id=etl_***, task_id=transform, execution_date=20250206T000000, start_date=20251216T170629, end_date=20251216T170629
[2025-12-16T17:06:30.018+0000] {standard_task_runner.py:107} ERROR - Failed to execute job 3272 for task transform (Cannot save file into a non-existent directory: 'E:\GPP\Task_4\comparative-data-orchestrationirflow\data'; 1171)
[2025-12-16T17:06:30.067+0000] {local_task_job_runner.py:234} INFO - Task exited with return code 1
[2025-12-16T17:06:30.113+0000] {taskinstance.py:3280} INFO - 0 downstream tasks scheduled from follow-on schedule check
[2025-12-17T01:57:07.107+0000] {taskinstance.py:1956} INFO - Dependencies all met for dep_context=non-requeueable deps ti=<TaskInstance: etl_airflow.transform scheduled__2025-02-06T00:00:00+00:00 [queued]>
[2025-12-17T01:57:07.153+0000] {taskinstance.py:1956} INFO - Dependencies all met for dep_context=requeueable deps ti=<TaskInstance: etl_airflow.transform scheduled__2025-02-06T00:00:00+00:00 [queued]>
[2025-12-17T01:57:07.156+0000] {taskinstance.py:2170} INFO - Starting attempt 1 of 3
[2025-12-17T01:57:07.210+0000] {taskinstance.py:2191} INFO - Executing <Task(PythonOperator): transform> on 2025-02-06 00:00:00+00:00
[2025-12-17T01:57:07.229+0000] {standard_task_runner.py:60} INFO - Started process 4101 to run task
[2025-12-17T01:57:07.242+0000] {standard_task_runner.py:87} INFO - Running: ['***', 'tasks', 'run', 'etl_***', 'transform', 'scheduled__2025-02-06T00:00:00+00:00', '--job-id', '1226', '--raw', '--subdir', 'DAGS_FOLDER/etl_dag.py', '--cfg-path', '/tmp/tmpug2bwopj']
[2025-12-17T01:57:07.251+0000] {standard_task_runner.py:88} INFO - Job 1226: Subtask transform
[2025-12-17T01:57:07.457+0000] {task_command.py:423} INFO - Running <TaskInstance: etl_airflow.transform scheduled__2025-02-06T00:00:00+00:00 [running]> on host 571e042550da
[2025-12-17T01:57:08.126+0000] {taskinstance.py:2480} INFO - Exporting env vars: AIRFLOW_CTX_DAG_OWNER='***' AIRFLOW_CTX_DAG_ID='etl_***' AIRFLOW_CTX_TASK_ID='transform' AIRFLOW_CTX_EXECUTION_DATE='2025-02-06T00:00:00+00:00' AIRFLOW_CTX_TRY_NUMBER='1' AIRFLOW_CTX_DAG_RUN_ID='scheduled__2025-02-06T00:00:00+00:00'
[2025-12-17T01:57:08.133+0000] {logging_mixin.py:188} INFO - [TRANSFORM]
[2025-12-17T01:57:08.181+0000] {logging_mixin.py:188} INFO - [TRANSFORM] done
[2025-12-17T01:57:08.183+0000] {python.py:201} INFO - Done. Returned value was: None
[2025-12-17T01:57:08.218+0000] {taskinstance.py:1138} INFO - Marking task as SUCCESS. dag_id=etl_***, task_id=transform, execution_date=20250206T000000, start_date=20251217T015707, end_date=20251217T015708
[2025-12-17T01:57:08.314+0000] {local_task_job_runner.py:234} INFO - Task exited with return code 0
[2025-12-17T01:57:08.440+0000] {taskinstance.py:3280} INFO - 1 downstream tasks scheduled from follow-on schedule check
[2025-12-17T04:56:53.993+0000] {taskinstance.py:1956} INFO - Dependencies all met for dep_context=non-requeueable deps ti=<TaskInstance: etl_airflow.transform scheduled__2025-02-06T00:00:00+00:00 [queued]>
[2025-12-17T04:56:54.026+0000] {taskinstance.py:1956} INFO - Dependencies all met for dep_context=requeueable deps ti=<TaskInstance: etl_airflow.transform scheduled__2025-02-06T00:00:00+00:00 [queued]>
[2025-12-17T04:56:54.029+0000] {taskinstance.py:2170} INFO - Starting attempt 1 of 3
[2025-12-17T04:56:54.067+0000] {taskinstance.py:2191} INFO - Executing <Task(PythonOperator): transform> on 2025-02-06 00:00:00+00:00
[2025-12-17T04:56:54.082+0000] {standard_task_runner.py:60} INFO - Started process 5519 to run task
[2025-12-17T04:56:54.093+0000] {standard_task_runner.py:87} INFO - Running: ['***', 'tasks', 'run', 'etl_***', 'transform', 'scheduled__2025-02-06T00:00:00+00:00', '--job-id', '1607', '--raw', '--subdir', 'DAGS_FOLDER/etl_***.py', '--cfg-path', '/tmp/tmpf5nw9j9o']
[2025-12-17T04:56:54.101+0000] {standard_task_runner.py:88} INFO - Job 1607: Subtask transform
[2025-12-17T04:56:54.311+0000] {task_command.py:423} INFO - Running <TaskInstance: etl_airflow.transform scheduled__2025-02-06T00:00:00+00:00 [running]> on host b3426f05ac70
[2025-12-17T04:56:54.955+0000] {taskinstance.py:2480} INFO - Exporting env vars: AIRFLOW_CTX_DAG_OWNER='***' AIRFLOW_CTX_DAG_ID='etl_***' AIRFLOW_CTX_TASK_ID='transform' AIRFLOW_CTX_EXECUTION_DATE='2025-02-06T00:00:00+00:00' AIRFLOW_CTX_TRY_NUMBER='1' AIRFLOW_CTX_DAG_RUN_ID='scheduled__2025-02-06T00:00:00+00:00'
[2025-12-17T04:56:54.958+0000] {taskinstance.py:2698} ERROR - Task failed with exception
Traceback (most recent call last):
  File "/home/airflow/.local/lib/python3.8/site-packages/airflow/models/taskinstance.py", line 433, in _execute_task
    result = execute_callable(context=context, **execute_callable_kwargs)
  File "/home/airflow/.local/lib/python3.8/site-packages/airflow/operators/python.py", line 199, in execute
    return_value = self.execute_callable()
  File "/home/airflow/.local/lib/python3.8/site-packages/airflow/operators/python.py", line 216, in execute_callable
    return self.python_callable(*self.op_args, **self.op_kwargs)
TypeError: transform_data() missing 1 required positional argument: 'df'
[2025-12-17T04:56:54.977+0000] {taskinstance.py:1138} INFO - Marking task as UP_FOR_RETRY. dag_id=etl_***, task_id=transform, execution_date=20250206T000000, start_date=20251217T045653, end_date=20251217T045654
[2025-12-17T04:56:55.003+0000] {standard_task_runner.py:107} ERROR - Failed to execute job 1607 for task transform (transform_data() missing 1 required positional argument: 'df'; 5519)
[2025-12-17T04:56:55.044+0000] {local_task_job_runner.py:234} INFO - Task exited with return code 1
[2025-12-17T04:56:55.106+0000] {taskinstance.py:3280} INFO - 0 downstream tasks scheduled from follow-on schedule check
