[2025-12-17T04:53:52.009+0000] {taskinstance.py:1956} INFO - Dependencies all met for dep_context=non-requeueable deps ti=<TaskInstance: etl_airflow.transform scheduled__2024-11-12T00:00:00+00:00 [queued]>
[2025-12-17T04:53:52.027+0000] {taskinstance.py:1956} INFO - Dependencies all met for dep_context=requeueable deps ti=<TaskInstance: etl_airflow.transform scheduled__2024-11-12T00:00:00+00:00 [queued]>
[2025-12-17T04:53:52.028+0000] {taskinstance.py:2170} INFO - Starting attempt 3 of 3
[2025-12-17T04:53:52.054+0000] {taskinstance.py:2191} INFO - Executing <Task(PythonOperator): transform> on 2024-11-12 00:00:00+00:00
[2025-12-17T04:53:52.061+0000] {standard_task_runner.py:60} INFO - Started process 4434 to run task
[2025-12-17T04:53:52.067+0000] {standard_task_runner.py:87} INFO - Running: ['***', 'tasks', 'run', 'etl_***', 'transform', 'scheduled__2024-11-12T00:00:00+00:00', '--job-id', '1276', '--raw', '--subdir', 'DAGS_FOLDER/etl_***.py', '--cfg-path', '/tmp/tmpk0dn7lqr']
[2025-12-17T04:53:52.072+0000] {standard_task_runner.py:88} INFO - Job 1276: Subtask transform
[2025-12-17T04:53:52.199+0000] {task_command.py:423} INFO - Running <TaskInstance: etl_airflow.transform scheduled__2024-11-12T00:00:00+00:00 [running]> on host b3426f05ac70
[2025-12-17T04:53:52.613+0000] {taskinstance.py:2480} INFO - Exporting env vars: AIRFLOW_CTX_DAG_OWNER='***' AIRFLOW_CTX_DAG_ID='etl_***' AIRFLOW_CTX_TASK_ID='transform' AIRFLOW_CTX_EXECUTION_DATE='2024-11-12T00:00:00+00:00' AIRFLOW_CTX_TRY_NUMBER='3' AIRFLOW_CTX_DAG_RUN_ID='scheduled__2024-11-12T00:00:00+00:00'
[2025-12-17T04:53:52.617+0000] {taskinstance.py:2698} ERROR - Task failed with exception
Traceback (most recent call last):
  File "/home/airflow/.local/lib/python3.8/site-packages/airflow/models/taskinstance.py", line 433, in _execute_task
    result = execute_callable(context=context, **execute_callable_kwargs)
  File "/home/airflow/.local/lib/python3.8/site-packages/airflow/operators/python.py", line 199, in execute
    return_value = self.execute_callable()
  File "/home/airflow/.local/lib/python3.8/site-packages/airflow/operators/python.py", line 216, in execute_callable
    return self.python_callable(*self.op_args, **self.op_kwargs)
TypeError: transform_data() missing 1 required positional argument: 'df'
[2025-12-17T04:53:52.631+0000] {taskinstance.py:1138} INFO - Marking task as FAILED. dag_id=etl_***, task_id=transform, execution_date=20241112T000000, start_date=20251217T045352, end_date=20251217T045352
[2025-12-17T04:53:52.652+0000] {standard_task_runner.py:107} ERROR - Failed to execute job 1276 for task transform (transform_data() missing 1 required positional argument: 'df'; 4434)
[2025-12-17T04:53:52.687+0000] {local_task_job_runner.py:234} INFO - Task exited with return code 1
[2025-12-17T04:53:52.727+0000] {taskinstance.py:3280} INFO - 0 downstream tasks scheduled from follow-on schedule check
[2025-12-17T07:59:07.147+0000] {taskinstance.py:1956} INFO - Dependencies all met for dep_context=non-requeueable deps ti=<TaskInstance: etl_airflow.transform scheduled__2024-11-12T00:00:00+00:00 [queued]>
[2025-12-17T07:59:07.185+0000] {taskinstance.py:1956} INFO - Dependencies all met for dep_context=requeueable deps ti=<TaskInstance: etl_airflow.transform scheduled__2024-11-12T00:00:00+00:00 [queued]>
[2025-12-17T07:59:07.191+0000] {taskinstance.py:2170} INFO - Starting attempt 3 of 3
[2025-12-17T07:59:07.247+0000] {taskinstance.py:2191} INFO - Executing <Task(PythonOperator): transform> on 2024-11-12 00:00:00+00:00
[2025-12-17T07:59:07.274+0000] {standard_task_runner.py:60} INFO - Started process 4530 to run task
[2025-12-17T07:59:07.290+0000] {standard_task_runner.py:87} INFO - Running: ['***', 'tasks', 'run', 'etl_***', 'transform', 'scheduled__2024-11-12T00:00:00+00:00', '--job-id', '1281', '--raw', '--subdir', 'DAGS_FOLDER/etl_***.py', '--cfg-path', '/tmp/tmpm9bz2ec3']
[2025-12-17T07:59:07.301+0000] {standard_task_runner.py:88} INFO - Job 1281: Subtask transform
[2025-12-17T07:59:07.505+0000] {task_command.py:423} INFO - Running <TaskInstance: etl_airflow.transform scheduled__2024-11-12T00:00:00+00:00 [running]> on host 2a0de06c8905
[2025-12-17T07:59:08.209+0000] {taskinstance.py:2480} INFO - Exporting env vars: AIRFLOW_CTX_DAG_OWNER='***' AIRFLOW_CTX_DAG_ID='etl_***' AIRFLOW_CTX_TASK_ID='transform' AIRFLOW_CTX_EXECUTION_DATE='2024-11-12T00:00:00+00:00' AIRFLOW_CTX_TRY_NUMBER='3' AIRFLOW_CTX_DAG_RUN_ID='scheduled__2024-11-12T00:00:00+00:00'
[2025-12-17T07:59:08.218+0000] {taskinstance.py:2698} ERROR - Task failed with exception
Traceback (most recent call last):
  File "/home/airflow/.local/lib/python3.8/site-packages/airflow/models/taskinstance.py", line 433, in _execute_task
    result = execute_callable(context=context, **execute_callable_kwargs)
  File "/home/airflow/.local/lib/python3.8/site-packages/airflow/operators/python.py", line 199, in execute
    return_value = self.execute_callable()
  File "/home/airflow/.local/lib/python3.8/site-packages/airflow/operators/python.py", line 216, in execute_callable
    return self.python_callable(*self.op_args, **self.op_kwargs)
TypeError: transform_data() missing 1 required positional argument: 'df'
[2025-12-17T07:59:08.252+0000] {taskinstance.py:1138} INFO - Marking task as FAILED. dag_id=etl_***, task_id=transform, execution_date=20241112T000000, start_date=20251217T075907, end_date=20251217T075908
[2025-12-17T07:59:08.282+0000] {standard_task_runner.py:107} ERROR - Failed to execute job 1281 for task transform (transform_data() missing 1 required positional argument: 'df'; 4530)
[2025-12-17T07:59:08.316+0000] {local_task_job_runner.py:234} INFO - Task exited with return code 1
[2025-12-17T07:59:08.361+0000] {taskinstance.py:3280} INFO - 0 downstream tasks scheduled from follow-on schedule check
