[2025-12-17T04:56:03.225+0000] {taskinstance.py:1956} INFO - Dependencies all met for dep_context=non-requeueable deps ti=<TaskInstance: etl_airflow.transform scheduled__2025-01-07T00:00:00+00:00 [queued]>
[2025-12-17T04:56:03.238+0000] {taskinstance.py:1956} INFO - Dependencies all met for dep_context=requeueable deps ti=<TaskInstance: etl_airflow.transform scheduled__2025-01-07T00:00:00+00:00 [queued]>
[2025-12-17T04:56:03.239+0000] {taskinstance.py:2170} INFO - Starting attempt 2 of 3
[2025-12-17T04:56:03.325+0000] {taskinstance.py:2191} INFO - Executing <Task(PythonOperator): transform> on 2025-01-07 00:00:00+00:00
[2025-12-17T04:56:03.337+0000] {standard_task_runner.py:60} INFO - Started process 5209 to run task
[2025-12-17T04:56:03.343+0000] {standard_task_runner.py:87} INFO - Running: ['***', 'tasks', 'run', 'etl_***', 'transform', 'scheduled__2025-01-07T00:00:00+00:00', '--job-id', '1511', '--raw', '--subdir', 'DAGS_FOLDER/etl_***.py', '--cfg-path', '/tmp/tmp_9w5srmm']
[2025-12-17T04:56:03.346+0000] {standard_task_runner.py:88} INFO - Job 1511: Subtask transform
[2025-12-17T04:56:03.450+0000] {task_command.py:423} INFO - Running <TaskInstance: etl_airflow.transform scheduled__2025-01-07T00:00:00+00:00 [running]> on host b3426f05ac70
[2025-12-17T04:56:03.784+0000] {taskinstance.py:2480} INFO - Exporting env vars: AIRFLOW_CTX_DAG_OWNER='***' AIRFLOW_CTX_DAG_ID='etl_***' AIRFLOW_CTX_TASK_ID='transform' AIRFLOW_CTX_EXECUTION_DATE='2025-01-07T00:00:00+00:00' AIRFLOW_CTX_TRY_NUMBER='2' AIRFLOW_CTX_DAG_RUN_ID='scheduled__2025-01-07T00:00:00+00:00'
[2025-12-17T04:56:03.786+0000] {taskinstance.py:2698} ERROR - Task failed with exception
Traceback (most recent call last):
  File "/home/airflow/.local/lib/python3.8/site-packages/airflow/models/taskinstance.py", line 433, in _execute_task
    result = execute_callable(context=context, **execute_callable_kwargs)
  File "/home/airflow/.local/lib/python3.8/site-packages/airflow/operators/python.py", line 199, in execute
    return_value = self.execute_callable()
  File "/home/airflow/.local/lib/python3.8/site-packages/airflow/operators/python.py", line 216, in execute_callable
    return self.python_callable(*self.op_args, **self.op_kwargs)
TypeError: transform_data() missing 1 required positional argument: 'df'
[2025-12-17T04:56:03.800+0000] {taskinstance.py:1138} INFO - Marking task as UP_FOR_RETRY. dag_id=etl_***, task_id=transform, execution_date=20250107T000000, start_date=20251217T045603, end_date=20251217T045603
[2025-12-17T04:56:03.819+0000] {standard_task_runner.py:107} ERROR - Failed to execute job 1511 for task transform (transform_data() missing 1 required positional argument: 'df'; 5209)
[2025-12-17T04:56:03.836+0000] {local_task_job_runner.py:234} INFO - Task exited with return code 1
[2025-12-17T04:56:03.867+0000] {taskinstance.py:3280} INFO - 0 downstream tasks scheduled from follow-on schedule check
[2025-12-17T08:01:32.086+0000] {taskinstance.py:1956} INFO - Dependencies all met for dep_context=non-requeueable deps ti=<TaskInstance: etl_airflow.transform scheduled__2025-01-07T00:00:00+00:00 [queued]>
[2025-12-17T08:01:32.105+0000] {taskinstance.py:1956} INFO - Dependencies all met for dep_context=requeueable deps ti=<TaskInstance: etl_airflow.transform scheduled__2025-01-07T00:00:00+00:00 [queued]>
[2025-12-17T08:01:32.106+0000] {taskinstance.py:2170} INFO - Starting attempt 2 of 3
[2025-12-17T08:01:32.135+0000] {taskinstance.py:2191} INFO - Executing <Task(PythonOperator): transform> on 2025-01-07 00:00:00+00:00
[2025-12-17T08:01:32.146+0000] {standard_task_runner.py:60} INFO - Started process 5316 to run task
[2025-12-17T08:01:32.152+0000] {standard_task_runner.py:87} INFO - Running: ['***', 'tasks', 'run', 'etl_***', 'transform', 'scheduled__2025-01-07T00:00:00+00:00', '--job-id', '1513', '--raw', '--subdir', 'DAGS_FOLDER/etl_***.py', '--cfg-path', '/tmp/tmpkc9m8gsj']
[2025-12-17T08:01:32.157+0000] {standard_task_runner.py:88} INFO - Job 1513: Subtask transform
[2025-12-17T08:01:32.301+0000] {task_command.py:423} INFO - Running <TaskInstance: etl_airflow.transform scheduled__2025-01-07T00:00:00+00:00 [running]> on host 2a0de06c8905
[2025-12-17T08:01:32.783+0000] {taskinstance.py:2480} INFO - Exporting env vars: AIRFLOW_CTX_DAG_OWNER='***' AIRFLOW_CTX_DAG_ID='etl_***' AIRFLOW_CTX_TASK_ID='transform' AIRFLOW_CTX_EXECUTION_DATE='2025-01-07T00:00:00+00:00' AIRFLOW_CTX_TRY_NUMBER='2' AIRFLOW_CTX_DAG_RUN_ID='scheduled__2025-01-07T00:00:00+00:00'
[2025-12-17T08:01:32.788+0000] {taskinstance.py:2698} ERROR - Task failed with exception
Traceback (most recent call last):
  File "/home/airflow/.local/lib/python3.8/site-packages/airflow/models/taskinstance.py", line 433, in _execute_task
    result = execute_callable(context=context, **execute_callable_kwargs)
  File "/home/airflow/.local/lib/python3.8/site-packages/airflow/operators/python.py", line 199, in execute
    return_value = self.execute_callable()
  File "/home/airflow/.local/lib/python3.8/site-packages/airflow/operators/python.py", line 216, in execute_callable
    return self.python_callable(*self.op_args, **self.op_kwargs)
TypeError: transform_data() missing 1 required positional argument: 'df'
[2025-12-17T08:01:32.804+0000] {taskinstance.py:1138} INFO - Marking task as UP_FOR_RETRY. dag_id=etl_***, task_id=transform, execution_date=20250107T000000, start_date=20251217T080132, end_date=20251217T080132
[2025-12-17T08:01:32.831+0000] {standard_task_runner.py:107} ERROR - Failed to execute job 1513 for task transform (transform_data() missing 1 required positional argument: 'df'; 5316)
[2025-12-17T08:01:32.891+0000] {local_task_job_runner.py:234} INFO - Task exited with return code 1
[2025-12-17T08:01:33.179+0000] {taskinstance.py:3280} INFO - 0 downstream tasks scheduled from follow-on schedule check
