[2025-12-17T04:48:40.321+0000] {taskinstance.py:1956} INFO - Dependencies all met for dep_context=non-requeueable deps ti=<TaskInstance: etl_airflow.transform scheduled__2024-06-19T00:00:00+00:00 [queued]>
[2025-12-17T04:48:40.336+0000] {taskinstance.py:1956} INFO - Dependencies all met for dep_context=requeueable deps ti=<TaskInstance: etl_airflow.transform scheduled__2024-06-19T00:00:00+00:00 [queued]>
[2025-12-17T04:48:40.337+0000] {taskinstance.py:2170} INFO - Starting attempt 3 of 3
[2025-12-17T04:48:40.354+0000] {taskinstance.py:2191} INFO - Executing <Task(PythonOperator): transform> on 2024-06-19 00:00:00+00:00
[2025-12-17T04:48:40.361+0000] {standard_task_runner.py:60} INFO - Started process 2527 to run task
[2025-12-17T04:48:40.365+0000] {standard_task_runner.py:87} INFO - Running: ['***', 'tasks', 'run', 'etl_***', 'transform', 'scheduled__2024-06-19T00:00:00+00:00', '--job-id', '697', '--raw', '--subdir', 'DAGS_FOLDER/etl_***.py', '--cfg-path', '/tmp/tmp0qt_46p3']
[2025-12-17T04:48:40.369+0000] {standard_task_runner.py:88} INFO - Job 697: Subtask transform
[2025-12-17T04:48:40.473+0000] {task_command.py:423} INFO - Running <TaskInstance: etl_airflow.transform scheduled__2024-06-19T00:00:00+00:00 [running]> on host b3426f05ac70
[2025-12-17T04:48:40.883+0000] {taskinstance.py:2480} INFO - Exporting env vars: AIRFLOW_CTX_DAG_OWNER='***' AIRFLOW_CTX_DAG_ID='etl_***' AIRFLOW_CTX_TASK_ID='transform' AIRFLOW_CTX_EXECUTION_DATE='2024-06-19T00:00:00+00:00' AIRFLOW_CTX_TRY_NUMBER='3' AIRFLOW_CTX_DAG_RUN_ID='scheduled__2024-06-19T00:00:00+00:00'
[2025-12-17T04:48:40.886+0000] {taskinstance.py:2698} ERROR - Task failed with exception
Traceback (most recent call last):
  File "/home/airflow/.local/lib/python3.8/site-packages/airflow/models/taskinstance.py", line 433, in _execute_task
    result = execute_callable(context=context, **execute_callable_kwargs)
  File "/home/airflow/.local/lib/python3.8/site-packages/airflow/operators/python.py", line 199, in execute
    return_value = self.execute_callable()
  File "/home/airflow/.local/lib/python3.8/site-packages/airflow/operators/python.py", line 216, in execute_callable
    return self.python_callable(*self.op_args, **self.op_kwargs)
TypeError: transform_data() missing 1 required positional argument: 'df'
[2025-12-17T04:48:40.899+0000] {taskinstance.py:1138} INFO - Marking task as FAILED. dag_id=etl_***, task_id=transform, execution_date=20240619T000000, start_date=20251217T044840, end_date=20251217T044840
[2025-12-17T04:48:40.916+0000] {standard_task_runner.py:107} ERROR - Failed to execute job 697 for task transform (transform_data() missing 1 required positional argument: 'df'; 2527)
[2025-12-17T04:48:40.944+0000] {local_task_job_runner.py:234} INFO - Task exited with return code 1
[2025-12-17T04:48:41.055+0000] {taskinstance.py:3280} INFO - 0 downstream tasks scheduled from follow-on schedule check
[2025-12-17T07:42:15.850+0000] {taskinstance.py:1956} INFO - Dependencies all met for dep_context=non-requeueable deps ti=<TaskInstance: etl_airflow.transform scheduled__2024-06-19T00:00:00+00:00 [queued]>
[2025-12-17T07:42:15.873+0000] {taskinstance.py:1956} INFO - Dependencies all met for dep_context=requeueable deps ti=<TaskInstance: etl_airflow.transform scheduled__2024-06-19T00:00:00+00:00 [queued]>
[2025-12-17T07:42:15.876+0000] {taskinstance.py:2170} INFO - Starting attempt 3 of 3
[2025-12-17T07:42:15.899+0000] {taskinstance.py:2191} INFO - Executing <Task(PythonOperator): transform> on 2024-06-19 00:00:00+00:00
[2025-12-17T07:42:15.910+0000] {standard_task_runner.py:60} INFO - Started process 2602 to run task
[2025-12-17T07:42:15.916+0000] {standard_task_runner.py:87} INFO - Running: ['***', 'tasks', 'run', 'etl_***', 'transform', 'scheduled__2024-06-19T00:00:00+00:00', '--job-id', '702', '--raw', '--subdir', 'DAGS_FOLDER/etl_***.py', '--cfg-path', '/tmp/tmp5c5qzicu']
[2025-12-17T07:42:15.922+0000] {standard_task_runner.py:88} INFO - Job 702: Subtask transform
[2025-12-17T07:42:16.062+0000] {task_command.py:423} INFO - Running <TaskInstance: etl_airflow.transform scheduled__2024-06-19T00:00:00+00:00 [running]> on host 2a0de06c8905
[2025-12-17T07:42:16.487+0000] {taskinstance.py:2480} INFO - Exporting env vars: AIRFLOW_CTX_DAG_OWNER='***' AIRFLOW_CTX_DAG_ID='etl_***' AIRFLOW_CTX_TASK_ID='transform' AIRFLOW_CTX_EXECUTION_DATE='2024-06-19T00:00:00+00:00' AIRFLOW_CTX_TRY_NUMBER='3' AIRFLOW_CTX_DAG_RUN_ID='scheduled__2024-06-19T00:00:00+00:00'
[2025-12-17T07:42:16.490+0000] {taskinstance.py:2698} ERROR - Task failed with exception
Traceback (most recent call last):
  File "/home/airflow/.local/lib/python3.8/site-packages/airflow/models/taskinstance.py", line 433, in _execute_task
    result = execute_callable(context=context, **execute_callable_kwargs)
  File "/home/airflow/.local/lib/python3.8/site-packages/airflow/operators/python.py", line 199, in execute
    return_value = self.execute_callable()
  File "/home/airflow/.local/lib/python3.8/site-packages/airflow/operators/python.py", line 216, in execute_callable
    return self.python_callable(*self.op_args, **self.op_kwargs)
TypeError: transform_data() missing 1 required positional argument: 'df'
[2025-12-17T07:42:16.509+0000] {taskinstance.py:1138} INFO - Marking task as FAILED. dag_id=etl_***, task_id=transform, execution_date=20240619T000000, start_date=20251217T074215, end_date=20251217T074216
[2025-12-17T07:42:16.540+0000] {standard_task_runner.py:107} ERROR - Failed to execute job 702 for task transform (transform_data() missing 1 required positional argument: 'df'; 2602)
[2025-12-17T07:42:16.575+0000] {local_task_job_runner.py:234} INFO - Task exited with return code 1
[2025-12-17T07:42:16.784+0000] {taskinstance.py:3280} INFO - 0 downstream tasks scheduled from follow-on schedule check
