[2025-12-17T04:52:06.994+0000] {taskinstance.py:1956} INFO - Dependencies all met for dep_context=non-requeueable deps ti=<TaskInstance: etl_airflow.transform scheduled__2024-09-24T00:00:00+00:00 [queued]>
[2025-12-17T04:52:07.010+0000] {taskinstance.py:1956} INFO - Dependencies all met for dep_context=requeueable deps ti=<TaskInstance: etl_airflow.transform scheduled__2024-09-24T00:00:00+00:00 [queued]>
[2025-12-17T04:52:07.011+0000] {taskinstance.py:2170} INFO - Starting attempt 3 of 3
[2025-12-17T04:52:07.034+0000] {taskinstance.py:2191} INFO - Executing <Task(PythonOperator): transform> on 2024-09-24 00:00:00+00:00
[2025-12-17T04:52:07.043+0000] {standard_task_runner.py:60} INFO - Started process 3788 to run task
[2025-12-17T04:52:07.052+0000] {standard_task_runner.py:87} INFO - Running: ['***', 'tasks', 'run', 'etl_***', 'transform', 'scheduled__2024-09-24T00:00:00+00:00', '--job-id', '1082', '--raw', '--subdir', 'DAGS_FOLDER/etl_***.py', '--cfg-path', '/tmp/tmpepehsm4g']
[2025-12-17T04:52:07.060+0000] {standard_task_runner.py:88} INFO - Job 1082: Subtask transform
[2025-12-17T04:52:07.182+0000] {task_command.py:423} INFO - Running <TaskInstance: etl_airflow.transform scheduled__2024-09-24T00:00:00+00:00 [running]> on host b3426f05ac70
[2025-12-17T04:52:07.940+0000] {taskinstance.py:2480} INFO - Exporting env vars: AIRFLOW_CTX_DAG_OWNER='***' AIRFLOW_CTX_DAG_ID='etl_***' AIRFLOW_CTX_TASK_ID='transform' AIRFLOW_CTX_EXECUTION_DATE='2024-09-24T00:00:00+00:00' AIRFLOW_CTX_TRY_NUMBER='3' AIRFLOW_CTX_DAG_RUN_ID='scheduled__2024-09-24T00:00:00+00:00'
[2025-12-17T04:52:07.943+0000] {taskinstance.py:2698} ERROR - Task failed with exception
Traceback (most recent call last):
  File "/home/airflow/.local/lib/python3.8/site-packages/airflow/models/taskinstance.py", line 433, in _execute_task
    result = execute_callable(context=context, **execute_callable_kwargs)
  File "/home/airflow/.local/lib/python3.8/site-packages/airflow/operators/python.py", line 199, in execute
    return_value = self.execute_callable()
  File "/home/airflow/.local/lib/python3.8/site-packages/airflow/operators/python.py", line 216, in execute_callable
    return self.python_callable(*self.op_args, **self.op_kwargs)
TypeError: transform_data() missing 1 required positional argument: 'df'
[2025-12-17T04:52:07.957+0000] {taskinstance.py:1138} INFO - Marking task as FAILED. dag_id=etl_***, task_id=transform, execution_date=20240924T000000, start_date=20251217T045206, end_date=20251217T045207
[2025-12-17T04:52:07.980+0000] {standard_task_runner.py:107} ERROR - Failed to execute job 1082 for task transform (transform_data() missing 1 required positional argument: 'df'; 3788)
[2025-12-17T04:52:08.000+0000] {local_task_job_runner.py:234} INFO - Task exited with return code 1
[2025-12-17T04:52:08.045+0000] {taskinstance.py:3280} INFO - 0 downstream tasks scheduled from follow-on schedule check
[2025-12-17T07:57:07.081+0000] {taskinstance.py:1956} INFO - Dependencies all met for dep_context=non-requeueable deps ti=<TaskInstance: etl_airflow.transform scheduled__2024-09-24T00:00:00+00:00 [queued]>
[2025-12-17T07:57:07.112+0000] {taskinstance.py:1956} INFO - Dependencies all met for dep_context=requeueable deps ti=<TaskInstance: etl_airflow.transform scheduled__2024-09-24T00:00:00+00:00 [queued]>
[2025-12-17T07:57:07.115+0000] {taskinstance.py:2170} INFO - Starting attempt 3 of 3
[2025-12-17T07:57:07.173+0000] {taskinstance.py:2191} INFO - Executing <Task(PythonOperator): transform> on 2024-09-24 00:00:00+00:00
[2025-12-17T07:57:07.208+0000] {standard_task_runner.py:60} INFO - Started process 3885 to run task
[2025-12-17T07:57:07.257+0000] {standard_task_runner.py:87} INFO - Running: ['***', 'tasks', 'run', 'etl_***', 'transform', 'scheduled__2024-09-24T00:00:00+00:00', '--job-id', '1085', '--raw', '--subdir', 'DAGS_FOLDER/etl_***.py', '--cfg-path', '/tmp/tmpkxtcqivj']
[2025-12-17T07:57:07.266+0000] {standard_task_runner.py:88} INFO - Job 1085: Subtask transform
[2025-12-17T07:57:07.719+0000] {task_command.py:423} INFO - Running <TaskInstance: etl_airflow.transform scheduled__2024-09-24T00:00:00+00:00 [running]> on host 2a0de06c8905
[2025-12-17T07:57:09.072+0000] {taskinstance.py:2480} INFO - Exporting env vars: AIRFLOW_CTX_DAG_OWNER='***' AIRFLOW_CTX_DAG_ID='etl_***' AIRFLOW_CTX_TASK_ID='transform' AIRFLOW_CTX_EXECUTION_DATE='2024-09-24T00:00:00+00:00' AIRFLOW_CTX_TRY_NUMBER='3' AIRFLOW_CTX_DAG_RUN_ID='scheduled__2024-09-24T00:00:00+00:00'
[2025-12-17T07:57:09.076+0000] {taskinstance.py:2698} ERROR - Task failed with exception
Traceback (most recent call last):
  File "/home/airflow/.local/lib/python3.8/site-packages/airflow/models/taskinstance.py", line 433, in _execute_task
    result = execute_callable(context=context, **execute_callable_kwargs)
  File "/home/airflow/.local/lib/python3.8/site-packages/airflow/operators/python.py", line 199, in execute
    return_value = self.execute_callable()
  File "/home/airflow/.local/lib/python3.8/site-packages/airflow/operators/python.py", line 216, in execute_callable
    return self.python_callable(*self.op_args, **self.op_kwargs)
TypeError: transform_data() missing 1 required positional argument: 'df'
[2025-12-17T07:57:09.101+0000] {taskinstance.py:1138} INFO - Marking task as FAILED. dag_id=etl_***, task_id=transform, execution_date=20240924T000000, start_date=20251217T075707, end_date=20251217T075709
[2025-12-17T07:57:09.140+0000] {standard_task_runner.py:107} ERROR - Failed to execute job 1085 for task transform (transform_data() missing 1 required positional argument: 'df'; 3885)
[2025-12-17T07:57:09.189+0000] {local_task_job_runner.py:234} INFO - Task exited with return code 1
[2025-12-17T07:57:09.291+0000] {taskinstance.py:3280} INFO - 0 downstream tasks scheduled from follow-on schedule check
