[2025-12-17T04:52:41.025+0000] {taskinstance.py:1956} INFO - Dependencies all met for dep_context=non-requeueable deps ti=<TaskInstance: etl_airflow.transform scheduled__2024-10-03T00:00:00+00:00 [queued]>
[2025-12-17T04:52:41.038+0000] {taskinstance.py:1956} INFO - Dependencies all met for dep_context=requeueable deps ti=<TaskInstance: etl_airflow.transform scheduled__2024-10-03T00:00:00+00:00 [queued]>
[2025-12-17T04:52:41.039+0000] {taskinstance.py:2170} INFO - Starting attempt 3 of 3
[2025-12-17T04:52:41.055+0000] {taskinstance.py:2191} INFO - Executing <Task(PythonOperator): transform> on 2024-10-03 00:00:00+00:00
[2025-12-17T04:52:41.064+0000] {standard_task_runner.py:60} INFO - Started process 3997 to run task
[2025-12-17T04:52:41.069+0000] {standard_task_runner.py:87} INFO - Running: ['***', 'tasks', 'run', 'etl_***', 'transform', 'scheduled__2024-10-03T00:00:00+00:00', '--job-id', '1141', '--raw', '--subdir', 'DAGS_FOLDER/etl_***.py', '--cfg-path', '/tmp/tmpsusdfrex']
[2025-12-17T04:52:41.074+0000] {standard_task_runner.py:88} INFO - Job 1141: Subtask transform
[2025-12-17T04:52:41.189+0000] {task_command.py:423} INFO - Running <TaskInstance: etl_airflow.transform scheduled__2024-10-03T00:00:00+00:00 [running]> on host b3426f05ac70
[2025-12-17T04:52:41.578+0000] {taskinstance.py:2480} INFO - Exporting env vars: AIRFLOW_CTX_DAG_OWNER='***' AIRFLOW_CTX_DAG_ID='etl_***' AIRFLOW_CTX_TASK_ID='transform' AIRFLOW_CTX_EXECUTION_DATE='2024-10-03T00:00:00+00:00' AIRFLOW_CTX_TRY_NUMBER='3' AIRFLOW_CTX_DAG_RUN_ID='scheduled__2024-10-03T00:00:00+00:00'
[2025-12-17T04:52:41.581+0000] {taskinstance.py:2698} ERROR - Task failed with exception
Traceback (most recent call last):
  File "/home/airflow/.local/lib/python3.8/site-packages/airflow/models/taskinstance.py", line 433, in _execute_task
    result = execute_callable(context=context, **execute_callable_kwargs)
  File "/home/airflow/.local/lib/python3.8/site-packages/airflow/operators/python.py", line 199, in execute
    return_value = self.execute_callable()
  File "/home/airflow/.local/lib/python3.8/site-packages/airflow/operators/python.py", line 216, in execute_callable
    return self.python_callable(*self.op_args, **self.op_kwargs)
TypeError: transform_data() missing 1 required positional argument: 'df'
[2025-12-17T04:52:41.596+0000] {taskinstance.py:1138} INFO - Marking task as FAILED. dag_id=etl_***, task_id=transform, execution_date=20241003T000000, start_date=20251217T045241, end_date=20251217T045241
[2025-12-17T04:52:41.617+0000] {standard_task_runner.py:107} ERROR - Failed to execute job 1141 for task transform (transform_data() missing 1 required positional argument: 'df'; 3997)
[2025-12-17T04:52:41.646+0000] {local_task_job_runner.py:234} INFO - Task exited with return code 1
[2025-12-17T04:52:41.836+0000] {taskinstance.py:3280} INFO - 0 downstream tasks scheduled from follow-on schedule check
[2025-12-17T07:57:45.390+0000] {taskinstance.py:1956} INFO - Dependencies all met for dep_context=non-requeueable deps ti=<TaskInstance: etl_airflow.transform scheduled__2024-10-03T00:00:00+00:00 [queued]>
[2025-12-17T07:57:45.415+0000] {taskinstance.py:1956} INFO - Dependencies all met for dep_context=requeueable deps ti=<TaskInstance: etl_airflow.transform scheduled__2024-10-03T00:00:00+00:00 [queued]>
[2025-12-17T07:57:45.417+0000] {taskinstance.py:2170} INFO - Starting attempt 3 of 3
[2025-12-17T07:57:45.459+0000] {taskinstance.py:2191} INFO - Executing <Task(PythonOperator): transform> on 2024-10-03 00:00:00+00:00
[2025-12-17T07:57:45.476+0000] {standard_task_runner.py:60} INFO - Started process 4084 to run task
[2025-12-17T07:57:45.485+0000] {standard_task_runner.py:87} INFO - Running: ['***', 'tasks', 'run', 'etl_***', 'transform', 'scheduled__2024-10-03T00:00:00+00:00', '--job-id', '1144', '--raw', '--subdir', 'DAGS_FOLDER/etl_***.py', '--cfg-path', '/tmp/tmptb9ie2w4']
[2025-12-17T07:57:45.496+0000] {standard_task_runner.py:88} INFO - Job 1144: Subtask transform
[2025-12-17T07:57:45.692+0000] {task_command.py:423} INFO - Running <TaskInstance: etl_airflow.transform scheduled__2024-10-03T00:00:00+00:00 [running]> on host 2a0de06c8905
[2025-12-17T07:57:46.252+0000] {taskinstance.py:2480} INFO - Exporting env vars: AIRFLOW_CTX_DAG_OWNER='***' AIRFLOW_CTX_DAG_ID='etl_***' AIRFLOW_CTX_TASK_ID='transform' AIRFLOW_CTX_EXECUTION_DATE='2024-10-03T00:00:00+00:00' AIRFLOW_CTX_TRY_NUMBER='3' AIRFLOW_CTX_DAG_RUN_ID='scheduled__2024-10-03T00:00:00+00:00'
[2025-12-17T07:57:46.257+0000] {taskinstance.py:2698} ERROR - Task failed with exception
Traceback (most recent call last):
  File "/home/airflow/.local/lib/python3.8/site-packages/airflow/models/taskinstance.py", line 433, in _execute_task
    result = execute_callable(context=context, **execute_callable_kwargs)
  File "/home/airflow/.local/lib/python3.8/site-packages/airflow/operators/python.py", line 199, in execute
    return_value = self.execute_callable()
  File "/home/airflow/.local/lib/python3.8/site-packages/airflow/operators/python.py", line 216, in execute_callable
    return self.python_callable(*self.op_args, **self.op_kwargs)
TypeError: transform_data() missing 1 required positional argument: 'df'
[2025-12-17T07:57:46.277+0000] {taskinstance.py:1138} INFO - Marking task as FAILED. dag_id=etl_***, task_id=transform, execution_date=20241003T000000, start_date=20251217T075745, end_date=20251217T075746
[2025-12-17T07:57:46.311+0000] {standard_task_runner.py:107} ERROR - Failed to execute job 1144 for task transform (transform_data() missing 1 required positional argument: 'df'; 4084)
[2025-12-17T07:57:46.349+0000] {local_task_job_runner.py:234} INFO - Task exited with return code 1
[2025-12-17T07:57:46.605+0000] {taskinstance.py:3280} INFO - 0 downstream tasks scheduled from follow-on schedule check
