[2025-12-16T17:22:12.472+0000] {taskinstance.py:1956} INFO - Dependencies all met for dep_context=non-requeueable deps ti=<TaskInstance: etl_airflow.transform scheduled__2024-03-21T00:00:00+00:00 [queued]>
[2025-12-16T17:22:12.504+0000] {taskinstance.py:1956} INFO - Dependencies all met for dep_context=requeueable deps ti=<TaskInstance: etl_airflow.transform scheduled__2024-03-21T00:00:00+00:00 [queued]>
[2025-12-16T17:22:12.519+0000] {taskinstance.py:2170} INFO - Starting attempt 3 of 5
[2025-12-16T17:22:12.561+0000] {taskinstance.py:2191} INFO - Executing <Task(PythonOperator): transform> on 2024-03-21 00:00:00+00:00
[2025-12-16T17:22:12.576+0000] {standard_task_runner.py:60} INFO - Started process 6304 to run task
[2025-12-16T17:22:12.588+0000] {standard_task_runner.py:87} INFO - Running: ['***', 'tasks', 'run', 'etl_***', 'transform', 'scheduled__2024-03-21T00:00:00+00:00', '--job-id', '6070', '--raw', '--subdir', 'DAGS_FOLDER/etl_dag.py', '--cfg-path', '/tmp/tmpvg_ppbfi']
[2025-12-16T17:22:12.596+0000] {standard_task_runner.py:88} INFO - Job 6070: Subtask transform
[2025-12-16T17:22:12.812+0000] {task_command.py:423} INFO - Running <TaskInstance: etl_airflow.transform scheduled__2024-03-21T00:00:00+00:00 [running]> on host 3b89cfee50e9
[2025-12-16T17:22:13.121+0000] {taskinstance.py:2480} INFO - Exporting env vars: AIRFLOW_CTX_DAG_OWNER='***' AIRFLOW_CTX_DAG_ID='etl_***' AIRFLOW_CTX_TASK_ID='transform' AIRFLOW_CTX_EXECUTION_DATE='2024-03-21T00:00:00+00:00' AIRFLOW_CTX_TRY_NUMBER='3' AIRFLOW_CTX_DAG_RUN_ID='scheduled__2024-03-21T00:00:00+00:00'
[2025-12-16T17:22:13.126+0000] {logging_mixin.py:188} INFO - [TRANSFORM]
[2025-12-16T17:22:13.605+0000] {logging_mixin.py:188} INFO - [TRANSFORM] done
[2025-12-16T17:22:13.608+0000] {python.py:201} INFO - Done. Returned value was: None
[2025-12-16T17:22:13.654+0000] {taskinstance.py:1138} INFO - Marking task as SUCCESS. dag_id=etl_***, task_id=transform, execution_date=20240321T000000, start_date=20251216T172212, end_date=20251216T172213
[2025-12-16T17:22:13.752+0000] {local_task_job_runner.py:234} INFO - Task exited with return code 0
[2025-12-16T17:22:13.826+0000] {taskinstance.py:3280} INFO - 1 downstream tasks scheduled from follow-on schedule check
[2025-12-17T04:19:40.314+0000] {taskinstance.py:1956} INFO - Dependencies all met for dep_context=non-requeueable deps ti=<TaskInstance: etl_airflow.transform scheduled__2024-03-21T00:00:00+00:00 [queued]>
[2025-12-17T04:19:40.341+0000] {taskinstance.py:1956} INFO - Dependencies all met for dep_context=requeueable deps ti=<TaskInstance: etl_airflow.transform scheduled__2024-03-21T00:00:00+00:00 [queued]>
[2025-12-17T04:19:40.342+0000] {taskinstance.py:2170} INFO - Starting attempt 3 of 3
[2025-12-17T04:19:40.363+0000] {taskinstance.py:2191} INFO - Executing <Task(PythonOperator): transform> on 2024-03-21 00:00:00+00:00
[2025-12-17T04:19:40.371+0000] {standard_task_runner.py:60} INFO - Started process 694 to run task
[2025-12-17T04:19:40.378+0000] {standard_task_runner.py:87} INFO - Running: ['***', 'tasks', 'run', 'etl_***', 'transform', 'scheduled__2024-03-21T00:00:00+00:00', '--job-id', '145', '--raw', '--subdir', 'DAGS_FOLDER/etl_***.py', '--cfg-path', '/tmp/tmpvk4jtcgp']
[2025-12-17T04:19:40.385+0000] {standard_task_runner.py:88} INFO - Job 145: Subtask transform
[2025-12-17T04:19:40.495+0000] {task_command.py:423} INFO - Running <TaskInstance: etl_airflow.transform scheduled__2024-03-21T00:00:00+00:00 [running]> on host c5811fe183ca
[2025-12-17T04:19:40.889+0000] {taskinstance.py:2480} INFO - Exporting env vars: AIRFLOW_CTX_DAG_OWNER='***' AIRFLOW_CTX_DAG_ID='etl_***' AIRFLOW_CTX_TASK_ID='transform' AIRFLOW_CTX_EXECUTION_DATE='2024-03-21T00:00:00+00:00' AIRFLOW_CTX_TRY_NUMBER='3' AIRFLOW_CTX_DAG_RUN_ID='scheduled__2024-03-21T00:00:00+00:00'
[2025-12-17T04:19:40.894+0000] {taskinstance.py:2698} ERROR - Task failed with exception
Traceback (most recent call last):
  File "/home/airflow/.local/lib/python3.8/site-packages/airflow/models/taskinstance.py", line 433, in _execute_task
    result = execute_callable(context=context, **execute_callable_kwargs)
  File "/home/airflow/.local/lib/python3.8/site-packages/airflow/operators/python.py", line 199, in execute
    return_value = self.execute_callable()
  File "/home/airflow/.local/lib/python3.8/site-packages/airflow/operators/python.py", line 216, in execute_callable
    return self.python_callable(*self.op_args, **self.op_kwargs)
TypeError: transform_data() missing 1 required positional argument: 'df'
[2025-12-17T04:19:40.907+0000] {taskinstance.py:1138} INFO - Marking task as FAILED. dag_id=etl_***, task_id=transform, execution_date=20240321T000000, start_date=20251217T041940, end_date=20251217T041940
[2025-12-17T04:19:40.927+0000] {standard_task_runner.py:107} ERROR - Failed to execute job 145 for task transform (transform_data() missing 1 required positional argument: 'df'; 694)
[2025-12-17T04:19:40.955+0000] {local_task_job_runner.py:234} INFO - Task exited with return code 1
[2025-12-17T04:19:41.061+0000] {taskinstance.py:3280} INFO - 0 downstream tasks scheduled from follow-on schedule check
[2025-12-17T04:45:38.608+0000] {taskinstance.py:1956} INFO - Dependencies all met for dep_context=non-requeueable deps ti=<TaskInstance: etl_airflow.transform scheduled__2024-03-21T00:00:00+00:00 [queued]>
[2025-12-17T04:45:38.622+0000] {taskinstance.py:1956} INFO - Dependencies all met for dep_context=requeueable deps ti=<TaskInstance: etl_airflow.transform scheduled__2024-03-21T00:00:00+00:00 [queued]>
[2025-12-17T04:45:38.623+0000] {taskinstance.py:2170} INFO - Starting attempt 3 of 3
[2025-12-17T04:45:38.646+0000] {taskinstance.py:2191} INFO - Executing <Task(PythonOperator): transform> on 2024-03-21 00:00:00+00:00
[2025-12-17T04:45:38.654+0000] {standard_task_runner.py:60} INFO - Started process 1448 to run task
[2025-12-17T04:45:38.662+0000] {standard_task_runner.py:87} INFO - Running: ['***', 'tasks', 'run', 'etl_***', 'transform', 'scheduled__2024-03-21T00:00:00+00:00', '--job-id', '374', '--raw', '--subdir', 'DAGS_FOLDER/etl_***.py', '--cfg-path', '/tmp/tmpl8xb0zi2']
[2025-12-17T04:45:38.669+0000] {standard_task_runner.py:88} INFO - Job 374: Subtask transform
[2025-12-17T04:45:38.810+0000] {task_command.py:423} INFO - Running <TaskInstance: etl_airflow.transform scheduled__2024-03-21T00:00:00+00:00 [running]> on host b3426f05ac70
[2025-12-17T04:45:39.238+0000] {taskinstance.py:2480} INFO - Exporting env vars: AIRFLOW_CTX_DAG_OWNER='***' AIRFLOW_CTX_DAG_ID='etl_***' AIRFLOW_CTX_TASK_ID='transform' AIRFLOW_CTX_EXECUTION_DATE='2024-03-21T00:00:00+00:00' AIRFLOW_CTX_TRY_NUMBER='3' AIRFLOW_CTX_DAG_RUN_ID='scheduled__2024-03-21T00:00:00+00:00'
[2025-12-17T04:45:39.241+0000] {taskinstance.py:2698} ERROR - Task failed with exception
Traceback (most recent call last):
  File "/home/airflow/.local/lib/python3.8/site-packages/airflow/models/taskinstance.py", line 433, in _execute_task
    result = execute_callable(context=context, **execute_callable_kwargs)
  File "/home/airflow/.local/lib/python3.8/site-packages/airflow/operators/python.py", line 199, in execute
    return_value = self.execute_callable()
  File "/home/airflow/.local/lib/python3.8/site-packages/airflow/operators/python.py", line 216, in execute_callable
    return self.python_callable(*self.op_args, **self.op_kwargs)
TypeError: transform_data() missing 1 required positional argument: 'df'
[2025-12-17T04:45:39.253+0000] {taskinstance.py:1138} INFO - Marking task as FAILED. dag_id=etl_***, task_id=transform, execution_date=20240321T000000, start_date=20251217T044538, end_date=20251217T044539
[2025-12-17T04:45:39.275+0000] {standard_task_runner.py:107} ERROR - Failed to execute job 374 for task transform (transform_data() missing 1 required positional argument: 'df'; 1448)
[2025-12-17T04:45:39.320+0000] {local_task_job_runner.py:234} INFO - Task exited with return code 1
[2025-12-17T04:45:39.351+0000] {taskinstance.py:3280} INFO - 0 downstream tasks scheduled from follow-on schedule check
[2025-12-17T07:39:05.322+0000] {taskinstance.py:1956} INFO - Dependencies all met for dep_context=non-requeueable deps ti=<TaskInstance: etl_airflow.transform scheduled__2024-03-21T00:00:00+00:00 [queued]>
[2025-12-17T07:39:05.346+0000] {taskinstance.py:1956} INFO - Dependencies all met for dep_context=requeueable deps ti=<TaskInstance: etl_airflow.transform scheduled__2024-03-21T00:00:00+00:00 [queued]>
[2025-12-17T07:39:05.348+0000] {taskinstance.py:2170} INFO - Starting attempt 3 of 3
[2025-12-17T07:39:05.380+0000] {taskinstance.py:2191} INFO - Executing <Task(PythonOperator): transform> on 2024-03-21 00:00:00+00:00
[2025-12-17T07:39:05.393+0000] {standard_task_runner.py:60} INFO - Started process 1518 to run task
[2025-12-17T07:39:05.401+0000] {standard_task_runner.py:87} INFO - Running: ['***', 'tasks', 'run', 'etl_***', 'transform', 'scheduled__2024-03-21T00:00:00+00:00', '--job-id', '373', '--raw', '--subdir', 'DAGS_FOLDER/etl_***.py', '--cfg-path', '/tmp/tmpbec5c14h']
[2025-12-17T07:39:05.410+0000] {standard_task_runner.py:88} INFO - Job 373: Subtask transform
[2025-12-17T07:39:05.574+0000] {task_command.py:423} INFO - Running <TaskInstance: etl_airflow.transform scheduled__2024-03-21T00:00:00+00:00 [running]> on host 2a0de06c8905
[2025-12-17T07:39:06.069+0000] {taskinstance.py:2480} INFO - Exporting env vars: AIRFLOW_CTX_DAG_OWNER='***' AIRFLOW_CTX_DAG_ID='etl_***' AIRFLOW_CTX_TASK_ID='transform' AIRFLOW_CTX_EXECUTION_DATE='2024-03-21T00:00:00+00:00' AIRFLOW_CTX_TRY_NUMBER='3' AIRFLOW_CTX_DAG_RUN_ID='scheduled__2024-03-21T00:00:00+00:00'
[2025-12-17T07:39:06.071+0000] {taskinstance.py:2698} ERROR - Task failed with exception
Traceback (most recent call last):
  File "/home/airflow/.local/lib/python3.8/site-packages/airflow/models/taskinstance.py", line 433, in _execute_task
    result = execute_callable(context=context, **execute_callable_kwargs)
  File "/home/airflow/.local/lib/python3.8/site-packages/airflow/operators/python.py", line 199, in execute
    return_value = self.execute_callable()
  File "/home/airflow/.local/lib/python3.8/site-packages/airflow/operators/python.py", line 216, in execute_callable
    return self.python_callable(*self.op_args, **self.op_kwargs)
TypeError: transform_data() missing 1 required positional argument: 'df'
[2025-12-17T07:39:06.091+0000] {taskinstance.py:1138} INFO - Marking task as FAILED. dag_id=etl_***, task_id=transform, execution_date=20240321T000000, start_date=20251217T073905, end_date=20251217T073906
[2025-12-17T07:39:06.122+0000] {standard_task_runner.py:107} ERROR - Failed to execute job 373 for task transform (transform_data() missing 1 required positional argument: 'df'; 1518)
[2025-12-17T07:39:06.187+0000] {local_task_job_runner.py:234} INFO - Task exited with return code 1
[2025-12-17T07:39:06.430+0000] {taskinstance.py:3280} INFO - 0 downstream tasks scheduled from follow-on schedule check
