[2025-12-16T17:19:13.193+0000] {taskinstance.py:1956} INFO - Dependencies all met for dep_context=non-requeueable deps ti=<TaskInstance: etl_airflow.transform scheduled__2024-03-21T00:00:00+00:00 [queued]>
[2025-12-16T17:19:13.226+0000] {taskinstance.py:1956} INFO - Dependencies all met for dep_context=requeueable deps ti=<TaskInstance: etl_airflow.transform scheduled__2024-03-21T00:00:00+00:00 [queued]>
[2025-12-16T17:19:13.228+0000] {taskinstance.py:2170} INFO - Starting attempt 2 of 4
[2025-12-16T17:19:13.287+0000] {taskinstance.py:2191} INFO - Executing <Task(PythonOperator): transform> on 2024-03-21 00:00:00+00:00
[2025-12-16T17:19:13.303+0000] {standard_task_runner.py:60} INFO - Started process 4146 to run task
[2025-12-16T17:19:13.318+0000] {standard_task_runner.py:87} INFO - Running: ['***', 'tasks', 'run', 'etl_***', 'transform', 'scheduled__2024-03-21T00:00:00+00:00', '--job-id', '5388', '--raw', '--subdir', 'DAGS_FOLDER/etl_dag.py', '--cfg-path', '/tmp/tmpfm8f8zi2']
[2025-12-16T17:19:13.325+0000] {standard_task_runner.py:88} INFO - Job 5388: Subtask transform
[2025-12-16T17:19:13.615+0000] {task_command.py:423} INFO - Running <TaskInstance: etl_airflow.transform scheduled__2024-03-21T00:00:00+00:00 [running]> on host 3b89cfee50e9
[2025-12-16T17:19:13.960+0000] {taskinstance.py:2480} INFO - Exporting env vars: AIRFLOW_CTX_DAG_OWNER='***' AIRFLOW_CTX_DAG_ID='etl_***' AIRFLOW_CTX_TASK_ID='transform' AIRFLOW_CTX_EXECUTION_DATE='2024-03-21T00:00:00+00:00' AIRFLOW_CTX_TRY_NUMBER='2' AIRFLOW_CTX_DAG_RUN_ID='scheduled__2024-03-21T00:00:00+00:00'
[2025-12-16T17:19:13.972+0000] {logging_mixin.py:188} INFO - [TRANSFORM]
[2025-12-16T17:19:14.323+0000] {logging_mixin.py:188} INFO - [TRANSFORM] done
[2025-12-16T17:19:14.324+0000] {python.py:201} INFO - Done. Returned value was: None
[2025-12-16T17:19:14.344+0000] {taskinstance.py:1138} INFO - Marking task as SUCCESS. dag_id=etl_***, task_id=transform, execution_date=20240321T000000, start_date=20251216T171913, end_date=20251216T171914
[2025-12-16T17:19:14.407+0000] {local_task_job_runner.py:234} INFO - Task exited with return code 0
[2025-12-16T17:19:14.450+0000] {taskinstance.py:3280} INFO - 1 downstream tasks scheduled from follow-on schedule check
[2025-12-17T04:19:27.985+0000] {taskinstance.py:1956} INFO - Dependencies all met for dep_context=non-requeueable deps ti=<TaskInstance: etl_airflow.transform scheduled__2024-03-21T00:00:00+00:00 [queued]>
[2025-12-17T04:19:28.005+0000] {taskinstance.py:1956} INFO - Dependencies all met for dep_context=requeueable deps ti=<TaskInstance: etl_airflow.transform scheduled__2024-03-21T00:00:00+00:00 [queued]>
[2025-12-17T04:19:28.006+0000] {taskinstance.py:2170} INFO - Starting attempt 2 of 3
[2025-12-17T04:19:28.100+0000] {taskinstance.py:2191} INFO - Executing <Task(PythonOperator): transform> on 2024-03-21 00:00:00+00:00
[2025-12-17T04:19:28.112+0000] {standard_task_runner.py:60} INFO - Started process 633 to run task
[2025-12-17T04:19:28.122+0000] {standard_task_runner.py:87} INFO - Running: ['***', 'tasks', 'run', 'etl_***', 'transform', 'scheduled__2024-03-21T00:00:00+00:00', '--job-id', '128', '--raw', '--subdir', 'DAGS_FOLDER/etl_***.py', '--cfg-path', '/tmp/tmpbgxh73fn']
[2025-12-17T04:19:28.127+0000] {standard_task_runner.py:88} INFO - Job 128: Subtask transform
[2025-12-17T04:19:28.272+0000] {task_command.py:423} INFO - Running <TaskInstance: etl_airflow.transform scheduled__2024-03-21T00:00:00+00:00 [running]> on host c5811fe183ca
[2025-12-17T04:19:28.697+0000] {taskinstance.py:2480} INFO - Exporting env vars: AIRFLOW_CTX_DAG_OWNER='***' AIRFLOW_CTX_DAG_ID='etl_***' AIRFLOW_CTX_TASK_ID='transform' AIRFLOW_CTX_EXECUTION_DATE='2024-03-21T00:00:00+00:00' AIRFLOW_CTX_TRY_NUMBER='2' AIRFLOW_CTX_DAG_RUN_ID='scheduled__2024-03-21T00:00:00+00:00'
[2025-12-17T04:19:28.701+0000] {taskinstance.py:2698} ERROR - Task failed with exception
Traceback (most recent call last):
  File "/home/airflow/.local/lib/python3.8/site-packages/airflow/models/taskinstance.py", line 433, in _execute_task
    result = execute_callable(context=context, **execute_callable_kwargs)
  File "/home/airflow/.local/lib/python3.8/site-packages/airflow/operators/python.py", line 199, in execute
    return_value = self.execute_callable()
  File "/home/airflow/.local/lib/python3.8/site-packages/airflow/operators/python.py", line 216, in execute_callable
    return self.python_callable(*self.op_args, **self.op_kwargs)
TypeError: transform_data() missing 1 required positional argument: 'df'
[2025-12-17T04:19:28.716+0000] {taskinstance.py:1138} INFO - Marking task as UP_FOR_RETRY. dag_id=etl_***, task_id=transform, execution_date=20240321T000000, start_date=20251217T041927, end_date=20251217T041928
[2025-12-17T04:19:28.738+0000] {standard_task_runner.py:107} ERROR - Failed to execute job 128 for task transform (transform_data() missing 1 required positional argument: 'df'; 633)
[2025-12-17T04:19:28.778+0000] {local_task_job_runner.py:234} INFO - Task exited with return code 1
[2025-12-17T04:19:28.880+0000] {taskinstance.py:3280} INFO - 0 downstream tasks scheduled from follow-on schedule check
[2025-12-17T04:45:26.405+0000] {taskinstance.py:1956} INFO - Dependencies all met for dep_context=non-requeueable deps ti=<TaskInstance: etl_airflow.transform scheduled__2024-03-21T00:00:00+00:00 [queued]>
[2025-12-17T04:45:26.420+0000] {taskinstance.py:1956} INFO - Dependencies all met for dep_context=requeueable deps ti=<TaskInstance: etl_airflow.transform scheduled__2024-03-21T00:00:00+00:00 [queued]>
[2025-12-17T04:45:26.421+0000] {taskinstance.py:2170} INFO - Starting attempt 2 of 3
[2025-12-17T04:45:26.445+0000] {taskinstance.py:2191} INFO - Executing <Task(PythonOperator): transform> on 2024-03-21 00:00:00+00:00
[2025-12-17T04:45:26.455+0000] {standard_task_runner.py:60} INFO - Started process 1398 to run task
[2025-12-17T04:45:26.464+0000] {standard_task_runner.py:87} INFO - Running: ['***', 'tasks', 'run', 'etl_***', 'transform', 'scheduled__2024-03-21T00:00:00+00:00', '--job-id', '355', '--raw', '--subdir', 'DAGS_FOLDER/etl_***.py', '--cfg-path', '/tmp/tmphf2scztu']
[2025-12-17T04:45:26.468+0000] {standard_task_runner.py:88} INFO - Job 355: Subtask transform
[2025-12-17T04:45:26.583+0000] {task_command.py:423} INFO - Running <TaskInstance: etl_airflow.transform scheduled__2024-03-21T00:00:00+00:00 [running]> on host b3426f05ac70
[2025-12-17T04:45:26.943+0000] {taskinstance.py:2480} INFO - Exporting env vars: AIRFLOW_CTX_DAG_OWNER='***' AIRFLOW_CTX_DAG_ID='etl_***' AIRFLOW_CTX_TASK_ID='transform' AIRFLOW_CTX_EXECUTION_DATE='2024-03-21T00:00:00+00:00' AIRFLOW_CTX_TRY_NUMBER='2' AIRFLOW_CTX_DAG_RUN_ID='scheduled__2024-03-21T00:00:00+00:00'
[2025-12-17T04:45:26.945+0000] {taskinstance.py:2698} ERROR - Task failed with exception
Traceback (most recent call last):
  File "/home/airflow/.local/lib/python3.8/site-packages/airflow/models/taskinstance.py", line 433, in _execute_task
    result = execute_callable(context=context, **execute_callable_kwargs)
  File "/home/airflow/.local/lib/python3.8/site-packages/airflow/operators/python.py", line 199, in execute
    return_value = self.execute_callable()
  File "/home/airflow/.local/lib/python3.8/site-packages/airflow/operators/python.py", line 216, in execute_callable
    return self.python_callable(*self.op_args, **self.op_kwargs)
TypeError: transform_data() missing 1 required positional argument: 'df'
[2025-12-17T04:45:26.958+0000] {taskinstance.py:1138} INFO - Marking task as UP_FOR_RETRY. dag_id=etl_***, task_id=transform, execution_date=20240321T000000, start_date=20251217T044526, end_date=20251217T044526
[2025-12-17T04:45:26.977+0000] {standard_task_runner.py:107} ERROR - Failed to execute job 355 for task transform (transform_data() missing 1 required positional argument: 'df'; 1398)
[2025-12-17T04:45:26.994+0000] {local_task_job_runner.py:234} INFO - Task exited with return code 1
[2025-12-17T04:45:27.030+0000] {taskinstance.py:3280} INFO - 0 downstream tasks scheduled from follow-on schedule check
[2025-12-17T07:38:52.312+0000] {taskinstance.py:1956} INFO - Dependencies all met for dep_context=non-requeueable deps ti=<TaskInstance: etl_airflow.transform scheduled__2024-03-21T00:00:00+00:00 [queued]>
[2025-12-17T07:38:52.368+0000] {taskinstance.py:1956} INFO - Dependencies all met for dep_context=requeueable deps ti=<TaskInstance: etl_airflow.transform scheduled__2024-03-21T00:00:00+00:00 [queued]>
[2025-12-17T07:38:52.370+0000] {taskinstance.py:2170} INFO - Starting attempt 2 of 3
[2025-12-17T07:38:52.728+0000] {taskinstance.py:2191} INFO - Executing <Task(PythonOperator): transform> on 2024-03-21 00:00:00+00:00
[2025-12-17T07:38:52.739+0000] {standard_task_runner.py:60} INFO - Started process 1459 to run task
[2025-12-17T07:38:52.746+0000] {standard_task_runner.py:87} INFO - Running: ['***', 'tasks', 'run', 'etl_***', 'transform', 'scheduled__2024-03-21T00:00:00+00:00', '--job-id', '354', '--raw', '--subdir', 'DAGS_FOLDER/etl_***.py', '--cfg-path', '/tmp/tmp1c8dy9x3']
[2025-12-17T07:38:52.755+0000] {standard_task_runner.py:88} INFO - Job 354: Subtask transform
[2025-12-17T07:38:52.905+0000] {task_command.py:423} INFO - Running <TaskInstance: etl_airflow.transform scheduled__2024-03-21T00:00:00+00:00 [running]> on host 2a0de06c8905
[2025-12-17T07:38:53.401+0000] {taskinstance.py:2480} INFO - Exporting env vars: AIRFLOW_CTX_DAG_OWNER='***' AIRFLOW_CTX_DAG_ID='etl_***' AIRFLOW_CTX_TASK_ID='transform' AIRFLOW_CTX_EXECUTION_DATE='2024-03-21T00:00:00+00:00' AIRFLOW_CTX_TRY_NUMBER='2' AIRFLOW_CTX_DAG_RUN_ID='scheduled__2024-03-21T00:00:00+00:00'
[2025-12-17T07:38:53.405+0000] {taskinstance.py:2698} ERROR - Task failed with exception
Traceback (most recent call last):
  File "/home/airflow/.local/lib/python3.8/site-packages/airflow/models/taskinstance.py", line 433, in _execute_task
    result = execute_callable(context=context, **execute_callable_kwargs)
  File "/home/airflow/.local/lib/python3.8/site-packages/airflow/operators/python.py", line 199, in execute
    return_value = self.execute_callable()
  File "/home/airflow/.local/lib/python3.8/site-packages/airflow/operators/python.py", line 216, in execute_callable
    return self.python_callable(*self.op_args, **self.op_kwargs)
TypeError: transform_data() missing 1 required positional argument: 'df'
[2025-12-17T07:38:53.434+0000] {taskinstance.py:1138} INFO - Marking task as UP_FOR_RETRY. dag_id=etl_***, task_id=transform, execution_date=20240321T000000, start_date=20251217T073852, end_date=20251217T073853
[2025-12-17T07:38:53.468+0000] {standard_task_runner.py:107} ERROR - Failed to execute job 354 for task transform (transform_data() missing 1 required positional argument: 'df'; 1459)
[2025-12-17T07:38:53.529+0000] {local_task_job_runner.py:234} INFO - Task exited with return code 1
[2025-12-17T07:38:53.601+0000] {taskinstance.py:3280} INFO - 0 downstream tasks scheduled from follow-on schedule check
