[2025-12-17T04:54:28.326+0000] {taskinstance.py:1956} INFO - Dependencies all met for dep_context=non-requeueable deps ti=<TaskInstance: etl_airflow.transform scheduled__2024-11-22T00:00:00+00:00 [queued]>
[2025-12-17T04:54:28.344+0000] {taskinstance.py:1956} INFO - Dependencies all met for dep_context=requeueable deps ti=<TaskInstance: etl_airflow.transform scheduled__2024-11-22T00:00:00+00:00 [queued]>
[2025-12-17T04:54:28.345+0000] {taskinstance.py:2170} INFO - Starting attempt 3 of 3
[2025-12-17T04:54:28.369+0000] {taskinstance.py:2191} INFO - Executing <Task(PythonOperator): transform> on 2024-11-22 00:00:00+00:00
[2025-12-17T04:54:28.377+0000] {standard_task_runner.py:60} INFO - Started process 4640 to run task
[2025-12-17T04:54:28.384+0000] {standard_task_runner.py:87} INFO - Running: ['***', 'tasks', 'run', 'etl_***', 'transform', 'scheduled__2024-11-22T00:00:00+00:00', '--job-id', '1338', '--raw', '--subdir', 'DAGS_FOLDER/etl_***.py', '--cfg-path', '/tmp/tmpflta4t3n']
[2025-12-17T04:54:28.388+0000] {standard_task_runner.py:88} INFO - Job 1338: Subtask transform
[2025-12-17T04:54:28.519+0000] {task_command.py:423} INFO - Running <TaskInstance: etl_airflow.transform scheduled__2024-11-22T00:00:00+00:00 [running]> on host b3426f05ac70
[2025-12-17T04:54:29.042+0000] {taskinstance.py:2480} INFO - Exporting env vars: AIRFLOW_CTX_DAG_OWNER='***' AIRFLOW_CTX_DAG_ID='etl_***' AIRFLOW_CTX_TASK_ID='transform' AIRFLOW_CTX_EXECUTION_DATE='2024-11-22T00:00:00+00:00' AIRFLOW_CTX_TRY_NUMBER='3' AIRFLOW_CTX_DAG_RUN_ID='scheduled__2024-11-22T00:00:00+00:00'
[2025-12-17T04:54:29.045+0000] {taskinstance.py:2698} ERROR - Task failed with exception
Traceback (most recent call last):
  File "/home/airflow/.local/lib/python3.8/site-packages/airflow/models/taskinstance.py", line 433, in _execute_task
    result = execute_callable(context=context, **execute_callable_kwargs)
  File "/home/airflow/.local/lib/python3.8/site-packages/airflow/operators/python.py", line 199, in execute
    return_value = self.execute_callable()
  File "/home/airflow/.local/lib/python3.8/site-packages/airflow/operators/python.py", line 216, in execute_callable
    return self.python_callable(*self.op_args, **self.op_kwargs)
TypeError: transform_data() missing 1 required positional argument: 'df'
[2025-12-17T04:54:29.064+0000] {taskinstance.py:1138} INFO - Marking task as FAILED. dag_id=etl_***, task_id=transform, execution_date=20241122T000000, start_date=20251217T045428, end_date=20251217T045429
[2025-12-17T04:54:29.086+0000] {standard_task_runner.py:107} ERROR - Failed to execute job 1338 for task transform (transform_data() missing 1 required positional argument: 'df'; 4640)
[2025-12-17T04:54:29.123+0000] {local_task_job_runner.py:234} INFO - Task exited with return code 1
[2025-12-17T04:54:29.340+0000] {taskinstance.py:3280} INFO - 0 downstream tasks scheduled from follow-on schedule check
[2025-12-17T07:59:42.177+0000] {taskinstance.py:1956} INFO - Dependencies all met for dep_context=non-requeueable deps ti=<TaskInstance: etl_airflow.transform scheduled__2024-11-22T00:00:00+00:00 [queued]>
[2025-12-17T07:59:42.195+0000] {taskinstance.py:1956} INFO - Dependencies all met for dep_context=requeueable deps ti=<TaskInstance: etl_airflow.transform scheduled__2024-11-22T00:00:00+00:00 [queued]>
[2025-12-17T07:59:42.196+0000] {taskinstance.py:2170} INFO - Starting attempt 3 of 3
[2025-12-17T07:59:42.221+0000] {taskinstance.py:2191} INFO - Executing <Task(PythonOperator): transform> on 2024-11-22 00:00:00+00:00
[2025-12-17T07:59:42.230+0000] {standard_task_runner.py:60} INFO - Started process 4726 to run task
[2025-12-17T07:59:42.236+0000] {standard_task_runner.py:87} INFO - Running: ['***', 'tasks', 'run', 'etl_***', 'transform', 'scheduled__2024-11-22T00:00:00+00:00', '--job-id', '1337', '--raw', '--subdir', 'DAGS_FOLDER/etl_***.py', '--cfg-path', '/tmp/tmpgphvred3']
[2025-12-17T07:59:42.240+0000] {standard_task_runner.py:88} INFO - Job 1337: Subtask transform
[2025-12-17T07:59:42.372+0000] {task_command.py:423} INFO - Running <TaskInstance: etl_airflow.transform scheduled__2024-11-22T00:00:00+00:00 [running]> on host 2a0de06c8905
[2025-12-17T07:59:42.786+0000] {taskinstance.py:2480} INFO - Exporting env vars: AIRFLOW_CTX_DAG_OWNER='***' AIRFLOW_CTX_DAG_ID='etl_***' AIRFLOW_CTX_TASK_ID='transform' AIRFLOW_CTX_EXECUTION_DATE='2024-11-22T00:00:00+00:00' AIRFLOW_CTX_TRY_NUMBER='3' AIRFLOW_CTX_DAG_RUN_ID='scheduled__2024-11-22T00:00:00+00:00'
[2025-12-17T07:59:42.788+0000] {taskinstance.py:2698} ERROR - Task failed with exception
Traceback (most recent call last):
  File "/home/airflow/.local/lib/python3.8/site-packages/airflow/models/taskinstance.py", line 433, in _execute_task
    result = execute_callable(context=context, **execute_callable_kwargs)
  File "/home/airflow/.local/lib/python3.8/site-packages/airflow/operators/python.py", line 199, in execute
    return_value = self.execute_callable()
  File "/home/airflow/.local/lib/python3.8/site-packages/airflow/operators/python.py", line 216, in execute_callable
    return self.python_callable(*self.op_args, **self.op_kwargs)
TypeError: transform_data() missing 1 required positional argument: 'df'
[2025-12-17T07:59:42.805+0000] {taskinstance.py:1138} INFO - Marking task as FAILED. dag_id=etl_***, task_id=transform, execution_date=20241122T000000, start_date=20251217T075942, end_date=20251217T075942
[2025-12-17T07:59:42.830+0000] {standard_task_runner.py:107} ERROR - Failed to execute job 1337 for task transform (transform_data() missing 1 required positional argument: 'df'; 4726)
[2025-12-17T07:59:42.852+0000] {local_task_job_runner.py:234} INFO - Task exited with return code 1
[2025-12-17T07:59:42.898+0000] {taskinstance.py:3280} INFO - 0 downstream tasks scheduled from follow-on schedule check
