[2025-12-17T04:54:15.356+0000] {taskinstance.py:1956} INFO - Dependencies all met for dep_context=non-requeueable deps ti=<TaskInstance: etl_airflow.transform scheduled__2024-11-22T00:00:00+00:00 [queued]>
[2025-12-17T04:54:15.371+0000] {taskinstance.py:1956} INFO - Dependencies all met for dep_context=requeueable deps ti=<TaskInstance: etl_airflow.transform scheduled__2024-11-22T00:00:00+00:00 [queued]>
[2025-12-17T04:54:15.372+0000] {taskinstance.py:2170} INFO - Starting attempt 2 of 3
[2025-12-17T04:54:15.454+0000] {taskinstance.py:2191} INFO - Executing <Task(PythonOperator): transform> on 2024-11-22 00:00:00+00:00
[2025-12-17T04:54:15.464+0000] {standard_task_runner.py:60} INFO - Started process 4585 to run task
[2025-12-17T04:54:15.470+0000] {standard_task_runner.py:87} INFO - Running: ['***', 'tasks', 'run', 'etl_***', 'transform', 'scheduled__2024-11-22T00:00:00+00:00', '--job-id', '1320', '--raw', '--subdir', 'DAGS_FOLDER/etl_***.py', '--cfg-path', '/tmp/tmpj3eh77ld']
[2025-12-17T04:54:15.473+0000] {standard_task_runner.py:88} INFO - Job 1320: Subtask transform
[2025-12-17T04:54:15.579+0000] {task_command.py:423} INFO - Running <TaskInstance: etl_airflow.transform scheduled__2024-11-22T00:00:00+00:00 [running]> on host b3426f05ac70
[2025-12-17T04:54:15.952+0000] {taskinstance.py:2480} INFO - Exporting env vars: AIRFLOW_CTX_DAG_OWNER='***' AIRFLOW_CTX_DAG_ID='etl_***' AIRFLOW_CTX_TASK_ID='transform' AIRFLOW_CTX_EXECUTION_DATE='2024-11-22T00:00:00+00:00' AIRFLOW_CTX_TRY_NUMBER='2' AIRFLOW_CTX_DAG_RUN_ID='scheduled__2024-11-22T00:00:00+00:00'
[2025-12-17T04:54:15.954+0000] {taskinstance.py:2698} ERROR - Task failed with exception
Traceback (most recent call last):
  File "/home/airflow/.local/lib/python3.8/site-packages/airflow/models/taskinstance.py", line 433, in _execute_task
    result = execute_callable(context=context, **execute_callable_kwargs)
  File "/home/airflow/.local/lib/python3.8/site-packages/airflow/operators/python.py", line 199, in execute
    return_value = self.execute_callable()
  File "/home/airflow/.local/lib/python3.8/site-packages/airflow/operators/python.py", line 216, in execute_callable
    return self.python_callable(*self.op_args, **self.op_kwargs)
TypeError: transform_data() missing 1 required positional argument: 'df'
[2025-12-17T04:54:15.970+0000] {taskinstance.py:1138} INFO - Marking task as UP_FOR_RETRY. dag_id=etl_***, task_id=transform, execution_date=20241122T000000, start_date=20251217T045415, end_date=20251217T045415
[2025-12-17T04:54:16.019+0000] {standard_task_runner.py:107} ERROR - Failed to execute job 1320 for task transform (transform_data() missing 1 required positional argument: 'df'; 4585)
[2025-12-17T04:54:16.046+0000] {local_task_job_runner.py:234} INFO - Task exited with return code 1
[2025-12-17T04:54:16.085+0000] {taskinstance.py:3280} INFO - 0 downstream tasks scheduled from follow-on schedule check
[2025-12-17T07:59:29.978+0000] {taskinstance.py:1956} INFO - Dependencies all met for dep_context=non-requeueable deps ti=<TaskInstance: etl_airflow.transform scheduled__2024-11-22T00:00:00+00:00 [queued]>
[2025-12-17T07:59:30.010+0000] {taskinstance.py:1956} INFO - Dependencies all met for dep_context=requeueable deps ti=<TaskInstance: etl_airflow.transform scheduled__2024-11-22T00:00:00+00:00 [queued]>
[2025-12-17T07:59:30.017+0000] {taskinstance.py:2170} INFO - Starting attempt 2 of 3
[2025-12-17T07:59:30.047+0000] {taskinstance.py:2191} INFO - Executing <Task(PythonOperator): transform> on 2024-11-22 00:00:00+00:00
[2025-12-17T07:59:30.066+0000] {standard_task_runner.py:60} INFO - Started process 4679 to run task
[2025-12-17T07:59:30.073+0000] {standard_task_runner.py:87} INFO - Running: ['***', 'tasks', 'run', 'etl_***', 'transform', 'scheduled__2024-11-22T00:00:00+00:00', '--job-id', '1321', '--raw', '--subdir', 'DAGS_FOLDER/etl_***.py', '--cfg-path', '/tmp/tmp66uv31dq']
[2025-12-17T07:59:30.082+0000] {standard_task_runner.py:88} INFO - Job 1321: Subtask transform
[2025-12-17T07:59:30.313+0000] {task_command.py:423} INFO - Running <TaskInstance: etl_airflow.transform scheduled__2024-11-22T00:00:00+00:00 [running]> on host 2a0de06c8905
[2025-12-17T07:59:30.764+0000] {taskinstance.py:2480} INFO - Exporting env vars: AIRFLOW_CTX_DAG_OWNER='***' AIRFLOW_CTX_DAG_ID='etl_***' AIRFLOW_CTX_TASK_ID='transform' AIRFLOW_CTX_EXECUTION_DATE='2024-11-22T00:00:00+00:00' AIRFLOW_CTX_TRY_NUMBER='2' AIRFLOW_CTX_DAG_RUN_ID='scheduled__2024-11-22T00:00:00+00:00'
[2025-12-17T07:59:30.771+0000] {taskinstance.py:2698} ERROR - Task failed with exception
Traceback (most recent call last):
  File "/home/airflow/.local/lib/python3.8/site-packages/airflow/models/taskinstance.py", line 433, in _execute_task
    result = execute_callable(context=context, **execute_callable_kwargs)
  File "/home/airflow/.local/lib/python3.8/site-packages/airflow/operators/python.py", line 199, in execute
    return_value = self.execute_callable()
  File "/home/airflow/.local/lib/python3.8/site-packages/airflow/operators/python.py", line 216, in execute_callable
    return self.python_callable(*self.op_args, **self.op_kwargs)
TypeError: transform_data() missing 1 required positional argument: 'df'
[2025-12-17T07:59:30.789+0000] {taskinstance.py:1138} INFO - Marking task as UP_FOR_RETRY. dag_id=etl_***, task_id=transform, execution_date=20241122T000000, start_date=20251217T075929, end_date=20251217T075930
[2025-12-17T07:59:30.813+0000] {standard_task_runner.py:107} ERROR - Failed to execute job 1321 for task transform (transform_data() missing 1 required positional argument: 'df'; 4679)
[2025-12-17T07:59:30.858+0000] {local_task_job_runner.py:234} INFO - Task exited with return code 1
[2025-12-17T07:59:30.995+0000] {taskinstance.py:3280} INFO - 0 downstream tasks scheduled from follow-on schedule check
