[2025-12-17T04:54:28.349+0000] {taskinstance.py:1956} INFO - Dependencies all met for dep_context=non-requeueable deps ti=<TaskInstance: etl_airflow.transform scheduled__2024-11-27T00:00:00+00:00 [queued]>
[2025-12-17T04:54:28.370+0000] {taskinstance.py:1956} INFO - Dependencies all met for dep_context=requeueable deps ti=<TaskInstance: etl_airflow.transform scheduled__2024-11-27T00:00:00+00:00 [queued]>
[2025-12-17T04:54:28.372+0000] {taskinstance.py:2170} INFO - Starting attempt 3 of 3
[2025-12-17T04:54:28.399+0000] {taskinstance.py:2191} INFO - Executing <Task(PythonOperator): transform> on 2024-11-27 00:00:00+00:00
[2025-12-17T04:54:28.411+0000] {standard_task_runner.py:60} INFO - Started process 4643 to run task
[2025-12-17T04:54:28.417+0000] {standard_task_runner.py:87} INFO - Running: ['***', 'tasks', 'run', 'etl_***', 'transform', 'scheduled__2024-11-27T00:00:00+00:00', '--job-id', '1340', '--raw', '--subdir', 'DAGS_FOLDER/etl_***.py', '--cfg-path', '/tmp/tmpunyrdwum']
[2025-12-17T04:54:28.420+0000] {standard_task_runner.py:88} INFO - Job 1340: Subtask transform
[2025-12-17T04:54:28.550+0000] {task_command.py:423} INFO - Running <TaskInstance: etl_airflow.transform scheduled__2024-11-27T00:00:00+00:00 [running]> on host b3426f05ac70
[2025-12-17T04:54:29.060+0000] {taskinstance.py:2480} INFO - Exporting env vars: AIRFLOW_CTX_DAG_OWNER='***' AIRFLOW_CTX_DAG_ID='etl_***' AIRFLOW_CTX_TASK_ID='transform' AIRFLOW_CTX_EXECUTION_DATE='2024-11-27T00:00:00+00:00' AIRFLOW_CTX_TRY_NUMBER='3' AIRFLOW_CTX_DAG_RUN_ID='scheduled__2024-11-27T00:00:00+00:00'
[2025-12-17T04:54:29.063+0000] {taskinstance.py:2698} ERROR - Task failed with exception
Traceback (most recent call last):
  File "/home/airflow/.local/lib/python3.8/site-packages/airflow/models/taskinstance.py", line 433, in _execute_task
    result = execute_callable(context=context, **execute_callable_kwargs)
  File "/home/airflow/.local/lib/python3.8/site-packages/airflow/operators/python.py", line 199, in execute
    return_value = self.execute_callable()
  File "/home/airflow/.local/lib/python3.8/site-packages/airflow/operators/python.py", line 216, in execute_callable
    return self.python_callable(*self.op_args, **self.op_kwargs)
TypeError: transform_data() missing 1 required positional argument: 'df'
[2025-12-17T04:54:29.094+0000] {taskinstance.py:1138} INFO - Marking task as FAILED. dag_id=etl_***, task_id=transform, execution_date=20241127T000000, start_date=20251217T045428, end_date=20251217T045429
[2025-12-17T04:54:29.122+0000] {standard_task_runner.py:107} ERROR - Failed to execute job 1340 for task transform (transform_data() missing 1 required positional argument: 'df'; 4643)
[2025-12-17T04:54:29.156+0000] {local_task_job_runner.py:234} INFO - Task exited with return code 1
[2025-12-17T04:54:29.322+0000] {taskinstance.py:3280} INFO - 0 downstream tasks scheduled from follow-on schedule check
[2025-12-17T07:59:45.176+0000] {taskinstance.py:1956} INFO - Dependencies all met for dep_context=non-requeueable deps ti=<TaskInstance: etl_airflow.transform scheduled__2024-11-27T00:00:00+00:00 [queued]>
[2025-12-17T07:59:45.224+0000] {taskinstance.py:1956} INFO - Dependencies all met for dep_context=requeueable deps ti=<TaskInstance: etl_airflow.transform scheduled__2024-11-27T00:00:00+00:00 [queued]>
[2025-12-17T07:59:45.226+0000] {taskinstance.py:2170} INFO - Starting attempt 3 of 3
[2025-12-17T07:59:45.255+0000] {taskinstance.py:2191} INFO - Executing <Task(PythonOperator): transform> on 2024-11-27 00:00:00+00:00
[2025-12-17T07:59:45.268+0000] {standard_task_runner.py:60} INFO - Started process 4738 to run task
[2025-12-17T07:59:45.275+0000] {standard_task_runner.py:87} INFO - Running: ['***', 'tasks', 'run', 'etl_***', 'transform', 'scheduled__2024-11-27T00:00:00+00:00', '--job-id', '1345', '--raw', '--subdir', 'DAGS_FOLDER/etl_***.py', '--cfg-path', '/tmp/tmpvzq4lnm6']
[2025-12-17T07:59:45.281+0000] {standard_task_runner.py:88} INFO - Job 1345: Subtask transform
[2025-12-17T07:59:45.507+0000] {task_command.py:423} INFO - Running <TaskInstance: etl_airflow.transform scheduled__2024-11-27T00:00:00+00:00 [running]> on host 2a0de06c8905
[2025-12-17T07:59:46.149+0000] {taskinstance.py:2480} INFO - Exporting env vars: AIRFLOW_CTX_DAG_OWNER='***' AIRFLOW_CTX_DAG_ID='etl_***' AIRFLOW_CTX_TASK_ID='transform' AIRFLOW_CTX_EXECUTION_DATE='2024-11-27T00:00:00+00:00' AIRFLOW_CTX_TRY_NUMBER='3' AIRFLOW_CTX_DAG_RUN_ID='scheduled__2024-11-27T00:00:00+00:00'
[2025-12-17T07:59:46.187+0000] {taskinstance.py:2698} ERROR - Task failed with exception
Traceback (most recent call last):
  File "/home/airflow/.local/lib/python3.8/site-packages/airflow/models/taskinstance.py", line 433, in _execute_task
    result = execute_callable(context=context, **execute_callable_kwargs)
  File "/home/airflow/.local/lib/python3.8/site-packages/airflow/operators/python.py", line 199, in execute
    return_value = self.execute_callable()
  File "/home/airflow/.local/lib/python3.8/site-packages/airflow/operators/python.py", line 216, in execute_callable
    return self.python_callable(*self.op_args, **self.op_kwargs)
TypeError: transform_data() missing 1 required positional argument: 'df'
[2025-12-17T07:59:46.229+0000] {taskinstance.py:1138} INFO - Marking task as FAILED. dag_id=etl_***, task_id=transform, execution_date=20241127T000000, start_date=20251217T075945, end_date=20251217T075946
[2025-12-17T07:59:46.266+0000] {standard_task_runner.py:107} ERROR - Failed to execute job 1345 for task transform (transform_data() missing 1 required positional argument: 'df'; 4738)
[2025-12-17T07:59:46.305+0000] {local_task_job_runner.py:234} INFO - Task exited with return code 1
[2025-12-17T07:59:46.412+0000] {taskinstance.py:3280} INFO - 0 downstream tasks scheduled from follow-on schedule check
