[2025-12-17T04:54:15.651+0000] {taskinstance.py:1956} INFO - Dependencies all met for dep_context=non-requeueable deps ti=<TaskInstance: etl_airflow.transform scheduled__2024-11-27T00:00:00+00:00 [queued]>
[2025-12-17T04:54:15.666+0000] {taskinstance.py:1956} INFO - Dependencies all met for dep_context=requeueable deps ti=<TaskInstance: etl_airflow.transform scheduled__2024-11-27T00:00:00+00:00 [queued]>
[2025-12-17T04:54:15.668+0000] {taskinstance.py:2170} INFO - Starting attempt 2 of 3
[2025-12-17T04:54:15.724+0000] {taskinstance.py:2191} INFO - Executing <Task(PythonOperator): transform> on 2024-11-27 00:00:00+00:00
[2025-12-17T04:54:15.734+0000] {standard_task_runner.py:60} INFO - Started process 4592 to run task
[2025-12-17T04:54:15.740+0000] {standard_task_runner.py:87} INFO - Running: ['***', 'tasks', 'run', 'etl_***', 'transform', 'scheduled__2024-11-27T00:00:00+00:00', '--job-id', '1325', '--raw', '--subdir', 'DAGS_FOLDER/etl_***.py', '--cfg-path', '/tmp/tmpzwz71a6g']
[2025-12-17T04:54:15.744+0000] {standard_task_runner.py:88} INFO - Job 1325: Subtask transform
[2025-12-17T04:54:15.870+0000] {task_command.py:423} INFO - Running <TaskInstance: etl_airflow.transform scheduled__2024-11-27T00:00:00+00:00 [running]> on host b3426f05ac70
[2025-12-17T04:54:16.226+0000] {taskinstance.py:2480} INFO - Exporting env vars: AIRFLOW_CTX_DAG_OWNER='***' AIRFLOW_CTX_DAG_ID='etl_***' AIRFLOW_CTX_TASK_ID='transform' AIRFLOW_CTX_EXECUTION_DATE='2024-11-27T00:00:00+00:00' AIRFLOW_CTX_TRY_NUMBER='2' AIRFLOW_CTX_DAG_RUN_ID='scheduled__2024-11-27T00:00:00+00:00'
[2025-12-17T04:54:16.228+0000] {taskinstance.py:2698} ERROR - Task failed with exception
Traceback (most recent call last):
  File "/home/airflow/.local/lib/python3.8/site-packages/airflow/models/taskinstance.py", line 433, in _execute_task
    result = execute_callable(context=context, **execute_callable_kwargs)
  File "/home/airflow/.local/lib/python3.8/site-packages/airflow/operators/python.py", line 199, in execute
    return_value = self.execute_callable()
  File "/home/airflow/.local/lib/python3.8/site-packages/airflow/operators/python.py", line 216, in execute_callable
    return self.python_callable(*self.op_args, **self.op_kwargs)
TypeError: transform_data() missing 1 required positional argument: 'df'
[2025-12-17T04:54:16.242+0000] {taskinstance.py:1138} INFO - Marking task as UP_FOR_RETRY. dag_id=etl_***, task_id=transform, execution_date=20241127T000000, start_date=20251217T045415, end_date=20251217T045416
[2025-12-17T04:54:16.260+0000] {standard_task_runner.py:107} ERROR - Failed to execute job 1325 for task transform (transform_data() missing 1 required positional argument: 'df'; 4592)
[2025-12-17T04:54:16.316+0000] {local_task_job_runner.py:234} INFO - Task exited with return code 1
[2025-12-17T04:54:16.348+0000] {taskinstance.py:3280} INFO - 0 downstream tasks scheduled from follow-on schedule check
[2025-12-17T07:59:32.141+0000] {taskinstance.py:1956} INFO - Dependencies all met for dep_context=non-requeueable deps ti=<TaskInstance: etl_airflow.transform scheduled__2024-11-27T00:00:00+00:00 [queued]>
[2025-12-17T07:59:32.168+0000] {taskinstance.py:1956} INFO - Dependencies all met for dep_context=requeueable deps ti=<TaskInstance: etl_airflow.transform scheduled__2024-11-27T00:00:00+00:00 [queued]>
[2025-12-17T07:59:32.173+0000] {taskinstance.py:2170} INFO - Starting attempt 2 of 3
[2025-12-17T07:59:32.212+0000] {taskinstance.py:2191} INFO - Executing <Task(PythonOperator): transform> on 2024-11-27 00:00:00+00:00
[2025-12-17T07:59:32.222+0000] {standard_task_runner.py:60} INFO - Started process 4690 to run task
[2025-12-17T07:59:32.227+0000] {standard_task_runner.py:87} INFO - Running: ['***', 'tasks', 'run', 'etl_***', 'transform', 'scheduled__2024-11-27T00:00:00+00:00', '--job-id', '1329', '--raw', '--subdir', 'DAGS_FOLDER/etl_***.py', '--cfg-path', '/tmp/tmpfpiefbn9']
[2025-12-17T07:59:32.235+0000] {standard_task_runner.py:88} INFO - Job 1329: Subtask transform
[2025-12-17T07:59:32.409+0000] {task_command.py:423} INFO - Running <TaskInstance: etl_airflow.transform scheduled__2024-11-27T00:00:00+00:00 [running]> on host 2a0de06c8905
[2025-12-17T07:59:32.917+0000] {taskinstance.py:2480} INFO - Exporting env vars: AIRFLOW_CTX_DAG_OWNER='***' AIRFLOW_CTX_DAG_ID='etl_***' AIRFLOW_CTX_TASK_ID='transform' AIRFLOW_CTX_EXECUTION_DATE='2024-11-27T00:00:00+00:00' AIRFLOW_CTX_TRY_NUMBER='2' AIRFLOW_CTX_DAG_RUN_ID='scheduled__2024-11-27T00:00:00+00:00'
[2025-12-17T07:59:32.921+0000] {taskinstance.py:2698} ERROR - Task failed with exception
Traceback (most recent call last):
  File "/home/airflow/.local/lib/python3.8/site-packages/airflow/models/taskinstance.py", line 433, in _execute_task
    result = execute_callable(context=context, **execute_callable_kwargs)
  File "/home/airflow/.local/lib/python3.8/site-packages/airflow/operators/python.py", line 199, in execute
    return_value = self.execute_callable()
  File "/home/airflow/.local/lib/python3.8/site-packages/airflow/operators/python.py", line 216, in execute_callable
    return self.python_callable(*self.op_args, **self.op_kwargs)
TypeError: transform_data() missing 1 required positional argument: 'df'
[2025-12-17T07:59:32.937+0000] {taskinstance.py:1138} INFO - Marking task as UP_FOR_RETRY. dag_id=etl_***, task_id=transform, execution_date=20241127T000000, start_date=20251217T075932, end_date=20251217T075932
[2025-12-17T07:59:32.961+0000] {standard_task_runner.py:107} ERROR - Failed to execute job 1329 for task transform (transform_data() missing 1 required positional argument: 'df'; 4690)
[2025-12-17T07:59:33.007+0000] {local_task_job_runner.py:234} INFO - Task exited with return code 1
[2025-12-17T07:59:33.060+0000] {taskinstance.py:3280} INFO - 0 downstream tasks scheduled from follow-on schedule check
