[2025-12-17T04:20:40.088+0000] {taskinstance.py:1956} INFO - Dependencies all met for dep_context=non-requeueable deps ti=<TaskInstance: etl_airflow.transform scheduled__2024-06-01T00:00:00+00:00 [queued]>
[2025-12-17T04:20:40.127+0000] {taskinstance.py:1956} INFO - Dependencies all met for dep_context=requeueable deps ti=<TaskInstance: etl_airflow.transform scheduled__2024-06-01T00:00:00+00:00 [queued]>
[2025-12-17T04:20:40.131+0000] {taskinstance.py:2170} INFO - Starting attempt 3 of 3
[2025-12-17T04:20:40.169+0000] {taskinstance.py:2191} INFO - Executing <Task(PythonOperator): transform> on 2024-06-01 00:00:00+00:00
[2025-12-17T04:20:40.180+0000] {standard_task_runner.py:60} INFO - Started process 1074 to run task
[2025-12-17T04:20:40.184+0000] {standard_task_runner.py:87} INFO - Running: ['***', 'tasks', 'run', 'etl_***', 'transform', 'scheduled__2024-06-01T00:00:00+00:00', '--job-id', '264', '--raw', '--subdir', 'DAGS_FOLDER/etl_***.py', '--cfg-path', '/tmp/tmp62ip0r9c']
[2025-12-17T04:20:40.188+0000] {standard_task_runner.py:88} INFO - Job 264: Subtask transform
[2025-12-17T04:20:40.303+0000] {task_command.py:423} INFO - Running <TaskInstance: etl_airflow.transform scheduled__2024-06-01T00:00:00+00:00 [running]> on host c5811fe183ca
[2025-12-17T04:20:40.628+0000] {taskinstance.py:2480} INFO - Exporting env vars: AIRFLOW_CTX_DAG_OWNER='***' AIRFLOW_CTX_DAG_ID='etl_***' AIRFLOW_CTX_TASK_ID='transform' AIRFLOW_CTX_EXECUTION_DATE='2024-06-01T00:00:00+00:00' AIRFLOW_CTX_TRY_NUMBER='3' AIRFLOW_CTX_DAG_RUN_ID='scheduled__2024-06-01T00:00:00+00:00'
[2025-12-17T04:20:40.630+0000] {taskinstance.py:2698} ERROR - Task failed with exception
Traceback (most recent call last):
  File "/home/airflow/.local/lib/python3.8/site-packages/airflow/models/taskinstance.py", line 433, in _execute_task
    result = execute_callable(context=context, **execute_callable_kwargs)
  File "/home/airflow/.local/lib/python3.8/site-packages/airflow/operators/python.py", line 199, in execute
    return_value = self.execute_callable()
  File "/home/airflow/.local/lib/python3.8/site-packages/airflow/operators/python.py", line 216, in execute_callable
    return self.python_callable(*self.op_args, **self.op_kwargs)
TypeError: transform_data() missing 1 required positional argument: 'df'
[2025-12-17T04:20:40.640+0000] {taskinstance.py:1138} INFO - Marking task as FAILED. dag_id=etl_***, task_id=transform, execution_date=20240601T000000, start_date=20251217T042040, end_date=20251217T042040
[2025-12-17T04:20:40.653+0000] {standard_task_runner.py:107} ERROR - Failed to execute job 264 for task transform (transform_data() missing 1 required positional argument: 'df'; 1074)
[2025-12-17T04:20:40.682+0000] {local_task_job_runner.py:234} INFO - Task exited with return code 1
[2025-12-17T04:20:40.718+0000] {taskinstance.py:3280} INFO - 0 downstream tasks scheduled from follow-on schedule check
[2025-12-17T04:48:05.381+0000] {taskinstance.py:1956} INFO - Dependencies all met for dep_context=non-requeueable deps ti=<TaskInstance: etl_airflow.transform scheduled__2024-06-01T00:00:00+00:00 [queued]>
[2025-12-17T04:48:05.398+0000] {taskinstance.py:1956} INFO - Dependencies all met for dep_context=requeueable deps ti=<TaskInstance: etl_airflow.transform scheduled__2024-06-01T00:00:00+00:00 [queued]>
[2025-12-17T04:48:05.404+0000] {taskinstance.py:2170} INFO - Starting attempt 3 of 3
[2025-12-17T04:48:05.432+0000] {taskinstance.py:2191} INFO - Executing <Task(PythonOperator): transform> on 2024-06-01 00:00:00+00:00
[2025-12-17T04:48:05.448+0000] {standard_task_runner.py:60} INFO - Started process 2319 to run task
[2025-12-17T04:48:05.453+0000] {standard_task_runner.py:87} INFO - Running: ['***', 'tasks', 'run', 'etl_***', 'transform', 'scheduled__2024-06-01T00:00:00+00:00', '--job-id', '632', '--raw', '--subdir', 'DAGS_FOLDER/etl_***.py', '--cfg-path', '/tmp/tmpmkaap24m']
[2025-12-17T04:48:05.476+0000] {standard_task_runner.py:88} INFO - Job 632: Subtask transform
[2025-12-17T04:48:05.681+0000] {task_command.py:423} INFO - Running <TaskInstance: etl_airflow.transform scheduled__2024-06-01T00:00:00+00:00 [running]> on host b3426f05ac70
[2025-12-17T04:48:06.134+0000] {taskinstance.py:2480} INFO - Exporting env vars: AIRFLOW_CTX_DAG_OWNER='***' AIRFLOW_CTX_DAG_ID='etl_***' AIRFLOW_CTX_TASK_ID='transform' AIRFLOW_CTX_EXECUTION_DATE='2024-06-01T00:00:00+00:00' AIRFLOW_CTX_TRY_NUMBER='3' AIRFLOW_CTX_DAG_RUN_ID='scheduled__2024-06-01T00:00:00+00:00'
[2025-12-17T04:48:06.146+0000] {taskinstance.py:2698} ERROR - Task failed with exception
Traceback (most recent call last):
  File "/home/airflow/.local/lib/python3.8/site-packages/airflow/models/taskinstance.py", line 433, in _execute_task
    result = execute_callable(context=context, **execute_callable_kwargs)
  File "/home/airflow/.local/lib/python3.8/site-packages/airflow/operators/python.py", line 199, in execute
    return_value = self.execute_callable()
  File "/home/airflow/.local/lib/python3.8/site-packages/airflow/operators/python.py", line 216, in execute_callable
    return self.python_callable(*self.op_args, **self.op_kwargs)
TypeError: transform_data() missing 1 required positional argument: 'df'
[2025-12-17T04:48:06.165+0000] {taskinstance.py:1138} INFO - Marking task as FAILED. dag_id=etl_***, task_id=transform, execution_date=20240601T000000, start_date=20251217T044805, end_date=20251217T044806
[2025-12-17T04:48:06.191+0000] {standard_task_runner.py:107} ERROR - Failed to execute job 632 for task transform (transform_data() missing 1 required positional argument: 'df'; 2319)
[2025-12-17T04:48:06.241+0000] {local_task_job_runner.py:234} INFO - Task exited with return code 1
[2025-12-17T04:48:06.311+0000] {taskinstance.py:3280} INFO - 0 downstream tasks scheduled from follow-on schedule check
[2025-12-17T07:41:37.174+0000] {taskinstance.py:1956} INFO - Dependencies all met for dep_context=non-requeueable deps ti=<TaskInstance: etl_airflow.transform scheduled__2024-06-01T00:00:00+00:00 [queued]>
[2025-12-17T07:41:37.203+0000] {taskinstance.py:1956} INFO - Dependencies all met for dep_context=requeueable deps ti=<TaskInstance: etl_airflow.transform scheduled__2024-06-01T00:00:00+00:00 [queued]>
[2025-12-17T07:41:37.210+0000] {taskinstance.py:2170} INFO - Starting attempt 3 of 3
[2025-12-17T07:41:37.243+0000] {taskinstance.py:2191} INFO - Executing <Task(PythonOperator): transform> on 2024-06-01 00:00:00+00:00
[2025-12-17T07:41:37.254+0000] {standard_task_runner.py:60} INFO - Started process 2390 to run task
[2025-12-17T07:41:37.261+0000] {standard_task_runner.py:87} INFO - Running: ['***', 'tasks', 'run', 'etl_***', 'transform', 'scheduled__2024-06-01T00:00:00+00:00', '--job-id', '639', '--raw', '--subdir', 'DAGS_FOLDER/etl_***.py', '--cfg-path', '/tmp/tmp1jrs28vr']
[2025-12-17T07:41:37.268+0000] {standard_task_runner.py:88} INFO - Job 639: Subtask transform
[2025-12-17T07:41:37.406+0000] {task_command.py:423} INFO - Running <TaskInstance: etl_airflow.transform scheduled__2024-06-01T00:00:00+00:00 [running]> on host 2a0de06c8905
[2025-12-17T07:41:37.837+0000] {taskinstance.py:2480} INFO - Exporting env vars: AIRFLOW_CTX_DAG_OWNER='***' AIRFLOW_CTX_DAG_ID='etl_***' AIRFLOW_CTX_TASK_ID='transform' AIRFLOW_CTX_EXECUTION_DATE='2024-06-01T00:00:00+00:00' AIRFLOW_CTX_TRY_NUMBER='3' AIRFLOW_CTX_DAG_RUN_ID='scheduled__2024-06-01T00:00:00+00:00'
[2025-12-17T07:41:37.840+0000] {taskinstance.py:2698} ERROR - Task failed with exception
Traceback (most recent call last):
  File "/home/airflow/.local/lib/python3.8/site-packages/airflow/models/taskinstance.py", line 433, in _execute_task
    result = execute_callable(context=context, **execute_callable_kwargs)
  File "/home/airflow/.local/lib/python3.8/site-packages/airflow/operators/python.py", line 199, in execute
    return_value = self.execute_callable()
  File "/home/airflow/.local/lib/python3.8/site-packages/airflow/operators/python.py", line 216, in execute_callable
    return self.python_callable(*self.op_args, **self.op_kwargs)
TypeError: transform_data() missing 1 required positional argument: 'df'
[2025-12-17T07:41:37.856+0000] {taskinstance.py:1138} INFO - Marking task as FAILED. dag_id=etl_***, task_id=transform, execution_date=20240601T000000, start_date=20251217T074137, end_date=20251217T074137
[2025-12-17T07:41:37.880+0000] {standard_task_runner.py:107} ERROR - Failed to execute job 639 for task transform (transform_data() missing 1 required positional argument: 'df'; 2390)
[2025-12-17T07:41:37.918+0000] {local_task_job_runner.py:234} INFO - Task exited with return code 1
[2025-12-17T07:41:37.988+0000] {taskinstance.py:3280} INFO - 0 downstream tasks scheduled from follow-on schedule check
