[2025-12-16T17:22:12.994+0000] {taskinstance.py:1956} INFO - Dependencies all met for dep_context=non-requeueable deps ti=<TaskInstance: etl_airflow.transform scheduled__2024-03-23T00:00:00+00:00 [queued]>
[2025-12-16T17:22:13.025+0000] {taskinstance.py:1956} INFO - Dependencies all met for dep_context=requeueable deps ti=<TaskInstance: etl_airflow.transform scheduled__2024-03-23T00:00:00+00:00 [queued]>
[2025-12-16T17:22:13.028+0000] {taskinstance.py:2170} INFO - Starting attempt 3 of 5
[2025-12-16T17:22:13.065+0000] {taskinstance.py:2191} INFO - Executing <Task(PythonOperator): transform> on 2024-03-23 00:00:00+00:00
[2025-12-16T17:22:13.083+0000] {standard_task_runner.py:60} INFO - Started process 6313 to run task
[2025-12-16T17:22:13.094+0000] {standard_task_runner.py:87} INFO - Running: ['***', 'tasks', 'run', 'etl_***', 'transform', 'scheduled__2024-03-23T00:00:00+00:00', '--job-id', '6079', '--raw', '--subdir', 'DAGS_FOLDER/etl_dag.py', '--cfg-path', '/tmp/tmpnei9bpfu']
[2025-12-16T17:22:13.102+0000] {standard_task_runner.py:88} INFO - Job 6079: Subtask transform
[2025-12-16T17:22:13.296+0000] {task_command.py:423} INFO - Running <TaskInstance: etl_airflow.transform scheduled__2024-03-23T00:00:00+00:00 [running]> on host 3b89cfee50e9
[2025-12-16T17:22:13.611+0000] {taskinstance.py:2480} INFO - Exporting env vars: AIRFLOW_CTX_DAG_OWNER='***' AIRFLOW_CTX_DAG_ID='etl_***' AIRFLOW_CTX_TASK_ID='transform' AIRFLOW_CTX_EXECUTION_DATE='2024-03-23T00:00:00+00:00' AIRFLOW_CTX_TRY_NUMBER='3' AIRFLOW_CTX_DAG_RUN_ID='scheduled__2024-03-23T00:00:00+00:00'
[2025-12-16T17:22:13.617+0000] {logging_mixin.py:188} INFO - [TRANSFORM]
[2025-12-16T17:22:14.005+0000] {logging_mixin.py:188} INFO - [TRANSFORM] done
[2025-12-16T17:22:14.007+0000] {python.py:201} INFO - Done. Returned value was: None
[2025-12-16T17:22:14.027+0000] {taskinstance.py:1138} INFO - Marking task as SUCCESS. dag_id=etl_***, task_id=transform, execution_date=20240323T000000, start_date=20251216T172212, end_date=20251216T172214
[2025-12-16T17:22:14.308+0000] {local_task_job_runner.py:234} INFO - Task exited with return code 0
[2025-12-16T17:22:14.613+0000] {taskinstance.py:3280} INFO - 0 downstream tasks scheduled from follow-on schedule check
[2025-12-17T04:19:40.320+0000] {taskinstance.py:1956} INFO - Dependencies all met for dep_context=non-requeueable deps ti=<TaskInstance: etl_airflow.transform scheduled__2024-03-23T00:00:00+00:00 [queued]>
[2025-12-17T04:19:40.344+0000] {taskinstance.py:1956} INFO - Dependencies all met for dep_context=requeueable deps ti=<TaskInstance: etl_airflow.transform scheduled__2024-03-23T00:00:00+00:00 [queued]>
[2025-12-17T04:19:40.345+0000] {taskinstance.py:2170} INFO - Starting attempt 3 of 3
[2025-12-17T04:19:40.365+0000] {taskinstance.py:2191} INFO - Executing <Task(PythonOperator): transform> on 2024-03-23 00:00:00+00:00
[2025-12-17T04:19:40.374+0000] {standard_task_runner.py:60} INFO - Started process 695 to run task
[2025-12-17T04:19:40.380+0000] {standard_task_runner.py:87} INFO - Running: ['***', 'tasks', 'run', 'etl_***', 'transform', 'scheduled__2024-03-23T00:00:00+00:00', '--job-id', '144', '--raw', '--subdir', 'DAGS_FOLDER/etl_***.py', '--cfg-path', '/tmp/tmpzs0fk8l_']
[2025-12-17T04:19:40.385+0000] {standard_task_runner.py:88} INFO - Job 144: Subtask transform
[2025-12-17T04:19:40.497+0000] {task_command.py:423} INFO - Running <TaskInstance: etl_airflow.transform scheduled__2024-03-23T00:00:00+00:00 [running]> on host c5811fe183ca
[2025-12-17T04:19:40.895+0000] {taskinstance.py:2480} INFO - Exporting env vars: AIRFLOW_CTX_DAG_OWNER='***' AIRFLOW_CTX_DAG_ID='etl_***' AIRFLOW_CTX_TASK_ID='transform' AIRFLOW_CTX_EXECUTION_DATE='2024-03-23T00:00:00+00:00' AIRFLOW_CTX_TRY_NUMBER='3' AIRFLOW_CTX_DAG_RUN_ID='scheduled__2024-03-23T00:00:00+00:00'
[2025-12-17T04:19:40.897+0000] {taskinstance.py:2698} ERROR - Task failed with exception
Traceback (most recent call last):
  File "/home/airflow/.local/lib/python3.8/site-packages/airflow/models/taskinstance.py", line 433, in _execute_task
    result = execute_callable(context=context, **execute_callable_kwargs)
  File "/home/airflow/.local/lib/python3.8/site-packages/airflow/operators/python.py", line 199, in execute
    return_value = self.execute_callable()
  File "/home/airflow/.local/lib/python3.8/site-packages/airflow/operators/python.py", line 216, in execute_callable
    return self.python_callable(*self.op_args, **self.op_kwargs)
TypeError: transform_data() missing 1 required positional argument: 'df'
[2025-12-17T04:19:40.908+0000] {taskinstance.py:1138} INFO - Marking task as FAILED. dag_id=etl_***, task_id=transform, execution_date=20240323T000000, start_date=20251217T041940, end_date=20251217T041940
[2025-12-17T04:19:40.927+0000] {standard_task_runner.py:107} ERROR - Failed to execute job 144 for task transform (transform_data() missing 1 required positional argument: 'df'; 695)
[2025-12-17T04:19:40.960+0000] {local_task_job_runner.py:234} INFO - Task exited with return code 1
[2025-12-17T04:19:41.062+0000] {taskinstance.py:3280} INFO - 0 downstream tasks scheduled from follow-on schedule check
[2025-12-17T04:45:38.585+0000] {taskinstance.py:1956} INFO - Dependencies all met for dep_context=non-requeueable deps ti=<TaskInstance: etl_airflow.transform scheduled__2024-03-23T00:00:00+00:00 [queued]>
[2025-12-17T04:45:38.603+0000] {taskinstance.py:1956} INFO - Dependencies all met for dep_context=requeueable deps ti=<TaskInstance: etl_airflow.transform scheduled__2024-03-23T00:00:00+00:00 [queued]>
[2025-12-17T04:45:38.604+0000] {taskinstance.py:2170} INFO - Starting attempt 3 of 3
[2025-12-17T04:45:38.625+0000] {taskinstance.py:2191} INFO - Executing <Task(PythonOperator): transform> on 2024-03-23 00:00:00+00:00
[2025-12-17T04:45:38.635+0000] {standard_task_runner.py:60} INFO - Started process 1446 to run task
[2025-12-17T04:45:38.642+0000] {standard_task_runner.py:87} INFO - Running: ['***', 'tasks', 'run', 'etl_***', 'transform', 'scheduled__2024-03-23T00:00:00+00:00', '--job-id', '372', '--raw', '--subdir', 'DAGS_FOLDER/etl_***.py', '--cfg-path', '/tmp/tmpahzko3do']
[2025-12-17T04:45:38.647+0000] {standard_task_runner.py:88} INFO - Job 372: Subtask transform
[2025-12-17T04:45:38.793+0000] {task_command.py:423} INFO - Running <TaskInstance: etl_airflow.transform scheduled__2024-03-23T00:00:00+00:00 [running]> on host b3426f05ac70
[2025-12-17T04:45:39.231+0000] {taskinstance.py:2480} INFO - Exporting env vars: AIRFLOW_CTX_DAG_OWNER='***' AIRFLOW_CTX_DAG_ID='etl_***' AIRFLOW_CTX_TASK_ID='transform' AIRFLOW_CTX_EXECUTION_DATE='2024-03-23T00:00:00+00:00' AIRFLOW_CTX_TRY_NUMBER='3' AIRFLOW_CTX_DAG_RUN_ID='scheduled__2024-03-23T00:00:00+00:00'
[2025-12-17T04:45:39.233+0000] {taskinstance.py:2698} ERROR - Task failed with exception
Traceback (most recent call last):
  File "/home/airflow/.local/lib/python3.8/site-packages/airflow/models/taskinstance.py", line 433, in _execute_task
    result = execute_callable(context=context, **execute_callable_kwargs)
  File "/home/airflow/.local/lib/python3.8/site-packages/airflow/operators/python.py", line 199, in execute
    return_value = self.execute_callable()
  File "/home/airflow/.local/lib/python3.8/site-packages/airflow/operators/python.py", line 216, in execute_callable
    return self.python_callable(*self.op_args, **self.op_kwargs)
TypeError: transform_data() missing 1 required positional argument: 'df'
[2025-12-17T04:45:39.245+0000] {taskinstance.py:1138} INFO - Marking task as FAILED. dag_id=etl_***, task_id=transform, execution_date=20240323T000000, start_date=20251217T044538, end_date=20251217T044539
[2025-12-17T04:45:39.266+0000] {standard_task_runner.py:107} ERROR - Failed to execute job 372 for task transform (transform_data() missing 1 required positional argument: 'df'; 1446)
[2025-12-17T04:45:39.305+0000] {local_task_job_runner.py:234} INFO - Task exited with return code 1
[2025-12-17T04:45:39.346+0000] {taskinstance.py:3280} INFO - 0 downstream tasks scheduled from follow-on schedule check
[2025-12-17T07:39:05.384+0000] {taskinstance.py:1956} INFO - Dependencies all met for dep_context=non-requeueable deps ti=<TaskInstance: etl_airflow.transform scheduled__2024-03-23T00:00:00+00:00 [queued]>
[2025-12-17T07:39:05.408+0000] {taskinstance.py:1956} INFO - Dependencies all met for dep_context=requeueable deps ti=<TaskInstance: etl_airflow.transform scheduled__2024-03-23T00:00:00+00:00 [queued]>
[2025-12-17T07:39:05.410+0000] {taskinstance.py:2170} INFO - Starting attempt 3 of 3
[2025-12-17T07:39:05.441+0000] {taskinstance.py:2191} INFO - Executing <Task(PythonOperator): transform> on 2024-03-23 00:00:00+00:00
[2025-12-17T07:39:05.452+0000] {standard_task_runner.py:60} INFO - Started process 1523 to run task
[2025-12-17T07:39:05.460+0000] {standard_task_runner.py:87} INFO - Running: ['***', 'tasks', 'run', 'etl_***', 'transform', 'scheduled__2024-03-23T00:00:00+00:00', '--job-id', '376', '--raw', '--subdir', 'DAGS_FOLDER/etl_***.py', '--cfg-path', '/tmp/tmprvxor_qy']
[2025-12-17T07:39:05.465+0000] {standard_task_runner.py:88} INFO - Job 376: Subtask transform
[2025-12-17T07:39:05.606+0000] {task_command.py:423} INFO - Running <TaskInstance: etl_airflow.transform scheduled__2024-03-23T00:00:00+00:00 [running]> on host 2a0de06c8905
[2025-12-17T07:39:06.132+0000] {taskinstance.py:2480} INFO - Exporting env vars: AIRFLOW_CTX_DAG_OWNER='***' AIRFLOW_CTX_DAG_ID='etl_***' AIRFLOW_CTX_TASK_ID='transform' AIRFLOW_CTX_EXECUTION_DATE='2024-03-23T00:00:00+00:00' AIRFLOW_CTX_TRY_NUMBER='3' AIRFLOW_CTX_DAG_RUN_ID='scheduled__2024-03-23T00:00:00+00:00'
[2025-12-17T07:39:06.137+0000] {taskinstance.py:2698} ERROR - Task failed with exception
Traceback (most recent call last):
  File "/home/airflow/.local/lib/python3.8/site-packages/airflow/models/taskinstance.py", line 433, in _execute_task
    result = execute_callable(context=context, **execute_callable_kwargs)
  File "/home/airflow/.local/lib/python3.8/site-packages/airflow/operators/python.py", line 199, in execute
    return_value = self.execute_callable()
  File "/home/airflow/.local/lib/python3.8/site-packages/airflow/operators/python.py", line 216, in execute_callable
    return self.python_callable(*self.op_args, **self.op_kwargs)
TypeError: transform_data() missing 1 required positional argument: 'df'
[2025-12-17T07:39:06.176+0000] {taskinstance.py:1138} INFO - Marking task as FAILED. dag_id=etl_***, task_id=transform, execution_date=20240323T000000, start_date=20251217T073905, end_date=20251217T073906
[2025-12-17T07:39:06.216+0000] {standard_task_runner.py:107} ERROR - Failed to execute job 376 for task transform (transform_data() missing 1 required positional argument: 'df'; 1523)
[2025-12-17T07:39:06.277+0000] {local_task_job_runner.py:234} INFO - Task exited with return code 1
[2025-12-17T07:39:06.425+0000] {taskinstance.py:3280} INFO - 0 downstream tasks scheduled from follow-on schedule check
