[2025-12-17T04:53:50.140+0000] {taskinstance.py:1956} INFO - Dependencies all met for dep_context=non-requeueable deps ti=<TaskInstance: etl_airflow.transform scheduled__2024-11-05T00:00:00+00:00 [queued]>
[2025-12-17T04:53:50.154+0000] {taskinstance.py:1956} INFO - Dependencies all met for dep_context=requeueable deps ti=<TaskInstance: etl_airflow.transform scheduled__2024-11-05T00:00:00+00:00 [queued]>
[2025-12-17T04:53:50.155+0000] {taskinstance.py:2170} INFO - Starting attempt 3 of 3
[2025-12-17T04:53:50.175+0000] {taskinstance.py:2191} INFO - Executing <Task(PythonOperator): transform> on 2024-11-05 00:00:00+00:00
[2025-12-17T04:53:50.181+0000] {standard_task_runner.py:60} INFO - Started process 4410 to run task
[2025-12-17T04:53:50.188+0000] {standard_task_runner.py:87} INFO - Running: ['***', 'tasks', 'run', 'etl_***', 'transform', 'scheduled__2024-11-05T00:00:00+00:00', '--job-id', '1270', '--raw', '--subdir', 'DAGS_FOLDER/etl_***.py', '--cfg-path', '/tmp/tmpkrsmva9l']
[2025-12-17T04:53:50.192+0000] {standard_task_runner.py:88} INFO - Job 1270: Subtask transform
[2025-12-17T04:53:50.306+0000] {task_command.py:423} INFO - Running <TaskInstance: etl_airflow.transform scheduled__2024-11-05T00:00:00+00:00 [running]> on host b3426f05ac70
[2025-12-17T04:53:50.682+0000] {taskinstance.py:2480} INFO - Exporting env vars: AIRFLOW_CTX_DAG_OWNER='***' AIRFLOW_CTX_DAG_ID='etl_***' AIRFLOW_CTX_TASK_ID='transform' AIRFLOW_CTX_EXECUTION_DATE='2024-11-05T00:00:00+00:00' AIRFLOW_CTX_TRY_NUMBER='3' AIRFLOW_CTX_DAG_RUN_ID='scheduled__2024-11-05T00:00:00+00:00'
[2025-12-17T04:53:50.687+0000] {taskinstance.py:2698} ERROR - Task failed with exception
Traceback (most recent call last):
  File "/home/airflow/.local/lib/python3.8/site-packages/airflow/models/taskinstance.py", line 433, in _execute_task
    result = execute_callable(context=context, **execute_callable_kwargs)
  File "/home/airflow/.local/lib/python3.8/site-packages/airflow/operators/python.py", line 199, in execute
    return_value = self.execute_callable()
  File "/home/airflow/.local/lib/python3.8/site-packages/airflow/operators/python.py", line 216, in execute_callable
    return self.python_callable(*self.op_args, **self.op_kwargs)
TypeError: transform_data() missing 1 required positional argument: 'df'
[2025-12-17T04:53:50.700+0000] {taskinstance.py:1138} INFO - Marking task as FAILED. dag_id=etl_***, task_id=transform, execution_date=20241105T000000, start_date=20251217T045350, end_date=20251217T045350
[2025-12-17T04:53:50.716+0000] {standard_task_runner.py:107} ERROR - Failed to execute job 1270 for task transform (transform_data() missing 1 required positional argument: 'df'; 4410)
[2025-12-17T04:53:50.763+0000] {local_task_job_runner.py:234} INFO - Task exited with return code 1
[2025-12-17T04:53:50.981+0000] {taskinstance.py:3280} INFO - 0 downstream tasks scheduled from follow-on schedule check
[2025-12-17T07:59:03.873+0000] {taskinstance.py:1956} INFO - Dependencies all met for dep_context=non-requeueable deps ti=<TaskInstance: etl_airflow.transform scheduled__2024-11-05T00:00:00+00:00 [queued]>
[2025-12-17T07:59:03.889+0000] {taskinstance.py:1956} INFO - Dependencies all met for dep_context=requeueable deps ti=<TaskInstance: etl_airflow.transform scheduled__2024-11-05T00:00:00+00:00 [queued]>
[2025-12-17T07:59:03.891+0000] {taskinstance.py:2170} INFO - Starting attempt 3 of 3
[2025-12-17T07:59:03.917+0000] {taskinstance.py:2191} INFO - Executing <Task(PythonOperator): transform> on 2024-11-05 00:00:00+00:00
[2025-12-17T07:59:03.931+0000] {standard_task_runner.py:60} INFO - Started process 4522 to run task
[2025-12-17T07:59:03.938+0000] {standard_task_runner.py:87} INFO - Running: ['***', 'tasks', 'run', 'etl_***', 'transform', 'scheduled__2024-11-05T00:00:00+00:00', '--job-id', '1275', '--raw', '--subdir', 'DAGS_FOLDER/etl_***.py', '--cfg-path', '/tmp/tmpum1c1frd']
[2025-12-17T07:59:03.943+0000] {standard_task_runner.py:88} INFO - Job 1275: Subtask transform
[2025-12-17T07:59:04.077+0000] {task_command.py:423} INFO - Running <TaskInstance: etl_airflow.transform scheduled__2024-11-05T00:00:00+00:00 [running]> on host 2a0de06c8905
[2025-12-17T07:59:04.547+0000] {taskinstance.py:2480} INFO - Exporting env vars: AIRFLOW_CTX_DAG_OWNER='***' AIRFLOW_CTX_DAG_ID='etl_***' AIRFLOW_CTX_TASK_ID='transform' AIRFLOW_CTX_EXECUTION_DATE='2024-11-05T00:00:00+00:00' AIRFLOW_CTX_TRY_NUMBER='3' AIRFLOW_CTX_DAG_RUN_ID='scheduled__2024-11-05T00:00:00+00:00'
[2025-12-17T07:59:04.550+0000] {taskinstance.py:2698} ERROR - Task failed with exception
Traceback (most recent call last):
  File "/home/airflow/.local/lib/python3.8/site-packages/airflow/models/taskinstance.py", line 433, in _execute_task
    result = execute_callable(context=context, **execute_callable_kwargs)
  File "/home/airflow/.local/lib/python3.8/site-packages/airflow/operators/python.py", line 199, in execute
    return_value = self.execute_callable()
  File "/home/airflow/.local/lib/python3.8/site-packages/airflow/operators/python.py", line 216, in execute_callable
    return self.python_callable(*self.op_args, **self.op_kwargs)
TypeError: transform_data() missing 1 required positional argument: 'df'
[2025-12-17T07:59:04.567+0000] {taskinstance.py:1138} INFO - Marking task as FAILED. dag_id=etl_***, task_id=transform, execution_date=20241105T000000, start_date=20251217T075903, end_date=20251217T075904
[2025-12-17T07:59:04.590+0000] {standard_task_runner.py:107} ERROR - Failed to execute job 1275 for task transform (transform_data() missing 1 required positional argument: 'df'; 4522)
[2025-12-17T07:59:04.634+0000] {local_task_job_runner.py:234} INFO - Task exited with return code 1
[2025-12-17T07:59:04.688+0000] {taskinstance.py:3280} INFO - 0 downstream tasks scheduled from follow-on schedule check
