[2025-12-16T17:21:49.623+0000] {taskinstance.py:1956} INFO - Dependencies all met for dep_context=non-requeueable deps ti=<TaskInstance: etl_airflow.transform scheduled__2024-02-19T00:00:00+00:00 [queued]>
[2025-12-16T17:21:49.685+0000] {taskinstance.py:1956} INFO - Dependencies all met for dep_context=requeueable deps ti=<TaskInstance: etl_airflow.transform scheduled__2024-02-19T00:00:00+00:00 [queued]>
[2025-12-16T17:21:49.694+0000] {taskinstance.py:2170} INFO - Starting attempt 3 of 5
[2025-12-16T17:21:49.748+0000] {taskinstance.py:2191} INFO - Executing <Task(PythonOperator): transform> on 2024-02-19 00:00:00+00:00
[2025-12-16T17:21:49.771+0000] {standard_task_runner.py:60} INFO - Started process 6036 to run task
[2025-12-16T17:21:49.783+0000] {standard_task_runner.py:87} INFO - Running: ['***', 'tasks', 'run', 'etl_***', 'transform', 'scheduled__2024-02-19T00:00:00+00:00', '--job-id', '5993', '--raw', '--subdir', 'DAGS_FOLDER/etl_dag.py', '--cfg-path', '/tmp/tmpdvtymkzp']
[2025-12-16T17:21:49.791+0000] {standard_task_runner.py:88} INFO - Job 5993: Subtask transform
[2025-12-16T17:21:50.065+0000] {task_command.py:423} INFO - Running <TaskInstance: etl_airflow.transform scheduled__2024-02-19T00:00:00+00:00 [running]> on host 3b89cfee50e9
[2025-12-16T17:21:50.424+0000] {taskinstance.py:2480} INFO - Exporting env vars: AIRFLOW_CTX_DAG_OWNER='***' AIRFLOW_CTX_DAG_ID='etl_***' AIRFLOW_CTX_TASK_ID='transform' AIRFLOW_CTX_EXECUTION_DATE='2024-02-19T00:00:00+00:00' AIRFLOW_CTX_TRY_NUMBER='3' AIRFLOW_CTX_DAG_RUN_ID='scheduled__2024-02-19T00:00:00+00:00'
[2025-12-16T17:21:50.428+0000] {logging_mixin.py:188} INFO - [TRANSFORM]
[2025-12-16T17:21:50.804+0000] {logging_mixin.py:188} INFO - [TRANSFORM] done
[2025-12-16T17:21:50.806+0000] {python.py:201} INFO - Done. Returned value was: None
[2025-12-16T17:21:50.824+0000] {taskinstance.py:1138} INFO - Marking task as SUCCESS. dag_id=etl_***, task_id=transform, execution_date=20240219T000000, start_date=20251216T172149, end_date=20251216T172150
[2025-12-16T17:21:50.881+0000] {local_task_job_runner.py:234} INFO - Task exited with return code 0
[2025-12-16T17:21:50.920+0000] {taskinstance.py:3280} INFO - 1 downstream tasks scheduled from follow-on schedule check
[2025-12-17T04:44:29.884+0000] {taskinstance.py:1956} INFO - Dependencies all met for dep_context=non-requeueable deps ti=<TaskInstance: etl_airflow.transform scheduled__2024-02-19T00:00:00+00:00 [queued]>
[2025-12-17T04:44:29.899+0000] {taskinstance.py:1956} INFO - Dependencies all met for dep_context=requeueable deps ti=<TaskInstance: etl_airflow.transform scheduled__2024-02-19T00:00:00+00:00 [queued]>
[2025-12-17T04:44:29.900+0000] {taskinstance.py:2170} INFO - Starting attempt 3 of 3
[2025-12-17T04:44:29.926+0000] {taskinstance.py:2191} INFO - Executing <Task(PythonOperator): transform> on 2024-02-19 00:00:00+00:00
[2025-12-17T04:44:29.941+0000] {standard_task_runner.py:60} INFO - Started process 1021 to run task
[2025-12-17T04:44:29.963+0000] {standard_task_runner.py:87} INFO - Running: ['***', 'tasks', 'run', 'etl_***', 'transform', 'scheduled__2024-02-19T00:00:00+00:00', '--job-id', '242', '--raw', '--subdir', 'DAGS_FOLDER/etl_***.py', '--cfg-path', '/tmp/tmp_4jmce74']
[2025-12-17T04:44:29.977+0000] {standard_task_runner.py:88} INFO - Job 242: Subtask transform
[2025-12-17T04:44:30.311+0000] {task_command.py:423} INFO - Running <TaskInstance: etl_airflow.transform scheduled__2024-02-19T00:00:00+00:00 [running]> on host b3426f05ac70
[2025-12-17T04:44:30.935+0000] {taskinstance.py:2480} INFO - Exporting env vars: AIRFLOW_CTX_DAG_OWNER='***' AIRFLOW_CTX_DAG_ID='etl_***' AIRFLOW_CTX_TASK_ID='transform' AIRFLOW_CTX_EXECUTION_DATE='2024-02-19T00:00:00+00:00' AIRFLOW_CTX_TRY_NUMBER='3' AIRFLOW_CTX_DAG_RUN_ID='scheduled__2024-02-19T00:00:00+00:00'
[2025-12-17T04:44:30.937+0000] {taskinstance.py:2698} ERROR - Task failed with exception
Traceback (most recent call last):
  File "/home/airflow/.local/lib/python3.8/site-packages/airflow/models/taskinstance.py", line 433, in _execute_task
    result = execute_callable(context=context, **execute_callable_kwargs)
  File "/home/airflow/.local/lib/python3.8/site-packages/airflow/operators/python.py", line 199, in execute
    return_value = self.execute_callable()
  File "/home/airflow/.local/lib/python3.8/site-packages/airflow/operators/python.py", line 216, in execute_callable
    return self.python_callable(*self.op_args, **self.op_kwargs)
TypeError: transform_data() missing 1 required positional argument: 'df'
[2025-12-17T04:44:30.955+0000] {taskinstance.py:1138} INFO - Marking task as FAILED. dag_id=etl_***, task_id=transform, execution_date=20240219T000000, start_date=20251217T044429, end_date=20251217T044430
[2025-12-17T04:44:30.990+0000] {standard_task_runner.py:107} ERROR - Failed to execute job 242 for task transform (transform_data() missing 1 required positional argument: 'df'; 1021)
[2025-12-17T04:44:31.037+0000] {local_task_job_runner.py:234} INFO - Task exited with return code 1
[2025-12-17T04:44:31.082+0000] {taskinstance.py:3280} INFO - 0 downstream tasks scheduled from follow-on schedule check
[2025-12-17T07:37:46.969+0000] {taskinstance.py:1956} INFO - Dependencies all met for dep_context=non-requeueable deps ti=<TaskInstance: etl_airflow.transform scheduled__2024-02-19T00:00:00+00:00 [queued]>
[2025-12-17T07:37:46.997+0000] {taskinstance.py:1956} INFO - Dependencies all met for dep_context=requeueable deps ti=<TaskInstance: etl_airflow.transform scheduled__2024-02-19T00:00:00+00:00 [queued]>
[2025-12-17T07:37:47.001+0000] {taskinstance.py:2170} INFO - Starting attempt 3 of 3
[2025-12-17T07:37:47.043+0000] {taskinstance.py:2191} INFO - Executing <Task(PythonOperator): transform> on 2024-02-19 00:00:00+00:00
[2025-12-17T07:37:47.060+0000] {standard_task_runner.py:60} INFO - Started process 1080 to run task
[2025-12-17T07:37:47.072+0000] {standard_task_runner.py:87} INFO - Running: ['***', 'tasks', 'run', 'etl_***', 'transform', 'scheduled__2024-02-19T00:00:00+00:00', '--job-id', '242', '--raw', '--subdir', 'DAGS_FOLDER/etl_***.py', '--cfg-path', '/tmp/tmpycwrz3zc']
[2025-12-17T07:37:47.080+0000] {standard_task_runner.py:88} INFO - Job 242: Subtask transform
[2025-12-17T07:37:47.301+0000] {task_command.py:423} INFO - Running <TaskInstance: etl_airflow.transform scheduled__2024-02-19T00:00:00+00:00 [running]> on host 2a0de06c8905
[2025-12-17T07:37:47.913+0000] {taskinstance.py:2480} INFO - Exporting env vars: AIRFLOW_CTX_DAG_OWNER='***' AIRFLOW_CTX_DAG_ID='etl_***' AIRFLOW_CTX_TASK_ID='transform' AIRFLOW_CTX_EXECUTION_DATE='2024-02-19T00:00:00+00:00' AIRFLOW_CTX_TRY_NUMBER='3' AIRFLOW_CTX_DAG_RUN_ID='scheduled__2024-02-19T00:00:00+00:00'
[2025-12-17T07:37:47.917+0000] {taskinstance.py:2698} ERROR - Task failed with exception
Traceback (most recent call last):
  File "/home/airflow/.local/lib/python3.8/site-packages/airflow/models/taskinstance.py", line 433, in _execute_task
    result = execute_callable(context=context, **execute_callable_kwargs)
  File "/home/airflow/.local/lib/python3.8/site-packages/airflow/operators/python.py", line 199, in execute
    return_value = self.execute_callable()
  File "/home/airflow/.local/lib/python3.8/site-packages/airflow/operators/python.py", line 216, in execute_callable
    return self.python_callable(*self.op_args, **self.op_kwargs)
TypeError: transform_data() missing 1 required positional argument: 'df'
[2025-12-17T07:37:47.946+0000] {taskinstance.py:1138} INFO - Marking task as FAILED. dag_id=etl_***, task_id=transform, execution_date=20240219T000000, start_date=20251217T073746, end_date=20251217T073747
[2025-12-17T07:37:48.189+0000] {standard_task_runner.py:107} ERROR - Failed to execute job 242 for task transform (transform_data() missing 1 required positional argument: 'df'; 1080)
[2025-12-17T07:37:48.230+0000] {local_task_job_runner.py:234} INFO - Task exited with return code 1
[2025-12-17T07:37:48.303+0000] {taskinstance.py:3280} INFO - 0 downstream tasks scheduled from follow-on schedule check
