[2025-12-16T17:22:23.130+0000] {taskinstance.py:1956} INFO - Dependencies all met for dep_context=non-requeueable deps ti=<TaskInstance: etl_airflow.transform scheduled__2024-04-07T00:00:00+00:00 [queued]>
[2025-12-16T17:22:23.155+0000] {taskinstance.py:1956} INFO - Dependencies all met for dep_context=requeueable deps ti=<TaskInstance: etl_airflow.transform scheduled__2024-04-07T00:00:00+00:00 [queued]>
[2025-12-16T17:22:23.159+0000] {taskinstance.py:2170} INFO - Starting attempt 3 of 5
[2025-12-16T17:22:23.191+0000] {taskinstance.py:2191} INFO - Executing <Task(PythonOperator): transform> on 2024-04-07 00:00:00+00:00
[2025-12-16T17:22:23.216+0000] {standard_task_runner.py:60} INFO - Started process 6443 to run task
[2025-12-16T17:22:23.227+0000] {standard_task_runner.py:87} INFO - Running: ['***', 'tasks', 'run', 'etl_***', 'transform', 'scheduled__2024-04-07T00:00:00+00:00', '--job-id', '6114', '--raw', '--subdir', 'DAGS_FOLDER/etl_dag.py', '--cfg-path', '/tmp/tmpq6pgkasp']
[2025-12-16T17:22:23.233+0000] {standard_task_runner.py:88} INFO - Job 6114: Subtask transform
[2025-12-16T17:22:23.439+0000] {task_command.py:423} INFO - Running <TaskInstance: etl_airflow.transform scheduled__2024-04-07T00:00:00+00:00 [running]> on host 3b89cfee50e9
[2025-12-16T17:22:23.727+0000] {taskinstance.py:2480} INFO - Exporting env vars: AIRFLOW_CTX_DAG_OWNER='***' AIRFLOW_CTX_DAG_ID='etl_***' AIRFLOW_CTX_TASK_ID='transform' AIRFLOW_CTX_EXECUTION_DATE='2024-04-07T00:00:00+00:00' AIRFLOW_CTX_TRY_NUMBER='3' AIRFLOW_CTX_DAG_RUN_ID='scheduled__2024-04-07T00:00:00+00:00'
[2025-12-16T17:22:23.741+0000] {logging_mixin.py:188} INFO - [TRANSFORM]
[2025-12-16T17:22:24.143+0000] {logging_mixin.py:188} INFO - [TRANSFORM] done
[2025-12-16T17:22:24.145+0000] {python.py:201} INFO - Done. Returned value was: None
[2025-12-16T17:22:24.174+0000] {taskinstance.py:1138} INFO - Marking task as SUCCESS. dag_id=etl_***, task_id=transform, execution_date=20240407T000000, start_date=20251216T172223, end_date=20251216T172224
[2025-12-16T17:22:24.271+0000] {local_task_job_runner.py:234} INFO - Task exited with return code 0
[2025-12-16T17:22:24.316+0000] {taskinstance.py:3280} INFO - 1 downstream tasks scheduled from follow-on schedule check
[2025-12-17T04:46:19.818+0000] {taskinstance.py:1956} INFO - Dependencies all met for dep_context=non-requeueable deps ti=<TaskInstance: etl_airflow.transform scheduled__2024-04-07T00:00:00+00:00 [queued]>
[2025-12-17T04:46:19.836+0000] {taskinstance.py:1956} INFO - Dependencies all met for dep_context=requeueable deps ti=<TaskInstance: etl_airflow.transform scheduled__2024-04-07T00:00:00+00:00 [queued]>
[2025-12-17T04:46:19.837+0000] {taskinstance.py:2170} INFO - Starting attempt 3 of 3
[2025-12-17T04:46:19.857+0000] {taskinstance.py:2191} INFO - Executing <Task(PythonOperator): transform> on 2024-04-07 00:00:00+00:00
[2025-12-17T04:46:19.865+0000] {standard_task_runner.py:60} INFO - Started process 1649 to run task
[2025-12-17T04:46:19.872+0000] {standard_task_runner.py:87} INFO - Running: ['***', 'tasks', 'run', 'etl_***', 'transform', 'scheduled__2024-04-07T00:00:00+00:00', '--job-id', '436', '--raw', '--subdir', 'DAGS_FOLDER/etl_***.py', '--cfg-path', '/tmp/tmp__sszrkh']
[2025-12-17T04:46:19.876+0000] {standard_task_runner.py:88} INFO - Job 436: Subtask transform
[2025-12-17T04:46:20.060+0000] {task_command.py:423} INFO - Running <TaskInstance: etl_airflow.transform scheduled__2024-04-07T00:00:00+00:00 [running]> on host b3426f05ac70
[2025-12-17T04:46:20.457+0000] {taskinstance.py:2480} INFO - Exporting env vars: AIRFLOW_CTX_DAG_OWNER='***' AIRFLOW_CTX_DAG_ID='etl_***' AIRFLOW_CTX_TASK_ID='transform' AIRFLOW_CTX_EXECUTION_DATE='2024-04-07T00:00:00+00:00' AIRFLOW_CTX_TRY_NUMBER='3' AIRFLOW_CTX_DAG_RUN_ID='scheduled__2024-04-07T00:00:00+00:00'
[2025-12-17T04:46:20.459+0000] {taskinstance.py:2698} ERROR - Task failed with exception
Traceback (most recent call last):
  File "/home/airflow/.local/lib/python3.8/site-packages/airflow/models/taskinstance.py", line 433, in _execute_task
    result = execute_callable(context=context, **execute_callable_kwargs)
  File "/home/airflow/.local/lib/python3.8/site-packages/airflow/operators/python.py", line 199, in execute
    return_value = self.execute_callable()
  File "/home/airflow/.local/lib/python3.8/site-packages/airflow/operators/python.py", line 216, in execute_callable
    return self.python_callable(*self.op_args, **self.op_kwargs)
TypeError: transform_data() missing 1 required positional argument: 'df'
[2025-12-17T04:46:20.469+0000] {taskinstance.py:1138} INFO - Marking task as FAILED. dag_id=etl_***, task_id=transform, execution_date=20240407T000000, start_date=20251217T044619, end_date=20251217T044620
[2025-12-17T04:46:20.481+0000] {standard_task_runner.py:107} ERROR - Failed to execute job 436 for task transform (transform_data() missing 1 required positional argument: 'df'; 1649)
[2025-12-17T04:46:20.531+0000] {local_task_job_runner.py:234} INFO - Task exited with return code 1
[2025-12-17T04:46:20.577+0000] {taskinstance.py:3280} INFO - 0 downstream tasks scheduled from follow-on schedule check
[2025-12-17T07:39:41.635+0000] {taskinstance.py:1956} INFO - Dependencies all met for dep_context=non-requeueable deps ti=<TaskInstance: etl_airflow.transform scheduled__2024-04-07T00:00:00+00:00 [queued]>
[2025-12-17T07:39:41.655+0000] {taskinstance.py:1956} INFO - Dependencies all met for dep_context=requeueable deps ti=<TaskInstance: etl_airflow.transform scheduled__2024-04-07T00:00:00+00:00 [queued]>
[2025-12-17T07:39:41.659+0000] {taskinstance.py:2170} INFO - Starting attempt 3 of 3
[2025-12-17T07:39:41.679+0000] {taskinstance.py:2191} INFO - Executing <Task(PythonOperator): transform> on 2024-04-07 00:00:00+00:00
[2025-12-17T07:39:41.688+0000] {standard_task_runner.py:60} INFO - Started process 1731 to run task
[2025-12-17T07:39:41.697+0000] {standard_task_runner.py:87} INFO - Running: ['***', 'tasks', 'run', 'etl_***', 'transform', 'scheduled__2024-04-07T00:00:00+00:00', '--job-id', '437', '--raw', '--subdir', 'DAGS_FOLDER/etl_***.py', '--cfg-path', '/tmp/tmplaew7umx']
[2025-12-17T07:39:41.701+0000] {standard_task_runner.py:88} INFO - Job 437: Subtask transform
[2025-12-17T07:39:41.823+0000] {task_command.py:423} INFO - Running <TaskInstance: etl_airflow.transform scheduled__2024-04-07T00:00:00+00:00 [running]> on host 2a0de06c8905
[2025-12-17T07:39:42.271+0000] {taskinstance.py:2480} INFO - Exporting env vars: AIRFLOW_CTX_DAG_OWNER='***' AIRFLOW_CTX_DAG_ID='etl_***' AIRFLOW_CTX_TASK_ID='transform' AIRFLOW_CTX_EXECUTION_DATE='2024-04-07T00:00:00+00:00' AIRFLOW_CTX_TRY_NUMBER='3' AIRFLOW_CTX_DAG_RUN_ID='scheduled__2024-04-07T00:00:00+00:00'
[2025-12-17T07:39:42.277+0000] {taskinstance.py:2698} ERROR - Task failed with exception
Traceback (most recent call last):
  File "/home/airflow/.local/lib/python3.8/site-packages/airflow/models/taskinstance.py", line 433, in _execute_task
    result = execute_callable(context=context, **execute_callable_kwargs)
  File "/home/airflow/.local/lib/python3.8/site-packages/airflow/operators/python.py", line 199, in execute
    return_value = self.execute_callable()
  File "/home/airflow/.local/lib/python3.8/site-packages/airflow/operators/python.py", line 216, in execute_callable
    return self.python_callable(*self.op_args, **self.op_kwargs)
TypeError: transform_data() missing 1 required positional argument: 'df'
[2025-12-17T07:39:42.293+0000] {taskinstance.py:1138} INFO - Marking task as FAILED. dag_id=etl_***, task_id=transform, execution_date=20240407T000000, start_date=20251217T073941, end_date=20251217T073942
[2025-12-17T07:39:42.462+0000] {standard_task_runner.py:107} ERROR - Failed to execute job 437 for task transform (transform_data() missing 1 required positional argument: 'df'; 1731)
[2025-12-17T07:39:42.511+0000] {local_task_job_runner.py:234} INFO - Task exited with return code 1
[2025-12-17T07:39:42.733+0000] {taskinstance.py:3280} INFO - 0 downstream tasks scheduled from follow-on schedule check
