[2025-12-16T17:22:00.906+0000] {taskinstance.py:1956} INFO - Dependencies all met for dep_context=non-requeueable deps ti=<TaskInstance: etl_airflow.transform scheduled__2024-03-18T00:00:00+00:00 [queued]>
[2025-12-16T17:22:00.930+0000] {taskinstance.py:1956} INFO - Dependencies all met for dep_context=requeueable deps ti=<TaskInstance: etl_airflow.transform scheduled__2024-03-18T00:00:00+00:00 [queued]>
[2025-12-16T17:22:00.932+0000] {taskinstance.py:2170} INFO - Starting attempt 3 of 5
[2025-12-16T17:22:00.965+0000] {taskinstance.py:2191} INFO - Executing <Task(PythonOperator): transform> on 2024-03-18 00:00:00+00:00
[2025-12-16T17:22:00.982+0000] {standard_task_runner.py:60} INFO - Started process 6162 to run task
[2025-12-16T17:22:00.993+0000] {standard_task_runner.py:87} INFO - Running: ['***', 'tasks', 'run', 'etl_***', 'transform', 'scheduled__2024-03-18T00:00:00+00:00', '--job-id', '6024', '--raw', '--subdir', 'DAGS_FOLDER/etl_dag.py', '--cfg-path', '/tmp/tmpr17npiv0']
[2025-12-16T17:22:01.004+0000] {standard_task_runner.py:88} INFO - Job 6024: Subtask transform
[2025-12-16T17:22:01.207+0000] {task_command.py:423} INFO - Running <TaskInstance: etl_airflow.transform scheduled__2024-03-18T00:00:00+00:00 [running]> on host 3b89cfee50e9
[2025-12-16T17:22:01.461+0000] {taskinstance.py:2480} INFO - Exporting env vars: AIRFLOW_CTX_DAG_OWNER='***' AIRFLOW_CTX_DAG_ID='etl_***' AIRFLOW_CTX_TASK_ID='transform' AIRFLOW_CTX_EXECUTION_DATE='2024-03-18T00:00:00+00:00' AIRFLOW_CTX_TRY_NUMBER='3' AIRFLOW_CTX_DAG_RUN_ID='scheduled__2024-03-18T00:00:00+00:00'
[2025-12-16T17:22:01.467+0000] {logging_mixin.py:188} INFO - [TRANSFORM]
[2025-12-16T17:22:01.908+0000] {logging_mixin.py:188} INFO - [TRANSFORM] done
[2025-12-16T17:22:01.909+0000] {python.py:201} INFO - Done. Returned value was: None
[2025-12-16T17:22:01.938+0000] {taskinstance.py:1138} INFO - Marking task as SUCCESS. dag_id=etl_***, task_id=transform, execution_date=20240318T000000, start_date=20251216T172200, end_date=20251216T172201
[2025-12-16T17:22:02.023+0000] {local_task_job_runner.py:234} INFO - Task exited with return code 0
[2025-12-16T17:22:02.086+0000] {taskinstance.py:3280} INFO - 1 downstream tasks scheduled from follow-on schedule check
[2025-12-17T04:19:38.504+0000] {taskinstance.py:1956} INFO - Dependencies all met for dep_context=non-requeueable deps ti=<TaskInstance: etl_airflow.transform scheduled__2024-03-18T00:00:00+00:00 [queued]>
[2025-12-17T04:19:38.523+0000] {taskinstance.py:1956} INFO - Dependencies all met for dep_context=requeueable deps ti=<TaskInstance: etl_airflow.transform scheduled__2024-03-18T00:00:00+00:00 [queued]>
[2025-12-17T04:19:38.524+0000] {taskinstance.py:2170} INFO - Starting attempt 3 of 3
[2025-12-17T04:19:38.553+0000] {taskinstance.py:2191} INFO - Executing <Task(PythonOperator): transform> on 2024-03-18 00:00:00+00:00
[2025-12-17T04:19:38.565+0000] {standard_task_runner.py:60} INFO - Started process 673 to run task
[2025-12-17T04:19:38.573+0000] {standard_task_runner.py:87} INFO - Running: ['***', 'tasks', 'run', 'etl_***', 'transform', 'scheduled__2024-03-18T00:00:00+00:00', '--job-id', '143', '--raw', '--subdir', 'DAGS_FOLDER/etl_***.py', '--cfg-path', '/tmp/tmpl53cojeo']
[2025-12-17T04:19:38.578+0000] {standard_task_runner.py:88} INFO - Job 143: Subtask transform
[2025-12-17T04:19:38.733+0000] {task_command.py:423} INFO - Running <TaskInstance: etl_airflow.transform scheduled__2024-03-18T00:00:00+00:00 [running]> on host c5811fe183ca
[2025-12-17T04:19:39.182+0000] {taskinstance.py:2480} INFO - Exporting env vars: AIRFLOW_CTX_DAG_OWNER='***' AIRFLOW_CTX_DAG_ID='etl_***' AIRFLOW_CTX_TASK_ID='transform' AIRFLOW_CTX_EXECUTION_DATE='2024-03-18T00:00:00+00:00' AIRFLOW_CTX_TRY_NUMBER='3' AIRFLOW_CTX_DAG_RUN_ID='scheduled__2024-03-18T00:00:00+00:00'
[2025-12-17T04:19:39.188+0000] {taskinstance.py:2698} ERROR - Task failed with exception
Traceback (most recent call last):
  File "/home/airflow/.local/lib/python3.8/site-packages/airflow/models/taskinstance.py", line 433, in _execute_task
    result = execute_callable(context=context, **execute_callable_kwargs)
  File "/home/airflow/.local/lib/python3.8/site-packages/airflow/operators/python.py", line 199, in execute
    return_value = self.execute_callable()
  File "/home/airflow/.local/lib/python3.8/site-packages/airflow/operators/python.py", line 216, in execute_callable
    return self.python_callable(*self.op_args, **self.op_kwargs)
TypeError: transform_data() missing 1 required positional argument: 'df'
[2025-12-17T04:19:39.225+0000] {taskinstance.py:1138} INFO - Marking task as FAILED. dag_id=etl_***, task_id=transform, execution_date=20240318T000000, start_date=20251217T041938, end_date=20251217T041939
[2025-12-17T04:19:39.253+0000] {standard_task_runner.py:107} ERROR - Failed to execute job 143 for task transform (transform_data() missing 1 required positional argument: 'df'; 673)
[2025-12-17T04:19:39.311+0000] {local_task_job_runner.py:234} INFO - Task exited with return code 1
[2025-12-17T04:19:39.392+0000] {taskinstance.py:3280} INFO - 0 downstream tasks scheduled from follow-on schedule check
[2025-12-17T04:45:07.683+0000] {taskinstance.py:1956} INFO - Dependencies all met for dep_context=non-requeueable deps ti=<TaskInstance: etl_airflow.transform scheduled__2024-03-18T00:00:00+00:00 [queued]>
[2025-12-17T04:45:07.700+0000] {taskinstance.py:1956} INFO - Dependencies all met for dep_context=requeueable deps ti=<TaskInstance: etl_airflow.transform scheduled__2024-03-18T00:00:00+00:00 [queued]>
[2025-12-17T04:45:07.701+0000] {taskinstance.py:2170} INFO - Starting attempt 3 of 3
[2025-12-17T04:45:07.724+0000] {taskinstance.py:2191} INFO - Executing <Task(PythonOperator): transform> on 2024-03-18 00:00:00+00:00
[2025-12-17T04:45:07.733+0000] {standard_task_runner.py:60} INFO - Started process 1269 to run task
[2025-12-17T04:45:07.738+0000] {standard_task_runner.py:87} INFO - Running: ['***', 'tasks', 'run', 'etl_***', 'transform', 'scheduled__2024-03-18T00:00:00+00:00', '--job-id', '319', '--raw', '--subdir', 'DAGS_FOLDER/etl_***.py', '--cfg-path', '/tmp/tmpny5oueo8']
[2025-12-17T04:45:07.742+0000] {standard_task_runner.py:88} INFO - Job 319: Subtask transform
[2025-12-17T04:45:07.862+0000] {task_command.py:423} INFO - Running <TaskInstance: etl_airflow.transform scheduled__2024-03-18T00:00:00+00:00 [running]> on host b3426f05ac70
[2025-12-17T04:45:08.206+0000] {taskinstance.py:2480} INFO - Exporting env vars: AIRFLOW_CTX_DAG_OWNER='***' AIRFLOW_CTX_DAG_ID='etl_***' AIRFLOW_CTX_TASK_ID='transform' AIRFLOW_CTX_EXECUTION_DATE='2024-03-18T00:00:00+00:00' AIRFLOW_CTX_TRY_NUMBER='3' AIRFLOW_CTX_DAG_RUN_ID='scheduled__2024-03-18T00:00:00+00:00'
[2025-12-17T04:45:08.210+0000] {taskinstance.py:2698} ERROR - Task failed with exception
Traceback (most recent call last):
  File "/home/airflow/.local/lib/python3.8/site-packages/airflow/models/taskinstance.py", line 433, in _execute_task
    result = execute_callable(context=context, **execute_callable_kwargs)
  File "/home/airflow/.local/lib/python3.8/site-packages/airflow/operators/python.py", line 199, in execute
    return_value = self.execute_callable()
  File "/home/airflow/.local/lib/python3.8/site-packages/airflow/operators/python.py", line 216, in execute_callable
    return self.python_callable(*self.op_args, **self.op_kwargs)
TypeError: transform_data() missing 1 required positional argument: 'df'
[2025-12-17T04:45:08.230+0000] {taskinstance.py:1138} INFO - Marking task as FAILED. dag_id=etl_***, task_id=transform, execution_date=20240318T000000, start_date=20251217T044507, end_date=20251217T044508
[2025-12-17T04:45:08.245+0000] {standard_task_runner.py:107} ERROR - Failed to execute job 319 for task transform (transform_data() missing 1 required positional argument: 'df'; 1269)
[2025-12-17T04:45:08.275+0000] {local_task_job_runner.py:234} INFO - Task exited with return code 1
[2025-12-17T04:45:08.313+0000] {taskinstance.py:3280} INFO - 0 downstream tasks scheduled from follow-on schedule check
[2025-12-17T07:38:30.277+0000] {taskinstance.py:1956} INFO - Dependencies all met for dep_context=non-requeueable deps ti=<TaskInstance: etl_airflow.transform scheduled__2024-03-18T00:00:00+00:00 [queued]>
[2025-12-17T07:38:30.300+0000] {taskinstance.py:1956} INFO - Dependencies all met for dep_context=requeueable deps ti=<TaskInstance: etl_airflow.transform scheduled__2024-03-18T00:00:00+00:00 [queued]>
[2025-12-17T07:38:30.302+0000] {taskinstance.py:2170} INFO - Starting attempt 3 of 3
[2025-12-17T07:38:30.333+0000] {taskinstance.py:2191} INFO - Executing <Task(PythonOperator): transform> on 2024-03-18 00:00:00+00:00
[2025-12-17T07:38:30.349+0000] {standard_task_runner.py:60} INFO - Started process 1335 to run task
[2025-12-17T07:38:30.357+0000] {standard_task_runner.py:87} INFO - Running: ['***', 'tasks', 'run', 'etl_***', 'transform', 'scheduled__2024-03-18T00:00:00+00:00', '--job-id', '318', '--raw', '--subdir', 'DAGS_FOLDER/etl_***.py', '--cfg-path', '/tmp/tmpqmxub9aq']
[2025-12-17T07:38:30.365+0000] {standard_task_runner.py:88} INFO - Job 318: Subtask transform
[2025-12-17T07:38:30.518+0000] {task_command.py:423} INFO - Running <TaskInstance: etl_airflow.transform scheduled__2024-03-18T00:00:00+00:00 [running]> on host 2a0de06c8905
[2025-12-17T07:38:30.933+0000] {taskinstance.py:2480} INFO - Exporting env vars: AIRFLOW_CTX_DAG_OWNER='***' AIRFLOW_CTX_DAG_ID='etl_***' AIRFLOW_CTX_TASK_ID='transform' AIRFLOW_CTX_EXECUTION_DATE='2024-03-18T00:00:00+00:00' AIRFLOW_CTX_TRY_NUMBER='3' AIRFLOW_CTX_DAG_RUN_ID='scheduled__2024-03-18T00:00:00+00:00'
[2025-12-17T07:38:30.936+0000] {taskinstance.py:2698} ERROR - Task failed with exception
Traceback (most recent call last):
  File "/home/airflow/.local/lib/python3.8/site-packages/airflow/models/taskinstance.py", line 433, in _execute_task
    result = execute_callable(context=context, **execute_callable_kwargs)
  File "/home/airflow/.local/lib/python3.8/site-packages/airflow/operators/python.py", line 199, in execute
    return_value = self.execute_callable()
  File "/home/airflow/.local/lib/python3.8/site-packages/airflow/operators/python.py", line 216, in execute_callable
    return self.python_callable(*self.op_args, **self.op_kwargs)
TypeError: transform_data() missing 1 required positional argument: 'df'
[2025-12-17T07:38:30.951+0000] {taskinstance.py:1138} INFO - Marking task as FAILED. dag_id=etl_***, task_id=transform, execution_date=20240318T000000, start_date=20251217T073830, end_date=20251217T073830
[2025-12-17T07:38:30.984+0000] {standard_task_runner.py:107} ERROR - Failed to execute job 318 for task transform (transform_data() missing 1 required positional argument: 'df'; 1335)
[2025-12-17T07:38:31.014+0000] {local_task_job_runner.py:234} INFO - Task exited with return code 1
[2025-12-17T07:38:31.057+0000] {taskinstance.py:3280} INFO - 0 downstream tasks scheduled from follow-on schedule check
