[2025-12-16T17:20:21.150+0000] {taskinstance.py:1956} INFO - Dependencies all met for dep_context=non-requeueable deps ti=<TaskInstance: etl_airflow.transform scheduled__2024-06-12T00:00:00+00:00 [queued]>
[2025-12-16T17:20:21.180+0000] {taskinstance.py:1956} INFO - Dependencies all met for dep_context=requeueable deps ti=<TaskInstance: etl_airflow.transform scheduled__2024-06-12T00:00:00+00:00 [queued]>
[2025-12-16T17:20:21.185+0000] {taskinstance.py:2170} INFO - Starting attempt 2 of 4
[2025-12-16T17:20:21.226+0000] {taskinstance.py:2191} INFO - Executing <Task(PythonOperator): transform> on 2024-06-12 00:00:00+00:00
[2025-12-16T17:20:21.252+0000] {standard_task_runner.py:60} INFO - Started process 4993 to run task
[2025-12-16T17:20:21.262+0000] {standard_task_runner.py:87} INFO - Running: ['***', 'tasks', 'run', 'etl_***', 'transform', 'scheduled__2024-06-12T00:00:00+00:00', '--job-id', '5652', '--raw', '--subdir', 'DAGS_FOLDER/etl_dag.py', '--cfg-path', '/tmp/tmp5ogs_p2q']
[2025-12-16T17:20:21.270+0000] {standard_task_runner.py:88} INFO - Job 5652: Subtask transform
[2025-12-16T17:20:21.470+0000] {task_command.py:423} INFO - Running <TaskInstance: etl_airflow.transform scheduled__2024-06-12T00:00:00+00:00 [running]> on host 3b89cfee50e9
[2025-12-16T17:20:21.817+0000] {taskinstance.py:2480} INFO - Exporting env vars: AIRFLOW_CTX_DAG_OWNER='***' AIRFLOW_CTX_DAG_ID='etl_***' AIRFLOW_CTX_TASK_ID='transform' AIRFLOW_CTX_EXECUTION_DATE='2024-06-12T00:00:00+00:00' AIRFLOW_CTX_TRY_NUMBER='2' AIRFLOW_CTX_DAG_RUN_ID='scheduled__2024-06-12T00:00:00+00:00'
[2025-12-16T17:20:21.831+0000] {logging_mixin.py:188} INFO - [TRANSFORM]
[2025-12-16T17:20:22.475+0000] {logging_mixin.py:188} INFO - [TRANSFORM] done
[2025-12-16T17:20:22.477+0000] {python.py:201} INFO - Done. Returned value was: None
[2025-12-16T17:20:22.510+0000] {taskinstance.py:1138} INFO - Marking task as SUCCESS. dag_id=etl_***, task_id=transform, execution_date=20240612T000000, start_date=20251216T172021, end_date=20251216T172022
[2025-12-16T17:20:22.570+0000] {local_task_job_runner.py:234} INFO - Task exited with return code 0
[2025-12-16T17:20:22.664+0000] {taskinstance.py:3280} INFO - 1 downstream tasks scheduled from follow-on schedule check
[2025-12-17T04:48:25.466+0000] {taskinstance.py:1956} INFO - Dependencies all met for dep_context=non-requeueable deps ti=<TaskInstance: etl_airflow.transform scheduled__2024-06-12T00:00:00+00:00 [queued]>
[2025-12-17T04:48:25.481+0000] {taskinstance.py:1956} INFO - Dependencies all met for dep_context=requeueable deps ti=<TaskInstance: etl_airflow.transform scheduled__2024-06-12T00:00:00+00:00 [queued]>
[2025-12-17T04:48:25.482+0000] {taskinstance.py:2170} INFO - Starting attempt 2 of 3
[2025-12-17T04:48:25.503+0000] {taskinstance.py:2191} INFO - Executing <Task(PythonOperator): transform> on 2024-06-12 00:00:00+00:00
[2025-12-17T04:48:25.512+0000] {standard_task_runner.py:60} INFO - Started process 2450 to run task
[2025-12-17T04:48:25.516+0000] {standard_task_runner.py:87} INFO - Running: ['***', 'tasks', 'run', 'etl_***', 'transform', 'scheduled__2024-06-12T00:00:00+00:00', '--job-id', '676', '--raw', '--subdir', 'DAGS_FOLDER/etl_***.py', '--cfg-path', '/tmp/tmp_pjc9b1x']
[2025-12-17T04:48:25.520+0000] {standard_task_runner.py:88} INFO - Job 676: Subtask transform
[2025-12-17T04:48:25.637+0000] {task_command.py:423} INFO - Running <TaskInstance: etl_airflow.transform scheduled__2024-06-12T00:00:00+00:00 [running]> on host b3426f05ac70
[2025-12-17T04:48:26.031+0000] {taskinstance.py:2480} INFO - Exporting env vars: AIRFLOW_CTX_DAG_OWNER='***' AIRFLOW_CTX_DAG_ID='etl_***' AIRFLOW_CTX_TASK_ID='transform' AIRFLOW_CTX_EXECUTION_DATE='2024-06-12T00:00:00+00:00' AIRFLOW_CTX_TRY_NUMBER='2' AIRFLOW_CTX_DAG_RUN_ID='scheduled__2024-06-12T00:00:00+00:00'
[2025-12-17T04:48:26.034+0000] {taskinstance.py:2698} ERROR - Task failed with exception
Traceback (most recent call last):
  File "/home/airflow/.local/lib/python3.8/site-packages/airflow/models/taskinstance.py", line 433, in _execute_task
    result = execute_callable(context=context, **execute_callable_kwargs)
  File "/home/airflow/.local/lib/python3.8/site-packages/airflow/operators/python.py", line 199, in execute
    return_value = self.execute_callable()
  File "/home/airflow/.local/lib/python3.8/site-packages/airflow/operators/python.py", line 216, in execute_callable
    return self.python_callable(*self.op_args, **self.op_kwargs)
TypeError: transform_data() missing 1 required positional argument: 'df'
[2025-12-17T04:48:26.046+0000] {taskinstance.py:1138} INFO - Marking task as UP_FOR_RETRY. dag_id=etl_***, task_id=transform, execution_date=20240612T000000, start_date=20251217T044825, end_date=20251217T044826
[2025-12-17T04:48:26.065+0000] {standard_task_runner.py:107} ERROR - Failed to execute job 676 for task transform (transform_data() missing 1 required positional argument: 'df'; 2450)
[2025-12-17T04:48:26.092+0000] {local_task_job_runner.py:234} INFO - Task exited with return code 1
[2025-12-17T04:48:26.130+0000] {taskinstance.py:3280} INFO - 0 downstream tasks scheduled from follow-on schedule check
[2025-12-17T07:42:00.648+0000] {taskinstance.py:1956} INFO - Dependencies all met for dep_context=non-requeueable deps ti=<TaskInstance: etl_airflow.transform scheduled__2024-06-12T00:00:00+00:00 [queued]>
[2025-12-17T07:42:00.674+0000] {taskinstance.py:1956} INFO - Dependencies all met for dep_context=requeueable deps ti=<TaskInstance: etl_airflow.transform scheduled__2024-06-12T00:00:00+00:00 [queued]>
[2025-12-17T07:42:00.679+0000] {taskinstance.py:2170} INFO - Starting attempt 2 of 3
[2025-12-17T07:42:00.720+0000] {taskinstance.py:2191} INFO - Executing <Task(PythonOperator): transform> on 2024-06-12 00:00:00+00:00
[2025-12-17T07:42:00.735+0000] {standard_task_runner.py:60} INFO - Started process 2534 to run task
[2025-12-17T07:42:00.748+0000] {standard_task_runner.py:87} INFO - Running: ['***', 'tasks', 'run', 'etl_***', 'transform', 'scheduled__2024-06-12T00:00:00+00:00', '--job-id', '681', '--raw', '--subdir', 'DAGS_FOLDER/etl_***.py', '--cfg-path', '/tmp/tmp251jk96k']
[2025-12-17T07:42:00.754+0000] {standard_task_runner.py:88} INFO - Job 681: Subtask transform
[2025-12-17T07:42:00.987+0000] {task_command.py:423} INFO - Running <TaskInstance: etl_airflow.transform scheduled__2024-06-12T00:00:00+00:00 [running]> on host 2a0de06c8905
[2025-12-17T07:42:01.443+0000] {taskinstance.py:2480} INFO - Exporting env vars: AIRFLOW_CTX_DAG_OWNER='***' AIRFLOW_CTX_DAG_ID='etl_***' AIRFLOW_CTX_TASK_ID='transform' AIRFLOW_CTX_EXECUTION_DATE='2024-06-12T00:00:00+00:00' AIRFLOW_CTX_TRY_NUMBER='2' AIRFLOW_CTX_DAG_RUN_ID='scheduled__2024-06-12T00:00:00+00:00'
[2025-12-17T07:42:01.447+0000] {taskinstance.py:2698} ERROR - Task failed with exception
Traceback (most recent call last):
  File "/home/airflow/.local/lib/python3.8/site-packages/airflow/models/taskinstance.py", line 433, in _execute_task
    result = execute_callable(context=context, **execute_callable_kwargs)
  File "/home/airflow/.local/lib/python3.8/site-packages/airflow/operators/python.py", line 199, in execute
    return_value = self.execute_callable()
  File "/home/airflow/.local/lib/python3.8/site-packages/airflow/operators/python.py", line 216, in execute_callable
    return self.python_callable(*self.op_args, **self.op_kwargs)
TypeError: transform_data() missing 1 required positional argument: 'df'
[2025-12-17T07:42:01.461+0000] {taskinstance.py:1138} INFO - Marking task as UP_FOR_RETRY. dag_id=etl_***, task_id=transform, execution_date=20240612T000000, start_date=20251217T074200, end_date=20251217T074201
[2025-12-17T07:42:01.488+0000] {standard_task_runner.py:107} ERROR - Failed to execute job 681 for task transform (transform_data() missing 1 required positional argument: 'df'; 2534)
[2025-12-17T07:42:01.521+0000] {local_task_job_runner.py:234} INFO - Task exited with return code 1
[2025-12-17T07:42:01.630+0000] {taskinstance.py:3280} INFO - 0 downstream tasks scheduled from follow-on schedule check
