[2025-12-17T04:52:39.298+0000] {taskinstance.py:1956} INFO - Dependencies all met for dep_context=non-requeueable deps ti=<TaskInstance: etl_airflow.transform scheduled__2024-09-30T00:00:00+00:00 [queued]>
[2025-12-17T04:52:39.310+0000] {taskinstance.py:1956} INFO - Dependencies all met for dep_context=requeueable deps ti=<TaskInstance: etl_airflow.transform scheduled__2024-09-30T00:00:00+00:00 [queued]>
[2025-12-17T04:52:39.312+0000] {taskinstance.py:2170} INFO - Starting attempt 3 of 3
[2025-12-17T04:52:39.326+0000] {taskinstance.py:2191} INFO - Executing <Task(PythonOperator): transform> on 2024-09-30 00:00:00+00:00
[2025-12-17T04:52:39.332+0000] {standard_task_runner.py:60} INFO - Started process 3976 to run task
[2025-12-17T04:52:39.336+0000] {standard_task_runner.py:87} INFO - Running: ['***', 'tasks', 'run', 'etl_***', 'transform', 'scheduled__2024-09-30T00:00:00+00:00', '--job-id', '1140', '--raw', '--subdir', 'DAGS_FOLDER/etl_***.py', '--cfg-path', '/tmp/tmplb4g1xgj']
[2025-12-17T04:52:39.338+0000] {standard_task_runner.py:88} INFO - Job 1140: Subtask transform
[2025-12-17T04:52:39.432+0000] {task_command.py:423} INFO - Running <TaskInstance: etl_airflow.transform scheduled__2024-09-30T00:00:00+00:00 [running]> on host b3426f05ac70
[2025-12-17T04:52:39.782+0000] {taskinstance.py:2480} INFO - Exporting env vars: AIRFLOW_CTX_DAG_OWNER='***' AIRFLOW_CTX_DAG_ID='etl_***' AIRFLOW_CTX_TASK_ID='transform' AIRFLOW_CTX_EXECUTION_DATE='2024-09-30T00:00:00+00:00' AIRFLOW_CTX_TRY_NUMBER='3' AIRFLOW_CTX_DAG_RUN_ID='scheduled__2024-09-30T00:00:00+00:00'
[2025-12-17T04:52:39.784+0000] {taskinstance.py:2698} ERROR - Task failed with exception
Traceback (most recent call last):
  File "/home/airflow/.local/lib/python3.8/site-packages/airflow/models/taskinstance.py", line 433, in _execute_task
    result = execute_callable(context=context, **execute_callable_kwargs)
  File "/home/airflow/.local/lib/python3.8/site-packages/airflow/operators/python.py", line 199, in execute
    return_value = self.execute_callable()
  File "/home/airflow/.local/lib/python3.8/site-packages/airflow/operators/python.py", line 216, in execute_callable
    return self.python_callable(*self.op_args, **self.op_kwargs)
TypeError: transform_data() missing 1 required positional argument: 'df'
[2025-12-17T04:52:39.796+0000] {taskinstance.py:1138} INFO - Marking task as FAILED. dag_id=etl_***, task_id=transform, execution_date=20240930T000000, start_date=20251217T045239, end_date=20251217T045239
[2025-12-17T04:52:39.812+0000] {standard_task_runner.py:107} ERROR - Failed to execute job 1140 for task transform (transform_data() missing 1 required positional argument: 'df'; 3976)
[2025-12-17T04:52:39.832+0000] {local_task_job_runner.py:234} INFO - Task exited with return code 1
[2025-12-17T04:52:39.877+0000] {taskinstance.py:3280} INFO - 0 downstream tasks scheduled from follow-on schedule check
[2025-12-17T07:57:43.422+0000] {taskinstance.py:1956} INFO - Dependencies all met for dep_context=non-requeueable deps ti=<TaskInstance: etl_airflow.transform scheduled__2024-09-30T00:00:00+00:00 [queued]>
[2025-12-17T07:57:43.453+0000] {taskinstance.py:1956} INFO - Dependencies all met for dep_context=requeueable deps ti=<TaskInstance: etl_airflow.transform scheduled__2024-09-30T00:00:00+00:00 [queued]>
[2025-12-17T07:57:43.455+0000] {taskinstance.py:2170} INFO - Starting attempt 3 of 3
[2025-12-17T07:57:43.483+0000] {taskinstance.py:2191} INFO - Executing <Task(PythonOperator): transform> on 2024-09-30 00:00:00+00:00
[2025-12-17T07:57:43.493+0000] {standard_task_runner.py:60} INFO - Started process 4068 to run task
[2025-12-17T07:57:43.500+0000] {standard_task_runner.py:87} INFO - Running: ['***', 'tasks', 'run', 'etl_***', 'transform', 'scheduled__2024-09-30T00:00:00+00:00', '--job-id', '1143', '--raw', '--subdir', 'DAGS_FOLDER/etl_***.py', '--cfg-path', '/tmp/tmpuuambsue']
[2025-12-17T07:57:43.507+0000] {standard_task_runner.py:88} INFO - Job 1143: Subtask transform
[2025-12-17T07:57:43.656+0000] {task_command.py:423} INFO - Running <TaskInstance: etl_airflow.transform scheduled__2024-09-30T00:00:00+00:00 [running]> on host 2a0de06c8905
[2025-12-17T07:57:44.118+0000] {taskinstance.py:2480} INFO - Exporting env vars: AIRFLOW_CTX_DAG_OWNER='***' AIRFLOW_CTX_DAG_ID='etl_***' AIRFLOW_CTX_TASK_ID='transform' AIRFLOW_CTX_EXECUTION_DATE='2024-09-30T00:00:00+00:00' AIRFLOW_CTX_TRY_NUMBER='3' AIRFLOW_CTX_DAG_RUN_ID='scheduled__2024-09-30T00:00:00+00:00'
[2025-12-17T07:57:44.130+0000] {taskinstance.py:2698} ERROR - Task failed with exception
Traceback (most recent call last):
  File "/home/airflow/.local/lib/python3.8/site-packages/airflow/models/taskinstance.py", line 433, in _execute_task
    result = execute_callable(context=context, **execute_callable_kwargs)
  File "/home/airflow/.local/lib/python3.8/site-packages/airflow/operators/python.py", line 199, in execute
    return_value = self.execute_callable()
  File "/home/airflow/.local/lib/python3.8/site-packages/airflow/operators/python.py", line 216, in execute_callable
    return self.python_callable(*self.op_args, **self.op_kwargs)
TypeError: transform_data() missing 1 required positional argument: 'df'
[2025-12-17T07:57:44.160+0000] {taskinstance.py:1138} INFO - Marking task as FAILED. dag_id=etl_***, task_id=transform, execution_date=20240930T000000, start_date=20251217T075743, end_date=20251217T075744
[2025-12-17T07:57:44.388+0000] {standard_task_runner.py:107} ERROR - Failed to execute job 1143 for task transform (transform_data() missing 1 required positional argument: 'df'; 4068)
[2025-12-17T07:57:44.441+0000] {local_task_job_runner.py:234} INFO - Task exited with return code 1
[2025-12-17T07:57:44.488+0000] {taskinstance.py:3280} INFO - 0 downstream tasks scheduled from follow-on schedule check
