[2025-12-16T17:07:08.466+0000] {taskinstance.py:1956} INFO - Dependencies all met for dep_context=non-requeueable deps ti=<TaskInstance: etl_airflow.transform scheduled__2025-02-15T00:00:00+00:00 [queued]>
[2025-12-16T17:07:08.495+0000] {taskinstance.py:1956} INFO - Dependencies all met for dep_context=requeueable deps ti=<TaskInstance: etl_airflow.transform scheduled__2025-02-15T00:00:00+00:00 [queued]>
[2025-12-16T17:07:08.498+0000] {taskinstance.py:2170} INFO - Starting attempt 1 of 3
[2025-12-16T17:07:08.564+0000] {taskinstance.py:2191} INFO - Executing <Task(PythonOperator): transform> on 2025-02-15 00:00:00+00:00
[2025-12-16T17:07:08.578+0000] {standard_task_runner.py:60} INFO - Started process 1429 to run task
[2025-12-16T17:07:08.584+0000] {standard_task_runner.py:87} INFO - Running: ['***', 'tasks', 'run', 'etl_***', 'transform', 'scheduled__2025-02-15T00:00:00+00:00', '--job-id', '3355', '--raw', '--subdir', 'DAGS_FOLDER/etl_dag.py', '--cfg-path', '/tmp/tmpk_cskyzy']
[2025-12-16T17:07:08.591+0000] {standard_task_runner.py:88} INFO - Job 3355: Subtask transform
[2025-12-16T17:07:08.697+0000] {task_command.py:423} INFO - Running <TaskInstance: etl_airflow.transform scheduled__2025-02-15T00:00:00+00:00 [running]> on host db658e834d9d
[2025-12-16T17:07:08.831+0000] {taskinstance.py:2480} INFO - Exporting env vars: AIRFLOW_CTX_DAG_OWNER='***' AIRFLOW_CTX_DAG_ID='etl_***' AIRFLOW_CTX_TASK_ID='transform' AIRFLOW_CTX_EXECUTION_DATE='2025-02-15T00:00:00+00:00' AIRFLOW_CTX_TRY_NUMBER='1' AIRFLOW_CTX_DAG_RUN_ID='scheduled__2025-02-15T00:00:00+00:00'
[2025-12-16T17:07:08.833+0000] {logging_mixin.py:188} INFO - [TRANSFORM]
[2025-12-16T17:07:08.851+0000] {taskinstance.py:2698} ERROR - Task failed with exception
Traceback (most recent call last):
  File "/home/airflow/.local/lib/python3.8/site-packages/airflow/models/taskinstance.py", line 433, in _execute_task
    result = execute_callable(context=context, **execute_callable_kwargs)
  File "/home/airflow/.local/lib/python3.8/site-packages/airflow/operators/python.py", line 199, in execute
    return_value = self.execute_callable()
  File "/home/airflow/.local/lib/python3.8/site-packages/airflow/operators/python.py", line 216, in execute_callable
    return self.python_callable(*self.op_args, **self.op_kwargs)
  File "/opt/airflow/etl_logic/pipeline.py", line 113, in transform_data
    df.to_csv(OUTPUT_PATH, index=False)
  File "/home/airflow/.local/lib/python3.8/site-packages/pandas/core/generic.py", line 3772, in to_csv
    return DataFrameRenderer(formatter).to_csv(
  File "/home/airflow/.local/lib/python3.8/site-packages/pandas/io/formats/format.py", line 1186, in to_csv
    csv_formatter.save()
  File "/home/airflow/.local/lib/python3.8/site-packages/pandas/io/formats/csvs.py", line 240, in save
    with get_handle(
  File "/home/airflow/.local/lib/python3.8/site-packages/pandas/io/common.py", line 737, in get_handle
    check_parent_directory(str(handle))
  File "/home/airflow/.local/lib/python3.8/site-packages/pandas/io/common.py", line 600, in check_parent_directory
    raise OSError(rf"Cannot save file into a non-existent directory: '{parent}'")
OSError: Cannot save file into a non-existent directory: 'E:\GPP\Task_4\comparative-data-orchestrationirflow\data'
[2025-12-16T17:07:08.875+0000] {taskinstance.py:1138} INFO - Marking task as UP_FOR_RETRY. dag_id=etl_***, task_id=transform, execution_date=20250215T000000, start_date=20251216T170708, end_date=20251216T170708
[2025-12-16T17:07:08.894+0000] {standard_task_runner.py:107} ERROR - Failed to execute job 3355 for task transform (Cannot save file into a non-existent directory: 'E:\GPP\Task_4\comparative-data-orchestrationirflow\data'; 1429)
[2025-12-16T17:07:08.922+0000] {local_task_job_runner.py:234} INFO - Task exited with return code 1
[2025-12-16T17:07:08.965+0000] {taskinstance.py:3280} INFO - 0 downstream tasks scheduled from follow-on schedule check
[2025-12-17T01:57:18.452+0000] {taskinstance.py:1956} INFO - Dependencies all met for dep_context=non-requeueable deps ti=<TaskInstance: etl_airflow.transform scheduled__2025-02-15T00:00:00+00:00 [queued]>
[2025-12-17T01:57:18.496+0000] {taskinstance.py:1956} INFO - Dependencies all met for dep_context=requeueable deps ti=<TaskInstance: etl_airflow.transform scheduled__2025-02-15T00:00:00+00:00 [queued]>
[2025-12-17T01:57:18.500+0000] {taskinstance.py:2170} INFO - Starting attempt 1 of 3
[2025-12-17T01:57:18.859+0000] {taskinstance.py:2191} INFO - Executing <Task(PythonOperator): transform> on 2025-02-15 00:00:00+00:00
[2025-12-17T01:57:18.875+0000] {standard_task_runner.py:60} INFO - Started process 4207 to run task
[2025-12-17T01:57:18.888+0000] {standard_task_runner.py:87} INFO - Running: ['***', 'tasks', 'run', 'etl_***', 'transform', 'scheduled__2025-02-15T00:00:00+00:00', '--job-id', '1259', '--raw', '--subdir', 'DAGS_FOLDER/etl_dag.py', '--cfg-path', '/tmp/tmppkv_2xny']
[2025-12-17T01:57:18.904+0000] {standard_task_runner.py:88} INFO - Job 1259: Subtask transform
[2025-12-17T01:57:19.275+0000] {task_command.py:423} INFO - Running <TaskInstance: etl_airflow.transform scheduled__2025-02-15T00:00:00+00:00 [running]> on host 571e042550da
[2025-12-17T01:57:20.030+0000] {taskinstance.py:2480} INFO - Exporting env vars: AIRFLOW_CTX_DAG_OWNER='***' AIRFLOW_CTX_DAG_ID='etl_***' AIRFLOW_CTX_TASK_ID='transform' AIRFLOW_CTX_EXECUTION_DATE='2025-02-15T00:00:00+00:00' AIRFLOW_CTX_TRY_NUMBER='1' AIRFLOW_CTX_DAG_RUN_ID='scheduled__2025-02-15T00:00:00+00:00'
[2025-12-17T01:57:20.035+0000] {logging_mixin.py:188} INFO - [TRANSFORM]
[2025-12-17T01:57:20.113+0000] {logging_mixin.py:188} INFO - [TRANSFORM] done
[2025-12-17T01:57:20.115+0000] {python.py:201} INFO - Done. Returned value was: None
[2025-12-17T01:57:20.144+0000] {taskinstance.py:1138} INFO - Marking task as SUCCESS. dag_id=etl_***, task_id=transform, execution_date=20250215T000000, start_date=20251217T015718, end_date=20251217T015720
[2025-12-17T01:57:20.282+0000] {local_task_job_runner.py:234} INFO - Task exited with return code 0
[2025-12-17T01:57:20.388+0000] {taskinstance.py:3280} INFO - 1 downstream tasks scheduled from follow-on schedule check
[2025-12-17T04:56:59.963+0000] {taskinstance.py:1956} INFO - Dependencies all met for dep_context=non-requeueable deps ti=<TaskInstance: etl_airflow.transform scheduled__2025-02-15T00:00:00+00:00 [queued]>
[2025-12-17T04:56:59.983+0000] {taskinstance.py:1956} INFO - Dependencies all met for dep_context=requeueable deps ti=<TaskInstance: etl_airflow.transform scheduled__2025-02-15T00:00:00+00:00 [queued]>
[2025-12-17T04:56:59.984+0000] {taskinstance.py:2170} INFO - Starting attempt 1 of 3
[2025-12-17T04:57:00.012+0000] {taskinstance.py:2191} INFO - Executing <Task(PythonOperator): transform> on 2025-02-15 00:00:00+00:00
[2025-12-17T04:57:00.023+0000] {standard_task_runner.py:60} INFO - Started process 5590 to run task
[2025-12-17T04:57:00.032+0000] {standard_task_runner.py:87} INFO - Running: ['***', 'tasks', 'run', 'etl_***', 'transform', 'scheduled__2025-02-15T00:00:00+00:00', '--job-id', '1629', '--raw', '--subdir', 'DAGS_FOLDER/etl_***.py', '--cfg-path', '/tmp/tmptezg7mdp']
[2025-12-17T04:57:00.045+0000] {standard_task_runner.py:88} INFO - Job 1629: Subtask transform
[2025-12-17T04:57:00.174+0000] {task_command.py:423} INFO - Running <TaskInstance: etl_airflow.transform scheduled__2025-02-15T00:00:00+00:00 [running]> on host b3426f05ac70
[2025-12-17T04:57:00.497+0000] {taskinstance.py:2480} INFO - Exporting env vars: AIRFLOW_CTX_DAG_OWNER='***' AIRFLOW_CTX_DAG_ID='etl_***' AIRFLOW_CTX_TASK_ID='transform' AIRFLOW_CTX_EXECUTION_DATE='2025-02-15T00:00:00+00:00' AIRFLOW_CTX_TRY_NUMBER='1' AIRFLOW_CTX_DAG_RUN_ID='scheduled__2025-02-15T00:00:00+00:00'
[2025-12-17T04:57:00.500+0000] {taskinstance.py:2698} ERROR - Task failed with exception
Traceback (most recent call last):
  File "/home/airflow/.local/lib/python3.8/site-packages/airflow/models/taskinstance.py", line 433, in _execute_task
    result = execute_callable(context=context, **execute_callable_kwargs)
  File "/home/airflow/.local/lib/python3.8/site-packages/airflow/operators/python.py", line 199, in execute
    return_value = self.execute_callable()
  File "/home/airflow/.local/lib/python3.8/site-packages/airflow/operators/python.py", line 216, in execute_callable
    return self.python_callable(*self.op_args, **self.op_kwargs)
TypeError: transform_data() missing 1 required positional argument: 'df'
[2025-12-17T04:57:00.512+0000] {taskinstance.py:1138} INFO - Marking task as UP_FOR_RETRY. dag_id=etl_***, task_id=transform, execution_date=20250215T000000, start_date=20251217T045659, end_date=20251217T045700
[2025-12-17T04:57:00.535+0000] {standard_task_runner.py:107} ERROR - Failed to execute job 1629 for task transform (transform_data() missing 1 required positional argument: 'df'; 5590)
[2025-12-17T04:57:00.566+0000] {local_task_job_runner.py:234} INFO - Task exited with return code 1
[2025-12-17T04:57:00.605+0000] {taskinstance.py:3280} INFO - 0 downstream tasks scheduled from follow-on schedule check
