[2025-12-17T05:01:23.320+0000] {taskinstance.py:1956} INFO - Dependencies all met for dep_context=non-requeueable deps ti=<TaskInstance: etl_airflow.transform scheduled__2025-06-10T00:00:00+00:00 [queued]>
[2025-12-17T05:01:23.331+0000] {taskinstance.py:1956} INFO - Dependencies all met for dep_context=requeueable deps ti=<TaskInstance: etl_airflow.transform scheduled__2025-06-10T00:00:00+00:00 [queued]>
[2025-12-17T05:01:23.332+0000] {taskinstance.py:2170} INFO - Starting attempt 3 of 3
[2025-12-17T05:01:23.372+0000] {taskinstance.py:2191} INFO - Executing <Task(PythonOperator): transform> on 2025-06-10 00:00:00+00:00
[2025-12-17T05:01:23.387+0000] {standard_task_runner.py:60} INFO - Started process 7181 to run task
[2025-12-17T05:01:23.400+0000] {standard_task_runner.py:87} INFO - Running: ['***', 'tasks', 'run', 'etl_***', 'transform', 'scheduled__2025-06-10T00:00:00+00:00', '--job-id', '2112', '--raw', '--subdir', 'DAGS_FOLDER/etl_***.py', '--cfg-path', '/tmp/tmpugzo4d1g']
[2025-12-17T05:01:23.407+0000] {standard_task_runner.py:88} INFO - Job 2112: Subtask transform
[2025-12-17T05:01:23.542+0000] {task_command.py:423} INFO - Running <TaskInstance: etl_airflow.transform scheduled__2025-06-10T00:00:00+00:00 [running]> on host b3426f05ac70
[2025-12-17T05:01:23.956+0000] {taskinstance.py:2480} INFO - Exporting env vars: AIRFLOW_CTX_DAG_OWNER='***' AIRFLOW_CTX_DAG_ID='etl_***' AIRFLOW_CTX_TASK_ID='transform' AIRFLOW_CTX_EXECUTION_DATE='2025-06-10T00:00:00+00:00' AIRFLOW_CTX_TRY_NUMBER='3' AIRFLOW_CTX_DAG_RUN_ID='scheduled__2025-06-10T00:00:00+00:00'
[2025-12-17T05:01:23.963+0000] {taskinstance.py:2698} ERROR - Task failed with exception
Traceback (most recent call last):
  File "/home/airflow/.local/lib/python3.8/site-packages/airflow/models/taskinstance.py", line 433, in _execute_task
    result = execute_callable(context=context, **execute_callable_kwargs)
  File "/home/airflow/.local/lib/python3.8/site-packages/airflow/operators/python.py", line 199, in execute
    return_value = self.execute_callable()
  File "/home/airflow/.local/lib/python3.8/site-packages/airflow/operators/python.py", line 216, in execute_callable
    return self.python_callable(*self.op_args, **self.op_kwargs)
TypeError: transform_data() missing 1 required positional argument: 'df'
[2025-12-17T05:01:23.984+0000] {taskinstance.py:1138} INFO - Marking task as FAILED. dag_id=etl_***, task_id=transform, execution_date=20250610T000000, start_date=20251217T050123, end_date=20251217T050123
[2025-12-17T05:01:24.011+0000] {standard_task_runner.py:107} ERROR - Failed to execute job 2112 for task transform (transform_data() missing 1 required positional argument: 'df'; 7181)
[2025-12-17T05:01:24.055+0000] {local_task_job_runner.py:234} INFO - Task exited with return code 1
[2025-12-17T05:01:24.104+0000] {taskinstance.py:3280} INFO - 0 downstream tasks scheduled from follow-on schedule check
