[2025-12-16T17:08:29.537+0000] {taskinstance.py:1956} INFO - Dependencies all met for dep_context=non-requeueable deps ti=<TaskInstance: etl_airflow.transform scheduled__2025-04-02T00:00:00+00:00 [queued]>
[2025-12-16T17:08:29.577+0000] {taskinstance.py:1956} INFO - Dependencies all met for dep_context=requeueable deps ti=<TaskInstance: etl_airflow.transform scheduled__2025-04-02T00:00:00+00:00 [queued]>
[2025-12-16T17:08:29.586+0000] {taskinstance.py:2170} INFO - Starting attempt 1 of 3
[2025-12-16T17:08:29.634+0000] {taskinstance.py:2191} INFO - Executing <Task(PythonOperator): transform> on 2025-04-02 00:00:00+00:00
[2025-12-16T17:08:29.670+0000] {standard_task_runner.py:60} INFO - Started process 1995 to run task
[2025-12-16T17:08:29.695+0000] {standard_task_runner.py:87} INFO - Running: ['***', 'tasks', 'run', 'etl_***', 'transform', 'scheduled__2025-04-02T00:00:00+00:00', '--job-id', '3524', '--raw', '--subdir', 'DAGS_FOLDER/etl_dag.py', '--cfg-path', '/tmp/tmp8l_ys4hd']
[2025-12-16T17:08:29.714+0000] {standard_task_runner.py:88} INFO - Job 3524: Subtask transform
[2025-12-16T17:08:30.025+0000] {task_command.py:423} INFO - Running <TaskInstance: etl_airflow.transform scheduled__2025-04-02T00:00:00+00:00 [running]> on host db658e834d9d
[2025-12-16T17:08:30.436+0000] {taskinstance.py:2480} INFO - Exporting env vars: AIRFLOW_CTX_DAG_OWNER='***' AIRFLOW_CTX_DAG_ID='etl_***' AIRFLOW_CTX_TASK_ID='transform' AIRFLOW_CTX_EXECUTION_DATE='2025-04-02T00:00:00+00:00' AIRFLOW_CTX_TRY_NUMBER='1' AIRFLOW_CTX_DAG_RUN_ID='scheduled__2025-04-02T00:00:00+00:00'
[2025-12-16T17:08:30.440+0000] {logging_mixin.py:188} INFO - [TRANSFORM]
[2025-12-16T17:08:30.475+0000] {taskinstance.py:2698} ERROR - Task failed with exception
Traceback (most recent call last):
  File "/home/airflow/.local/lib/python3.8/site-packages/airflow/models/taskinstance.py", line 433, in _execute_task
    result = execute_callable(context=context, **execute_callable_kwargs)
  File "/home/airflow/.local/lib/python3.8/site-packages/airflow/operators/python.py", line 199, in execute
    return_value = self.execute_callable()
  File "/home/airflow/.local/lib/python3.8/site-packages/airflow/operators/python.py", line 216, in execute_callable
    return self.python_callable(*self.op_args, **self.op_kwargs)
  File "/opt/airflow/etl_logic/pipeline.py", line 113, in transform_data
    df.to_csv(OUTPUT_PATH, index=False)
  File "/home/airflow/.local/lib/python3.8/site-packages/pandas/core/generic.py", line 3772, in to_csv
    return DataFrameRenderer(formatter).to_csv(
  File "/home/airflow/.local/lib/python3.8/site-packages/pandas/io/formats/format.py", line 1186, in to_csv
    csv_formatter.save()
  File "/home/airflow/.local/lib/python3.8/site-packages/pandas/io/formats/csvs.py", line 240, in save
    with get_handle(
  File "/home/airflow/.local/lib/python3.8/site-packages/pandas/io/common.py", line 737, in get_handle
    check_parent_directory(str(handle))
  File "/home/airflow/.local/lib/python3.8/site-packages/pandas/io/common.py", line 600, in check_parent_directory
    raise OSError(rf"Cannot save file into a non-existent directory: '{parent}'")
OSError: Cannot save file into a non-existent directory: 'E:\GPP\Task_4\comparative-data-orchestrationirflow\data'
[2025-12-16T17:08:30.562+0000] {taskinstance.py:1138} INFO - Marking task as UP_FOR_RETRY. dag_id=etl_***, task_id=transform, execution_date=20250402T000000, start_date=20251216T170829, end_date=20251216T170830
[2025-12-16T17:08:30.957+0000] {standard_task_runner.py:107} ERROR - Failed to execute job 3524 for task transform (Cannot save file into a non-existent directory: 'E:\GPP\Task_4\comparative-data-orchestrationirflow\data'; 1995)
[2025-12-16T17:08:30.983+0000] {local_task_job_runner.py:234} INFO - Task exited with return code 1
[2025-12-16T17:08:31.023+0000] {taskinstance.py:3280} INFO - 0 downstream tasks scheduled from follow-on schedule check
[2025-12-17T01:58:06.893+0000] {taskinstance.py:1956} INFO - Dependencies all met for dep_context=non-requeueable deps ti=<TaskInstance: etl_airflow.transform scheduled__2025-04-02T00:00:00+00:00 [queued]>
[2025-12-17T01:58:06.932+0000] {taskinstance.py:1956} INFO - Dependencies all met for dep_context=requeueable deps ti=<TaskInstance: etl_airflow.transform scheduled__2025-04-02T00:00:00+00:00 [queued]>
[2025-12-17T01:58:06.934+0000] {taskinstance.py:2170} INFO - Starting attempt 1 of 3
[2025-12-17T01:58:06.998+0000] {taskinstance.py:2191} INFO - Executing <Task(PythonOperator): transform> on 2025-04-02 00:00:00+00:00
[2025-12-17T01:58:07.014+0000] {standard_task_runner.py:60} INFO - Started process 4668 to run task
[2025-12-17T01:58:07.041+0000] {standard_task_runner.py:87} INFO - Running: ['***', 'tasks', 'run', 'etl_***', 'transform', 'scheduled__2025-04-02T00:00:00+00:00', '--job-id', '1401', '--raw', '--subdir', 'DAGS_FOLDER/etl_dag.py', '--cfg-path', '/tmp/tmpvq8c708d']
[2025-12-17T01:58:07.052+0000] {standard_task_runner.py:88} INFO - Job 1401: Subtask transform
[2025-12-17T01:58:07.311+0000] {task_command.py:423} INFO - Running <TaskInstance: etl_airflow.transform scheduled__2025-04-02T00:00:00+00:00 [running]> on host 571e042550da
[2025-12-17T01:58:07.902+0000] {taskinstance.py:2480} INFO - Exporting env vars: AIRFLOW_CTX_DAG_OWNER='***' AIRFLOW_CTX_DAG_ID='etl_***' AIRFLOW_CTX_TASK_ID='transform' AIRFLOW_CTX_EXECUTION_DATE='2025-04-02T00:00:00+00:00' AIRFLOW_CTX_TRY_NUMBER='1' AIRFLOW_CTX_DAG_RUN_ID='scheduled__2025-04-02T00:00:00+00:00'
[2025-12-17T01:58:07.904+0000] {logging_mixin.py:188} INFO - [TRANSFORM]
[2025-12-17T01:58:07.967+0000] {logging_mixin.py:188} INFO - [TRANSFORM] done
[2025-12-17T01:58:07.969+0000] {python.py:201} INFO - Done. Returned value was: None
[2025-12-17T01:58:07.991+0000] {taskinstance.py:1138} INFO - Marking task as SUCCESS. dag_id=etl_***, task_id=transform, execution_date=20250402T000000, start_date=20251217T015806, end_date=20251217T015807
[2025-12-17T01:58:08.286+0000] {local_task_job_runner.py:234} INFO - Task exited with return code 0
[2025-12-17T01:58:08.428+0000] {taskinstance.py:3280} INFO - 1 downstream tasks scheduled from follow-on schedule check
[2025-12-17T04:58:42.014+0000] {taskinstance.py:1956} INFO - Dependencies all met for dep_context=non-requeueable deps ti=<TaskInstance: etl_airflow.transform scheduled__2025-04-02T00:00:00+00:00 [queued]>
[2025-12-17T04:58:42.029+0000] {taskinstance.py:1956} INFO - Dependencies all met for dep_context=requeueable deps ti=<TaskInstance: etl_airflow.transform scheduled__2025-04-02T00:00:00+00:00 [queued]>
[2025-12-17T04:58:42.030+0000] {taskinstance.py:2170} INFO - Starting attempt 1 of 3
[2025-12-17T04:58:42.049+0000] {taskinstance.py:2191} INFO - Executing <Task(PythonOperator): transform> on 2025-04-02 00:00:00+00:00
[2025-12-17T04:58:42.057+0000] {standard_task_runner.py:60} INFO - Started process 6219 to run task
[2025-12-17T04:58:42.062+0000] {standard_task_runner.py:87} INFO - Running: ['***', 'tasks', 'run', 'etl_***', 'transform', 'scheduled__2025-04-02T00:00:00+00:00', '--job-id', '1821', '--raw', '--subdir', 'DAGS_FOLDER/etl_***.py', '--cfg-path', '/tmp/tmpcp66auy4']
[2025-12-17T04:58:42.068+0000] {standard_task_runner.py:88} INFO - Job 1821: Subtask transform
[2025-12-17T04:58:42.181+0000] {task_command.py:423} INFO - Running <TaskInstance: etl_airflow.transform scheduled__2025-04-02T00:00:00+00:00 [running]> on host b3426f05ac70
[2025-12-17T04:58:42.547+0000] {taskinstance.py:2480} INFO - Exporting env vars: AIRFLOW_CTX_DAG_OWNER='***' AIRFLOW_CTX_DAG_ID='etl_***' AIRFLOW_CTX_TASK_ID='transform' AIRFLOW_CTX_EXECUTION_DATE='2025-04-02T00:00:00+00:00' AIRFLOW_CTX_TRY_NUMBER='1' AIRFLOW_CTX_DAG_RUN_ID='scheduled__2025-04-02T00:00:00+00:00'
[2025-12-17T04:58:42.549+0000] {taskinstance.py:2698} ERROR - Task failed with exception
Traceback (most recent call last):
  File "/home/airflow/.local/lib/python3.8/site-packages/airflow/models/taskinstance.py", line 433, in _execute_task
    result = execute_callable(context=context, **execute_callable_kwargs)
  File "/home/airflow/.local/lib/python3.8/site-packages/airflow/operators/python.py", line 199, in execute
    return_value = self.execute_callable()
  File "/home/airflow/.local/lib/python3.8/site-packages/airflow/operators/python.py", line 216, in execute_callable
    return self.python_callable(*self.op_args, **self.op_kwargs)
TypeError: transform_data() missing 1 required positional argument: 'df'
[2025-12-17T04:58:42.563+0000] {taskinstance.py:1138} INFO - Marking task as UP_FOR_RETRY. dag_id=etl_***, task_id=transform, execution_date=20250402T000000, start_date=20251217T045842, end_date=20251217T045842
[2025-12-17T04:58:42.580+0000] {standard_task_runner.py:107} ERROR - Failed to execute job 1821 for task transform (transform_data() missing 1 required positional argument: 'df'; 6219)
[2025-12-17T04:58:42.638+0000] {local_task_job_runner.py:234} INFO - Task exited with return code 1
[2025-12-17T04:58:42.669+0000] {taskinstance.py:3280} INFO - 0 downstream tasks scheduled from follow-on schedule check
