[2025-12-17T04:53:16.999+0000] {taskinstance.py:1956} INFO - Dependencies all met for dep_context=non-requeueable deps ti=<TaskInstance: etl_airflow.transform scheduled__2024-10-25T00:00:00+00:00 [queued]>
[2025-12-17T04:53:17.014+0000] {taskinstance.py:1956} INFO - Dependencies all met for dep_context=requeueable deps ti=<TaskInstance: etl_airflow.transform scheduled__2024-10-25T00:00:00+00:00 [queued]>
[2025-12-17T04:53:17.015+0000] {taskinstance.py:2170} INFO - Starting attempt 3 of 3
[2025-12-17T04:53:17.040+0000] {taskinstance.py:2191} INFO - Executing <Task(PythonOperator): transform> on 2024-10-25 00:00:00+00:00
[2025-12-17T04:53:17.050+0000] {standard_task_runner.py:60} INFO - Started process 4216 to run task
[2025-12-17T04:53:17.055+0000] {standard_task_runner.py:87} INFO - Running: ['***', 'tasks', 'run', 'etl_***', 'transform', 'scheduled__2024-10-25T00:00:00+00:00', '--job-id', '1208', '--raw', '--subdir', 'DAGS_FOLDER/etl_***.py', '--cfg-path', '/tmp/tmpxuc8js_q']
[2025-12-17T04:53:17.059+0000] {standard_task_runner.py:88} INFO - Job 1208: Subtask transform
[2025-12-17T04:53:17.196+0000] {task_command.py:423} INFO - Running <TaskInstance: etl_airflow.transform scheduled__2024-10-25T00:00:00+00:00 [running]> on host b3426f05ac70
[2025-12-17T04:53:17.722+0000] {taskinstance.py:2480} INFO - Exporting env vars: AIRFLOW_CTX_DAG_OWNER='***' AIRFLOW_CTX_DAG_ID='etl_***' AIRFLOW_CTX_TASK_ID='transform' AIRFLOW_CTX_EXECUTION_DATE='2024-10-25T00:00:00+00:00' AIRFLOW_CTX_TRY_NUMBER='3' AIRFLOW_CTX_DAG_RUN_ID='scheduled__2024-10-25T00:00:00+00:00'
[2025-12-17T04:53:17.727+0000] {taskinstance.py:2698} ERROR - Task failed with exception
Traceback (most recent call last):
  File "/home/airflow/.local/lib/python3.8/site-packages/airflow/models/taskinstance.py", line 433, in _execute_task
    result = execute_callable(context=context, **execute_callable_kwargs)
  File "/home/airflow/.local/lib/python3.8/site-packages/airflow/operators/python.py", line 199, in execute
    return_value = self.execute_callable()
  File "/home/airflow/.local/lib/python3.8/site-packages/airflow/operators/python.py", line 216, in execute_callable
    return self.python_callable(*self.op_args, **self.op_kwargs)
TypeError: transform_data() missing 1 required positional argument: 'df'
[2025-12-17T04:53:17.744+0000] {taskinstance.py:1138} INFO - Marking task as FAILED. dag_id=etl_***, task_id=transform, execution_date=20241025T000000, start_date=20251217T045317, end_date=20251217T045317
[2025-12-17T04:53:17.769+0000] {standard_task_runner.py:107} ERROR - Failed to execute job 1208 for task transform (transform_data() missing 1 required positional argument: 'df'; 4216)
[2025-12-17T04:53:17.835+0000] {local_task_job_runner.py:234} INFO - Task exited with return code 1
[2025-12-17T04:53:18.125+0000] {taskinstance.py:3280} INFO - 0 downstream tasks scheduled from follow-on schedule check
[2025-12-17T07:58:26.225+0000] {taskinstance.py:1956} INFO - Dependencies all met for dep_context=non-requeueable deps ti=<TaskInstance: etl_airflow.transform scheduled__2024-10-25T00:00:00+00:00 [queued]>
[2025-12-17T07:58:26.259+0000] {taskinstance.py:1956} INFO - Dependencies all met for dep_context=requeueable deps ti=<TaskInstance: etl_airflow.transform scheduled__2024-10-25T00:00:00+00:00 [queued]>
[2025-12-17T07:58:26.262+0000] {taskinstance.py:2170} INFO - Starting attempt 3 of 3
[2025-12-17T07:58:26.308+0000] {taskinstance.py:2191} INFO - Executing <Task(PythonOperator): transform> on 2024-10-25 00:00:00+00:00
[2025-12-17T07:58:26.326+0000] {standard_task_runner.py:60} INFO - Started process 4323 to run task
[2025-12-17T07:58:26.330+0000] {standard_task_runner.py:87} INFO - Running: ['***', 'tasks', 'run', 'etl_***', 'transform', 'scheduled__2024-10-25T00:00:00+00:00', '--job-id', '1215', '--raw', '--subdir', 'DAGS_FOLDER/etl_***.py', '--cfg-path', '/tmp/tmpfsznb1z_']
[2025-12-17T07:58:26.334+0000] {standard_task_runner.py:88} INFO - Job 1215: Subtask transform
[2025-12-17T07:58:26.456+0000] {task_command.py:423} INFO - Running <TaskInstance: etl_airflow.transform scheduled__2024-10-25T00:00:00+00:00 [running]> on host 2a0de06c8905
[2025-12-17T07:58:26.922+0000] {taskinstance.py:2480} INFO - Exporting env vars: AIRFLOW_CTX_DAG_OWNER='***' AIRFLOW_CTX_DAG_ID='etl_***' AIRFLOW_CTX_TASK_ID='transform' AIRFLOW_CTX_EXECUTION_DATE='2024-10-25T00:00:00+00:00' AIRFLOW_CTX_TRY_NUMBER='3' AIRFLOW_CTX_DAG_RUN_ID='scheduled__2024-10-25T00:00:00+00:00'
[2025-12-17T07:58:26.924+0000] {taskinstance.py:2698} ERROR - Task failed with exception
Traceback (most recent call last):
  File "/home/airflow/.local/lib/python3.8/site-packages/airflow/models/taskinstance.py", line 433, in _execute_task
    result = execute_callable(context=context, **execute_callable_kwargs)
  File "/home/airflow/.local/lib/python3.8/site-packages/airflow/operators/python.py", line 199, in execute
    return_value = self.execute_callable()
  File "/home/airflow/.local/lib/python3.8/site-packages/airflow/operators/python.py", line 216, in execute_callable
    return self.python_callable(*self.op_args, **self.op_kwargs)
TypeError: transform_data() missing 1 required positional argument: 'df'
[2025-12-17T07:58:26.939+0000] {taskinstance.py:1138} INFO - Marking task as FAILED. dag_id=etl_***, task_id=transform, execution_date=20241025T000000, start_date=20251217T075826, end_date=20251217T075826
[2025-12-17T07:58:26.960+0000] {standard_task_runner.py:107} ERROR - Failed to execute job 1215 for task transform (transform_data() missing 1 required positional argument: 'df'; 4323)
[2025-12-17T07:58:26.988+0000] {local_task_job_runner.py:234} INFO - Task exited with return code 1
[2025-12-17T07:58:27.027+0000] {taskinstance.py:3280} INFO - 0 downstream tasks scheduled from follow-on schedule check
