[2025-12-17T04:51:19.502+0000] {taskinstance.py:1956} INFO - Dependencies all met for dep_context=non-requeueable deps ti=<TaskInstance: etl_airflow.transform scheduled__2024-09-06T00:00:00+00:00 [queued]>
[2025-12-17T04:51:19.514+0000] {taskinstance.py:1956} INFO - Dependencies all met for dep_context=requeueable deps ti=<TaskInstance: etl_airflow.transform scheduled__2024-09-06T00:00:00+00:00 [queued]>
[2025-12-17T04:51:19.515+0000] {taskinstance.py:2170} INFO - Starting attempt 2 of 3
[2025-12-17T04:51:19.537+0000] {taskinstance.py:2191} INFO - Executing <Task(PythonOperator): transform> on 2024-09-06 00:00:00+00:00
[2025-12-17T04:51:19.545+0000] {standard_task_runner.py:60} INFO - Started process 3526 to run task
[2025-12-17T04:51:19.549+0000] {standard_task_runner.py:87} INFO - Running: ['***', 'tasks', 'run', 'etl_***', 'transform', 'scheduled__2024-09-06T00:00:00+00:00', '--job-id', '1003', '--raw', '--subdir', 'DAGS_FOLDER/etl_***.py', '--cfg-path', '/tmp/tmp5ld9x1h5']
[2025-12-17T04:51:19.552+0000] {standard_task_runner.py:88} INFO - Job 1003: Subtask transform
[2025-12-17T04:51:19.661+0000] {task_command.py:423} INFO - Running <TaskInstance: etl_airflow.transform scheduled__2024-09-06T00:00:00+00:00 [running]> on host b3426f05ac70
[2025-12-17T04:51:20.072+0000] {taskinstance.py:2480} INFO - Exporting env vars: AIRFLOW_CTX_DAG_OWNER='***' AIRFLOW_CTX_DAG_ID='etl_***' AIRFLOW_CTX_TASK_ID='transform' AIRFLOW_CTX_EXECUTION_DATE='2024-09-06T00:00:00+00:00' AIRFLOW_CTX_TRY_NUMBER='2' AIRFLOW_CTX_DAG_RUN_ID='scheduled__2024-09-06T00:00:00+00:00'
[2025-12-17T04:51:20.075+0000] {taskinstance.py:2698} ERROR - Task failed with exception
Traceback (most recent call last):
  File "/home/airflow/.local/lib/python3.8/site-packages/airflow/models/taskinstance.py", line 433, in _execute_task
    result = execute_callable(context=context, **execute_callable_kwargs)
  File "/home/airflow/.local/lib/python3.8/site-packages/airflow/operators/python.py", line 199, in execute
    return_value = self.execute_callable()
  File "/home/airflow/.local/lib/python3.8/site-packages/airflow/operators/python.py", line 216, in execute_callable
    return self.python_callable(*self.op_args, **self.op_kwargs)
TypeError: transform_data() missing 1 required positional argument: 'df'
[2025-12-17T04:51:20.087+0000] {taskinstance.py:1138} INFO - Marking task as UP_FOR_RETRY. dag_id=etl_***, task_id=transform, execution_date=20240906T000000, start_date=20251217T045119, end_date=20251217T045120
[2025-12-17T04:51:20.104+0000] {standard_task_runner.py:107} ERROR - Failed to execute job 1003 for task transform (transform_data() missing 1 required positional argument: 'df'; 3526)
[2025-12-17T04:51:20.167+0000] {local_task_job_runner.py:234} INFO - Task exited with return code 1
[2025-12-17T04:51:20.223+0000] {taskinstance.py:3280} INFO - 0 downstream tasks scheduled from follow-on schedule check
[2025-12-17T07:45:14.417+0000] {taskinstance.py:1956} INFO - Dependencies all met for dep_context=non-requeueable deps ti=<TaskInstance: etl_airflow.transform scheduled__2024-09-06T00:00:00+00:00 [queued]>
[2025-12-17T07:45:14.435+0000] {taskinstance.py:1956} INFO - Dependencies all met for dep_context=requeueable deps ti=<TaskInstance: etl_airflow.transform scheduled__2024-09-06T00:00:00+00:00 [queued]>
[2025-12-17T07:45:14.436+0000] {taskinstance.py:2170} INFO - Starting attempt 2 of 3
[2025-12-17T07:45:14.460+0000] {taskinstance.py:2191} INFO - Executing <Task(PythonOperator): transform> on 2024-09-06 00:00:00+00:00
[2025-12-17T07:45:14.468+0000] {standard_task_runner.py:60} INFO - Started process 3608 to run task
[2025-12-17T07:45:14.474+0000] {standard_task_runner.py:87} INFO - Running: ['***', 'tasks', 'run', 'etl_***', 'transform', 'scheduled__2024-09-06T00:00:00+00:00', '--job-id', '1005', '--raw', '--subdir', 'DAGS_FOLDER/etl_***.py', '--cfg-path', '/tmp/tmpdat_7lqk']
[2025-12-17T07:45:14.478+0000] {standard_task_runner.py:88} INFO - Job 1005: Subtask transform
[2025-12-17T07:45:14.599+0000] {task_command.py:423} INFO - Running <TaskInstance: etl_airflow.transform scheduled__2024-09-06T00:00:00+00:00 [running]> on host 2a0de06c8905
[2025-12-17T07:45:15.309+0000] {taskinstance.py:2480} INFO - Exporting env vars: AIRFLOW_CTX_DAG_OWNER='***' AIRFLOW_CTX_DAG_ID='etl_***' AIRFLOW_CTX_TASK_ID='transform' AIRFLOW_CTX_EXECUTION_DATE='2024-09-06T00:00:00+00:00' AIRFLOW_CTX_TRY_NUMBER='2' AIRFLOW_CTX_DAG_RUN_ID='scheduled__2024-09-06T00:00:00+00:00'
[2025-12-17T07:45:15.314+0000] {taskinstance.py:2698} ERROR - Task failed with exception
Traceback (most recent call last):
  File "/home/airflow/.local/lib/python3.8/site-packages/airflow/models/taskinstance.py", line 433, in _execute_task
    result = execute_callable(context=context, **execute_callable_kwargs)
  File "/home/airflow/.local/lib/python3.8/site-packages/airflow/operators/python.py", line 199, in execute
    return_value = self.execute_callable()
  File "/home/airflow/.local/lib/python3.8/site-packages/airflow/operators/python.py", line 216, in execute_callable
    return self.python_callable(*self.op_args, **self.op_kwargs)
TypeError: transform_data() missing 1 required positional argument: 'df'
[2025-12-17T07:45:15.340+0000] {taskinstance.py:1138} INFO - Marking task as UP_FOR_RETRY. dag_id=etl_***, task_id=transform, execution_date=20240906T000000, start_date=20251217T074514, end_date=20251217T074515
[2025-12-17T07:45:15.376+0000] {standard_task_runner.py:107} ERROR - Failed to execute job 1005 for task transform (transform_data() missing 1 required positional argument: 'df'; 3608)
[2025-12-17T07:45:15.414+0000] {local_task_job_runner.py:234} INFO - Task exited with return code 1
[2025-12-17T07:45:15.608+0000] {taskinstance.py:3280} INFO - 0 downstream tasks scheduled from follow-on schedule check
