[2025-12-17T04:53:04.323+0000] {taskinstance.py:1956} INFO - Dependencies all met for dep_context=non-requeueable deps ti=<TaskInstance: etl_airflow.transform scheduled__2024-10-22T00:00:00+00:00 [queued]>
[2025-12-17T04:53:04.339+0000] {taskinstance.py:1956} INFO - Dependencies all met for dep_context=requeueable deps ti=<TaskInstance: etl_airflow.transform scheduled__2024-10-22T00:00:00+00:00 [queued]>
[2025-12-17T04:53:04.340+0000] {taskinstance.py:2170} INFO - Starting attempt 2 of 3
[2025-12-17T04:53:04.369+0000] {taskinstance.py:2191} INFO - Executing <Task(PythonOperator): transform> on 2024-10-22 00:00:00+00:00
[2025-12-17T04:53:04.380+0000] {standard_task_runner.py:60} INFO - Started process 4156 to run task
[2025-12-17T04:53:04.386+0000] {standard_task_runner.py:87} INFO - Running: ['***', 'tasks', 'run', 'etl_***', 'transform', 'scheduled__2024-10-22T00:00:00+00:00', '--job-id', '1193', '--raw', '--subdir', 'DAGS_FOLDER/etl_***.py', '--cfg-path', '/tmp/tmpninvkqlb']
[2025-12-17T04:53:04.395+0000] {standard_task_runner.py:88} INFO - Job 1193: Subtask transform
[2025-12-17T04:53:04.550+0000] {task_command.py:423} INFO - Running <TaskInstance: etl_airflow.transform scheduled__2024-10-22T00:00:00+00:00 [running]> on host b3426f05ac70
[2025-12-17T04:53:04.939+0000] {taskinstance.py:2480} INFO - Exporting env vars: AIRFLOW_CTX_DAG_OWNER='***' AIRFLOW_CTX_DAG_ID='etl_***' AIRFLOW_CTX_TASK_ID='transform' AIRFLOW_CTX_EXECUTION_DATE='2024-10-22T00:00:00+00:00' AIRFLOW_CTX_TRY_NUMBER='2' AIRFLOW_CTX_DAG_RUN_ID='scheduled__2024-10-22T00:00:00+00:00'
[2025-12-17T04:53:04.942+0000] {taskinstance.py:2698} ERROR - Task failed with exception
Traceback (most recent call last):
  File "/home/airflow/.local/lib/python3.8/site-packages/airflow/models/taskinstance.py", line 433, in _execute_task
    result = execute_callable(context=context, **execute_callable_kwargs)
  File "/home/airflow/.local/lib/python3.8/site-packages/airflow/operators/python.py", line 199, in execute
    return_value = self.execute_callable()
  File "/home/airflow/.local/lib/python3.8/site-packages/airflow/operators/python.py", line 216, in execute_callable
    return self.python_callable(*self.op_args, **self.op_kwargs)
TypeError: transform_data() missing 1 required positional argument: 'df'
[2025-12-17T04:53:04.954+0000] {taskinstance.py:1138} INFO - Marking task as UP_FOR_RETRY. dag_id=etl_***, task_id=transform, execution_date=20241022T000000, start_date=20251217T045304, end_date=20251217T045304
[2025-12-17T04:53:04.976+0000] {standard_task_runner.py:107} ERROR - Failed to execute job 1193 for task transform (transform_data() missing 1 required positional argument: 'df'; 4156)
[2025-12-17T04:53:05.006+0000] {local_task_job_runner.py:234} INFO - Task exited with return code 1
[2025-12-17T04:53:05.034+0000] {taskinstance.py:3280} INFO - 0 downstream tasks scheduled from follow-on schedule check
[2025-12-17T07:58:11.644+0000] {taskinstance.py:1956} INFO - Dependencies all met for dep_context=non-requeueable deps ti=<TaskInstance: etl_airflow.transform scheduled__2024-10-22T00:00:00+00:00 [queued]>
[2025-12-17T07:58:11.665+0000] {taskinstance.py:1956} INFO - Dependencies all met for dep_context=requeueable deps ti=<TaskInstance: etl_airflow.transform scheduled__2024-10-22T00:00:00+00:00 [queued]>
[2025-12-17T07:58:11.668+0000] {taskinstance.py:2170} INFO - Starting attempt 2 of 3
[2025-12-17T07:58:11.697+0000] {taskinstance.py:2191} INFO - Executing <Task(PythonOperator): transform> on 2024-10-22 00:00:00+00:00
[2025-12-17T07:58:11.706+0000] {standard_task_runner.py:60} INFO - Started process 4248 to run task
[2025-12-17T07:58:11.713+0000] {standard_task_runner.py:87} INFO - Running: ['***', 'tasks', 'run', 'etl_***', 'transform', 'scheduled__2024-10-22T00:00:00+00:00', '--job-id', '1196', '--raw', '--subdir', 'DAGS_FOLDER/etl_***.py', '--cfg-path', '/tmp/tmp4ayp7lpl']
[2025-12-17T07:58:11.718+0000] {standard_task_runner.py:88} INFO - Job 1196: Subtask transform
[2025-12-17T07:58:11.861+0000] {task_command.py:423} INFO - Running <TaskInstance: etl_airflow.transform scheduled__2024-10-22T00:00:00+00:00 [running]> on host 2a0de06c8905
[2025-12-17T07:58:12.446+0000] {taskinstance.py:2480} INFO - Exporting env vars: AIRFLOW_CTX_DAG_OWNER='***' AIRFLOW_CTX_DAG_ID='etl_***' AIRFLOW_CTX_TASK_ID='transform' AIRFLOW_CTX_EXECUTION_DATE='2024-10-22T00:00:00+00:00' AIRFLOW_CTX_TRY_NUMBER='2' AIRFLOW_CTX_DAG_RUN_ID='scheduled__2024-10-22T00:00:00+00:00'
[2025-12-17T07:58:12.451+0000] {taskinstance.py:2698} ERROR - Task failed with exception
Traceback (most recent call last):
  File "/home/airflow/.local/lib/python3.8/site-packages/airflow/models/taskinstance.py", line 433, in _execute_task
    result = execute_callable(context=context, **execute_callable_kwargs)
  File "/home/airflow/.local/lib/python3.8/site-packages/airflow/operators/python.py", line 199, in execute
    return_value = self.execute_callable()
  File "/home/airflow/.local/lib/python3.8/site-packages/airflow/operators/python.py", line 216, in execute_callable
    return self.python_callable(*self.op_args, **self.op_kwargs)
TypeError: transform_data() missing 1 required positional argument: 'df'
[2025-12-17T07:58:12.484+0000] {taskinstance.py:1138} INFO - Marking task as UP_FOR_RETRY. dag_id=etl_***, task_id=transform, execution_date=20241022T000000, start_date=20251217T075811, end_date=20251217T075812
[2025-12-17T07:58:12.525+0000] {standard_task_runner.py:107} ERROR - Failed to execute job 1196 for task transform (transform_data() missing 1 required positional argument: 'df'; 4248)
[2025-12-17T07:58:12.573+0000] {local_task_job_runner.py:234} INFO - Task exited with return code 1
[2025-12-17T07:58:12.860+0000] {taskinstance.py:3280} INFO - 0 downstream tasks scheduled from follow-on schedule check
