[2025-12-17T04:52:29.121+0000] {taskinstance.py:1956} INFO - Dependencies all met for dep_context=non-requeueable deps ti=<TaskInstance: etl_airflow.transform scheduled__2024-10-06T00:00:00+00:00 [queued]>
[2025-12-17T04:52:29.140+0000] {taskinstance.py:1956} INFO - Dependencies all met for dep_context=requeueable deps ti=<TaskInstance: etl_airflow.transform scheduled__2024-10-06T00:00:00+00:00 [queued]>
[2025-12-17T04:52:29.141+0000] {taskinstance.py:2170} INFO - Starting attempt 2 of 3
[2025-12-17T04:52:29.193+0000] {taskinstance.py:2191} INFO - Executing <Task(PythonOperator): transform> on 2024-10-06 00:00:00+00:00
[2025-12-17T04:52:29.205+0000] {standard_task_runner.py:60} INFO - Started process 3943 to run task
[2025-12-17T04:52:29.213+0000] {standard_task_runner.py:87} INFO - Running: ['***', 'tasks', 'run', 'etl_***', 'transform', 'scheduled__2024-10-06T00:00:00+00:00', '--job-id', '1129', '--raw', '--subdir', 'DAGS_FOLDER/etl_***.py', '--cfg-path', '/tmp/tmp_gcxlr08']
[2025-12-17T04:52:29.219+0000] {standard_task_runner.py:88} INFO - Job 1129: Subtask transform
[2025-12-17T04:52:29.350+0000] {task_command.py:423} INFO - Running <TaskInstance: etl_airflow.transform scheduled__2024-10-06T00:00:00+00:00 [running]> on host b3426f05ac70
[2025-12-17T04:52:29.697+0000] {taskinstance.py:2480} INFO - Exporting env vars: AIRFLOW_CTX_DAG_OWNER='***' AIRFLOW_CTX_DAG_ID='etl_***' AIRFLOW_CTX_TASK_ID='transform' AIRFLOW_CTX_EXECUTION_DATE='2024-10-06T00:00:00+00:00' AIRFLOW_CTX_TRY_NUMBER='2' AIRFLOW_CTX_DAG_RUN_ID='scheduled__2024-10-06T00:00:00+00:00'
[2025-12-17T04:52:29.699+0000] {taskinstance.py:2698} ERROR - Task failed with exception
Traceback (most recent call last):
  File "/home/airflow/.local/lib/python3.8/site-packages/airflow/models/taskinstance.py", line 433, in _execute_task
    result = execute_callable(context=context, **execute_callable_kwargs)
  File "/home/airflow/.local/lib/python3.8/site-packages/airflow/operators/python.py", line 199, in execute
    return_value = self.execute_callable()
  File "/home/airflow/.local/lib/python3.8/site-packages/airflow/operators/python.py", line 216, in execute_callable
    return self.python_callable(*self.op_args, **self.op_kwargs)
TypeError: transform_data() missing 1 required positional argument: 'df'
[2025-12-17T04:52:29.714+0000] {taskinstance.py:1138} INFO - Marking task as UP_FOR_RETRY. dag_id=etl_***, task_id=transform, execution_date=20241006T000000, start_date=20251217T045229, end_date=20251217T045229
[2025-12-17T04:52:29.732+0000] {standard_task_runner.py:107} ERROR - Failed to execute job 1129 for task transform (transform_data() missing 1 required positional argument: 'df'; 3943)
[2025-12-17T04:52:29.748+0000] {local_task_job_runner.py:234} INFO - Task exited with return code 1
[2025-12-17T04:52:29.780+0000] {taskinstance.py:3280} INFO - 0 downstream tasks scheduled from follow-on schedule check
[2025-12-17T07:57:33.803+0000] {taskinstance.py:1956} INFO - Dependencies all met for dep_context=non-requeueable deps ti=<TaskInstance: etl_airflow.transform scheduled__2024-10-06T00:00:00+00:00 [queued]>
[2025-12-17T07:57:33.821+0000] {taskinstance.py:1956} INFO - Dependencies all met for dep_context=requeueable deps ti=<TaskInstance: etl_airflow.transform scheduled__2024-10-06T00:00:00+00:00 [queued]>
[2025-12-17T07:57:33.822+0000] {taskinstance.py:2170} INFO - Starting attempt 2 of 3
[2025-12-17T07:57:33.850+0000] {taskinstance.py:2191} INFO - Executing <Task(PythonOperator): transform> on 2024-10-06 00:00:00+00:00
[2025-12-17T07:57:33.862+0000] {standard_task_runner.py:60} INFO - Started process 4047 to run task
[2025-12-17T07:57:33.868+0000] {standard_task_runner.py:87} INFO - Running: ['***', 'tasks', 'run', 'etl_***', 'transform', 'scheduled__2024-10-06T00:00:00+00:00', '--job-id', '1135', '--raw', '--subdir', 'DAGS_FOLDER/etl_***.py', '--cfg-path', '/tmp/tmpx952puws']
[2025-12-17T07:57:33.873+0000] {standard_task_runner.py:88} INFO - Job 1135: Subtask transform
[2025-12-17T07:57:34.006+0000] {task_command.py:423} INFO - Running <TaskInstance: etl_airflow.transform scheduled__2024-10-06T00:00:00+00:00 [running]> on host 2a0de06c8905
[2025-12-17T07:57:34.503+0000] {taskinstance.py:2480} INFO - Exporting env vars: AIRFLOW_CTX_DAG_OWNER='***' AIRFLOW_CTX_DAG_ID='etl_***' AIRFLOW_CTX_TASK_ID='transform' AIRFLOW_CTX_EXECUTION_DATE='2024-10-06T00:00:00+00:00' AIRFLOW_CTX_TRY_NUMBER='2' AIRFLOW_CTX_DAG_RUN_ID='scheduled__2024-10-06T00:00:00+00:00'
[2025-12-17T07:57:34.507+0000] {taskinstance.py:2698} ERROR - Task failed with exception
Traceback (most recent call last):
  File "/home/airflow/.local/lib/python3.8/site-packages/airflow/models/taskinstance.py", line 433, in _execute_task
    result = execute_callable(context=context, **execute_callable_kwargs)
  File "/home/airflow/.local/lib/python3.8/site-packages/airflow/operators/python.py", line 199, in execute
    return_value = self.execute_callable()
  File "/home/airflow/.local/lib/python3.8/site-packages/airflow/operators/python.py", line 216, in execute_callable
    return self.python_callable(*self.op_args, **self.op_kwargs)
TypeError: transform_data() missing 1 required positional argument: 'df'
[2025-12-17T07:57:34.526+0000] {taskinstance.py:1138} INFO - Marking task as UP_FOR_RETRY. dag_id=etl_***, task_id=transform, execution_date=20241006T000000, start_date=20251217T075733, end_date=20251217T075734
[2025-12-17T07:57:34.554+0000] {standard_task_runner.py:107} ERROR - Failed to execute job 1135 for task transform (transform_data() missing 1 required positional argument: 'df'; 4047)
[2025-12-17T07:57:34.607+0000] {local_task_job_runner.py:234} INFO - Task exited with return code 1
[2025-12-17T07:57:34.648+0000] {taskinstance.py:3280} INFO - 0 downstream tasks scheduled from follow-on schedule check
