[2025-12-17T04:49:14.960+0000] {taskinstance.py:1956} INFO - Dependencies all met for dep_context=non-requeueable deps ti=<TaskInstance: etl_airflow.transform scheduled__2024-07-08T00:00:00+00:00 [queued]>
[2025-12-17T04:49:14.977+0000] {taskinstance.py:1956} INFO - Dependencies all met for dep_context=requeueable deps ti=<TaskInstance: etl_airflow.transform scheduled__2024-07-08T00:00:00+00:00 [queued]>
[2025-12-17T04:49:14.979+0000] {taskinstance.py:2170} INFO - Starting attempt 3 of 3
[2025-12-17T04:49:15.004+0000] {taskinstance.py:2191} INFO - Executing <Task(PythonOperator): transform> on 2024-07-08 00:00:00+00:00
[2025-12-17T04:49:15.015+0000] {standard_task_runner.py:60} INFO - Started process 2748 to run task
[2025-12-17T04:49:15.020+0000] {standard_task_runner.py:87} INFO - Running: ['***', 'tasks', 'run', 'etl_***', 'transform', 'scheduled__2024-07-08T00:00:00+00:00', '--job-id', '767', '--raw', '--subdir', 'DAGS_FOLDER/etl_***.py', '--cfg-path', '/tmp/tmp8k8e77ez']
[2025-12-17T04:49:15.024+0000] {standard_task_runner.py:88} INFO - Job 767: Subtask transform
[2025-12-17T04:49:15.160+0000] {task_command.py:423} INFO - Running <TaskInstance: etl_airflow.transform scheduled__2024-07-08T00:00:00+00:00 [running]> on host b3426f05ac70
[2025-12-17T04:49:15.630+0000] {taskinstance.py:2480} INFO - Exporting env vars: AIRFLOW_CTX_DAG_OWNER='***' AIRFLOW_CTX_DAG_ID='etl_***' AIRFLOW_CTX_TASK_ID='transform' AIRFLOW_CTX_EXECUTION_DATE='2024-07-08T00:00:00+00:00' AIRFLOW_CTX_TRY_NUMBER='3' AIRFLOW_CTX_DAG_RUN_ID='scheduled__2024-07-08T00:00:00+00:00'
[2025-12-17T04:49:15.632+0000] {taskinstance.py:2698} ERROR - Task failed with exception
Traceback (most recent call last):
  File "/home/airflow/.local/lib/python3.8/site-packages/airflow/models/taskinstance.py", line 433, in _execute_task
    result = execute_callable(context=context, **execute_callable_kwargs)
  File "/home/airflow/.local/lib/python3.8/site-packages/airflow/operators/python.py", line 199, in execute
    return_value = self.execute_callable()
  File "/home/airflow/.local/lib/python3.8/site-packages/airflow/operators/python.py", line 216, in execute_callable
    return self.python_callable(*self.op_args, **self.op_kwargs)
TypeError: transform_data() missing 1 required positional argument: 'df'
[2025-12-17T04:49:15.643+0000] {taskinstance.py:1138} INFO - Marking task as FAILED. dag_id=etl_***, task_id=transform, execution_date=20240708T000000, start_date=20251217T044914, end_date=20251217T044915
[2025-12-17T04:49:15.658+0000] {standard_task_runner.py:107} ERROR - Failed to execute job 767 for task transform (transform_data() missing 1 required positional argument: 'df'; 2748)
[2025-12-17T04:49:15.676+0000] {local_task_job_runner.py:234} INFO - Task exited with return code 1
[2025-12-17T04:49:15.707+0000] {taskinstance.py:3280} INFO - 0 downstream tasks scheduled from follow-on schedule check
[2025-12-17T07:42:57.672+0000] {taskinstance.py:1956} INFO - Dependencies all met for dep_context=non-requeueable deps ti=<TaskInstance: etl_airflow.transform scheduled__2024-07-08T00:00:00+00:00 [queued]>
[2025-12-17T07:42:57.702+0000] {taskinstance.py:1956} INFO - Dependencies all met for dep_context=requeueable deps ti=<TaskInstance: etl_airflow.transform scheduled__2024-07-08T00:00:00+00:00 [queued]>
[2025-12-17T07:42:57.704+0000] {taskinstance.py:2170} INFO - Starting attempt 3 of 3
[2025-12-17T07:42:57.739+0000] {taskinstance.py:2191} INFO - Executing <Task(PythonOperator): transform> on 2024-07-08 00:00:00+00:00
[2025-12-17T07:42:57.752+0000] {standard_task_runner.py:60} INFO - Started process 2816 to run task
[2025-12-17T07:42:57.759+0000] {standard_task_runner.py:87} INFO - Running: ['***', 'tasks', 'run', 'etl_***', 'transform', 'scheduled__2024-07-08T00:00:00+00:00', '--job-id', '769', '--raw', '--subdir', 'DAGS_FOLDER/etl_***.py', '--cfg-path', '/tmp/tmpmzz88ob7']
[2025-12-17T07:42:57.765+0000] {standard_task_runner.py:88} INFO - Job 769: Subtask transform
[2025-12-17T07:42:57.926+0000] {task_command.py:423} INFO - Running <TaskInstance: etl_airflow.transform scheduled__2024-07-08T00:00:00+00:00 [running]> on host 2a0de06c8905
[2025-12-17T07:42:58.436+0000] {taskinstance.py:2480} INFO - Exporting env vars: AIRFLOW_CTX_DAG_OWNER='***' AIRFLOW_CTX_DAG_ID='etl_***' AIRFLOW_CTX_TASK_ID='transform' AIRFLOW_CTX_EXECUTION_DATE='2024-07-08T00:00:00+00:00' AIRFLOW_CTX_TRY_NUMBER='3' AIRFLOW_CTX_DAG_RUN_ID='scheduled__2024-07-08T00:00:00+00:00'
[2025-12-17T07:42:58.441+0000] {taskinstance.py:2698} ERROR - Task failed with exception
Traceback (most recent call last):
  File "/home/airflow/.local/lib/python3.8/site-packages/airflow/models/taskinstance.py", line 433, in _execute_task
    result = execute_callable(context=context, **execute_callable_kwargs)
  File "/home/airflow/.local/lib/python3.8/site-packages/airflow/operators/python.py", line 199, in execute
    return_value = self.execute_callable()
  File "/home/airflow/.local/lib/python3.8/site-packages/airflow/operators/python.py", line 216, in execute_callable
    return self.python_callable(*self.op_args, **self.op_kwargs)
TypeError: transform_data() missing 1 required positional argument: 'df'
[2025-12-17T07:42:58.470+0000] {taskinstance.py:1138} INFO - Marking task as FAILED. dag_id=etl_***, task_id=transform, execution_date=20240708T000000, start_date=20251217T074257, end_date=20251217T074258
[2025-12-17T07:42:58.509+0000] {standard_task_runner.py:107} ERROR - Failed to execute job 769 for task transform (transform_data() missing 1 required positional argument: 'df'; 2816)
[2025-12-17T07:42:58.540+0000] {local_task_job_runner.py:234} INFO - Task exited with return code 1
[2025-12-17T07:42:58.601+0000] {taskinstance.py:3280} INFO - 0 downstream tasks scheduled from follow-on schedule check
