[2025-12-17T04:50:59.547+0000] {taskinstance.py:1956} INFO - Dependencies all met for dep_context=non-requeueable deps ti=<TaskInstance: etl_airflow.transform scheduled__2024-08-26T00:00:00+00:00 [queued]>
[2025-12-17T04:50:59.558+0000] {taskinstance.py:1956} INFO - Dependencies all met for dep_context=requeueable deps ti=<TaskInstance: etl_airflow.transform scheduled__2024-08-26T00:00:00+00:00 [queued]>
[2025-12-17T04:50:59.561+0000] {taskinstance.py:2170} INFO - Starting attempt 3 of 3
[2025-12-17T04:50:59.577+0000] {taskinstance.py:2191} INFO - Executing <Task(PythonOperator): transform> on 2024-08-26 00:00:00+00:00
[2025-12-17T04:50:59.589+0000] {standard_task_runner.py:60} INFO - Started process 3381 to run task
[2025-12-17T04:50:59.599+0000] {standard_task_runner.py:87} INFO - Running: ['***', 'tasks', 'run', 'etl_***', 'transform', 'scheduled__2024-08-26T00:00:00+00:00', '--job-id', '960', '--raw', '--subdir', 'DAGS_FOLDER/etl_***.py', '--cfg-path', '/tmp/tmpc2ibzzbw']
[2025-12-17T04:50:59.602+0000] {standard_task_runner.py:88} INFO - Job 960: Subtask transform
[2025-12-17T04:50:59.709+0000] {task_command.py:423} INFO - Running <TaskInstance: etl_airflow.transform scheduled__2024-08-26T00:00:00+00:00 [running]> on host b3426f05ac70
[2025-12-17T04:51:00.024+0000] {taskinstance.py:2480} INFO - Exporting env vars: AIRFLOW_CTX_DAG_OWNER='***' AIRFLOW_CTX_DAG_ID='etl_***' AIRFLOW_CTX_TASK_ID='transform' AIRFLOW_CTX_EXECUTION_DATE='2024-08-26T00:00:00+00:00' AIRFLOW_CTX_TRY_NUMBER='3' AIRFLOW_CTX_DAG_RUN_ID='scheduled__2024-08-26T00:00:00+00:00'
[2025-12-17T04:51:00.027+0000] {taskinstance.py:2698} ERROR - Task failed with exception
Traceback (most recent call last):
  File "/home/airflow/.local/lib/python3.8/site-packages/airflow/models/taskinstance.py", line 433, in _execute_task
    result = execute_callable(context=context, **execute_callable_kwargs)
  File "/home/airflow/.local/lib/python3.8/site-packages/airflow/operators/python.py", line 199, in execute
    return_value = self.execute_callable()
  File "/home/airflow/.local/lib/python3.8/site-packages/airflow/operators/python.py", line 216, in execute_callable
    return self.python_callable(*self.op_args, **self.op_kwargs)
TypeError: transform_data() missing 1 required positional argument: 'df'
[2025-12-17T04:51:00.045+0000] {taskinstance.py:1138} INFO - Marking task as FAILED. dag_id=etl_***, task_id=transform, execution_date=20240826T000000, start_date=20251217T045059, end_date=20251217T045100
[2025-12-17T04:51:00.068+0000] {standard_task_runner.py:107} ERROR - Failed to execute job 960 for task transform (transform_data() missing 1 required positional argument: 'df'; 3381)
[2025-12-17T04:51:00.134+0000] {local_task_job_runner.py:234} INFO - Task exited with return code 1
[2025-12-17T04:51:00.274+0000] {taskinstance.py:3280} INFO - 0 downstream tasks scheduled from follow-on schedule check
[2025-12-17T07:45:25.293+0000] {taskinstance.py:1956} INFO - Dependencies all met for dep_context=non-requeueable deps ti=<TaskInstance: etl_airflow.transform scheduled__2024-08-26T00:00:00+00:00 [queued]>
[2025-12-17T07:45:25.312+0000] {taskinstance.py:1956} INFO - Dependencies all met for dep_context=requeueable deps ti=<TaskInstance: etl_airflow.transform scheduled__2024-08-26T00:00:00+00:00 [queued]>
[2025-12-17T07:45:25.314+0000] {taskinstance.py:2170} INFO - Starting attempt 3 of 3
[2025-12-17T07:45:25.342+0000] {taskinstance.py:2191} INFO - Executing <Task(PythonOperator): transform> on 2024-08-26 00:00:00+00:00
[2025-12-17T07:45:25.354+0000] {standard_task_runner.py:60} INFO - Started process 3634 to run task
[2025-12-17T07:45:25.360+0000] {standard_task_runner.py:87} INFO - Running: ['***', 'tasks', 'run', 'etl_***', 'transform', 'scheduled__2024-08-26T00:00:00+00:00', '--job-id', '1010', '--raw', '--subdir', 'DAGS_FOLDER/etl_***.py', '--cfg-path', '/tmp/tmpegf0r3c5']
[2025-12-17T07:45:25.365+0000] {standard_task_runner.py:88} INFO - Job 1010: Subtask transform
[2025-12-17T07:45:25.517+0000] {task_command.py:423} INFO - Running <TaskInstance: etl_airflow.transform scheduled__2024-08-26T00:00:00+00:00 [running]> on host 2a0de06c8905
[2025-12-17T07:45:26.208+0000] {taskinstance.py:2480} INFO - Exporting env vars: AIRFLOW_CTX_DAG_OWNER='***' AIRFLOW_CTX_DAG_ID='etl_***' AIRFLOW_CTX_TASK_ID='transform' AIRFLOW_CTX_EXECUTION_DATE='2024-08-26T00:00:00+00:00' AIRFLOW_CTX_TRY_NUMBER='3' AIRFLOW_CTX_DAG_RUN_ID='scheduled__2024-08-26T00:00:00+00:00'
[2025-12-17T07:45:26.212+0000] {taskinstance.py:2698} ERROR - Task failed with exception
Traceback (most recent call last):
  File "/home/airflow/.local/lib/python3.8/site-packages/airflow/models/taskinstance.py", line 433, in _execute_task
    result = execute_callable(context=context, **execute_callable_kwargs)
  File "/home/airflow/.local/lib/python3.8/site-packages/airflow/operators/python.py", line 199, in execute
    return_value = self.execute_callable()
  File "/home/airflow/.local/lib/python3.8/site-packages/airflow/operators/python.py", line 216, in execute_callable
    return self.python_callable(*self.op_args, **self.op_kwargs)
TypeError: transform_data() missing 1 required positional argument: 'df'
[2025-12-17T07:45:26.232+0000] {taskinstance.py:1138} INFO - Marking task as FAILED. dag_id=etl_***, task_id=transform, execution_date=20240826T000000, start_date=20251217T074525, end_date=20251217T074526
[2025-12-17T07:45:26.493+0000] {standard_task_runner.py:107} ERROR - Failed to execute job 1010 for task transform (transform_data() missing 1 required positional argument: 'df'; 3634)
[2025-12-17T07:45:26.578+0000] {local_task_job_runner.py:234} INFO - Task exited with return code 1
[2025-12-17T07:45:26.885+0000] {taskinstance.py:3280} INFO - 0 downstream tasks scheduled from follow-on schedule check
