[2025-12-17T04:51:19.495+0000] {taskinstance.py:1956} INFO - Dependencies all met for dep_context=non-requeueable deps ti=<TaskInstance: etl_airflow.transform scheduled__2024-09-04T00:00:00+00:00 [queued]>
[2025-12-17T04:51:19.508+0000] {taskinstance.py:1956} INFO - Dependencies all met for dep_context=requeueable deps ti=<TaskInstance: etl_airflow.transform scheduled__2024-09-04T00:00:00+00:00 [queued]>
[2025-12-17T04:51:19.509+0000] {taskinstance.py:2170} INFO - Starting attempt 2 of 3
[2025-12-17T04:51:19.529+0000] {taskinstance.py:2191} INFO - Executing <Task(PythonOperator): transform> on 2024-09-04 00:00:00+00:00
[2025-12-17T04:51:19.537+0000] {standard_task_runner.py:60} INFO - Started process 3523 to run task
[2025-12-17T04:51:19.545+0000] {standard_task_runner.py:87} INFO - Running: ['***', 'tasks', 'run', 'etl_***', 'transform', 'scheduled__2024-09-04T00:00:00+00:00', '--job-id', '1002', '--raw', '--subdir', 'DAGS_FOLDER/etl_***.py', '--cfg-path', '/tmp/tmp34kjmohq']
[2025-12-17T04:51:19.549+0000] {standard_task_runner.py:88} INFO - Job 1002: Subtask transform
[2025-12-17T04:51:19.649+0000] {task_command.py:423} INFO - Running <TaskInstance: etl_airflow.transform scheduled__2024-09-04T00:00:00+00:00 [running]> on host b3426f05ac70
[2025-12-17T04:51:20.058+0000] {taskinstance.py:2480} INFO - Exporting env vars: AIRFLOW_CTX_DAG_OWNER='***' AIRFLOW_CTX_DAG_ID='etl_***' AIRFLOW_CTX_TASK_ID='transform' AIRFLOW_CTX_EXECUTION_DATE='2024-09-04T00:00:00+00:00' AIRFLOW_CTX_TRY_NUMBER='2' AIRFLOW_CTX_DAG_RUN_ID='scheduled__2024-09-04T00:00:00+00:00'
[2025-12-17T04:51:20.060+0000] {taskinstance.py:2698} ERROR - Task failed with exception
Traceback (most recent call last):
  File "/home/airflow/.local/lib/python3.8/site-packages/airflow/models/taskinstance.py", line 433, in _execute_task
    result = execute_callable(context=context, **execute_callable_kwargs)
  File "/home/airflow/.local/lib/python3.8/site-packages/airflow/operators/python.py", line 199, in execute
    return_value = self.execute_callable()
  File "/home/airflow/.local/lib/python3.8/site-packages/airflow/operators/python.py", line 216, in execute_callable
    return self.python_callable(*self.op_args, **self.op_kwargs)
TypeError: transform_data() missing 1 required positional argument: 'df'
[2025-12-17T04:51:20.072+0000] {taskinstance.py:1138} INFO - Marking task as UP_FOR_RETRY. dag_id=etl_***, task_id=transform, execution_date=20240904T000000, start_date=20251217T045119, end_date=20251217T045120
[2025-12-17T04:51:20.089+0000] {standard_task_runner.py:107} ERROR - Failed to execute job 1002 for task transform (transform_data() missing 1 required positional argument: 'df'; 3523)
[2025-12-17T04:51:20.118+0000] {local_task_job_runner.py:234} INFO - Task exited with return code 1
[2025-12-17T04:51:20.189+0000] {taskinstance.py:3280} INFO - 0 downstream tasks scheduled from follow-on schedule check
[2025-12-17T07:45:13.821+0000] {taskinstance.py:1956} INFO - Dependencies all met for dep_context=non-requeueable deps ti=<TaskInstance: etl_airflow.transform scheduled__2024-09-04T00:00:00+00:00 [queued]>
[2025-12-17T07:45:13.839+0000] {taskinstance.py:1956} INFO - Dependencies all met for dep_context=requeueable deps ti=<TaskInstance: etl_airflow.transform scheduled__2024-09-04T00:00:00+00:00 [queued]>
[2025-12-17T07:45:13.841+0000] {taskinstance.py:2170} INFO - Starting attempt 2 of 3
[2025-12-17T07:45:13.872+0000] {taskinstance.py:2191} INFO - Executing <Task(PythonOperator): transform> on 2024-09-04 00:00:00+00:00
[2025-12-17T07:45:13.886+0000] {standard_task_runner.py:60} INFO - Started process 3605 to run task
[2025-12-17T07:45:13.893+0000] {standard_task_runner.py:87} INFO - Running: ['***', 'tasks', 'run', 'etl_***', 'transform', 'scheduled__2024-09-04T00:00:00+00:00', '--job-id', '1003', '--raw', '--subdir', 'DAGS_FOLDER/etl_***.py', '--cfg-path', '/tmp/tmpb09rnz5c']
[2025-12-17T07:45:13.897+0000] {standard_task_runner.py:88} INFO - Job 1003: Subtask transform
[2025-12-17T07:45:14.023+0000] {task_command.py:423} INFO - Running <TaskInstance: etl_airflow.transform scheduled__2024-09-04T00:00:00+00:00 [running]> on host 2a0de06c8905
[2025-12-17T07:45:14.387+0000] {taskinstance.py:2480} INFO - Exporting env vars: AIRFLOW_CTX_DAG_OWNER='***' AIRFLOW_CTX_DAG_ID='etl_***' AIRFLOW_CTX_TASK_ID='transform' AIRFLOW_CTX_EXECUTION_DATE='2024-09-04T00:00:00+00:00' AIRFLOW_CTX_TRY_NUMBER='2' AIRFLOW_CTX_DAG_RUN_ID='scheduled__2024-09-04T00:00:00+00:00'
[2025-12-17T07:45:14.390+0000] {taskinstance.py:2698} ERROR - Task failed with exception
Traceback (most recent call last):
  File "/home/airflow/.local/lib/python3.8/site-packages/airflow/models/taskinstance.py", line 433, in _execute_task
    result = execute_callable(context=context, **execute_callable_kwargs)
  File "/home/airflow/.local/lib/python3.8/site-packages/airflow/operators/python.py", line 199, in execute
    return_value = self.execute_callable()
  File "/home/airflow/.local/lib/python3.8/site-packages/airflow/operators/python.py", line 216, in execute_callable
    return self.python_callable(*self.op_args, **self.op_kwargs)
TypeError: transform_data() missing 1 required positional argument: 'df'
[2025-12-17T07:45:14.404+0000] {taskinstance.py:1138} INFO - Marking task as UP_FOR_RETRY. dag_id=etl_***, task_id=transform, execution_date=20240904T000000, start_date=20251217T074513, end_date=20251217T074514
[2025-12-17T07:45:14.426+0000] {standard_task_runner.py:107} ERROR - Failed to execute job 1003 for task transform (transform_data() missing 1 required positional argument: 'df'; 3605)
[2025-12-17T07:45:14.471+0000] {local_task_job_runner.py:234} INFO - Task exited with return code 1
[2025-12-17T07:45:14.507+0000] {taskinstance.py:3280} INFO - 0 downstream tasks scheduled from follow-on schedule check
