[2025-12-17T04:51:31.077+0000] {taskinstance.py:1956} INFO - Dependencies all met for dep_context=non-requeueable deps ti=<TaskInstance: etl_airflow.transform scheduled__2024-09-04T00:00:00+00:00 [queued]>
[2025-12-17T04:51:31.091+0000] {taskinstance.py:1956} INFO - Dependencies all met for dep_context=requeueable deps ti=<TaskInstance: etl_airflow.transform scheduled__2024-09-04T00:00:00+00:00 [queued]>
[2025-12-17T04:51:31.092+0000] {taskinstance.py:2170} INFO - Starting attempt 3 of 3
[2025-12-17T04:51:31.113+0000] {taskinstance.py:2191} INFO - Executing <Task(PythonOperator): transform> on 2024-09-04 00:00:00+00:00
[2025-12-17T04:51:31.122+0000] {standard_task_runner.py:60} INFO - Started process 3576 to run task
[2025-12-17T04:51:31.128+0000] {standard_task_runner.py:87} INFO - Running: ['***', 'tasks', 'run', 'etl_***', 'transform', 'scheduled__2024-09-04T00:00:00+00:00', '--job-id', '1019', '--raw', '--subdir', 'DAGS_FOLDER/etl_***.py', '--cfg-path', '/tmp/tmpxjungzmp']
[2025-12-17T04:51:31.132+0000] {standard_task_runner.py:88} INFO - Job 1019: Subtask transform
[2025-12-17T04:51:31.238+0000] {task_command.py:423} INFO - Running <TaskInstance: etl_airflow.transform scheduled__2024-09-04T00:00:00+00:00 [running]> on host b3426f05ac70
[2025-12-17T04:51:31.569+0000] {taskinstance.py:2480} INFO - Exporting env vars: AIRFLOW_CTX_DAG_OWNER='***' AIRFLOW_CTX_DAG_ID='etl_***' AIRFLOW_CTX_TASK_ID='transform' AIRFLOW_CTX_EXECUTION_DATE='2024-09-04T00:00:00+00:00' AIRFLOW_CTX_TRY_NUMBER='3' AIRFLOW_CTX_DAG_RUN_ID='scheduled__2024-09-04T00:00:00+00:00'
[2025-12-17T04:51:31.572+0000] {taskinstance.py:2698} ERROR - Task failed with exception
Traceback (most recent call last):
  File "/home/airflow/.local/lib/python3.8/site-packages/airflow/models/taskinstance.py", line 433, in _execute_task
    result = execute_callable(context=context, **execute_callable_kwargs)
  File "/home/airflow/.local/lib/python3.8/site-packages/airflow/operators/python.py", line 199, in execute
    return_value = self.execute_callable()
  File "/home/airflow/.local/lib/python3.8/site-packages/airflow/operators/python.py", line 216, in execute_callable
    return self.python_callable(*self.op_args, **self.op_kwargs)
TypeError: transform_data() missing 1 required positional argument: 'df'
[2025-12-17T04:51:31.584+0000] {taskinstance.py:1138} INFO - Marking task as FAILED. dag_id=etl_***, task_id=transform, execution_date=20240904T000000, start_date=20251217T045131, end_date=20251217T045131
[2025-12-17T04:51:31.599+0000] {standard_task_runner.py:107} ERROR - Failed to execute job 1019 for task transform (transform_data() missing 1 required positional argument: 'df'; 3576)
[2025-12-17T04:51:31.624+0000] {local_task_job_runner.py:234} INFO - Task exited with return code 1
[2025-12-17T04:51:31.653+0000] {taskinstance.py:3280} INFO - 0 downstream tasks scheduled from follow-on schedule check
[2025-12-17T07:45:27.309+0000] {taskinstance.py:1956} INFO - Dependencies all met for dep_context=non-requeueable deps ti=<TaskInstance: etl_airflow.transform scheduled__2024-09-04T00:00:00+00:00 [queued]>
[2025-12-17T07:45:27.326+0000] {taskinstance.py:1956} INFO - Dependencies all met for dep_context=requeueable deps ti=<TaskInstance: etl_airflow.transform scheduled__2024-09-04T00:00:00+00:00 [queued]>
[2025-12-17T07:45:27.327+0000] {taskinstance.py:2170} INFO - Starting attempt 3 of 3
[2025-12-17T07:45:27.355+0000] {taskinstance.py:2191} INFO - Executing <Task(PythonOperator): transform> on 2024-09-04 00:00:00+00:00
[2025-12-17T07:45:27.365+0000] {standard_task_runner.py:60} INFO - Started process 3655 to run task
[2025-12-17T07:45:27.371+0000] {standard_task_runner.py:87} INFO - Running: ['***', 'tasks', 'run', 'etl_***', 'transform', 'scheduled__2024-09-04T00:00:00+00:00', '--job-id', '1021', '--raw', '--subdir', 'DAGS_FOLDER/etl_***.py', '--cfg-path', '/tmp/tmpsu0w4zmv']
[2025-12-17T07:45:27.374+0000] {standard_task_runner.py:88} INFO - Job 1021: Subtask transform
[2025-12-17T07:45:27.499+0000] {task_command.py:423} INFO - Running <TaskInstance: etl_airflow.transform scheduled__2024-09-04T00:00:00+00:00 [running]> on host 2a0de06c8905
[2025-12-17T07:45:27.901+0000] {taskinstance.py:2480} INFO - Exporting env vars: AIRFLOW_CTX_DAG_OWNER='***' AIRFLOW_CTX_DAG_ID='etl_***' AIRFLOW_CTX_TASK_ID='transform' AIRFLOW_CTX_EXECUTION_DATE='2024-09-04T00:00:00+00:00' AIRFLOW_CTX_TRY_NUMBER='3' AIRFLOW_CTX_DAG_RUN_ID='scheduled__2024-09-04T00:00:00+00:00'
[2025-12-17T07:45:27.906+0000] {taskinstance.py:2698} ERROR - Task failed with exception
Traceback (most recent call last):
  File "/home/airflow/.local/lib/python3.8/site-packages/airflow/models/taskinstance.py", line 433, in _execute_task
    result = execute_callable(context=context, **execute_callable_kwargs)
  File "/home/airflow/.local/lib/python3.8/site-packages/airflow/operators/python.py", line 199, in execute
    return_value = self.execute_callable()
  File "/home/airflow/.local/lib/python3.8/site-packages/airflow/operators/python.py", line 216, in execute_callable
    return self.python_callable(*self.op_args, **self.op_kwargs)
TypeError: transform_data() missing 1 required positional argument: 'df'
[2025-12-17T07:45:27.925+0000] {taskinstance.py:1138} INFO - Marking task as FAILED. dag_id=etl_***, task_id=transform, execution_date=20240904T000000, start_date=20251217T074527, end_date=20251217T074527
[2025-12-17T07:45:27.950+0000] {standard_task_runner.py:107} ERROR - Failed to execute job 1021 for task transform (transform_data() missing 1 required positional argument: 'df'; 3655)
[2025-12-17T07:45:27.987+0000] {local_task_job_runner.py:234} INFO - Task exited with return code 1
[2025-12-17T07:45:28.317+0000] {taskinstance.py:3280} INFO - 0 downstream tasks scheduled from follow-on schedule check
