[2025-12-17T04:48:38.382+0000] {taskinstance.py:1956} INFO - Dependencies all met for dep_context=non-requeueable deps ti=<TaskInstance: etl_airflow.transform scheduled__2024-06-14T00:00:00+00:00 [queued]>
[2025-12-17T04:48:38.397+0000] {taskinstance.py:1956} INFO - Dependencies all met for dep_context=requeueable deps ti=<TaskInstance: etl_airflow.transform scheduled__2024-06-14T00:00:00+00:00 [queued]>
[2025-12-17T04:48:38.398+0000] {taskinstance.py:2170} INFO - Starting attempt 3 of 3
[2025-12-17T04:48:38.419+0000] {taskinstance.py:2191} INFO - Executing <Task(PythonOperator): transform> on 2024-06-14 00:00:00+00:00
[2025-12-17T04:48:38.426+0000] {standard_task_runner.py:60} INFO - Started process 2513 to run task
[2025-12-17T04:48:38.432+0000] {standard_task_runner.py:87} INFO - Running: ['***', 'tasks', 'run', 'etl_***', 'transform', 'scheduled__2024-06-14T00:00:00+00:00', '--job-id', '696', '--raw', '--subdir', 'DAGS_FOLDER/etl_***.py', '--cfg-path', '/tmp/tmppjonz0xn']
[2025-12-17T04:48:38.435+0000] {standard_task_runner.py:88} INFO - Job 696: Subtask transform
[2025-12-17T04:48:38.557+0000] {task_command.py:423} INFO - Running <TaskInstance: etl_airflow.transform scheduled__2024-06-14T00:00:00+00:00 [running]> on host b3426f05ac70
[2025-12-17T04:48:38.967+0000] {taskinstance.py:2480} INFO - Exporting env vars: AIRFLOW_CTX_DAG_OWNER='***' AIRFLOW_CTX_DAG_ID='etl_***' AIRFLOW_CTX_TASK_ID='transform' AIRFLOW_CTX_EXECUTION_DATE='2024-06-14T00:00:00+00:00' AIRFLOW_CTX_TRY_NUMBER='3' AIRFLOW_CTX_DAG_RUN_ID='scheduled__2024-06-14T00:00:00+00:00'
[2025-12-17T04:48:38.970+0000] {taskinstance.py:2698} ERROR - Task failed with exception
Traceback (most recent call last):
  File "/home/airflow/.local/lib/python3.8/site-packages/airflow/models/taskinstance.py", line 433, in _execute_task
    result = execute_callable(context=context, **execute_callable_kwargs)
  File "/home/airflow/.local/lib/python3.8/site-packages/airflow/operators/python.py", line 199, in execute
    return_value = self.execute_callable()
  File "/home/airflow/.local/lib/python3.8/site-packages/airflow/operators/python.py", line 216, in execute_callable
    return self.python_callable(*self.op_args, **self.op_kwargs)
TypeError: transform_data() missing 1 required positional argument: 'df'
[2025-12-17T04:48:38.986+0000] {taskinstance.py:1138} INFO - Marking task as FAILED. dag_id=etl_***, task_id=transform, execution_date=20240614T000000, start_date=20251217T044838, end_date=20251217T044838
[2025-12-17T04:48:39.005+0000] {standard_task_runner.py:107} ERROR - Failed to execute job 696 for task transform (transform_data() missing 1 required positional argument: 'df'; 2513)
[2025-12-17T04:48:39.048+0000] {local_task_job_runner.py:234} INFO - Task exited with return code 1
[2025-12-17T04:48:39.322+0000] {taskinstance.py:3280} INFO - 0 downstream tasks scheduled from follow-on schedule check
[2025-12-17T07:42:14.017+0000] {taskinstance.py:1956} INFO - Dependencies all met for dep_context=non-requeueable deps ti=<TaskInstance: etl_airflow.transform scheduled__2024-06-14T00:00:00+00:00 [queued]>
[2025-12-17T07:42:14.039+0000] {taskinstance.py:1956} INFO - Dependencies all met for dep_context=requeueable deps ti=<TaskInstance: etl_airflow.transform scheduled__2024-06-14T00:00:00+00:00 [queued]>
[2025-12-17T07:42:14.042+0000] {taskinstance.py:2170} INFO - Starting attempt 3 of 3
[2025-12-17T07:42:14.070+0000] {taskinstance.py:2191} INFO - Executing <Task(PythonOperator): transform> on 2024-06-14 00:00:00+00:00
[2025-12-17T07:42:14.082+0000] {standard_task_runner.py:60} INFO - Started process 2587 to run task
[2025-12-17T07:42:14.091+0000] {standard_task_runner.py:87} INFO - Running: ['***', 'tasks', 'run', 'etl_***', 'transform', 'scheduled__2024-06-14T00:00:00+00:00', '--job-id', '700', '--raw', '--subdir', 'DAGS_FOLDER/etl_***.py', '--cfg-path', '/tmp/tmpj2ldapsx']
[2025-12-17T07:42:14.101+0000] {standard_task_runner.py:88} INFO - Job 700: Subtask transform
[2025-12-17T07:42:14.296+0000] {task_command.py:423} INFO - Running <TaskInstance: etl_airflow.transform scheduled__2024-06-14T00:00:00+00:00 [running]> on host 2a0de06c8905
[2025-12-17T07:42:15.111+0000] {taskinstance.py:2480} INFO - Exporting env vars: AIRFLOW_CTX_DAG_OWNER='***' AIRFLOW_CTX_DAG_ID='etl_***' AIRFLOW_CTX_TASK_ID='transform' AIRFLOW_CTX_EXECUTION_DATE='2024-06-14T00:00:00+00:00' AIRFLOW_CTX_TRY_NUMBER='3' AIRFLOW_CTX_DAG_RUN_ID='scheduled__2024-06-14T00:00:00+00:00'
[2025-12-17T07:42:15.127+0000] {taskinstance.py:2698} ERROR - Task failed with exception
Traceback (most recent call last):
  File "/home/airflow/.local/lib/python3.8/site-packages/airflow/models/taskinstance.py", line 433, in _execute_task
    result = execute_callable(context=context, **execute_callable_kwargs)
  File "/home/airflow/.local/lib/python3.8/site-packages/airflow/operators/python.py", line 199, in execute
    return_value = self.execute_callable()
  File "/home/airflow/.local/lib/python3.8/site-packages/airflow/operators/python.py", line 216, in execute_callable
    return self.python_callable(*self.op_args, **self.op_kwargs)
TypeError: transform_data() missing 1 required positional argument: 'df'
[2025-12-17T07:42:15.153+0000] {taskinstance.py:1138} INFO - Marking task as FAILED. dag_id=etl_***, task_id=transform, execution_date=20240614T000000, start_date=20251217T074214, end_date=20251217T074215
[2025-12-17T07:42:15.386+0000] {standard_task_runner.py:107} ERROR - Failed to execute job 700 for task transform (transform_data() missing 1 required positional argument: 'df'; 2587)
[2025-12-17T07:42:15.413+0000] {local_task_job_runner.py:234} INFO - Task exited with return code 1
[2025-12-17T07:42:15.515+0000] {taskinstance.py:3280} INFO - 0 downstream tasks scheduled from follow-on schedule check
