[2025-12-16T17:20:21.692+0000] {taskinstance.py:1956} INFO - Dependencies all met for dep_context=non-requeueable deps ti=<TaskInstance: etl_airflow.transform scheduled__2024-06-14T00:00:00+00:00 [queued]>
[2025-12-16T17:20:21.714+0000] {taskinstance.py:1956} INFO - Dependencies all met for dep_context=requeueable deps ti=<TaskInstance: etl_airflow.transform scheduled__2024-06-14T00:00:00+00:00 [queued]>
[2025-12-16T17:20:21.716+0000] {taskinstance.py:2170} INFO - Starting attempt 2 of 4
[2025-12-16T17:20:21.761+0000] {taskinstance.py:2191} INFO - Executing <Task(PythonOperator): transform> on 2024-06-14 00:00:00+00:00
[2025-12-16T17:20:21.786+0000] {standard_task_runner.py:60} INFO - Started process 5004 to run task
[2025-12-16T17:20:21.797+0000] {standard_task_runner.py:87} INFO - Running: ['***', 'tasks', 'run', 'etl_***', 'transform', 'scheduled__2024-06-14T00:00:00+00:00', '--job-id', '5663', '--raw', '--subdir', 'DAGS_FOLDER/etl_dag.py', '--cfg-path', '/tmp/tmpa_yw9ds8']
[2025-12-16T17:20:21.803+0000] {standard_task_runner.py:88} INFO - Job 5663: Subtask transform
[2025-12-16T17:20:22.008+0000] {task_command.py:423} INFO - Running <TaskInstance: etl_airflow.transform scheduled__2024-06-14T00:00:00+00:00 [running]> on host 3b89cfee50e9
[2025-12-16T17:20:22.405+0000] {taskinstance.py:2480} INFO - Exporting env vars: AIRFLOW_CTX_DAG_OWNER='***' AIRFLOW_CTX_DAG_ID='etl_***' AIRFLOW_CTX_TASK_ID='transform' AIRFLOW_CTX_EXECUTION_DATE='2024-06-14T00:00:00+00:00' AIRFLOW_CTX_TRY_NUMBER='2' AIRFLOW_CTX_DAG_RUN_ID='scheduled__2024-06-14T00:00:00+00:00'
[2025-12-16T17:20:22.412+0000] {logging_mixin.py:188} INFO - [TRANSFORM]
[2025-12-16T17:20:22.898+0000] {logging_mixin.py:188} INFO - [TRANSFORM] done
[2025-12-16T17:20:22.902+0000] {python.py:201} INFO - Done. Returned value was: None
[2025-12-16T17:20:22.919+0000] {taskinstance.py:1138} INFO - Marking task as SUCCESS. dag_id=etl_***, task_id=transform, execution_date=20240614T000000, start_date=20251216T172021, end_date=20251216T172022
[2025-12-16T17:20:23.120+0000] {local_task_job_runner.py:234} INFO - Task exited with return code 0
[2025-12-16T17:20:23.239+0000] {taskinstance.py:3280} INFO - 1 downstream tasks scheduled from follow-on schedule check
[2025-12-17T04:48:25.463+0000] {taskinstance.py:1956} INFO - Dependencies all met for dep_context=non-requeueable deps ti=<TaskInstance: etl_airflow.transform scheduled__2024-06-14T00:00:00+00:00 [queued]>
[2025-12-17T04:48:25.478+0000] {taskinstance.py:1956} INFO - Dependencies all met for dep_context=requeueable deps ti=<TaskInstance: etl_airflow.transform scheduled__2024-06-14T00:00:00+00:00 [queued]>
[2025-12-17T04:48:25.479+0000] {taskinstance.py:2170} INFO - Starting attempt 2 of 3
[2025-12-17T04:48:25.498+0000] {taskinstance.py:2191} INFO - Executing <Task(PythonOperator): transform> on 2024-06-14 00:00:00+00:00
[2025-12-17T04:48:25.505+0000] {standard_task_runner.py:60} INFO - Started process 2449 to run task
[2025-12-17T04:48:25.509+0000] {standard_task_runner.py:87} INFO - Running: ['***', 'tasks', 'run', 'etl_***', 'transform', 'scheduled__2024-06-14T00:00:00+00:00', '--job-id', '675', '--raw', '--subdir', 'DAGS_FOLDER/etl_***.py', '--cfg-path', '/tmp/tmp4rqurhq0']
[2025-12-17T04:48:25.513+0000] {standard_task_runner.py:88} INFO - Job 675: Subtask transform
[2025-12-17T04:48:25.619+0000] {task_command.py:423} INFO - Running <TaskInstance: etl_airflow.transform scheduled__2024-06-14T00:00:00+00:00 [running]> on host b3426f05ac70
[2025-12-17T04:48:26.017+0000] {taskinstance.py:2480} INFO - Exporting env vars: AIRFLOW_CTX_DAG_OWNER='***' AIRFLOW_CTX_DAG_ID='etl_***' AIRFLOW_CTX_TASK_ID='transform' AIRFLOW_CTX_EXECUTION_DATE='2024-06-14T00:00:00+00:00' AIRFLOW_CTX_TRY_NUMBER='2' AIRFLOW_CTX_DAG_RUN_ID='scheduled__2024-06-14T00:00:00+00:00'
[2025-12-17T04:48:26.020+0000] {taskinstance.py:2698} ERROR - Task failed with exception
Traceback (most recent call last):
  File "/home/airflow/.local/lib/python3.8/site-packages/airflow/models/taskinstance.py", line 433, in _execute_task
    result = execute_callable(context=context, **execute_callable_kwargs)
  File "/home/airflow/.local/lib/python3.8/site-packages/airflow/operators/python.py", line 199, in execute
    return_value = self.execute_callable()
  File "/home/airflow/.local/lib/python3.8/site-packages/airflow/operators/python.py", line 216, in execute_callable
    return self.python_callable(*self.op_args, **self.op_kwargs)
TypeError: transform_data() missing 1 required positional argument: 'df'
[2025-12-17T04:48:26.036+0000] {taskinstance.py:1138} INFO - Marking task as UP_FOR_RETRY. dag_id=etl_***, task_id=transform, execution_date=20240614T000000, start_date=20251217T044825, end_date=20251217T044826
[2025-12-17T04:48:26.060+0000] {standard_task_runner.py:107} ERROR - Failed to execute job 675 for task transform (transform_data() missing 1 required positional argument: 'df'; 2449)
[2025-12-17T04:48:26.084+0000] {local_task_job_runner.py:234} INFO - Task exited with return code 1
[2025-12-17T04:48:26.119+0000] {taskinstance.py:3280} INFO - 0 downstream tasks scheduled from follow-on schedule check
[2025-12-17T07:42:00.636+0000] {taskinstance.py:1956} INFO - Dependencies all met for dep_context=non-requeueable deps ti=<TaskInstance: etl_airflow.transform scheduled__2024-06-14T00:00:00+00:00 [queued]>
[2025-12-17T07:42:00.659+0000] {taskinstance.py:1956} INFO - Dependencies all met for dep_context=requeueable deps ti=<TaskInstance: etl_airflow.transform scheduled__2024-06-14T00:00:00+00:00 [queued]>
[2025-12-17T07:42:00.662+0000] {taskinstance.py:2170} INFO - Starting attempt 2 of 3
[2025-12-17T07:42:00.715+0000] {taskinstance.py:2191} INFO - Executing <Task(PythonOperator): transform> on 2024-06-14 00:00:00+00:00
[2025-12-17T07:42:00.731+0000] {standard_task_runner.py:60} INFO - Started process 2533 to run task
[2025-12-17T07:42:00.757+0000] {standard_task_runner.py:87} INFO - Running: ['***', 'tasks', 'run', 'etl_***', 'transform', 'scheduled__2024-06-14T00:00:00+00:00', '--job-id', '680', '--raw', '--subdir', 'DAGS_FOLDER/etl_***.py', '--cfg-path', '/tmp/tmpjpmsesn_']
[2025-12-17T07:42:00.763+0000] {standard_task_runner.py:88} INFO - Job 680: Subtask transform
[2025-12-17T07:42:01.017+0000] {task_command.py:423} INFO - Running <TaskInstance: etl_airflow.transform scheduled__2024-06-14T00:00:00+00:00 [running]> on host 2a0de06c8905
[2025-12-17T07:42:01.474+0000] {taskinstance.py:2480} INFO - Exporting env vars: AIRFLOW_CTX_DAG_OWNER='***' AIRFLOW_CTX_DAG_ID='etl_***' AIRFLOW_CTX_TASK_ID='transform' AIRFLOW_CTX_EXECUTION_DATE='2024-06-14T00:00:00+00:00' AIRFLOW_CTX_TRY_NUMBER='2' AIRFLOW_CTX_DAG_RUN_ID='scheduled__2024-06-14T00:00:00+00:00'
[2025-12-17T07:42:01.477+0000] {taskinstance.py:2698} ERROR - Task failed with exception
Traceback (most recent call last):
  File "/home/airflow/.local/lib/python3.8/site-packages/airflow/models/taskinstance.py", line 433, in _execute_task
    result = execute_callable(context=context, **execute_callable_kwargs)
  File "/home/airflow/.local/lib/python3.8/site-packages/airflow/operators/python.py", line 199, in execute
    return_value = self.execute_callable()
  File "/home/airflow/.local/lib/python3.8/site-packages/airflow/operators/python.py", line 216, in execute_callable
    return self.python_callable(*self.op_args, **self.op_kwargs)
TypeError: transform_data() missing 1 required positional argument: 'df'
[2025-12-17T07:42:01.492+0000] {taskinstance.py:1138} INFO - Marking task as UP_FOR_RETRY. dag_id=etl_***, task_id=transform, execution_date=20240614T000000, start_date=20251217T074200, end_date=20251217T074201
[2025-12-17T07:42:01.516+0000] {standard_task_runner.py:107} ERROR - Failed to execute job 680 for task transform (transform_data() missing 1 required positional argument: 'df'; 2533)
[2025-12-17T07:42:01.550+0000] {local_task_job_runner.py:234} INFO - Task exited with return code 1
[2025-12-17T07:42:01.631+0000] {taskinstance.py:3280} INFO - 0 downstream tasks scheduled from follow-on schedule check
