[2025-12-16T17:19:45.090+0000] {taskinstance.py:1956} INFO - Dependencies all met for dep_context=non-requeueable deps ti=<TaskInstance: etl_airflow.transform scheduled__2024-04-09T00:00:00+00:00 [queued]>
[2025-12-16T17:19:45.128+0000] {taskinstance.py:1956} INFO - Dependencies all met for dep_context=requeueable deps ti=<TaskInstance: etl_airflow.transform scheduled__2024-04-09T00:00:00+00:00 [queued]>
[2025-12-16T17:19:45.154+0000] {taskinstance.py:2170} INFO - Starting attempt 3 of 4
[2025-12-16T17:19:45.216+0000] {taskinstance.py:2191} INFO - Executing <Task(PythonOperator): transform> on 2024-04-09 00:00:00+00:00
[2025-12-16T17:19:45.239+0000] {standard_task_runner.py:60} INFO - Started process 4539 to run task
[2025-12-16T17:19:45.249+0000] {standard_task_runner.py:87} INFO - Running: ['***', 'tasks', 'run', 'etl_***', 'transform', 'scheduled__2024-04-09T00:00:00+00:00', '--job-id', '5513', '--raw', '--subdir', 'DAGS_FOLDER/etl_dag.py', '--cfg-path', '/tmp/tmppwl4g_bs']
[2025-12-16T17:19:45.257+0000] {standard_task_runner.py:88} INFO - Job 5513: Subtask transform
[2025-12-16T17:19:45.445+0000] {task_command.py:423} INFO - Running <TaskInstance: etl_airflow.transform scheduled__2024-04-09T00:00:00+00:00 [running]> on host 3b89cfee50e9
[2025-12-16T17:19:45.692+0000] {taskinstance.py:2480} INFO - Exporting env vars: AIRFLOW_CTX_DAG_OWNER='***' AIRFLOW_CTX_DAG_ID='etl_***' AIRFLOW_CTX_TASK_ID='transform' AIRFLOW_CTX_EXECUTION_DATE='2024-04-09T00:00:00+00:00' AIRFLOW_CTX_TRY_NUMBER='3' AIRFLOW_CTX_DAG_RUN_ID='scheduled__2024-04-09T00:00:00+00:00'
[2025-12-16T17:19:45.698+0000] {logging_mixin.py:188} INFO - [TRANSFORM]
[2025-12-16T17:19:46.107+0000] {logging_mixin.py:188} INFO - [TRANSFORM] done
[2025-12-16T17:19:46.110+0000] {python.py:201} INFO - Done. Returned value was: None
[2025-12-16T17:19:46.149+0000] {taskinstance.py:1138} INFO - Marking task as SUCCESS. dag_id=etl_***, task_id=transform, execution_date=20240409T000000, start_date=20251216T171945, end_date=20251216T171946
[2025-12-16T17:19:46.715+0000] {local_task_job_runner.py:234} INFO - Task exited with return code 0
[2025-12-16T17:19:46.851+0000] {taskinstance.py:3280} INFO - 1 downstream tasks scheduled from follow-on schedule check
[2025-12-17T04:46:21.485+0000] {taskinstance.py:1956} INFO - Dependencies all met for dep_context=non-requeueable deps ti=<TaskInstance: etl_airflow.transform scheduled__2024-04-09T00:00:00+00:00 [queued]>
[2025-12-17T04:46:21.501+0000] {taskinstance.py:1956} INFO - Dependencies all met for dep_context=requeueable deps ti=<TaskInstance: etl_airflow.transform scheduled__2024-04-09T00:00:00+00:00 [queued]>
[2025-12-17T04:46:21.502+0000] {taskinstance.py:2170} INFO - Starting attempt 3 of 3
[2025-12-17T04:46:21.557+0000] {taskinstance.py:2191} INFO - Executing <Task(PythonOperator): transform> on 2024-04-09 00:00:00+00:00
[2025-12-17T04:46:21.569+0000] {standard_task_runner.py:60} INFO - Started process 1676 to run task
[2025-12-17T04:46:21.576+0000] {standard_task_runner.py:87} INFO - Running: ['***', 'tasks', 'run', 'etl_***', 'transform', 'scheduled__2024-04-09T00:00:00+00:00', '--job-id', '438', '--raw', '--subdir', 'DAGS_FOLDER/etl_***.py', '--cfg-path', '/tmp/tmpwmvrnwg7']
[2025-12-17T04:46:21.585+0000] {standard_task_runner.py:88} INFO - Job 438: Subtask transform
[2025-12-17T04:46:21.706+0000] {task_command.py:423} INFO - Running <TaskInstance: etl_airflow.transform scheduled__2024-04-09T00:00:00+00:00 [running]> on host b3426f05ac70
[2025-12-17T04:46:22.109+0000] {taskinstance.py:2480} INFO - Exporting env vars: AIRFLOW_CTX_DAG_OWNER='***' AIRFLOW_CTX_DAG_ID='etl_***' AIRFLOW_CTX_TASK_ID='transform' AIRFLOW_CTX_EXECUTION_DATE='2024-04-09T00:00:00+00:00' AIRFLOW_CTX_TRY_NUMBER='3' AIRFLOW_CTX_DAG_RUN_ID='scheduled__2024-04-09T00:00:00+00:00'
[2025-12-17T04:46:22.111+0000] {taskinstance.py:2698} ERROR - Task failed with exception
Traceback (most recent call last):
  File "/home/airflow/.local/lib/python3.8/site-packages/airflow/models/taskinstance.py", line 433, in _execute_task
    result = execute_callable(context=context, **execute_callable_kwargs)
  File "/home/airflow/.local/lib/python3.8/site-packages/airflow/operators/python.py", line 199, in execute
    return_value = self.execute_callable()
  File "/home/airflow/.local/lib/python3.8/site-packages/airflow/operators/python.py", line 216, in execute_callable
    return self.python_callable(*self.op_args, **self.op_kwargs)
TypeError: transform_data() missing 1 required positional argument: 'df'
[2025-12-17T04:46:22.128+0000] {taskinstance.py:1138} INFO - Marking task as FAILED. dag_id=etl_***, task_id=transform, execution_date=20240409T000000, start_date=20251217T044621, end_date=20251217T044622
[2025-12-17T04:46:22.149+0000] {standard_task_runner.py:107} ERROR - Failed to execute job 438 for task transform (transform_data() missing 1 required positional argument: 'df'; 1676)
[2025-12-17T04:46:22.196+0000] {local_task_job_runner.py:234} INFO - Task exited with return code 1
[2025-12-17T04:46:22.233+0000] {taskinstance.py:3280} INFO - 0 downstream tasks scheduled from follow-on schedule check
[2025-12-17T07:39:41.635+0000] {taskinstance.py:1956} INFO - Dependencies all met for dep_context=non-requeueable deps ti=<TaskInstance: etl_airflow.transform scheduled__2024-04-09T00:00:00+00:00 [queued]>
[2025-12-17T07:39:41.656+0000] {taskinstance.py:1956} INFO - Dependencies all met for dep_context=requeueable deps ti=<TaskInstance: etl_airflow.transform scheduled__2024-04-09T00:00:00+00:00 [queued]>
[2025-12-17T07:39:41.659+0000] {taskinstance.py:2170} INFO - Starting attempt 3 of 3
[2025-12-17T07:39:41.681+0000] {taskinstance.py:2191} INFO - Executing <Task(PythonOperator): transform> on 2024-04-09 00:00:00+00:00
[2025-12-17T07:39:41.691+0000] {standard_task_runner.py:60} INFO - Started process 1732 to run task
[2025-12-17T07:39:41.697+0000] {standard_task_runner.py:87} INFO - Running: ['***', 'tasks', 'run', 'etl_***', 'transform', 'scheduled__2024-04-09T00:00:00+00:00', '--job-id', '438', '--raw', '--subdir', 'DAGS_FOLDER/etl_***.py', '--cfg-path', '/tmp/tmpu6mofsbv']
[2025-12-17T07:39:41.701+0000] {standard_task_runner.py:88} INFO - Job 438: Subtask transform
[2025-12-17T07:39:41.830+0000] {task_command.py:423} INFO - Running <TaskInstance: etl_airflow.transform scheduled__2024-04-09T00:00:00+00:00 [running]> on host 2a0de06c8905
[2025-12-17T07:39:42.288+0000] {taskinstance.py:2480} INFO - Exporting env vars: AIRFLOW_CTX_DAG_OWNER='***' AIRFLOW_CTX_DAG_ID='etl_***' AIRFLOW_CTX_TASK_ID='transform' AIRFLOW_CTX_EXECUTION_DATE='2024-04-09T00:00:00+00:00' AIRFLOW_CTX_TRY_NUMBER='3' AIRFLOW_CTX_DAG_RUN_ID='scheduled__2024-04-09T00:00:00+00:00'
[2025-12-17T07:39:42.291+0000] {taskinstance.py:2698} ERROR - Task failed with exception
Traceback (most recent call last):
  File "/home/airflow/.local/lib/python3.8/site-packages/airflow/models/taskinstance.py", line 433, in _execute_task
    result = execute_callable(context=context, **execute_callable_kwargs)
  File "/home/airflow/.local/lib/python3.8/site-packages/airflow/operators/python.py", line 199, in execute
    return_value = self.execute_callable()
  File "/home/airflow/.local/lib/python3.8/site-packages/airflow/operators/python.py", line 216, in execute_callable
    return self.python_callable(*self.op_args, **self.op_kwargs)
TypeError: transform_data() missing 1 required positional argument: 'df'
[2025-12-17T07:39:42.315+0000] {taskinstance.py:1138} INFO - Marking task as FAILED. dag_id=etl_***, task_id=transform, execution_date=20240409T000000, start_date=20251217T073941, end_date=20251217T073942
[2025-12-17T07:39:42.458+0000] {standard_task_runner.py:107} ERROR - Failed to execute job 438 for task transform (transform_data() missing 1 required positional argument: 'df'; 1732)
[2025-12-17T07:39:42.524+0000] {local_task_job_runner.py:234} INFO - Task exited with return code 1
[2025-12-17T07:39:42.733+0000] {taskinstance.py:3280} INFO - 0 downstream tasks scheduled from follow-on schedule check
