[2025-12-16T17:19:31.741+0000] {taskinstance.py:1956} INFO - Dependencies all met for dep_context=non-requeueable deps ti=<TaskInstance: etl_airflow.transform scheduled__2024-04-09T00:00:00+00:00 [queued]>
[2025-12-16T17:19:31.786+0000] {taskinstance.py:1956} INFO - Dependencies all met for dep_context=requeueable deps ti=<TaskInstance: etl_airflow.transform scheduled__2024-04-09T00:00:00+00:00 [queued]>
[2025-12-16T17:19:31.788+0000] {taskinstance.py:2170} INFO - Starting attempt 2 of 4
[2025-12-16T17:19:31.831+0000] {taskinstance.py:2191} INFO - Executing <Task(PythonOperator): transform> on 2024-04-09 00:00:00+00:00
[2025-12-16T17:19:31.848+0000] {standard_task_runner.py:60} INFO - Started process 4386 to run task
[2025-12-16T17:19:31.855+0000] {standard_task_runner.py:87} INFO - Running: ['***', 'tasks', 'run', 'etl_***', 'transform', 'scheduled__2024-04-09T00:00:00+00:00', '--job-id', '5461', '--raw', '--subdir', 'DAGS_FOLDER/etl_dag.py', '--cfg-path', '/tmp/tmpqc4ed2ct']
[2025-12-16T17:19:31.867+0000] {standard_task_runner.py:88} INFO - Job 5461: Subtask transform
[2025-12-16T17:19:32.068+0000] {task_command.py:423} INFO - Running <TaskInstance: etl_airflow.transform scheduled__2024-04-09T00:00:00+00:00 [running]> on host 3b89cfee50e9
[2025-12-16T17:19:32.383+0000] {taskinstance.py:2480} INFO - Exporting env vars: AIRFLOW_CTX_DAG_OWNER='***' AIRFLOW_CTX_DAG_ID='etl_***' AIRFLOW_CTX_TASK_ID='transform' AIRFLOW_CTX_EXECUTION_DATE='2024-04-09T00:00:00+00:00' AIRFLOW_CTX_TRY_NUMBER='2' AIRFLOW_CTX_DAG_RUN_ID='scheduled__2024-04-09T00:00:00+00:00'
[2025-12-16T17:19:32.388+0000] {logging_mixin.py:188} INFO - [TRANSFORM]
[2025-12-16T17:19:32.422+0000] {taskinstance.py:2698} ERROR - Task failed with exception
Traceback (most recent call last):
  File "/home/airflow/.local/lib/python3.8/site-packages/airflow/models/taskinstance.py", line 433, in _execute_task
    result = execute_callable(context=context, **execute_callable_kwargs)
  File "/home/airflow/.local/lib/python3.8/site-packages/airflow/operators/python.py", line 199, in execute
    return_value = self.execute_callable()
  File "/home/airflow/.local/lib/python3.8/site-packages/airflow/operators/python.py", line 216, in execute_callable
    return self.python_callable(*self.op_args, **self.op_kwargs)
  File "/opt/airflow/etl_logic/pipeline.py", line 111, in transform_data
    df = pd.read_csv(TRANSFORMED_PATH)
  File "/home/airflow/.local/lib/python3.8/site-packages/pandas/io/parsers/readers.py", line 912, in read_csv
    return _read(filepath_or_buffer, kwds)
  File "/home/airflow/.local/lib/python3.8/site-packages/pandas/io/parsers/readers.py", line 577, in _read
    parser = TextFileReader(filepath_or_buffer, **kwds)
  File "/home/airflow/.local/lib/python3.8/site-packages/pandas/io/parsers/readers.py", line 1407, in __init__
    self._engine = self._make_engine(f, self.engine)
  File "/home/airflow/.local/lib/python3.8/site-packages/pandas/io/parsers/readers.py", line 1679, in _make_engine
    return mapping[engine](f, **self.options)
  File "/home/airflow/.local/lib/python3.8/site-packages/pandas/io/parsers/c_parser_wrapper.py", line 93, in __init__
    self._reader = parsers.TextReader(src, **kwds)
  File "pandas/_libs/parsers.pyx", line 557, in pandas._libs.parsers.TextReader.__cinit__
pandas.errors.EmptyDataError: No columns to parse from file
[2025-12-16T17:19:32.488+0000] {taskinstance.py:1138} INFO - Marking task as UP_FOR_RETRY. dag_id=etl_***, task_id=transform, execution_date=20240409T000000, start_date=20251216T171931, end_date=20251216T171932
[2025-12-16T17:19:32.963+0000] {standard_task_runner.py:107} ERROR - Failed to execute job 5461 for task transform (No columns to parse from file; 4386)
[2025-12-16T17:19:33.023+0000] {local_task_job_runner.py:234} INFO - Task exited with return code 1
[2025-12-16T17:19:33.217+0000] {taskinstance.py:3280} INFO - 0 downstream tasks scheduled from follow-on schedule check
[2025-12-17T04:46:09.749+0000] {taskinstance.py:1956} INFO - Dependencies all met for dep_context=non-requeueable deps ti=<TaskInstance: etl_airflow.transform scheduled__2024-04-09T00:00:00+00:00 [queued]>
[2025-12-17T04:46:09.764+0000] {taskinstance.py:1956} INFO - Dependencies all met for dep_context=requeueable deps ti=<TaskInstance: etl_airflow.transform scheduled__2024-04-09T00:00:00+00:00 [queued]>
[2025-12-17T04:46:09.765+0000] {taskinstance.py:2170} INFO - Starting attempt 2 of 3
[2025-12-17T04:46:09.831+0000] {taskinstance.py:2191} INFO - Executing <Task(PythonOperator): transform> on 2024-04-09 00:00:00+00:00
[2025-12-17T04:46:09.841+0000] {standard_task_runner.py:60} INFO - Started process 1622 to run task
[2025-12-17T04:46:09.853+0000] {standard_task_runner.py:87} INFO - Running: ['***', 'tasks', 'run', 'etl_***', 'transform', 'scheduled__2024-04-09T00:00:00+00:00', '--job-id', '425', '--raw', '--subdir', 'DAGS_FOLDER/etl_***.py', '--cfg-path', '/tmp/tmpqod7y38u']
[2025-12-17T04:46:09.858+0000] {standard_task_runner.py:88} INFO - Job 425: Subtask transform
[2025-12-17T04:46:09.998+0000] {task_command.py:423} INFO - Running <TaskInstance: etl_airflow.transform scheduled__2024-04-09T00:00:00+00:00 [running]> on host b3426f05ac70
[2025-12-17T04:46:10.390+0000] {taskinstance.py:2480} INFO - Exporting env vars: AIRFLOW_CTX_DAG_OWNER='***' AIRFLOW_CTX_DAG_ID='etl_***' AIRFLOW_CTX_TASK_ID='transform' AIRFLOW_CTX_EXECUTION_DATE='2024-04-09T00:00:00+00:00' AIRFLOW_CTX_TRY_NUMBER='2' AIRFLOW_CTX_DAG_RUN_ID='scheduled__2024-04-09T00:00:00+00:00'
[2025-12-17T04:46:10.395+0000] {taskinstance.py:2698} ERROR - Task failed with exception
Traceback (most recent call last):
  File "/home/airflow/.local/lib/python3.8/site-packages/airflow/models/taskinstance.py", line 433, in _execute_task
    result = execute_callable(context=context, **execute_callable_kwargs)
  File "/home/airflow/.local/lib/python3.8/site-packages/airflow/operators/python.py", line 199, in execute
    return_value = self.execute_callable()
  File "/home/airflow/.local/lib/python3.8/site-packages/airflow/operators/python.py", line 216, in execute_callable
    return self.python_callable(*self.op_args, **self.op_kwargs)
TypeError: transform_data() missing 1 required positional argument: 'df'
[2025-12-17T04:46:10.409+0000] {taskinstance.py:1138} INFO - Marking task as UP_FOR_RETRY. dag_id=etl_***, task_id=transform, execution_date=20240409T000000, start_date=20251217T044609, end_date=20251217T044610
[2025-12-17T04:46:10.431+0000] {standard_task_runner.py:107} ERROR - Failed to execute job 425 for task transform (transform_data() missing 1 required positional argument: 'df'; 1622)
[2025-12-17T04:46:10.470+0000] {local_task_job_runner.py:234} INFO - Task exited with return code 1
[2025-12-17T04:46:10.560+0000] {taskinstance.py:3280} INFO - 0 downstream tasks scheduled from follow-on schedule check
[2025-12-17T07:39:29.478+0000] {taskinstance.py:1956} INFO - Dependencies all met for dep_context=non-requeueable deps ti=<TaskInstance: etl_airflow.transform scheduled__2024-04-09T00:00:00+00:00 [queued]>
[2025-12-17T07:39:29.506+0000] {taskinstance.py:1956} INFO - Dependencies all met for dep_context=requeueable deps ti=<TaskInstance: etl_airflow.transform scheduled__2024-04-09T00:00:00+00:00 [queued]>
[2025-12-17T07:39:29.509+0000] {taskinstance.py:2170} INFO - Starting attempt 2 of 3
[2025-12-17T07:39:29.547+0000] {taskinstance.py:2191} INFO - Executing <Task(PythonOperator): transform> on 2024-04-09 00:00:00+00:00
[2025-12-17T07:39:29.560+0000] {standard_task_runner.py:60} INFO - Started process 1683 to run task
[2025-12-17T07:39:29.568+0000] {standard_task_runner.py:87} INFO - Running: ['***', 'tasks', 'run', 'etl_***', 'transform', 'scheduled__2024-04-09T00:00:00+00:00', '--job-id', '423', '--raw', '--subdir', 'DAGS_FOLDER/etl_***.py', '--cfg-path', '/tmp/tmpp6l4ace2']
[2025-12-17T07:39:29.575+0000] {standard_task_runner.py:88} INFO - Job 423: Subtask transform
[2025-12-17T07:39:29.750+0000] {task_command.py:423} INFO - Running <TaskInstance: etl_airflow.transform scheduled__2024-04-09T00:00:00+00:00 [running]> on host 2a0de06c8905
[2025-12-17T07:39:30.239+0000] {taskinstance.py:2480} INFO - Exporting env vars: AIRFLOW_CTX_DAG_OWNER='***' AIRFLOW_CTX_DAG_ID='etl_***' AIRFLOW_CTX_TASK_ID='transform' AIRFLOW_CTX_EXECUTION_DATE='2024-04-09T00:00:00+00:00' AIRFLOW_CTX_TRY_NUMBER='2' AIRFLOW_CTX_DAG_RUN_ID='scheduled__2024-04-09T00:00:00+00:00'
[2025-12-17T07:39:30.244+0000] {taskinstance.py:2698} ERROR - Task failed with exception
Traceback (most recent call last):
  File "/home/airflow/.local/lib/python3.8/site-packages/airflow/models/taskinstance.py", line 433, in _execute_task
    result = execute_callable(context=context, **execute_callable_kwargs)
  File "/home/airflow/.local/lib/python3.8/site-packages/airflow/operators/python.py", line 199, in execute
    return_value = self.execute_callable()
  File "/home/airflow/.local/lib/python3.8/site-packages/airflow/operators/python.py", line 216, in execute_callable
    return self.python_callable(*self.op_args, **self.op_kwargs)
TypeError: transform_data() missing 1 required positional argument: 'df'
[2025-12-17T07:39:30.275+0000] {taskinstance.py:1138} INFO - Marking task as UP_FOR_RETRY. dag_id=etl_***, task_id=transform, execution_date=20240409T000000, start_date=20251217T073929, end_date=20251217T073930
[2025-12-17T07:39:30.345+0000] {standard_task_runner.py:107} ERROR - Failed to execute job 423 for task transform (transform_data() missing 1 required positional argument: 'df'; 1683)
[2025-12-17T07:39:30.430+0000] {local_task_job_runner.py:234} INFO - Task exited with return code 1
[2025-12-17T07:39:30.476+0000] {taskinstance.py:3280} INFO - 0 downstream tasks scheduled from follow-on schedule check
