[2025-12-17T03:59:13.268+0000] {taskinstance.py:1956} INFO - Dependencies all met for dep_context=non-requeueable deps ti=<TaskInstance: etl_airflow.extract manual__2025-12-17T03:59:11.475038+00:00 [queued]>
[2025-12-17T03:59:13.296+0000] {taskinstance.py:1956} INFO - Dependencies all met for dep_context=requeueable deps ti=<TaskInstance: etl_airflow.extract manual__2025-12-17T03:59:11.475038+00:00 [queued]>
[2025-12-17T03:59:13.299+0000] {taskinstance.py:2170} INFO - Starting attempt 1 of 1
[2025-12-17T03:59:13.336+0000] {taskinstance.py:2191} INFO - Executing <Task(PythonOperator): extract> on 2025-12-17 03:59:11.475038+00:00
[2025-12-17T03:59:13.350+0000] {standard_task_runner.py:60} INFO - Started process 373 to run task
[2025-12-17T03:59:13.359+0000] {standard_task_runner.py:87} INFO - Running: ['***', 'tasks', 'run', 'etl_***', 'extract', 'manual__2025-12-17T03:59:11.475038+00:00', '--job-id', '51', '--raw', '--subdir', 'DAGS_FOLDER/etl_dag.py', '--cfg-path', '/tmp/tmpqeyh7n1t']
[2025-12-17T03:59:13.365+0000] {standard_task_runner.py:88} INFO - Job 51: Subtask extract
[2025-12-17T03:59:13.534+0000] {task_command.py:423} INFO - Running <TaskInstance: etl_airflow.extract manual__2025-12-17T03:59:11.475038+00:00 [running]> on host 29a134c3fa9b
[2025-12-17T03:59:13.954+0000] {taskinstance.py:2480} INFO - Exporting env vars: AIRFLOW_CTX_DAG_OWNER='***' AIRFLOW_CTX_DAG_ID='etl_***' AIRFLOW_CTX_TASK_ID='extract' AIRFLOW_CTX_EXECUTION_DATE='2025-12-17T03:59:11.475038+00:00' AIRFLOW_CTX_TRY_NUMBER='1' AIRFLOW_CTX_DAG_RUN_ID='manual__2025-12-17T03:59:11.475038+00:00'
[2025-12-17T03:59:13.958+0000] {taskinstance.py:2698} ERROR - Task failed with exception
Traceback (most recent call last):
  File "/home/airflow/.local/lib/python3.8/site-packages/airflow/models/taskinstance.py", line 433, in _execute_task
    result = execute_callable(context=context, **execute_callable_kwargs)
  File "/home/airflow/.local/lib/python3.8/site-packages/airflow/operators/python.py", line 199, in execute
    return_value = self.execute_callable()
  File "/home/airflow/.local/lib/python3.8/site-packages/airflow/operators/python.py", line 216, in execute_callable
    return self.python_callable(*self.op_args, **self.op_kwargs)
TypeError: extract_data() missing 1 required positional argument: 'tmp_path'
[2025-12-17T03:59:13.977+0000] {taskinstance.py:1138} INFO - Marking task as FAILED. dag_id=etl_***, task_id=extract, execution_date=20251217T035911, start_date=20251217T035913, end_date=20251217T035913
[2025-12-17T03:59:14.000+0000] {standard_task_runner.py:107} ERROR - Failed to execute job 51 for task extract (extract_data() missing 1 required positional argument: 'tmp_path'; 373)
[2025-12-17T03:59:14.059+0000] {local_task_job_runner.py:234} INFO - Task exited with return code 1
[2025-12-17T03:59:14.116+0000] {taskinstance.py:3280} INFO - 0 downstream tasks scheduled from follow-on schedule check
