[2025-12-16T17:21:49.445+0000] {taskinstance.py:1956} INFO - Dependencies all met for dep_context=non-requeueable deps ti=<TaskInstance: etl_airflow.transform scheduled__2024-02-29T00:00:00+00:00 [queued]>
[2025-12-16T17:21:49.472+0000] {taskinstance.py:1956} INFO - Dependencies all met for dep_context=requeueable deps ti=<TaskInstance: etl_airflow.transform scheduled__2024-02-29T00:00:00+00:00 [queued]>
[2025-12-16T17:21:49.475+0000] {taskinstance.py:2170} INFO - Starting attempt 3 of 5
[2025-12-16T17:21:49.506+0000] {taskinstance.py:2191} INFO - Executing <Task(PythonOperator): transform> on 2024-02-29 00:00:00+00:00
[2025-12-16T17:21:49.523+0000] {standard_task_runner.py:60} INFO - Started process 6031 to run task
[2025-12-16T17:21:49.533+0000] {standard_task_runner.py:87} INFO - Running: ['***', 'tasks', 'run', 'etl_***', 'transform', 'scheduled__2024-02-29T00:00:00+00:00', '--job-id', '5989', '--raw', '--subdir', 'DAGS_FOLDER/etl_dag.py', '--cfg-path', '/tmp/tmpk20ke7d4']
[2025-12-16T17:21:49.543+0000] {standard_task_runner.py:88} INFO - Job 5989: Subtask transform
[2025-12-16T17:21:49.766+0000] {task_command.py:423} INFO - Running <TaskInstance: etl_airflow.transform scheduled__2024-02-29T00:00:00+00:00 [running]> on host 3b89cfee50e9
[2025-12-16T17:21:50.095+0000] {taskinstance.py:2480} INFO - Exporting env vars: AIRFLOW_CTX_DAG_OWNER='***' AIRFLOW_CTX_DAG_ID='etl_***' AIRFLOW_CTX_TASK_ID='transform' AIRFLOW_CTX_EXECUTION_DATE='2024-02-29T00:00:00+00:00' AIRFLOW_CTX_TRY_NUMBER='3' AIRFLOW_CTX_DAG_RUN_ID='scheduled__2024-02-29T00:00:00+00:00'
[2025-12-16T17:21:50.099+0000] {logging_mixin.py:188} INFO - [TRANSFORM]
[2025-12-16T17:21:50.584+0000] {logging_mixin.py:188} INFO - [TRANSFORM] done
[2025-12-16T17:21:50.585+0000] {python.py:201} INFO - Done. Returned value was: None
[2025-12-16T17:21:50.608+0000] {taskinstance.py:1138} INFO - Marking task as SUCCESS. dag_id=etl_***, task_id=transform, execution_date=20240229T000000, start_date=20251216T172149, end_date=20251216T172150
[2025-12-16T17:21:50.674+0000] {local_task_job_runner.py:234} INFO - Task exited with return code 0
[2025-12-16T17:21:50.744+0000] {taskinstance.py:3280} INFO - 1 downstream tasks scheduled from follow-on schedule check
[2025-12-17T04:44:31.988+0000] {taskinstance.py:1956} INFO - Dependencies all met for dep_context=non-requeueable deps ti=<TaskInstance: etl_airflow.transform scheduled__2024-02-29T00:00:00+00:00 [queued]>
[2025-12-17T04:44:32.005+0000] {taskinstance.py:1956} INFO - Dependencies all met for dep_context=requeueable deps ti=<TaskInstance: etl_airflow.transform scheduled__2024-02-29T00:00:00+00:00 [queued]>
[2025-12-17T04:44:32.006+0000] {taskinstance.py:2170} INFO - Starting attempt 3 of 3
[2025-12-17T04:44:32.028+0000] {taskinstance.py:2191} INFO - Executing <Task(PythonOperator): transform> on 2024-02-29 00:00:00+00:00
[2025-12-17T04:44:32.037+0000] {standard_task_runner.py:60} INFO - Started process 1051 to run task
[2025-12-17T04:44:32.044+0000] {standard_task_runner.py:87} INFO - Running: ['***', 'tasks', 'run', 'etl_***', 'transform', 'scheduled__2024-02-29T00:00:00+00:00', '--job-id', '253', '--raw', '--subdir', 'DAGS_FOLDER/etl_***.py', '--cfg-path', '/tmp/tmpohpfxal8']
[2025-12-17T04:44:32.049+0000] {standard_task_runner.py:88} INFO - Job 253: Subtask transform
[2025-12-17T04:44:32.178+0000] {task_command.py:423} INFO - Running <TaskInstance: etl_airflow.transform scheduled__2024-02-29T00:00:00+00:00 [running]> on host b3426f05ac70
[2025-12-17T04:44:32.683+0000] {taskinstance.py:2480} INFO - Exporting env vars: AIRFLOW_CTX_DAG_OWNER='***' AIRFLOW_CTX_DAG_ID='etl_***' AIRFLOW_CTX_TASK_ID='transform' AIRFLOW_CTX_EXECUTION_DATE='2024-02-29T00:00:00+00:00' AIRFLOW_CTX_TRY_NUMBER='3' AIRFLOW_CTX_DAG_RUN_ID='scheduled__2024-02-29T00:00:00+00:00'
[2025-12-17T04:44:32.686+0000] {taskinstance.py:2698} ERROR - Task failed with exception
Traceback (most recent call last):
  File "/home/airflow/.local/lib/python3.8/site-packages/airflow/models/taskinstance.py", line 433, in _execute_task
    result = execute_callable(context=context, **execute_callable_kwargs)
  File "/home/airflow/.local/lib/python3.8/site-packages/airflow/operators/python.py", line 199, in execute
    return_value = self.execute_callable()
  File "/home/airflow/.local/lib/python3.8/site-packages/airflow/operators/python.py", line 216, in execute_callable
    return self.python_callable(*self.op_args, **self.op_kwargs)
TypeError: transform_data() missing 1 required positional argument: 'df'
[2025-12-17T04:44:32.699+0000] {taskinstance.py:1138} INFO - Marking task as FAILED. dag_id=etl_***, task_id=transform, execution_date=20240229T000000, start_date=20251217T044431, end_date=20251217T044432
[2025-12-17T04:44:32.722+0000] {standard_task_runner.py:107} ERROR - Failed to execute job 253 for task transform (transform_data() missing 1 required positional argument: 'df'; 1051)
[2025-12-17T04:44:32.746+0000] {local_task_job_runner.py:234} INFO - Task exited with return code 1
[2025-12-17T04:44:32.797+0000] {taskinstance.py:3280} INFO - 0 downstream tasks scheduled from follow-on schedule check
[2025-12-17T07:37:50.827+0000] {taskinstance.py:1956} INFO - Dependencies all met for dep_context=non-requeueable deps ti=<TaskInstance: etl_airflow.transform scheduled__2024-02-29T00:00:00+00:00 [queued]>
[2025-12-17T07:37:50.847+0000] {taskinstance.py:1956} INFO - Dependencies all met for dep_context=requeueable deps ti=<TaskInstance: etl_airflow.transform scheduled__2024-02-29T00:00:00+00:00 [queued]>
[2025-12-17T07:37:50.848+0000] {taskinstance.py:2170} INFO - Starting attempt 3 of 3
[2025-12-17T07:37:50.884+0000] {taskinstance.py:2191} INFO - Executing <Task(PythonOperator): transform> on 2024-02-29 00:00:00+00:00
[2025-12-17T07:37:50.896+0000] {standard_task_runner.py:60} INFO - Started process 1117 to run task
[2025-12-17T07:37:50.905+0000] {standard_task_runner.py:87} INFO - Running: ['***', 'tasks', 'run', 'etl_***', 'transform', 'scheduled__2024-02-29T00:00:00+00:00', '--job-id', '253', '--raw', '--subdir', 'DAGS_FOLDER/etl_***.py', '--cfg-path', '/tmp/tmptpxhhtga']
[2025-12-17T07:37:50.913+0000] {standard_task_runner.py:88} INFO - Job 253: Subtask transform
[2025-12-17T07:37:51.059+0000] {task_command.py:423} INFO - Running <TaskInstance: etl_airflow.transform scheduled__2024-02-29T00:00:00+00:00 [running]> on host 2a0de06c8905
[2025-12-17T07:37:51.512+0000] {taskinstance.py:2480} INFO - Exporting env vars: AIRFLOW_CTX_DAG_OWNER='***' AIRFLOW_CTX_DAG_ID='etl_***' AIRFLOW_CTX_TASK_ID='transform' AIRFLOW_CTX_EXECUTION_DATE='2024-02-29T00:00:00+00:00' AIRFLOW_CTX_TRY_NUMBER='3' AIRFLOW_CTX_DAG_RUN_ID='scheduled__2024-02-29T00:00:00+00:00'
[2025-12-17T07:37:51.515+0000] {taskinstance.py:2698} ERROR - Task failed with exception
Traceback (most recent call last):
  File "/home/airflow/.local/lib/python3.8/site-packages/airflow/models/taskinstance.py", line 433, in _execute_task
    result = execute_callable(context=context, **execute_callable_kwargs)
  File "/home/airflow/.local/lib/python3.8/site-packages/airflow/operators/python.py", line 199, in execute
    return_value = self.execute_callable()
  File "/home/airflow/.local/lib/python3.8/site-packages/airflow/operators/python.py", line 216, in execute_callable
    return self.python_callable(*self.op_args, **self.op_kwargs)
TypeError: transform_data() missing 1 required positional argument: 'df'
[2025-12-17T07:37:51.528+0000] {taskinstance.py:1138} INFO - Marking task as FAILED. dag_id=etl_***, task_id=transform, execution_date=20240229T000000, start_date=20251217T073750, end_date=20251217T073751
[2025-12-17T07:37:51.548+0000] {standard_task_runner.py:107} ERROR - Failed to execute job 253 for task transform (transform_data() missing 1 required positional argument: 'df'; 1117)
[2025-12-17T07:37:51.601+0000] {local_task_job_runner.py:234} INFO - Task exited with return code 1
[2025-12-17T07:37:51.729+0000] {taskinstance.py:3280} INFO - 0 downstream tasks scheduled from follow-on schedule check
