[2025-12-17T04:47:30.649+0000] {taskinstance.py:1956} INFO - Dependencies all met for dep_context=non-requeueable deps ti=<TaskInstance: etl_airflow.transform scheduled__2024-05-20T00:00:00+00:00 [queued]>
[2025-12-17T04:47:30.664+0000] {taskinstance.py:1956} INFO - Dependencies all met for dep_context=requeueable deps ti=<TaskInstance: etl_airflow.transform scheduled__2024-05-20T00:00:00+00:00 [queued]>
[2025-12-17T04:47:30.665+0000] {taskinstance.py:2170} INFO - Starting attempt 3 of 3
[2025-12-17T04:47:30.687+0000] {taskinstance.py:2191} INFO - Executing <Task(PythonOperator): transform> on 2024-05-20 00:00:00+00:00
[2025-12-17T04:47:30.698+0000] {standard_task_runner.py:60} INFO - Started process 2117 to run task
[2025-12-17T04:47:30.704+0000] {standard_task_runner.py:87} INFO - Running: ['***', 'tasks', 'run', 'etl_***', 'transform', 'scheduled__2024-05-20T00:00:00+00:00', '--job-id', '575', '--raw', '--subdir', 'DAGS_FOLDER/etl_***.py', '--cfg-path', '/tmp/tmpcmpvvvc9']
[2025-12-17T04:47:30.711+0000] {standard_task_runner.py:88} INFO - Job 575: Subtask transform
[2025-12-17T04:47:30.873+0000] {task_command.py:423} INFO - Running <TaskInstance: etl_airflow.transform scheduled__2024-05-20T00:00:00+00:00 [running]> on host b3426f05ac70
[2025-12-17T04:47:31.279+0000] {taskinstance.py:2480} INFO - Exporting env vars: AIRFLOW_CTX_DAG_OWNER='***' AIRFLOW_CTX_DAG_ID='etl_***' AIRFLOW_CTX_TASK_ID='transform' AIRFLOW_CTX_EXECUTION_DATE='2024-05-20T00:00:00+00:00' AIRFLOW_CTX_TRY_NUMBER='3' AIRFLOW_CTX_DAG_RUN_ID='scheduled__2024-05-20T00:00:00+00:00'
[2025-12-17T04:47:31.284+0000] {taskinstance.py:2698} ERROR - Task failed with exception
Traceback (most recent call last):
  File "/home/airflow/.local/lib/python3.8/site-packages/airflow/models/taskinstance.py", line 433, in _execute_task
    result = execute_callable(context=context, **execute_callable_kwargs)
  File "/home/airflow/.local/lib/python3.8/site-packages/airflow/operators/python.py", line 199, in execute
    return_value = self.execute_callable()
  File "/home/airflow/.local/lib/python3.8/site-packages/airflow/operators/python.py", line 216, in execute_callable
    return self.python_callable(*self.op_args, **self.op_kwargs)
TypeError: transform_data() missing 1 required positional argument: 'df'
[2025-12-17T04:47:31.301+0000] {taskinstance.py:1138} INFO - Marking task as FAILED. dag_id=etl_***, task_id=transform, execution_date=20240520T000000, start_date=20251217T044730, end_date=20251217T044731
[2025-12-17T04:47:31.329+0000] {standard_task_runner.py:107} ERROR - Failed to execute job 575 for task transform (transform_data() missing 1 required positional argument: 'df'; 2117)
[2025-12-17T04:47:31.368+0000] {local_task_job_runner.py:234} INFO - Task exited with return code 1
[2025-12-17T04:47:31.434+0000] {taskinstance.py:3280} INFO - 0 downstream tasks scheduled from follow-on schedule check
[2025-12-17T07:41:01.193+0000] {taskinstance.py:1956} INFO - Dependencies all met for dep_context=non-requeueable deps ti=<TaskInstance: etl_airflow.transform scheduled__2024-05-20T00:00:00+00:00 [queued]>
[2025-12-17T07:41:01.209+0000] {taskinstance.py:1956} INFO - Dependencies all met for dep_context=requeueable deps ti=<TaskInstance: etl_airflow.transform scheduled__2024-05-20T00:00:00+00:00 [queued]>
[2025-12-17T07:41:01.211+0000] {taskinstance.py:2170} INFO - Starting attempt 3 of 3
[2025-12-17T07:41:01.232+0000] {taskinstance.py:2191} INFO - Executing <Task(PythonOperator): transform> on 2024-05-20 00:00:00+00:00
[2025-12-17T07:41:01.242+0000] {standard_task_runner.py:60} INFO - Started process 2181 to run task
[2025-12-17T07:41:01.247+0000] {standard_task_runner.py:87} INFO - Running: ['***', 'tasks', 'run', 'etl_***', 'transform', 'scheduled__2024-05-20T00:00:00+00:00', '--job-id', '573', '--raw', '--subdir', 'DAGS_FOLDER/etl_***.py', '--cfg-path', '/tmp/tmppvziln91']
[2025-12-17T07:41:01.252+0000] {standard_task_runner.py:88} INFO - Job 573: Subtask transform
[2025-12-17T07:41:01.375+0000] {task_command.py:423} INFO - Running <TaskInstance: etl_airflow.transform scheduled__2024-05-20T00:00:00+00:00 [running]> on host 2a0de06c8905
[2025-12-17T07:41:01.772+0000] {taskinstance.py:2480} INFO - Exporting env vars: AIRFLOW_CTX_DAG_OWNER='***' AIRFLOW_CTX_DAG_ID='etl_***' AIRFLOW_CTX_TASK_ID='transform' AIRFLOW_CTX_EXECUTION_DATE='2024-05-20T00:00:00+00:00' AIRFLOW_CTX_TRY_NUMBER='3' AIRFLOW_CTX_DAG_RUN_ID='scheduled__2024-05-20T00:00:00+00:00'
[2025-12-17T07:41:01.775+0000] {taskinstance.py:2698} ERROR - Task failed with exception
Traceback (most recent call last):
  File "/home/airflow/.local/lib/python3.8/site-packages/airflow/models/taskinstance.py", line 433, in _execute_task
    result = execute_callable(context=context, **execute_callable_kwargs)
  File "/home/airflow/.local/lib/python3.8/site-packages/airflow/operators/python.py", line 199, in execute
    return_value = self.execute_callable()
  File "/home/airflow/.local/lib/python3.8/site-packages/airflow/operators/python.py", line 216, in execute_callable
    return self.python_callable(*self.op_args, **self.op_kwargs)
TypeError: transform_data() missing 1 required positional argument: 'df'
[2025-12-17T07:41:01.791+0000] {taskinstance.py:1138} INFO - Marking task as FAILED. dag_id=etl_***, task_id=transform, execution_date=20240520T000000, start_date=20251217T074101, end_date=20251217T074101
[2025-12-17T07:41:01.812+0000] {standard_task_runner.py:107} ERROR - Failed to execute job 573 for task transform (transform_data() missing 1 required positional argument: 'df'; 2181)
[2025-12-17T07:41:01.864+0000] {local_task_job_runner.py:234} INFO - Task exited with return code 1
[2025-12-17T07:41:01.997+0000] {taskinstance.py:3280} INFO - 0 downstream tasks scheduled from follow-on schedule check
