[2025-12-17T04:54:28.314+0000] {taskinstance.py:1956} INFO - Dependencies all met for dep_context=non-requeueable deps ti=<TaskInstance: etl_airflow.transform scheduled__2024-11-29T00:00:00+00:00 [queued]>
[2025-12-17T04:54:28.330+0000] {taskinstance.py:1956} INFO - Dependencies all met for dep_context=requeueable deps ti=<TaskInstance: etl_airflow.transform scheduled__2024-11-29T00:00:00+00:00 [queued]>
[2025-12-17T04:54:28.331+0000] {taskinstance.py:2170} INFO - Starting attempt 3 of 3
[2025-12-17T04:54:28.352+0000] {taskinstance.py:2191} INFO - Executing <Task(PythonOperator): transform> on 2024-11-29 00:00:00+00:00
[2025-12-17T04:54:28.361+0000] {standard_task_runner.py:60} INFO - Started process 4638 to run task
[2025-12-17T04:54:28.367+0000] {standard_task_runner.py:87} INFO - Running: ['***', 'tasks', 'run', 'etl_***', 'transform', 'scheduled__2024-11-29T00:00:00+00:00', '--job-id', '1336', '--raw', '--subdir', 'DAGS_FOLDER/etl_***.py', '--cfg-path', '/tmp/tmpdiznwvyl']
[2025-12-17T04:54:28.370+0000] {standard_task_runner.py:88} INFO - Job 1336: Subtask transform
[2025-12-17T04:54:28.505+0000] {task_command.py:423} INFO - Running <TaskInstance: etl_airflow.transform scheduled__2024-11-29T00:00:00+00:00 [running]> on host b3426f05ac70
[2025-12-17T04:54:29.018+0000] {taskinstance.py:2480} INFO - Exporting env vars: AIRFLOW_CTX_DAG_OWNER='***' AIRFLOW_CTX_DAG_ID='etl_***' AIRFLOW_CTX_TASK_ID='transform' AIRFLOW_CTX_EXECUTION_DATE='2024-11-29T00:00:00+00:00' AIRFLOW_CTX_TRY_NUMBER='3' AIRFLOW_CTX_DAG_RUN_ID='scheduled__2024-11-29T00:00:00+00:00'
[2025-12-17T04:54:29.022+0000] {taskinstance.py:2698} ERROR - Task failed with exception
Traceback (most recent call last):
  File "/home/airflow/.local/lib/python3.8/site-packages/airflow/models/taskinstance.py", line 433, in _execute_task
    result = execute_callable(context=context, **execute_callable_kwargs)
  File "/home/airflow/.local/lib/python3.8/site-packages/airflow/operators/python.py", line 199, in execute
    return_value = self.execute_callable()
  File "/home/airflow/.local/lib/python3.8/site-packages/airflow/operators/python.py", line 216, in execute_callable
    return self.python_callable(*self.op_args, **self.op_kwargs)
TypeError: transform_data() missing 1 required positional argument: 'df'
[2025-12-17T04:54:29.041+0000] {taskinstance.py:1138} INFO - Marking task as FAILED. dag_id=etl_***, task_id=transform, execution_date=20241129T000000, start_date=20251217T045428, end_date=20251217T045429
[2025-12-17T04:54:29.067+0000] {standard_task_runner.py:107} ERROR - Failed to execute job 1336 for task transform (transform_data() missing 1 required positional argument: 'df'; 4638)
[2025-12-17T04:54:29.105+0000] {local_task_job_runner.py:234} INFO - Task exited with return code 1
[2025-12-17T04:54:29.309+0000] {taskinstance.py:3280} INFO - 0 downstream tasks scheduled from follow-on schedule check
[2025-12-17T08:00:17.795+0000] {taskinstance.py:1956} INFO - Dependencies all met for dep_context=non-requeueable deps ti=<TaskInstance: etl_airflow.transform scheduled__2024-11-29T00:00:00+00:00 [queued]>
[2025-12-17T08:00:17.815+0000] {taskinstance.py:1956} INFO - Dependencies all met for dep_context=requeueable deps ti=<TaskInstance: etl_airflow.transform scheduled__2024-11-29T00:00:00+00:00 [queued]>
[2025-12-17T08:00:17.816+0000] {taskinstance.py:2170} INFO - Starting attempt 3 of 3
[2025-12-17T08:00:17.841+0000] {taskinstance.py:2191} INFO - Executing <Task(PythonOperator): transform> on 2024-11-29 00:00:00+00:00
[2025-12-17T08:00:17.853+0000] {standard_task_runner.py:60} INFO - Started process 4909 to run task
[2025-12-17T08:00:17.858+0000] {standard_task_runner.py:87} INFO - Running: ['***', 'tasks', 'run', 'etl_***', 'transform', 'scheduled__2024-11-29T00:00:00+00:00', '--job-id', '1394', '--raw', '--subdir', 'DAGS_FOLDER/etl_***.py', '--cfg-path', '/tmp/tmpfziqwbmn']
[2025-12-17T08:00:17.863+0000] {standard_task_runner.py:88} INFO - Job 1394: Subtask transform
[2025-12-17T08:00:17.992+0000] {task_command.py:423} INFO - Running <TaskInstance: etl_airflow.transform scheduled__2024-11-29T00:00:00+00:00 [running]> on host 2a0de06c8905
[2025-12-17T08:00:18.444+0000] {taskinstance.py:2480} INFO - Exporting env vars: AIRFLOW_CTX_DAG_OWNER='***' AIRFLOW_CTX_DAG_ID='etl_***' AIRFLOW_CTX_TASK_ID='transform' AIRFLOW_CTX_EXECUTION_DATE='2024-11-29T00:00:00+00:00' AIRFLOW_CTX_TRY_NUMBER='3' AIRFLOW_CTX_DAG_RUN_ID='scheduled__2024-11-29T00:00:00+00:00'
[2025-12-17T08:00:18.448+0000] {taskinstance.py:2698} ERROR - Task failed with exception
Traceback (most recent call last):
  File "/home/airflow/.local/lib/python3.8/site-packages/airflow/models/taskinstance.py", line 433, in _execute_task
    result = execute_callable(context=context, **execute_callable_kwargs)
  File "/home/airflow/.local/lib/python3.8/site-packages/airflow/operators/python.py", line 199, in execute
    return_value = self.execute_callable()
  File "/home/airflow/.local/lib/python3.8/site-packages/airflow/operators/python.py", line 216, in execute_callable
    return self.python_callable(*self.op_args, **self.op_kwargs)
TypeError: transform_data() missing 1 required positional argument: 'df'
[2025-12-17T08:00:18.472+0000] {taskinstance.py:1138} INFO - Marking task as FAILED. dag_id=etl_***, task_id=transform, execution_date=20241129T000000, start_date=20251217T080017, end_date=20251217T080018
[2025-12-17T08:00:18.532+0000] {standard_task_runner.py:107} ERROR - Failed to execute job 1394 for task transform (transform_data() missing 1 required positional argument: 'df'; 4909)
[2025-12-17T08:00:18.558+0000] {local_task_job_runner.py:234} INFO - Task exited with return code 1
[2025-12-17T08:00:18.599+0000] {taskinstance.py:3280} INFO - 0 downstream tasks scheduled from follow-on schedule check
