[2025-12-16T17:19:13.307+0000] {taskinstance.py:1956} INFO - Dependencies all met for dep_context=non-requeueable deps ti=<TaskInstance: etl_airflow.transform scheduled__2024-03-14T00:00:00+00:00 [queued]>
[2025-12-16T17:19:13.338+0000] {taskinstance.py:1956} INFO - Dependencies all met for dep_context=requeueable deps ti=<TaskInstance: etl_airflow.transform scheduled__2024-03-14T00:00:00+00:00 [queued]>
[2025-12-16T17:19:13.343+0000] {taskinstance.py:2170} INFO - Starting attempt 2 of 4
[2025-12-16T17:19:13.374+0000] {taskinstance.py:2191} INFO - Executing <Task(PythonOperator): transform> on 2024-03-14 00:00:00+00:00
[2025-12-16T17:19:13.386+0000] {standard_task_runner.py:60} INFO - Started process 4148 to run task
[2025-12-16T17:19:13.395+0000] {standard_task_runner.py:87} INFO - Running: ['***', 'tasks', 'run', 'etl_***', 'transform', 'scheduled__2024-03-14T00:00:00+00:00', '--job-id', '5390', '--raw', '--subdir', 'DAGS_FOLDER/etl_dag.py', '--cfg-path', '/tmp/tmpcwa539ax']
[2025-12-16T17:19:13.399+0000] {standard_task_runner.py:88} INFO - Job 5390: Subtask transform
[2025-12-16T17:19:13.648+0000] {task_command.py:423} INFO - Running <TaskInstance: etl_airflow.transform scheduled__2024-03-14T00:00:00+00:00 [running]> on host 3b89cfee50e9
[2025-12-16T17:19:13.909+0000] {taskinstance.py:2480} INFO - Exporting env vars: AIRFLOW_CTX_DAG_OWNER='***' AIRFLOW_CTX_DAG_ID='etl_***' AIRFLOW_CTX_TASK_ID='transform' AIRFLOW_CTX_EXECUTION_DATE='2024-03-14T00:00:00+00:00' AIRFLOW_CTX_TRY_NUMBER='2' AIRFLOW_CTX_DAG_RUN_ID='scheduled__2024-03-14T00:00:00+00:00'
[2025-12-16T17:19:13.911+0000] {logging_mixin.py:188} INFO - [TRANSFORM]
[2025-12-16T17:19:14.399+0000] {logging_mixin.py:188} INFO - [TRANSFORM] done
[2025-12-16T17:19:14.402+0000] {python.py:201} INFO - Done. Returned value was: None
[2025-12-16T17:19:14.421+0000] {taskinstance.py:1138} INFO - Marking task as SUCCESS. dag_id=etl_***, task_id=transform, execution_date=20240314T000000, start_date=20251216T171913, end_date=20251216T171914
[2025-12-16T17:19:14.491+0000] {local_task_job_runner.py:234} INFO - Task exited with return code 0
[2025-12-16T17:19:14.531+0000] {taskinstance.py:3280} INFO - 1 downstream tasks scheduled from follow-on schedule check
[2025-12-17T04:19:25.359+0000] {taskinstance.py:1956} INFO - Dependencies all met for dep_context=non-requeueable deps ti=<TaskInstance: etl_airflow.transform scheduled__2024-03-14T00:00:00+00:00 [queued]>
[2025-12-17T04:19:25.378+0000] {taskinstance.py:1956} INFO - Dependencies all met for dep_context=requeueable deps ti=<TaskInstance: etl_airflow.transform scheduled__2024-03-14T00:00:00+00:00 [queued]>
[2025-12-17T04:19:25.380+0000] {taskinstance.py:2170} INFO - Starting attempt 2 of 3
[2025-12-17T04:19:25.444+0000] {taskinstance.py:2191} INFO - Executing <Task(PythonOperator): transform> on 2024-03-14 00:00:00+00:00
[2025-12-17T04:19:25.453+0000] {standard_task_runner.py:60} INFO - Started process 615 to run task
[2025-12-17T04:19:25.461+0000] {standard_task_runner.py:87} INFO - Running: ['***', 'tasks', 'run', 'etl_***', 'transform', 'scheduled__2024-03-14T00:00:00+00:00', '--job-id', '120', '--raw', '--subdir', 'DAGS_FOLDER/etl_***.py', '--cfg-path', '/tmp/tmpdg61eeri']
[2025-12-17T04:19:25.465+0000] {standard_task_runner.py:88} INFO - Job 120: Subtask transform
[2025-12-17T04:19:25.610+0000] {task_command.py:423} INFO - Running <TaskInstance: etl_airflow.transform scheduled__2024-03-14T00:00:00+00:00 [running]> on host c5811fe183ca
[2025-12-17T04:19:26.159+0000] {taskinstance.py:2480} INFO - Exporting env vars: AIRFLOW_CTX_DAG_OWNER='***' AIRFLOW_CTX_DAG_ID='etl_***' AIRFLOW_CTX_TASK_ID='transform' AIRFLOW_CTX_EXECUTION_DATE='2024-03-14T00:00:00+00:00' AIRFLOW_CTX_TRY_NUMBER='2' AIRFLOW_CTX_DAG_RUN_ID='scheduled__2024-03-14T00:00:00+00:00'
[2025-12-17T04:19:26.162+0000] {taskinstance.py:2698} ERROR - Task failed with exception
Traceback (most recent call last):
  File "/home/airflow/.local/lib/python3.8/site-packages/airflow/models/taskinstance.py", line 433, in _execute_task
    result = execute_callable(context=context, **execute_callable_kwargs)
  File "/home/airflow/.local/lib/python3.8/site-packages/airflow/operators/python.py", line 199, in execute
    return_value = self.execute_callable()
  File "/home/airflow/.local/lib/python3.8/site-packages/airflow/operators/python.py", line 216, in execute_callable
    return self.python_callable(*self.op_args, **self.op_kwargs)
TypeError: transform_data() missing 1 required positional argument: 'df'
[2025-12-17T04:19:26.179+0000] {taskinstance.py:1138} INFO - Marking task as UP_FOR_RETRY. dag_id=etl_***, task_id=transform, execution_date=20240314T000000, start_date=20251217T041925, end_date=20251217T041926
[2025-12-17T04:19:26.202+0000] {standard_task_runner.py:107} ERROR - Failed to execute job 120 for task transform (transform_data() missing 1 required positional argument: 'df'; 615)
[2025-12-17T04:19:26.241+0000] {local_task_job_runner.py:234} INFO - Task exited with return code 1
[2025-12-17T04:19:26.315+0000] {taskinstance.py:3280} INFO - 0 downstream tasks scheduled from follow-on schedule check
[2025-12-17T04:44:54.587+0000] {taskinstance.py:1956} INFO - Dependencies all met for dep_context=non-requeueable deps ti=<TaskInstance: etl_airflow.transform scheduled__2024-03-14T00:00:00+00:00 [queued]>
[2025-12-17T04:44:54.605+0000] {taskinstance.py:1956} INFO - Dependencies all met for dep_context=requeueable deps ti=<TaskInstance: etl_airflow.transform scheduled__2024-03-14T00:00:00+00:00 [queued]>
[2025-12-17T04:44:54.606+0000] {taskinstance.py:2170} INFO - Starting attempt 2 of 3
[2025-12-17T04:44:54.673+0000] {taskinstance.py:2191} INFO - Executing <Task(PythonOperator): transform> on 2024-03-14 00:00:00+00:00
[2025-12-17T04:44:54.684+0000] {standard_task_runner.py:60} INFO - Started process 1207 to run task
[2025-12-17T04:44:54.695+0000] {standard_task_runner.py:87} INFO - Running: ['***', 'tasks', 'run', 'etl_***', 'transform', 'scheduled__2024-03-14T00:00:00+00:00', '--job-id', '298', '--raw', '--subdir', 'DAGS_FOLDER/etl_***.py', '--cfg-path', '/tmp/tmp3qcv3jb0']
[2025-12-17T04:44:54.700+0000] {standard_task_runner.py:88} INFO - Job 298: Subtask transform
[2025-12-17T04:44:54.855+0000] {task_command.py:423} INFO - Running <TaskInstance: etl_airflow.transform scheduled__2024-03-14T00:00:00+00:00 [running]> on host b3426f05ac70
[2025-12-17T04:44:55.229+0000] {taskinstance.py:2480} INFO - Exporting env vars: AIRFLOW_CTX_DAG_OWNER='***' AIRFLOW_CTX_DAG_ID='etl_***' AIRFLOW_CTX_TASK_ID='transform' AIRFLOW_CTX_EXECUTION_DATE='2024-03-14T00:00:00+00:00' AIRFLOW_CTX_TRY_NUMBER='2' AIRFLOW_CTX_DAG_RUN_ID='scheduled__2024-03-14T00:00:00+00:00'
[2025-12-17T04:44:55.232+0000] {taskinstance.py:2698} ERROR - Task failed with exception
Traceback (most recent call last):
  File "/home/airflow/.local/lib/python3.8/site-packages/airflow/models/taskinstance.py", line 433, in _execute_task
    result = execute_callable(context=context, **execute_callable_kwargs)
  File "/home/airflow/.local/lib/python3.8/site-packages/airflow/operators/python.py", line 199, in execute
    return_value = self.execute_callable()
  File "/home/airflow/.local/lib/python3.8/site-packages/airflow/operators/python.py", line 216, in execute_callable
    return self.python_callable(*self.op_args, **self.op_kwargs)
TypeError: transform_data() missing 1 required positional argument: 'df'
[2025-12-17T04:44:55.244+0000] {taskinstance.py:1138} INFO - Marking task as UP_FOR_RETRY. dag_id=etl_***, task_id=transform, execution_date=20240314T000000, start_date=20251217T044454, end_date=20251217T044455
[2025-12-17T04:44:55.276+0000] {standard_task_runner.py:107} ERROR - Failed to execute job 298 for task transform (transform_data() missing 1 required positional argument: 'df'; 1207)
[2025-12-17T04:44:55.308+0000] {local_task_job_runner.py:234} INFO - Task exited with return code 1
[2025-12-17T04:44:55.357+0000] {taskinstance.py:3280} INFO - 0 downstream tasks scheduled from follow-on schedule check
[2025-12-17T07:38:15.472+0000] {taskinstance.py:1956} INFO - Dependencies all met for dep_context=non-requeueable deps ti=<TaskInstance: etl_airflow.transform scheduled__2024-03-14T00:00:00+00:00 [queued]>
[2025-12-17T07:38:15.504+0000] {taskinstance.py:1956} INFO - Dependencies all met for dep_context=requeueable deps ti=<TaskInstance: etl_airflow.transform scheduled__2024-03-14T00:00:00+00:00 [queued]>
[2025-12-17T07:38:15.505+0000] {taskinstance.py:2170} INFO - Starting attempt 2 of 3
[2025-12-17T07:38:15.549+0000] {taskinstance.py:2191} INFO - Executing <Task(PythonOperator): transform> on 2024-03-14 00:00:00+00:00
[2025-12-17T07:38:15.563+0000] {standard_task_runner.py:60} INFO - Started process 1267 to run task
[2025-12-17T07:38:15.573+0000] {standard_task_runner.py:87} INFO - Running: ['***', 'tasks', 'run', 'etl_***', 'transform', 'scheduled__2024-03-14T00:00:00+00:00', '--job-id', '300', '--raw', '--subdir', 'DAGS_FOLDER/etl_***.py', '--cfg-path', '/tmp/tmpw26ej68b']
[2025-12-17T07:38:15.584+0000] {standard_task_runner.py:88} INFO - Job 300: Subtask transform
[2025-12-17T07:38:15.802+0000] {task_command.py:423} INFO - Running <TaskInstance: etl_airflow.transform scheduled__2024-03-14T00:00:00+00:00 [running]> on host 2a0de06c8905
[2025-12-17T07:38:16.389+0000] {taskinstance.py:2480} INFO - Exporting env vars: AIRFLOW_CTX_DAG_OWNER='***' AIRFLOW_CTX_DAG_ID='etl_***' AIRFLOW_CTX_TASK_ID='transform' AIRFLOW_CTX_EXECUTION_DATE='2024-03-14T00:00:00+00:00' AIRFLOW_CTX_TRY_NUMBER='2' AIRFLOW_CTX_DAG_RUN_ID='scheduled__2024-03-14T00:00:00+00:00'
[2025-12-17T07:38:16.391+0000] {taskinstance.py:2698} ERROR - Task failed with exception
Traceback (most recent call last):
  File "/home/airflow/.local/lib/python3.8/site-packages/airflow/models/taskinstance.py", line 433, in _execute_task
    result = execute_callable(context=context, **execute_callable_kwargs)
  File "/home/airflow/.local/lib/python3.8/site-packages/airflow/operators/python.py", line 199, in execute
    return_value = self.execute_callable()
  File "/home/airflow/.local/lib/python3.8/site-packages/airflow/operators/python.py", line 216, in execute_callable
    return self.python_callable(*self.op_args, **self.op_kwargs)
TypeError: transform_data() missing 1 required positional argument: 'df'
[2025-12-17T07:38:16.408+0000] {taskinstance.py:1138} INFO - Marking task as UP_FOR_RETRY. dag_id=etl_***, task_id=transform, execution_date=20240314T000000, start_date=20251217T073815, end_date=20251217T073816
[2025-12-17T07:38:16.428+0000] {standard_task_runner.py:107} ERROR - Failed to execute job 300 for task transform (transform_data() missing 1 required positional argument: 'df'; 1267)
[2025-12-17T07:38:16.477+0000] {local_task_job_runner.py:234} INFO - Task exited with return code 1
[2025-12-17T07:38:16.571+0000] {taskinstance.py:3280} INFO - 0 downstream tasks scheduled from follow-on schedule check
