[2025-12-17T04:52:57.379+0000] {taskinstance.py:1956} INFO - Dependencies all met for dep_context=non-requeueable deps ti=<TaskInstance: etl_airflow.transform scheduled__2024-10-16T00:00:00+00:00 [queued]>
[2025-12-17T04:52:57.411+0000] {taskinstance.py:1956} INFO - Dependencies all met for dep_context=requeueable deps ti=<TaskInstance: etl_airflow.transform scheduled__2024-10-16T00:00:00+00:00 [queued]>
[2025-12-17T04:52:57.413+0000] {taskinstance.py:2170} INFO - Starting attempt 2 of 3
[2025-12-17T04:52:57.448+0000] {taskinstance.py:2191} INFO - Executing <Task(PythonOperator): transform> on 2024-10-16 00:00:00+00:00
[2025-12-17T04:52:57.458+0000] {standard_task_runner.py:60} INFO - Started process 4122 to run task
[2025-12-17T04:52:57.463+0000] {standard_task_runner.py:87} INFO - Running: ['***', 'tasks', 'run', 'etl_***', 'transform', 'scheduled__2024-10-16T00:00:00+00:00', '--job-id', '1186', '--raw', '--subdir', 'DAGS_FOLDER/etl_***.py', '--cfg-path', '/tmp/tmpp2hi1epe']
[2025-12-17T04:52:57.468+0000] {standard_task_runner.py:88} INFO - Job 1186: Subtask transform
[2025-12-17T04:52:57.620+0000] {task_command.py:423} INFO - Running <TaskInstance: etl_airflow.transform scheduled__2024-10-16T00:00:00+00:00 [running]> on host b3426f05ac70
[2025-12-17T04:52:58.044+0000] {taskinstance.py:2480} INFO - Exporting env vars: AIRFLOW_CTX_DAG_OWNER='***' AIRFLOW_CTX_DAG_ID='etl_***' AIRFLOW_CTX_TASK_ID='transform' AIRFLOW_CTX_EXECUTION_DATE='2024-10-16T00:00:00+00:00' AIRFLOW_CTX_TRY_NUMBER='2' AIRFLOW_CTX_DAG_RUN_ID='scheduled__2024-10-16T00:00:00+00:00'
[2025-12-17T04:52:58.046+0000] {taskinstance.py:2698} ERROR - Task failed with exception
Traceback (most recent call last):
  File "/home/airflow/.local/lib/python3.8/site-packages/airflow/models/taskinstance.py", line 433, in _execute_task
    result = execute_callable(context=context, **execute_callable_kwargs)
  File "/home/airflow/.local/lib/python3.8/site-packages/airflow/operators/python.py", line 199, in execute
    return_value = self.execute_callable()
  File "/home/airflow/.local/lib/python3.8/site-packages/airflow/operators/python.py", line 216, in execute_callable
    return self.python_callable(*self.op_args, **self.op_kwargs)
TypeError: transform_data() missing 1 required positional argument: 'df'
[2025-12-17T04:52:58.058+0000] {taskinstance.py:1138} INFO - Marking task as UP_FOR_RETRY. dag_id=etl_***, task_id=transform, execution_date=20241016T000000, start_date=20251217T045257, end_date=20251217T045258
[2025-12-17T04:52:58.079+0000] {standard_task_runner.py:107} ERROR - Failed to execute job 1186 for task transform (transform_data() missing 1 required positional argument: 'df'; 4122)
[2025-12-17T04:52:58.120+0000] {local_task_job_runner.py:234} INFO - Task exited with return code 1
[2025-12-17T04:52:58.182+0000] {taskinstance.py:3280} INFO - 0 downstream tasks scheduled from follow-on schedule check
[2025-12-17T07:58:08.775+0000] {taskinstance.py:1956} INFO - Dependencies all met for dep_context=non-requeueable deps ti=<TaskInstance: etl_airflow.transform scheduled__2024-10-16T00:00:00+00:00 [queued]>
[2025-12-17T07:58:08.806+0000] {taskinstance.py:1956} INFO - Dependencies all met for dep_context=requeueable deps ti=<TaskInstance: etl_airflow.transform scheduled__2024-10-16T00:00:00+00:00 [queued]>
[2025-12-17T07:58:08.808+0000] {taskinstance.py:2170} INFO - Starting attempt 2 of 3
[2025-12-17T07:58:08.846+0000] {taskinstance.py:2191} INFO - Executing <Task(PythonOperator): transform> on 2024-10-16 00:00:00+00:00
[2025-12-17T07:58:08.861+0000] {standard_task_runner.py:60} INFO - Started process 4224 to run task
[2025-12-17T07:58:08.870+0000] {standard_task_runner.py:87} INFO - Running: ['***', 'tasks', 'run', 'etl_***', 'transform', 'scheduled__2024-10-16T00:00:00+00:00', '--job-id', '1188', '--raw', '--subdir', 'DAGS_FOLDER/etl_***.py', '--cfg-path', '/tmp/tmprbqjcypi']
[2025-12-17T07:58:08.878+0000] {standard_task_runner.py:88} INFO - Job 1188: Subtask transform
[2025-12-17T07:58:09.111+0000] {task_command.py:423} INFO - Running <TaskInstance: etl_airflow.transform scheduled__2024-10-16T00:00:00+00:00 [running]> on host 2a0de06c8905
[2025-12-17T07:58:09.632+0000] {taskinstance.py:2480} INFO - Exporting env vars: AIRFLOW_CTX_DAG_OWNER='***' AIRFLOW_CTX_DAG_ID='etl_***' AIRFLOW_CTX_TASK_ID='transform' AIRFLOW_CTX_EXECUTION_DATE='2024-10-16T00:00:00+00:00' AIRFLOW_CTX_TRY_NUMBER='2' AIRFLOW_CTX_DAG_RUN_ID='scheduled__2024-10-16T00:00:00+00:00'
[2025-12-17T07:58:09.636+0000] {taskinstance.py:2698} ERROR - Task failed with exception
Traceback (most recent call last):
  File "/home/airflow/.local/lib/python3.8/site-packages/airflow/models/taskinstance.py", line 433, in _execute_task
    result = execute_callable(context=context, **execute_callable_kwargs)
  File "/home/airflow/.local/lib/python3.8/site-packages/airflow/operators/python.py", line 199, in execute
    return_value = self.execute_callable()
  File "/home/airflow/.local/lib/python3.8/site-packages/airflow/operators/python.py", line 216, in execute_callable
    return self.python_callable(*self.op_args, **self.op_kwargs)
TypeError: transform_data() missing 1 required positional argument: 'df'
[2025-12-17T07:58:09.649+0000] {taskinstance.py:1138} INFO - Marking task as UP_FOR_RETRY. dag_id=etl_***, task_id=transform, execution_date=20241016T000000, start_date=20251217T075808, end_date=20251217T075809
[2025-12-17T07:58:09.880+0000] {standard_task_runner.py:107} ERROR - Failed to execute job 1188 for task transform (transform_data() missing 1 required positional argument: 'df'; 4224)
[2025-12-17T07:58:09.932+0000] {local_task_job_runner.py:234} INFO - Task exited with return code 1
[2025-12-17T07:58:10.215+0000] {taskinstance.py:3280} INFO - 0 downstream tasks scheduled from follow-on schedule check
