[2025-12-16T17:22:12.540+0000] {taskinstance.py:1956} INFO - Dependencies all met for dep_context=non-requeueable deps ti=<TaskInstance: etl_airflow.transform scheduled__2024-03-30T00:00:00+00:00 [queued]>
[2025-12-16T17:22:12.582+0000] {taskinstance.py:1956} INFO - Dependencies all met for dep_context=requeueable deps ti=<TaskInstance: etl_airflow.transform scheduled__2024-03-30T00:00:00+00:00 [queued]>
[2025-12-16T17:22:12.585+0000] {taskinstance.py:2170} INFO - Starting attempt 3 of 5
[2025-12-16T17:22:12.646+0000] {taskinstance.py:2191} INFO - Executing <Task(PythonOperator): transform> on 2024-03-30 00:00:00+00:00
[2025-12-16T17:22:12.669+0000] {standard_task_runner.py:60} INFO - Started process 6305 to run task
[2025-12-16T17:22:12.692+0000] {standard_task_runner.py:87} INFO - Running: ['***', 'tasks', 'run', 'etl_***', 'transform', 'scheduled__2024-03-30T00:00:00+00:00', '--job-id', '6071', '--raw', '--subdir', 'DAGS_FOLDER/etl_dag.py', '--cfg-path', '/tmp/tmp7i2s_hcl']
[2025-12-16T17:22:12.706+0000] {standard_task_runner.py:88} INFO - Job 6071: Subtask transform
[2025-12-16T17:22:12.929+0000] {task_command.py:423} INFO - Running <TaskInstance: etl_airflow.transform scheduled__2024-03-30T00:00:00+00:00 [running]> on host 3b89cfee50e9
[2025-12-16T17:22:13.238+0000] {taskinstance.py:2480} INFO - Exporting env vars: AIRFLOW_CTX_DAG_OWNER='***' AIRFLOW_CTX_DAG_ID='etl_***' AIRFLOW_CTX_TASK_ID='transform' AIRFLOW_CTX_EXECUTION_DATE='2024-03-30T00:00:00+00:00' AIRFLOW_CTX_TRY_NUMBER='3' AIRFLOW_CTX_DAG_RUN_ID='scheduled__2024-03-30T00:00:00+00:00'
[2025-12-16T17:22:13.242+0000] {logging_mixin.py:188} INFO - [TRANSFORM]
[2025-12-16T17:22:13.720+0000] {logging_mixin.py:188} INFO - [TRANSFORM] done
[2025-12-16T17:22:13.724+0000] {python.py:201} INFO - Done. Returned value was: None
[2025-12-16T17:22:13.754+0000] {taskinstance.py:1138} INFO - Marking task as SUCCESS. dag_id=etl_***, task_id=transform, execution_date=20240330T000000, start_date=20251216T172212, end_date=20251216T172213
[2025-12-16T17:22:13.855+0000] {local_task_job_runner.py:234} INFO - Task exited with return code 0
[2025-12-16T17:22:13.941+0000] {taskinstance.py:3280} INFO - 1 downstream tasks scheduled from follow-on schedule check
[2025-12-17T04:45:41.404+0000] {taskinstance.py:1956} INFO - Dependencies all met for dep_context=non-requeueable deps ti=<TaskInstance: etl_airflow.transform scheduled__2024-03-30T00:00:00+00:00 [queued]>
[2025-12-17T04:45:41.419+0000] {taskinstance.py:1956} INFO - Dependencies all met for dep_context=requeueable deps ti=<TaskInstance: etl_airflow.transform scheduled__2024-03-30T00:00:00+00:00 [queued]>
[2025-12-17T04:45:41.421+0000] {taskinstance.py:2170} INFO - Starting attempt 3 of 3
[2025-12-17T04:45:41.439+0000] {taskinstance.py:2191} INFO - Executing <Task(PythonOperator): transform> on 2024-03-30 00:00:00+00:00
[2025-12-17T04:45:41.448+0000] {standard_task_runner.py:60} INFO - Started process 1459 to run task
[2025-12-17T04:45:41.452+0000] {standard_task_runner.py:87} INFO - Running: ['***', 'tasks', 'run', 'etl_***', 'transform', 'scheduled__2024-03-30T00:00:00+00:00', '--job-id', '376', '--raw', '--subdir', 'DAGS_FOLDER/etl_***.py', '--cfg-path', '/tmp/tmpd6lrlwov']
[2025-12-17T04:45:41.457+0000] {standard_task_runner.py:88} INFO - Job 376: Subtask transform
[2025-12-17T04:45:41.564+0000] {task_command.py:423} INFO - Running <TaskInstance: etl_airflow.transform scheduled__2024-03-30T00:00:00+00:00 [running]> on host b3426f05ac70
[2025-12-17T04:45:41.937+0000] {taskinstance.py:2480} INFO - Exporting env vars: AIRFLOW_CTX_DAG_OWNER='***' AIRFLOW_CTX_DAG_ID='etl_***' AIRFLOW_CTX_TASK_ID='transform' AIRFLOW_CTX_EXECUTION_DATE='2024-03-30T00:00:00+00:00' AIRFLOW_CTX_TRY_NUMBER='3' AIRFLOW_CTX_DAG_RUN_ID='scheduled__2024-03-30T00:00:00+00:00'
[2025-12-17T04:45:41.939+0000] {taskinstance.py:2698} ERROR - Task failed with exception
Traceback (most recent call last):
  File "/home/airflow/.local/lib/python3.8/site-packages/airflow/models/taskinstance.py", line 433, in _execute_task
    result = execute_callable(context=context, **execute_callable_kwargs)
  File "/home/airflow/.local/lib/python3.8/site-packages/airflow/operators/python.py", line 199, in execute
    return_value = self.execute_callable()
  File "/home/airflow/.local/lib/python3.8/site-packages/airflow/operators/python.py", line 216, in execute_callable
    return self.python_callable(*self.op_args, **self.op_kwargs)
TypeError: transform_data() missing 1 required positional argument: 'df'
[2025-12-17T04:45:41.952+0000] {taskinstance.py:1138} INFO - Marking task as FAILED. dag_id=etl_***, task_id=transform, execution_date=20240330T000000, start_date=20251217T044541, end_date=20251217T044541
[2025-12-17T04:45:41.969+0000] {standard_task_runner.py:107} ERROR - Failed to execute job 376 for task transform (transform_data() missing 1 required positional argument: 'df'; 1459)
[2025-12-17T04:45:41.994+0000] {local_task_job_runner.py:234} INFO - Task exited with return code 1
[2025-12-17T04:45:42.185+0000] {taskinstance.py:3280} INFO - 0 downstream tasks scheduled from follow-on schedule check
[2025-12-17T07:39:08.120+0000] {taskinstance.py:1956} INFO - Dependencies all met for dep_context=non-requeueable deps ti=<TaskInstance: etl_airflow.transform scheduled__2024-03-30T00:00:00+00:00 [queued]>
[2025-12-17T07:39:08.144+0000] {taskinstance.py:1956} INFO - Dependencies all met for dep_context=requeueable deps ti=<TaskInstance: etl_airflow.transform scheduled__2024-03-30T00:00:00+00:00 [queued]>
[2025-12-17T07:39:08.148+0000] {taskinstance.py:2170} INFO - Starting attempt 3 of 3
[2025-12-17T07:39:08.181+0000] {taskinstance.py:2191} INFO - Executing <Task(PythonOperator): transform> on 2024-03-30 00:00:00+00:00
[2025-12-17T07:39:08.193+0000] {standard_task_runner.py:60} INFO - Started process 1555 to run task
[2025-12-17T07:39:08.199+0000] {standard_task_runner.py:87} INFO - Running: ['***', 'tasks', 'run', 'etl_***', 'transform', 'scheduled__2024-03-30T00:00:00+00:00', '--job-id', '384', '--raw', '--subdir', 'DAGS_FOLDER/etl_***.py', '--cfg-path', '/tmp/tmpnyjtn3zi']
[2025-12-17T07:39:08.207+0000] {standard_task_runner.py:88} INFO - Job 384: Subtask transform
[2025-12-17T07:39:08.430+0000] {task_command.py:423} INFO - Running <TaskInstance: etl_airflow.transform scheduled__2024-03-30T00:00:00+00:00 [running]> on host 2a0de06c8905
[2025-12-17T07:39:08.918+0000] {taskinstance.py:2480} INFO - Exporting env vars: AIRFLOW_CTX_DAG_OWNER='***' AIRFLOW_CTX_DAG_ID='etl_***' AIRFLOW_CTX_TASK_ID='transform' AIRFLOW_CTX_EXECUTION_DATE='2024-03-30T00:00:00+00:00' AIRFLOW_CTX_TRY_NUMBER='3' AIRFLOW_CTX_DAG_RUN_ID='scheduled__2024-03-30T00:00:00+00:00'
[2025-12-17T07:39:08.922+0000] {taskinstance.py:2698} ERROR - Task failed with exception
Traceback (most recent call last):
  File "/home/airflow/.local/lib/python3.8/site-packages/airflow/models/taskinstance.py", line 433, in _execute_task
    result = execute_callable(context=context, **execute_callable_kwargs)
  File "/home/airflow/.local/lib/python3.8/site-packages/airflow/operators/python.py", line 199, in execute
    return_value = self.execute_callable()
  File "/home/airflow/.local/lib/python3.8/site-packages/airflow/operators/python.py", line 216, in execute_callable
    return self.python_callable(*self.op_args, **self.op_kwargs)
TypeError: transform_data() missing 1 required positional argument: 'df'
[2025-12-17T07:39:08.935+0000] {taskinstance.py:1138} INFO - Marking task as FAILED. dag_id=etl_***, task_id=transform, execution_date=20240330T000000, start_date=20251217T073908, end_date=20251217T073908
[2025-12-17T07:39:08.961+0000] {standard_task_runner.py:107} ERROR - Failed to execute job 384 for task transform (transform_data() missing 1 required positional argument: 'df'; 1555)
[2025-12-17T07:39:09.020+0000] {local_task_job_runner.py:234} INFO - Task exited with return code 1
[2025-12-17T07:39:09.258+0000] {taskinstance.py:3280} INFO - 0 downstream tasks scheduled from follow-on schedule check
