[2025-12-16T17:06:58.488+0000] {taskinstance.py:1956} INFO - Dependencies all met for dep_context=non-requeueable deps ti=<TaskInstance: etl_airflow.transform scheduled__2025-02-13T00:00:00+00:00 [queued]>
[2025-12-16T17:06:58.506+0000] {taskinstance.py:1956} INFO - Dependencies all met for dep_context=requeueable deps ti=<TaskInstance: etl_airflow.transform scheduled__2025-02-13T00:00:00+00:00 [queued]>
[2025-12-16T17:06:58.507+0000] {taskinstance.py:2170} INFO - Starting attempt 1 of 3
[2025-12-16T17:06:58.532+0000] {taskinstance.py:2191} INFO - Executing <Task(PythonOperator): transform> on 2025-02-13 00:00:00+00:00
[2025-12-16T17:06:58.542+0000] {standard_task_runner.py:60} INFO - Started process 1351 to run task
[2025-12-16T17:06:58.547+0000] {standard_task_runner.py:87} INFO - Running: ['***', 'tasks', 'run', 'etl_***', 'transform', 'scheduled__2025-02-13T00:00:00+00:00', '--job-id', '3327', '--raw', '--subdir', 'DAGS_FOLDER/etl_dag.py', '--cfg-path', '/tmp/tmpz09xw39r']
[2025-12-16T17:06:58.551+0000] {standard_task_runner.py:88} INFO - Job 3327: Subtask transform
[2025-12-16T17:06:58.658+0000] {task_command.py:423} INFO - Running <TaskInstance: etl_airflow.transform scheduled__2025-02-13T00:00:00+00:00 [running]> on host db658e834d9d
[2025-12-16T17:06:58.785+0000] {taskinstance.py:2480} INFO - Exporting env vars: AIRFLOW_CTX_DAG_OWNER='***' AIRFLOW_CTX_DAG_ID='etl_***' AIRFLOW_CTX_TASK_ID='transform' AIRFLOW_CTX_EXECUTION_DATE='2025-02-13T00:00:00+00:00' AIRFLOW_CTX_TRY_NUMBER='1' AIRFLOW_CTX_DAG_RUN_ID='scheduled__2025-02-13T00:00:00+00:00'
[2025-12-16T17:06:58.788+0000] {logging_mixin.py:188} INFO - [TRANSFORM]
[2025-12-16T17:06:58.810+0000] {taskinstance.py:2698} ERROR - Task failed with exception
Traceback (most recent call last):
  File "/home/airflow/.local/lib/python3.8/site-packages/airflow/models/taskinstance.py", line 433, in _execute_task
    result = execute_callable(context=context, **execute_callable_kwargs)
  File "/home/airflow/.local/lib/python3.8/site-packages/airflow/operators/python.py", line 199, in execute
    return_value = self.execute_callable()
  File "/home/airflow/.local/lib/python3.8/site-packages/airflow/operators/python.py", line 216, in execute_callable
    return self.python_callable(*self.op_args, **self.op_kwargs)
  File "/opt/airflow/etl_logic/pipeline.py", line 113, in transform_data
    df.to_csv(OUTPUT_PATH, index=False)
  File "/home/airflow/.local/lib/python3.8/site-packages/pandas/core/generic.py", line 3772, in to_csv
    return DataFrameRenderer(formatter).to_csv(
  File "/home/airflow/.local/lib/python3.8/site-packages/pandas/io/formats/format.py", line 1186, in to_csv
    csv_formatter.save()
  File "/home/airflow/.local/lib/python3.8/site-packages/pandas/io/formats/csvs.py", line 240, in save
    with get_handle(
  File "/home/airflow/.local/lib/python3.8/site-packages/pandas/io/common.py", line 737, in get_handle
    check_parent_directory(str(handle))
  File "/home/airflow/.local/lib/python3.8/site-packages/pandas/io/common.py", line 600, in check_parent_directory
    raise OSError(rf"Cannot save file into a non-existent directory: '{parent}'")
OSError: Cannot save file into a non-existent directory: 'E:\GPP\Task_4\comparative-data-orchestrationirflow\data'
[2025-12-16T17:06:58.832+0000] {taskinstance.py:1138} INFO - Marking task as UP_FOR_RETRY. dag_id=etl_***, task_id=transform, execution_date=20250213T000000, start_date=20251216T170658, end_date=20251216T170658
[2025-12-16T17:06:58.852+0000] {standard_task_runner.py:107} ERROR - Failed to execute job 3327 for task transform (Cannot save file into a non-existent directory: 'E:\GPP\Task_4\comparative-data-orchestrationirflow\data'; 1351)
[2025-12-16T17:06:58.877+0000] {local_task_job_runner.py:234} INFO - Task exited with return code 1
[2025-12-16T17:06:58.912+0000] {taskinstance.py:3280} INFO - 0 downstream tasks scheduled from follow-on schedule check
[2025-12-17T01:57:17.700+0000] {taskinstance.py:1956} INFO - Dependencies all met for dep_context=non-requeueable deps ti=<TaskInstance: etl_airflow.transform scheduled__2025-02-13T00:00:00+00:00 [queued]>
[2025-12-17T01:57:17.724+0000] {taskinstance.py:1956} INFO - Dependencies all met for dep_context=requeueable deps ti=<TaskInstance: etl_airflow.transform scheduled__2025-02-13T00:00:00+00:00 [queued]>
[2025-12-17T01:57:17.726+0000] {taskinstance.py:2170} INFO - Starting attempt 1 of 3
[2025-12-17T01:57:17.756+0000] {taskinstance.py:2191} INFO - Executing <Task(PythonOperator): transform> on 2025-02-13 00:00:00+00:00
[2025-12-17T01:57:17.770+0000] {standard_task_runner.py:60} INFO - Started process 4201 to run task
[2025-12-17T01:57:17.788+0000] {standard_task_runner.py:87} INFO - Running: ['***', 'tasks', 'run', 'etl_***', 'transform', 'scheduled__2025-02-13T00:00:00+00:00', '--job-id', '1256', '--raw', '--subdir', 'DAGS_FOLDER/etl_dag.py', '--cfg-path', '/tmp/tmpe1dlu6n0']
[2025-12-17T01:57:17.803+0000] {standard_task_runner.py:88} INFO - Job 1256: Subtask transform
[2025-12-17T01:57:18.116+0000] {task_command.py:423} INFO - Running <TaskInstance: etl_airflow.transform scheduled__2025-02-13T00:00:00+00:00 [running]> on host 571e042550da
[2025-12-17T01:57:19.011+0000] {taskinstance.py:2480} INFO - Exporting env vars: AIRFLOW_CTX_DAG_OWNER='***' AIRFLOW_CTX_DAG_ID='etl_***' AIRFLOW_CTX_TASK_ID='transform' AIRFLOW_CTX_EXECUTION_DATE='2025-02-13T00:00:00+00:00' AIRFLOW_CTX_TRY_NUMBER='1' AIRFLOW_CTX_DAG_RUN_ID='scheduled__2025-02-13T00:00:00+00:00'
[2025-12-17T01:57:19.018+0000] {logging_mixin.py:188} INFO - [TRANSFORM]
[2025-12-17T01:57:19.098+0000] {logging_mixin.py:188} INFO - [TRANSFORM] done
[2025-12-17T01:57:19.100+0000] {python.py:201} INFO - Done. Returned value was: None
[2025-12-17T01:57:19.135+0000] {taskinstance.py:1138} INFO - Marking task as SUCCESS. dag_id=etl_***, task_id=transform, execution_date=20250213T000000, start_date=20251217T015717, end_date=20251217T015719
[2025-12-17T01:57:19.513+0000] {local_task_job_runner.py:234} INFO - Task exited with return code 0
[2025-12-17T01:57:19.584+0000] {taskinstance.py:3280} INFO - 1 downstream tasks scheduled from follow-on schedule check
[2025-12-17T04:56:59.275+0000] {taskinstance.py:1956} INFO - Dependencies all met for dep_context=non-requeueable deps ti=<TaskInstance: etl_airflow.transform scheduled__2025-02-13T00:00:00+00:00 [queued]>
[2025-12-17T04:56:59.298+0000] {taskinstance.py:1956} INFO - Dependencies all met for dep_context=requeueable deps ti=<TaskInstance: etl_airflow.transform scheduled__2025-02-13T00:00:00+00:00 [queued]>
[2025-12-17T04:56:59.299+0000] {taskinstance.py:2170} INFO - Starting attempt 1 of 3
[2025-12-17T04:56:59.324+0000] {taskinstance.py:2191} INFO - Executing <Task(PythonOperator): transform> on 2025-02-13 00:00:00+00:00
[2025-12-17T04:56:59.333+0000] {standard_task_runner.py:60} INFO - Started process 5583 to run task
[2025-12-17T04:56:59.339+0000] {standard_task_runner.py:87} INFO - Running: ['***', 'tasks', 'run', 'etl_***', 'transform', 'scheduled__2025-02-13T00:00:00+00:00', '--job-id', '1626', '--raw', '--subdir', 'DAGS_FOLDER/etl_***.py', '--cfg-path', '/tmp/tmpi8r5ssjt']
[2025-12-17T04:56:59.344+0000] {standard_task_runner.py:88} INFO - Job 1626: Subtask transform
[2025-12-17T04:56:59.491+0000] {task_command.py:423} INFO - Running <TaskInstance: etl_airflow.transform scheduled__2025-02-13T00:00:00+00:00 [running]> on host b3426f05ac70
[2025-12-17T04:56:59.901+0000] {taskinstance.py:2480} INFO - Exporting env vars: AIRFLOW_CTX_DAG_OWNER='***' AIRFLOW_CTX_DAG_ID='etl_***' AIRFLOW_CTX_TASK_ID='transform' AIRFLOW_CTX_EXECUTION_DATE='2025-02-13T00:00:00+00:00' AIRFLOW_CTX_TRY_NUMBER='1' AIRFLOW_CTX_DAG_RUN_ID='scheduled__2025-02-13T00:00:00+00:00'
[2025-12-17T04:56:59.906+0000] {taskinstance.py:2698} ERROR - Task failed with exception
Traceback (most recent call last):
  File "/home/airflow/.local/lib/python3.8/site-packages/airflow/models/taskinstance.py", line 433, in _execute_task
    result = execute_callable(context=context, **execute_callable_kwargs)
  File "/home/airflow/.local/lib/python3.8/site-packages/airflow/operators/python.py", line 199, in execute
    return_value = self.execute_callable()
  File "/home/airflow/.local/lib/python3.8/site-packages/airflow/operators/python.py", line 216, in execute_callable
    return self.python_callable(*self.op_args, **self.op_kwargs)
TypeError: transform_data() missing 1 required positional argument: 'df'
[2025-12-17T04:56:59.922+0000] {taskinstance.py:1138} INFO - Marking task as UP_FOR_RETRY. dag_id=etl_***, task_id=transform, execution_date=20250213T000000, start_date=20251217T045659, end_date=20251217T045659
[2025-12-17T04:56:59.944+0000] {standard_task_runner.py:107} ERROR - Failed to execute job 1626 for task transform (transform_data() missing 1 required positional argument: 'df'; 5583)
[2025-12-17T04:56:59.974+0000] {local_task_job_runner.py:234} INFO - Task exited with return code 1
[2025-12-17T04:57:00.032+0000] {taskinstance.py:3280} INFO - 0 downstream tasks scheduled from follow-on schedule check
