[2025-12-17T04:52:44.452+0000] {taskinstance.py:1956} INFO - Dependencies all met for dep_context=non-requeueable deps ti=<TaskInstance: etl_airflow.transform scheduled__2024-10-13T00:00:00+00:00 [queued]>
[2025-12-17T04:52:44.472+0000] {taskinstance.py:1956} INFO - Dependencies all met for dep_context=requeueable deps ti=<TaskInstance: etl_airflow.transform scheduled__2024-10-13T00:00:00+00:00 [queued]>
[2025-12-17T04:52:44.474+0000] {taskinstance.py:2170} INFO - Starting attempt 3 of 3
[2025-12-17T04:52:44.512+0000] {taskinstance.py:2191} INFO - Executing <Task(PythonOperator): transform> on 2024-10-13 00:00:00+00:00
[2025-12-17T04:52:44.531+0000] {standard_task_runner.py:60} INFO - Started process 4032 to run task
[2025-12-17T04:52:44.542+0000] {standard_task_runner.py:87} INFO - Running: ['***', 'tasks', 'run', 'etl_***', 'transform', 'scheduled__2024-10-13T00:00:00+00:00', '--job-id', '1155', '--raw', '--subdir', 'DAGS_FOLDER/etl_***.py', '--cfg-path', '/tmp/tmpx7eqd09i']
[2025-12-17T04:52:44.549+0000] {standard_task_runner.py:88} INFO - Job 1155: Subtask transform
[2025-12-17T04:52:44.738+0000] {task_command.py:423} INFO - Running <TaskInstance: etl_airflow.transform scheduled__2024-10-13T00:00:00+00:00 [running]> on host b3426f05ac70
[2025-12-17T04:52:45.130+0000] {taskinstance.py:2480} INFO - Exporting env vars: AIRFLOW_CTX_DAG_OWNER='***' AIRFLOW_CTX_DAG_ID='etl_***' AIRFLOW_CTX_TASK_ID='transform' AIRFLOW_CTX_EXECUTION_DATE='2024-10-13T00:00:00+00:00' AIRFLOW_CTX_TRY_NUMBER='3' AIRFLOW_CTX_DAG_RUN_ID='scheduled__2024-10-13T00:00:00+00:00'
[2025-12-17T04:52:45.132+0000] {taskinstance.py:2698} ERROR - Task failed with exception
Traceback (most recent call last):
  File "/home/airflow/.local/lib/python3.8/site-packages/airflow/models/taskinstance.py", line 433, in _execute_task
    result = execute_callable(context=context, **execute_callable_kwargs)
  File "/home/airflow/.local/lib/python3.8/site-packages/airflow/operators/python.py", line 199, in execute
    return_value = self.execute_callable()
  File "/home/airflow/.local/lib/python3.8/site-packages/airflow/operators/python.py", line 216, in execute_callable
    return self.python_callable(*self.op_args, **self.op_kwargs)
TypeError: transform_data() missing 1 required positional argument: 'df'
[2025-12-17T04:52:45.146+0000] {taskinstance.py:1138} INFO - Marking task as FAILED. dag_id=etl_***, task_id=transform, execution_date=20241013T000000, start_date=20251217T045244, end_date=20251217T045245
[2025-12-17T04:52:45.169+0000] {standard_task_runner.py:107} ERROR - Failed to execute job 1155 for task transform (transform_data() missing 1 required positional argument: 'df'; 4032)
[2025-12-17T04:52:45.244+0000] {local_task_job_runner.py:234} INFO - Task exited with return code 1
[2025-12-17T04:52:45.290+0000] {taskinstance.py:3280} INFO - 0 downstream tasks scheduled from follow-on schedule check
[2025-12-17T07:58:20.375+0000] {taskinstance.py:1956} INFO - Dependencies all met for dep_context=non-requeueable deps ti=<TaskInstance: etl_airflow.transform scheduled__2024-10-13T00:00:00+00:00 [queued]>
[2025-12-17T07:58:20.395+0000] {taskinstance.py:1956} INFO - Dependencies all met for dep_context=requeueable deps ti=<TaskInstance: etl_airflow.transform scheduled__2024-10-13T00:00:00+00:00 [queued]>
[2025-12-17T07:58:20.396+0000] {taskinstance.py:2170} INFO - Starting attempt 3 of 3
[2025-12-17T07:58:20.544+0000] {taskinstance.py:2191} INFO - Executing <Task(PythonOperator): transform> on 2024-10-13 00:00:00+00:00
[2025-12-17T07:58:20.554+0000] {standard_task_runner.py:60} INFO - Started process 4269 to run task
[2025-12-17T07:58:20.560+0000] {standard_task_runner.py:87} INFO - Running: ['***', 'tasks', 'run', 'etl_***', 'transform', 'scheduled__2024-10-13T00:00:00+00:00', '--job-id', '1202', '--raw', '--subdir', 'DAGS_FOLDER/etl_***.py', '--cfg-path', '/tmp/tmpuntuvra7']
[2025-12-17T07:58:20.564+0000] {standard_task_runner.py:88} INFO - Job 1202: Subtask transform
[2025-12-17T07:58:20.709+0000] {task_command.py:423} INFO - Running <TaskInstance: etl_airflow.transform scheduled__2024-10-13T00:00:00+00:00 [running]> on host 2a0de06c8905
[2025-12-17T07:58:21.121+0000] {taskinstance.py:2480} INFO - Exporting env vars: AIRFLOW_CTX_DAG_OWNER='***' AIRFLOW_CTX_DAG_ID='etl_***' AIRFLOW_CTX_TASK_ID='transform' AIRFLOW_CTX_EXECUTION_DATE='2024-10-13T00:00:00+00:00' AIRFLOW_CTX_TRY_NUMBER='3' AIRFLOW_CTX_DAG_RUN_ID='scheduled__2024-10-13T00:00:00+00:00'
[2025-12-17T07:58:21.126+0000] {taskinstance.py:2698} ERROR - Task failed with exception
Traceback (most recent call last):
  File "/home/airflow/.local/lib/python3.8/site-packages/airflow/models/taskinstance.py", line 433, in _execute_task
    result = execute_callable(context=context, **execute_callable_kwargs)
  File "/home/airflow/.local/lib/python3.8/site-packages/airflow/operators/python.py", line 199, in execute
    return_value = self.execute_callable()
  File "/home/airflow/.local/lib/python3.8/site-packages/airflow/operators/python.py", line 216, in execute_callable
    return self.python_callable(*self.op_args, **self.op_kwargs)
TypeError: transform_data() missing 1 required positional argument: 'df'
[2025-12-17T07:58:21.142+0000] {taskinstance.py:1138} INFO - Marking task as FAILED. dag_id=etl_***, task_id=transform, execution_date=20241013T000000, start_date=20251217T075820, end_date=20251217T075821
[2025-12-17T07:58:21.168+0000] {standard_task_runner.py:107} ERROR - Failed to execute job 1202 for task transform (transform_data() missing 1 required positional argument: 'df'; 4269)
[2025-12-17T07:58:21.218+0000] {local_task_job_runner.py:234} INFO - Task exited with return code 1
[2025-12-17T07:58:21.264+0000] {taskinstance.py:3280} INFO - 0 downstream tasks scheduled from follow-on schedule check
