[2025-12-16T17:19:08.244+0000] {taskinstance.py:1956} INFO - Dependencies all met for dep_context=non-requeueable deps ti=<TaskInstance: etl_airflow.transform scheduled__2024-03-11T00:00:00+00:00 [queued]>
[2025-12-16T17:19:08.262+0000] {taskinstance.py:1956} INFO - Dependencies all met for dep_context=requeueable deps ti=<TaskInstance: etl_airflow.transform scheduled__2024-03-11T00:00:00+00:00 [queued]>
[2025-12-16T17:19:08.267+0000] {taskinstance.py:2170} INFO - Starting attempt 2 of 4
[2025-12-16T17:19:08.330+0000] {taskinstance.py:2191} INFO - Executing <Task(PythonOperator): transform> on 2024-03-11 00:00:00+00:00
[2025-12-16T17:19:08.349+0000] {standard_task_runner.py:60} INFO - Started process 4099 to run task
[2025-12-16T17:19:08.373+0000] {standard_task_runner.py:87} INFO - Running: ['***', 'tasks', 'run', 'etl_***', 'transform', 'scheduled__2024-03-11T00:00:00+00:00', '--job-id', '5371', '--raw', '--subdir', 'DAGS_FOLDER/etl_dag.py', '--cfg-path', '/tmp/tmpve3_njzg']
[2025-12-16T17:19:08.377+0000] {standard_task_runner.py:88} INFO - Job 5371: Subtask transform
[2025-12-16T17:19:08.614+0000] {task_command.py:423} INFO - Running <TaskInstance: etl_airflow.transform scheduled__2024-03-11T00:00:00+00:00 [running]> on host 3b89cfee50e9
[2025-12-16T17:19:08.940+0000] {taskinstance.py:2480} INFO - Exporting env vars: AIRFLOW_CTX_DAG_OWNER='***' AIRFLOW_CTX_DAG_ID='etl_***' AIRFLOW_CTX_TASK_ID='transform' AIRFLOW_CTX_EXECUTION_DATE='2024-03-11T00:00:00+00:00' AIRFLOW_CTX_TRY_NUMBER='2' AIRFLOW_CTX_DAG_RUN_ID='scheduled__2024-03-11T00:00:00+00:00'
[2025-12-16T17:19:08.944+0000] {logging_mixin.py:188} INFO - [TRANSFORM]
[2025-12-16T17:19:08.973+0000] {taskinstance.py:2698} ERROR - Task failed with exception
Traceback (most recent call last):
  File "/home/airflow/.local/lib/python3.8/site-packages/airflow/models/taskinstance.py", line 433, in _execute_task
    result = execute_callable(context=context, **execute_callable_kwargs)
  File "/home/airflow/.local/lib/python3.8/site-packages/airflow/operators/python.py", line 199, in execute
    return_value = self.execute_callable()
  File "/home/airflow/.local/lib/python3.8/site-packages/airflow/operators/python.py", line 216, in execute_callable
    return self.python_callable(*self.op_args, **self.op_kwargs)
  File "/opt/airflow/etl_logic/pipeline.py", line 111, in transform_data
    df = pd.read_csv(TRANSFORMED_PATH)
  File "/home/airflow/.local/lib/python3.8/site-packages/pandas/io/parsers/readers.py", line 912, in read_csv
    return _read(filepath_or_buffer, kwds)
  File "/home/airflow/.local/lib/python3.8/site-packages/pandas/io/parsers/readers.py", line 577, in _read
    parser = TextFileReader(filepath_or_buffer, **kwds)
  File "/home/airflow/.local/lib/python3.8/site-packages/pandas/io/parsers/readers.py", line 1407, in __init__
    self._engine = self._make_engine(f, self.engine)
  File "/home/airflow/.local/lib/python3.8/site-packages/pandas/io/parsers/readers.py", line 1679, in _make_engine
    return mapping[engine](f, **self.options)
  File "/home/airflow/.local/lib/python3.8/site-packages/pandas/io/parsers/c_parser_wrapper.py", line 93, in __init__
    self._reader = parsers.TextReader(src, **kwds)
  File "pandas/_libs/parsers.pyx", line 557, in pandas._libs.parsers.TextReader.__cinit__
pandas.errors.EmptyDataError: No columns to parse from file
[2025-12-16T17:19:09.095+0000] {taskinstance.py:1138} INFO - Marking task as UP_FOR_RETRY. dag_id=etl_***, task_id=transform, execution_date=20240311T000000, start_date=20251216T171908, end_date=20251216T171909
[2025-12-16T17:19:09.816+0000] {standard_task_runner.py:107} ERROR - Failed to execute job 5371 for task transform (No columns to parse from file; 4099)
[2025-12-16T17:19:09.884+0000] {local_task_job_runner.py:234} INFO - Task exited with return code 1
[2025-12-16T17:19:10.003+0000] {taskinstance.py:3280} INFO - 0 downstream tasks scheduled from follow-on schedule check
[2025-12-17T04:19:25.343+0000] {taskinstance.py:1956} INFO - Dependencies all met for dep_context=non-requeueable deps ti=<TaskInstance: etl_airflow.transform scheduled__2024-03-11T00:00:00+00:00 [queued]>
[2025-12-17T04:19:25.361+0000] {taskinstance.py:1956} INFO - Dependencies all met for dep_context=requeueable deps ti=<TaskInstance: etl_airflow.transform scheduled__2024-03-11T00:00:00+00:00 [queued]>
[2025-12-17T04:19:25.363+0000] {taskinstance.py:2170} INFO - Starting attempt 2 of 3
[2025-12-17T04:19:25.440+0000] {taskinstance.py:2191} INFO - Executing <Task(PythonOperator): transform> on 2024-03-11 00:00:00+00:00
[2025-12-17T04:19:25.453+0000] {standard_task_runner.py:60} INFO - Started process 614 to run task
[2025-12-17T04:19:25.462+0000] {standard_task_runner.py:87} INFO - Running: ['***', 'tasks', 'run', 'etl_***', 'transform', 'scheduled__2024-03-11T00:00:00+00:00', '--job-id', '119', '--raw', '--subdir', 'DAGS_FOLDER/etl_***.py', '--cfg-path', '/tmp/tmph5_pb2_l']
[2025-12-17T04:19:25.469+0000] {standard_task_runner.py:88} INFO - Job 119: Subtask transform
[2025-12-17T04:19:25.625+0000] {task_command.py:423} INFO - Running <TaskInstance: etl_airflow.transform scheduled__2024-03-11T00:00:00+00:00 [running]> on host c5811fe183ca
[2025-12-17T04:19:26.155+0000] {taskinstance.py:2480} INFO - Exporting env vars: AIRFLOW_CTX_DAG_OWNER='***' AIRFLOW_CTX_DAG_ID='etl_***' AIRFLOW_CTX_TASK_ID='transform' AIRFLOW_CTX_EXECUTION_DATE='2024-03-11T00:00:00+00:00' AIRFLOW_CTX_TRY_NUMBER='2' AIRFLOW_CTX_DAG_RUN_ID='scheduled__2024-03-11T00:00:00+00:00'
[2025-12-17T04:19:26.158+0000] {taskinstance.py:2698} ERROR - Task failed with exception
Traceback (most recent call last):
  File "/home/airflow/.local/lib/python3.8/site-packages/airflow/models/taskinstance.py", line 433, in _execute_task
    result = execute_callable(context=context, **execute_callable_kwargs)
  File "/home/airflow/.local/lib/python3.8/site-packages/airflow/operators/python.py", line 199, in execute
    return_value = self.execute_callable()
  File "/home/airflow/.local/lib/python3.8/site-packages/airflow/operators/python.py", line 216, in execute_callable
    return self.python_callable(*self.op_args, **self.op_kwargs)
TypeError: transform_data() missing 1 required positional argument: 'df'
[2025-12-17T04:19:26.175+0000] {taskinstance.py:1138} INFO - Marking task as UP_FOR_RETRY. dag_id=etl_***, task_id=transform, execution_date=20240311T000000, start_date=20251217T041925, end_date=20251217T041926
[2025-12-17T04:19:26.203+0000] {standard_task_runner.py:107} ERROR - Failed to execute job 119 for task transform (transform_data() missing 1 required positional argument: 'df'; 614)
[2025-12-17T04:19:26.240+0000] {local_task_job_runner.py:234} INFO - Task exited with return code 1
[2025-12-17T04:19:26.319+0000] {taskinstance.py:3280} INFO - 0 downstream tasks scheduled from follow-on schedule check
[2025-12-17T04:44:54.315+0000] {taskinstance.py:1956} INFO - Dependencies all met for dep_context=non-requeueable deps ti=<TaskInstance: etl_airflow.transform scheduled__2024-03-11T00:00:00+00:00 [queued]>
[2025-12-17T04:44:54.332+0000] {taskinstance.py:1956} INFO - Dependencies all met for dep_context=requeueable deps ti=<TaskInstance: etl_airflow.transform scheduled__2024-03-11T00:00:00+00:00 [queued]>
[2025-12-17T04:44:54.332+0000] {taskinstance.py:2170} INFO - Starting attempt 2 of 3
[2025-12-17T04:44:54.381+0000] {taskinstance.py:2191} INFO - Executing <Task(PythonOperator): transform> on 2024-03-11 00:00:00+00:00
[2025-12-17T04:44:54.388+0000] {standard_task_runner.py:60} INFO - Started process 1202 to run task
[2025-12-17T04:44:54.393+0000] {standard_task_runner.py:87} INFO - Running: ['***', 'tasks', 'run', 'etl_***', 'transform', 'scheduled__2024-03-11T00:00:00+00:00', '--job-id', '295', '--raw', '--subdir', 'DAGS_FOLDER/etl_***.py', '--cfg-path', '/tmp/tmp76mlvrba']
[2025-12-17T04:44:54.399+0000] {standard_task_runner.py:88} INFO - Job 295: Subtask transform
[2025-12-17T04:44:54.505+0000] {task_command.py:423} INFO - Running <TaskInstance: etl_airflow.transform scheduled__2024-03-11T00:00:00+00:00 [running]> on host b3426f05ac70
[2025-12-17T04:44:54.905+0000] {taskinstance.py:2480} INFO - Exporting env vars: AIRFLOW_CTX_DAG_OWNER='***' AIRFLOW_CTX_DAG_ID='etl_***' AIRFLOW_CTX_TASK_ID='transform' AIRFLOW_CTX_EXECUTION_DATE='2024-03-11T00:00:00+00:00' AIRFLOW_CTX_TRY_NUMBER='2' AIRFLOW_CTX_DAG_RUN_ID='scheduled__2024-03-11T00:00:00+00:00'
[2025-12-17T04:44:54.908+0000] {taskinstance.py:2698} ERROR - Task failed with exception
Traceback (most recent call last):
  File "/home/airflow/.local/lib/python3.8/site-packages/airflow/models/taskinstance.py", line 433, in _execute_task
    result = execute_callable(context=context, **execute_callable_kwargs)
  File "/home/airflow/.local/lib/python3.8/site-packages/airflow/operators/python.py", line 199, in execute
    return_value = self.execute_callable()
  File "/home/airflow/.local/lib/python3.8/site-packages/airflow/operators/python.py", line 216, in execute_callable
    return self.python_callable(*self.op_args, **self.op_kwargs)
TypeError: transform_data() missing 1 required positional argument: 'df'
[2025-12-17T04:44:54.923+0000] {taskinstance.py:1138} INFO - Marking task as UP_FOR_RETRY. dag_id=etl_***, task_id=transform, execution_date=20240311T000000, start_date=20251217T044454, end_date=20251217T044454
[2025-12-17T04:44:54.996+0000] {standard_task_runner.py:107} ERROR - Failed to execute job 295 for task transform (transform_data() missing 1 required positional argument: 'df'; 1202)
[2025-12-17T04:44:55.049+0000] {local_task_job_runner.py:234} INFO - Task exited with return code 1
[2025-12-17T04:44:55.292+0000] {taskinstance.py:3280} INFO - 0 downstream tasks scheduled from follow-on schedule check
[2025-12-17T07:38:14.906+0000] {taskinstance.py:1956} INFO - Dependencies all met for dep_context=non-requeueable deps ti=<TaskInstance: etl_airflow.transform scheduled__2024-03-11T00:00:00+00:00 [queued]>
[2025-12-17T07:38:14.926+0000] {taskinstance.py:1956} INFO - Dependencies all met for dep_context=requeueable deps ti=<TaskInstance: etl_airflow.transform scheduled__2024-03-11T00:00:00+00:00 [queued]>
[2025-12-17T07:38:14.927+0000] {taskinstance.py:2170} INFO - Starting attempt 2 of 3
[2025-12-17T07:38:14.982+0000] {taskinstance.py:2191} INFO - Executing <Task(PythonOperator): transform> on 2024-03-11 00:00:00+00:00
[2025-12-17T07:38:14.996+0000] {standard_task_runner.py:60} INFO - Started process 1262 to run task
[2025-12-17T07:38:15.009+0000] {standard_task_runner.py:87} INFO - Running: ['***', 'tasks', 'run', 'etl_***', 'transform', 'scheduled__2024-03-11T00:00:00+00:00', '--job-id', '296', '--raw', '--subdir', 'DAGS_FOLDER/etl_***.py', '--cfg-path', '/tmp/tmpcuctgfn3']
[2025-12-17T07:38:15.017+0000] {standard_task_runner.py:88} INFO - Job 296: Subtask transform
[2025-12-17T07:38:15.203+0000] {task_command.py:423} INFO - Running <TaskInstance: etl_airflow.transform scheduled__2024-03-11T00:00:00+00:00 [running]> on host 2a0de06c8905
[2025-12-17T07:38:15.794+0000] {taskinstance.py:2480} INFO - Exporting env vars: AIRFLOW_CTX_DAG_OWNER='***' AIRFLOW_CTX_DAG_ID='etl_***' AIRFLOW_CTX_TASK_ID='transform' AIRFLOW_CTX_EXECUTION_DATE='2024-03-11T00:00:00+00:00' AIRFLOW_CTX_TRY_NUMBER='2' AIRFLOW_CTX_DAG_RUN_ID='scheduled__2024-03-11T00:00:00+00:00'
[2025-12-17T07:38:15.799+0000] {taskinstance.py:2698} ERROR - Task failed with exception
Traceback (most recent call last):
  File "/home/airflow/.local/lib/python3.8/site-packages/airflow/models/taskinstance.py", line 433, in _execute_task
    result = execute_callable(context=context, **execute_callable_kwargs)
  File "/home/airflow/.local/lib/python3.8/site-packages/airflow/operators/python.py", line 199, in execute
    return_value = self.execute_callable()
  File "/home/airflow/.local/lib/python3.8/site-packages/airflow/operators/python.py", line 216, in execute_callable
    return self.python_callable(*self.op_args, **self.op_kwargs)
TypeError: transform_data() missing 1 required positional argument: 'df'
[2025-12-17T07:38:15.819+0000] {taskinstance.py:1138} INFO - Marking task as UP_FOR_RETRY. dag_id=etl_***, task_id=transform, execution_date=20240311T000000, start_date=20251217T073814, end_date=20251217T073815
[2025-12-17T07:38:15.850+0000] {standard_task_runner.py:107} ERROR - Failed to execute job 296 for task transform (transform_data() missing 1 required positional argument: 'df'; 1262)
[2025-12-17T07:38:15.906+0000] {local_task_job_runner.py:234} INFO - Task exited with return code 1
[2025-12-17T07:38:15.958+0000] {taskinstance.py:3280} INFO - 0 downstream tasks scheduled from follow-on schedule check
