[2025-12-16T17:12:59.895+0000] {taskinstance.py:1956} INFO - Dependencies all met for dep_context=non-requeueable deps ti=<TaskInstance: etl_airflow.transform scheduled__2024-07-17T00:00:00+00:00 [queued]>
[2025-12-16T17:12:59.926+0000] {taskinstance.py:1956} INFO - Dependencies all met for dep_context=requeueable deps ti=<TaskInstance: etl_airflow.transform scheduled__2024-07-17T00:00:00+00:00 [queued]>
[2025-12-16T17:12:59.931+0000] {taskinstance.py:2170} INFO - Starting attempt 1 of 3
[2025-12-16T17:12:59.975+0000] {taskinstance.py:2191} INFO - Executing <Task(PythonOperator): transform> on 2024-07-17 00:00:00+00:00
[2025-12-16T17:12:59.991+0000] {standard_task_runner.py:60} INFO - Started process 426 to run task
[2025-12-16T17:13:00.006+0000] {standard_task_runner.py:87} INFO - Running: ['***', 'tasks', 'run', 'etl_***', 'transform', 'scheduled__2024-07-17T00:00:00+00:00', '--job-id', '4214', '--raw', '--subdir', 'DAGS_FOLDER/etl_dag.py', '--cfg-path', '/tmp/tmpy67alrqr']
[2025-12-16T17:13:00.013+0000] {standard_task_runner.py:88} INFO - Job 4214: Subtask transform
[2025-12-16T17:13:00.272+0000] {task_command.py:423} INFO - Running <TaskInstance: etl_airflow.transform scheduled__2024-07-17T00:00:00+00:00 [running]> on host 3b89cfee50e9
[2025-12-16T17:13:00.592+0000] {taskinstance.py:2480} INFO - Exporting env vars: AIRFLOW_CTX_DAG_OWNER='***' AIRFLOW_CTX_DAG_ID='etl_***' AIRFLOW_CTX_TASK_ID='transform' AIRFLOW_CTX_EXECUTION_DATE='2024-07-17T00:00:00+00:00' AIRFLOW_CTX_TRY_NUMBER='1' AIRFLOW_CTX_DAG_RUN_ID='scheduled__2024-07-17T00:00:00+00:00'
[2025-12-16T17:13:00.596+0000] {logging_mixin.py:188} INFO - [TRANSFORM]
[2025-12-16T17:13:00.614+0000] {taskinstance.py:2698} ERROR - Task failed with exception
Traceback (most recent call last):
  File "/home/airflow/.local/lib/python3.8/site-packages/airflow/models/taskinstance.py", line 433, in _execute_task
    result = execute_callable(context=context, **execute_callable_kwargs)
  File "/home/airflow/.local/lib/python3.8/site-packages/airflow/operators/python.py", line 199, in execute
    return_value = self.execute_callable()
  File "/home/airflow/.local/lib/python3.8/site-packages/airflow/operators/python.py", line 216, in execute_callable
    return self.python_callable(*self.op_args, **self.op_kwargs)
  File "/opt/airflow/etl_logic/pipeline.py", line 111, in transform_data
    df = pd.read_csv(TRANSFORMED_PATH)
  File "/home/airflow/.local/lib/python3.8/site-packages/pandas/io/parsers/readers.py", line 912, in read_csv
    return _read(filepath_or_buffer, kwds)
  File "/home/airflow/.local/lib/python3.8/site-packages/pandas/io/parsers/readers.py", line 577, in _read
    parser = TextFileReader(filepath_or_buffer, **kwds)
  File "/home/airflow/.local/lib/python3.8/site-packages/pandas/io/parsers/readers.py", line 1407, in __init__
    self._engine = self._make_engine(f, self.engine)
  File "/home/airflow/.local/lib/python3.8/site-packages/pandas/io/parsers/readers.py", line 1679, in _make_engine
    return mapping[engine](f, **self.options)
  File "/home/airflow/.local/lib/python3.8/site-packages/pandas/io/parsers/c_parser_wrapper.py", line 93, in __init__
    self._reader = parsers.TextReader(src, **kwds)
  File "pandas/_libs/parsers.pyx", line 557, in pandas._libs.parsers.TextReader.__cinit__
pandas.errors.EmptyDataError: No columns to parse from file
[2025-12-16T17:13:00.682+0000] {taskinstance.py:1138} INFO - Marking task as UP_FOR_RETRY. dag_id=etl_***, task_id=transform, execution_date=20240717T000000, start_date=20251216T171259, end_date=20251216T171300
[2025-12-16T17:13:01.006+0000] {standard_task_runner.py:107} ERROR - Failed to execute job 4214 for task transform (No columns to parse from file; 426)
[2025-12-16T17:13:01.026+0000] {local_task_job_runner.py:234} INFO - Task exited with return code 1
[2025-12-16T17:13:01.091+0000] {taskinstance.py:3280} INFO - 0 downstream tasks scheduled from follow-on schedule check
[2025-12-17T01:53:36.538+0000] {taskinstance.py:1956} INFO - Dependencies all met for dep_context=non-requeueable deps ti=<TaskInstance: etl_airflow.transform scheduled__2024-07-17T00:00:00+00:00 [queued]>
[2025-12-17T01:53:36.568+0000] {taskinstance.py:1956} INFO - Dependencies all met for dep_context=requeueable deps ti=<TaskInstance: etl_airflow.transform scheduled__2024-07-17T00:00:00+00:00 [queued]>
[2025-12-17T01:53:36.570+0000] {taskinstance.py:2170} INFO - Starting attempt 1 of 3
[2025-12-17T01:53:36.823+0000] {taskinstance.py:2191} INFO - Executing <Task(PythonOperator): transform> on 2024-07-17 00:00:00+00:00
[2025-12-17T01:53:36.837+0000] {standard_task_runner.py:60} INFO - Started process 2143 to run task
[2025-12-17T01:53:36.853+0000] {standard_task_runner.py:87} INFO - Running: ['***', 'tasks', 'run', 'etl_***', 'transform', 'scheduled__2024-07-17T00:00:00+00:00', '--job-id', '607', '--raw', '--subdir', 'DAGS_FOLDER/etl_dag.py', '--cfg-path', '/tmp/tmpdsnnoymp']
[2025-12-17T01:53:36.871+0000] {standard_task_runner.py:88} INFO - Job 607: Subtask transform
[2025-12-17T01:53:37.101+0000] {task_command.py:423} INFO - Running <TaskInstance: etl_airflow.transform scheduled__2024-07-17T00:00:00+00:00 [running]> on host 571e042550da
[2025-12-17T01:53:37.752+0000] {taskinstance.py:2480} INFO - Exporting env vars: AIRFLOW_CTX_DAG_OWNER='***' AIRFLOW_CTX_DAG_ID='etl_***' AIRFLOW_CTX_TASK_ID='transform' AIRFLOW_CTX_EXECUTION_DATE='2024-07-17T00:00:00+00:00' AIRFLOW_CTX_TRY_NUMBER='1' AIRFLOW_CTX_DAG_RUN_ID='scheduled__2024-07-17T00:00:00+00:00'
[2025-12-17T01:53:37.763+0000] {logging_mixin.py:188} INFO - [TRANSFORM]
[2025-12-17T01:53:37.881+0000] {logging_mixin.py:188} INFO - [TRANSFORM] done
[2025-12-17T01:53:37.883+0000] {python.py:201} INFO - Done. Returned value was: None
[2025-12-17T01:53:37.968+0000] {taskinstance.py:1138} INFO - Marking task as SUCCESS. dag_id=etl_***, task_id=transform, execution_date=20240717T000000, start_date=20251217T015336, end_date=20251217T015337
[2025-12-17T01:53:38.438+0000] {local_task_job_runner.py:234} INFO - Task exited with return code 0
[2025-12-17T01:53:38.536+0000] {taskinstance.py:3280} INFO - 1 downstream tasks scheduled from follow-on schedule check
[2025-12-17T04:21:15.705+0000] {taskinstance.py:1956} INFO - Dependencies all met for dep_context=non-requeueable deps ti=<TaskInstance: etl_airflow.transform scheduled__2024-07-17T00:00:00+00:00 [queued]>
[2025-12-17T04:21:15.722+0000] {taskinstance.py:1956} INFO - Dependencies all met for dep_context=requeueable deps ti=<TaskInstance: etl_airflow.transform scheduled__2024-07-17T00:00:00+00:00 [queued]>
[2025-12-17T04:21:15.724+0000] {taskinstance.py:2170} INFO - Starting attempt 1 of 3
[2025-12-17T04:21:15.749+0000] {taskinstance.py:2191} INFO - Executing <Task(PythonOperator): transform> on 2024-07-17 00:00:00+00:00
[2025-12-17T04:21:15.760+0000] {standard_task_runner.py:60} INFO - Started process 1280 to run task
[2025-12-17T04:21:15.766+0000] {standard_task_runner.py:87} INFO - Running: ['***', 'tasks', 'run', 'etl_***', 'transform', 'scheduled__2024-07-17T00:00:00+00:00', '--job-id', '319', '--raw', '--subdir', 'DAGS_FOLDER/etl_***.py', '--cfg-path', '/tmp/tmpof_e_u8a']
[2025-12-17T04:21:15.770+0000] {standard_task_runner.py:88} INFO - Job 319: Subtask transform
[2025-12-17T04:21:15.903+0000] {task_command.py:423} INFO - Running <TaskInstance: etl_airflow.transform scheduled__2024-07-17T00:00:00+00:00 [running]> on host c5811fe183ca
[2025-12-17T04:21:16.387+0000] {taskinstance.py:2480} INFO - Exporting env vars: AIRFLOW_CTX_DAG_OWNER='***' AIRFLOW_CTX_DAG_ID='etl_***' AIRFLOW_CTX_TASK_ID='transform' AIRFLOW_CTX_EXECUTION_DATE='2024-07-17T00:00:00+00:00' AIRFLOW_CTX_TRY_NUMBER='1' AIRFLOW_CTX_DAG_RUN_ID='scheduled__2024-07-17T00:00:00+00:00'
[2025-12-17T04:21:16.394+0000] {taskinstance.py:2698} ERROR - Task failed with exception
Traceback (most recent call last):
  File "/home/airflow/.local/lib/python3.8/site-packages/airflow/models/taskinstance.py", line 433, in _execute_task
    result = execute_callable(context=context, **execute_callable_kwargs)
  File "/home/airflow/.local/lib/python3.8/site-packages/airflow/operators/python.py", line 199, in execute
    return_value = self.execute_callable()
  File "/home/airflow/.local/lib/python3.8/site-packages/airflow/operators/python.py", line 216, in execute_callable
    return self.python_callable(*self.op_args, **self.op_kwargs)
TypeError: transform_data() missing 1 required positional argument: 'df'
[2025-12-17T04:21:16.417+0000] {taskinstance.py:1138} INFO - Marking task as UP_FOR_RETRY. dag_id=etl_***, task_id=transform, execution_date=20240717T000000, start_date=20251217T042115, end_date=20251217T042116
[2025-12-17T04:21:16.646+0000] {standard_task_runner.py:107} ERROR - Failed to execute job 319 for task transform (transform_data() missing 1 required positional argument: 'df'; 1280)
[2025-12-17T04:21:16.690+0000] {local_task_job_runner.py:234} INFO - Task exited with return code 1
[2025-12-17T04:21:16.787+0000] {taskinstance.py:3280} INFO - 0 downstream tasks scheduled from follow-on schedule check
[2025-12-17T04:49:22.852+0000] {taskinstance.py:1956} INFO - Dependencies all met for dep_context=non-requeueable deps ti=<TaskInstance: etl_airflow.transform scheduled__2024-07-17T00:00:00+00:00 [queued]>
[2025-12-17T04:49:22.873+0000] {taskinstance.py:1956} INFO - Dependencies all met for dep_context=requeueable deps ti=<TaskInstance: etl_airflow.transform scheduled__2024-07-17T00:00:00+00:00 [queued]>
[2025-12-17T04:49:22.877+0000] {taskinstance.py:2170} INFO - Starting attempt 1 of 3
[2025-12-17T04:49:22.912+0000] {taskinstance.py:2191} INFO - Executing <Task(PythonOperator): transform> on 2024-07-17 00:00:00+00:00
[2025-12-17T04:49:22.924+0000] {standard_task_runner.py:60} INFO - Started process 2822 to run task
[2025-12-17T04:49:22.933+0000] {standard_task_runner.py:87} INFO - Running: ['***', 'tasks', 'run', 'etl_***', 'transform', 'scheduled__2024-07-17T00:00:00+00:00', '--job-id', '789', '--raw', '--subdir', 'DAGS_FOLDER/etl_***.py', '--cfg-path', '/tmp/tmpnw124x1b']
[2025-12-17T04:49:22.939+0000] {standard_task_runner.py:88} INFO - Job 789: Subtask transform
[2025-12-17T04:49:23.091+0000] {task_command.py:423} INFO - Running <TaskInstance: etl_airflow.transform scheduled__2024-07-17T00:00:00+00:00 [running]> on host b3426f05ac70
[2025-12-17T04:49:23.533+0000] {taskinstance.py:2480} INFO - Exporting env vars: AIRFLOW_CTX_DAG_OWNER='***' AIRFLOW_CTX_DAG_ID='etl_***' AIRFLOW_CTX_TASK_ID='transform' AIRFLOW_CTX_EXECUTION_DATE='2024-07-17T00:00:00+00:00' AIRFLOW_CTX_TRY_NUMBER='1' AIRFLOW_CTX_DAG_RUN_ID='scheduled__2024-07-17T00:00:00+00:00'
[2025-12-17T04:49:23.536+0000] {taskinstance.py:2698} ERROR - Task failed with exception
Traceback (most recent call last):
  File "/home/airflow/.local/lib/python3.8/site-packages/airflow/models/taskinstance.py", line 433, in _execute_task
    result = execute_callable(context=context, **execute_callable_kwargs)
  File "/home/airflow/.local/lib/python3.8/site-packages/airflow/operators/python.py", line 199, in execute
    return_value = self.execute_callable()
  File "/home/airflow/.local/lib/python3.8/site-packages/airflow/operators/python.py", line 216, in execute_callable
    return self.python_callable(*self.op_args, **self.op_kwargs)
TypeError: transform_data() missing 1 required positional argument: 'df'
[2025-12-17T04:49:23.551+0000] {taskinstance.py:1138} INFO - Marking task as UP_FOR_RETRY. dag_id=etl_***, task_id=transform, execution_date=20240717T000000, start_date=20251217T044922, end_date=20251217T044923
[2025-12-17T04:49:23.578+0000] {standard_task_runner.py:107} ERROR - Failed to execute job 789 for task transform (transform_data() missing 1 required positional argument: 'df'; 2822)
[2025-12-17T04:49:23.637+0000] {local_task_job_runner.py:234} INFO - Task exited with return code 1
[2025-12-17T04:49:23.676+0000] {taskinstance.py:3280} INFO - 0 downstream tasks scheduled from follow-on schedule check
[2025-12-17T07:43:06.208+0000] {taskinstance.py:1956} INFO - Dependencies all met for dep_context=non-requeueable deps ti=<TaskInstance: etl_airflow.transform scheduled__2024-07-17T00:00:00+00:00 [queued]>
[2025-12-17T07:43:06.252+0000] {taskinstance.py:1956} INFO - Dependencies all met for dep_context=requeueable deps ti=<TaskInstance: etl_airflow.transform scheduled__2024-07-17T00:00:00+00:00 [queued]>
[2025-12-17T07:43:06.253+0000] {taskinstance.py:2170} INFO - Starting attempt 1 of 3
[2025-12-17T07:43:06.291+0000] {taskinstance.py:2191} INFO - Executing <Task(PythonOperator): transform> on 2024-07-17 00:00:00+00:00
[2025-12-17T07:43:06.303+0000] {standard_task_runner.py:60} INFO - Started process 2906 to run task
[2025-12-17T07:43:06.310+0000] {standard_task_runner.py:87} INFO - Running: ['***', 'tasks', 'run', 'etl_***', 'transform', 'scheduled__2024-07-17T00:00:00+00:00', '--job-id', '793', '--raw', '--subdir', 'DAGS_FOLDER/etl_***.py', '--cfg-path', '/tmp/tmpizgtqst4']
[2025-12-17T07:43:06.315+0000] {standard_task_runner.py:88} INFO - Job 793: Subtask transform
[2025-12-17T07:43:06.471+0000] {task_command.py:423} INFO - Running <TaskInstance: etl_airflow.transform scheduled__2024-07-17T00:00:00+00:00 [running]> on host 2a0de06c8905
[2025-12-17T07:43:06.939+0000] {taskinstance.py:2480} INFO - Exporting env vars: AIRFLOW_CTX_DAG_OWNER='***' AIRFLOW_CTX_DAG_ID='etl_***' AIRFLOW_CTX_TASK_ID='transform' AIRFLOW_CTX_EXECUTION_DATE='2024-07-17T00:00:00+00:00' AIRFLOW_CTX_TRY_NUMBER='1' AIRFLOW_CTX_DAG_RUN_ID='scheduled__2024-07-17T00:00:00+00:00'
[2025-12-17T07:43:06.942+0000] {taskinstance.py:2698} ERROR - Task failed with exception
Traceback (most recent call last):
  File "/home/airflow/.local/lib/python3.8/site-packages/airflow/models/taskinstance.py", line 433, in _execute_task
    result = execute_callable(context=context, **execute_callable_kwargs)
  File "/home/airflow/.local/lib/python3.8/site-packages/airflow/operators/python.py", line 199, in execute
    return_value = self.execute_callable()
  File "/home/airflow/.local/lib/python3.8/site-packages/airflow/operators/python.py", line 216, in execute_callable
    return self.python_callable(*self.op_args, **self.op_kwargs)
TypeError: transform_data() missing 1 required positional argument: 'df'
[2025-12-17T07:43:06.962+0000] {taskinstance.py:1138} INFO - Marking task as UP_FOR_RETRY. dag_id=etl_***, task_id=transform, execution_date=20240717T000000, start_date=20251217T074306, end_date=20251217T074306
[2025-12-17T07:43:07.143+0000] {standard_task_runner.py:107} ERROR - Failed to execute job 793 for task transform (transform_data() missing 1 required positional argument: 'df'; 2906)
[2025-12-17T07:43:07.175+0000] {local_task_job_runner.py:234} INFO - Task exited with return code 1
[2025-12-17T07:43:07.235+0000] {taskinstance.py:3280} INFO - 0 downstream tasks scheduled from follow-on schedule check
