[2025-12-16T17:20:09.817+0000] {taskinstance.py:1956} INFO - Dependencies all met for dep_context=non-requeueable deps ti=<TaskInstance: etl_airflow.transform scheduled__2024-05-29T00:00:00+00:00 [queued]>
[2025-12-16T17:20:09.851+0000] {taskinstance.py:1956} INFO - Dependencies all met for dep_context=requeueable deps ti=<TaskInstance: etl_airflow.transform scheduled__2024-05-29T00:00:00+00:00 [queued]>
[2025-12-16T17:20:09.852+0000] {taskinstance.py:2170} INFO - Starting attempt 2 of 4
[2025-12-16T17:20:09.914+0000] {taskinstance.py:2191} INFO - Executing <Task(PythonOperator): transform> on 2024-05-29 00:00:00+00:00
[2025-12-16T17:20:09.954+0000] {standard_task_runner.py:60} INFO - Started process 4860 to run task
[2025-12-16T17:20:09.970+0000] {standard_task_runner.py:87} INFO - Running: ['***', 'tasks', 'run', 'etl_***', 'transform', 'scheduled__2024-05-29T00:00:00+00:00', '--job-id', '5613', '--raw', '--subdir', 'DAGS_FOLDER/etl_dag.py', '--cfg-path', '/tmp/tmpq1lhwjoc']
[2025-12-16T17:20:09.979+0000] {standard_task_runner.py:88} INFO - Job 5613: Subtask transform
[2025-12-16T17:20:10.222+0000] {task_command.py:423} INFO - Running <TaskInstance: etl_airflow.transform scheduled__2024-05-29T00:00:00+00:00 [running]> on host 3b89cfee50e9
[2025-12-16T17:20:10.579+0000] {taskinstance.py:2480} INFO - Exporting env vars: AIRFLOW_CTX_DAG_OWNER='***' AIRFLOW_CTX_DAG_ID='etl_***' AIRFLOW_CTX_TASK_ID='transform' AIRFLOW_CTX_EXECUTION_DATE='2024-05-29T00:00:00+00:00' AIRFLOW_CTX_TRY_NUMBER='2' AIRFLOW_CTX_DAG_RUN_ID='scheduled__2024-05-29T00:00:00+00:00'
[2025-12-16T17:20:10.583+0000] {logging_mixin.py:188} INFO - [TRANSFORM]
[2025-12-16T17:20:11.036+0000] {logging_mixin.py:188} INFO - [TRANSFORM] done
[2025-12-16T17:20:11.037+0000] {python.py:201} INFO - Done. Returned value was: None
[2025-12-16T17:20:11.069+0000] {taskinstance.py:1138} INFO - Marking task as SUCCESS. dag_id=etl_***, task_id=transform, execution_date=20240529T000000, start_date=20251216T172009, end_date=20251216T172011
[2025-12-16T17:20:11.150+0000] {local_task_job_runner.py:234} INFO - Task exited with return code 0
[2025-12-16T17:20:11.209+0000] {taskinstance.py:3280} INFO - 1 downstream tasks scheduled from follow-on schedule check
[2025-12-17T04:20:28.035+0000] {taskinstance.py:1956} INFO - Dependencies all met for dep_context=non-requeueable deps ti=<TaskInstance: etl_airflow.transform scheduled__2024-05-29T00:00:00+00:00 [queued]>
[2025-12-17T04:20:28.048+0000] {taskinstance.py:1956} INFO - Dependencies all met for dep_context=requeueable deps ti=<TaskInstance: etl_airflow.transform scheduled__2024-05-29T00:00:00+00:00 [queued]>
[2025-12-17T04:20:28.049+0000] {taskinstance.py:2170} INFO - Starting attempt 2 of 3
[2025-12-17T04:20:28.103+0000] {taskinstance.py:2191} INFO - Executing <Task(PythonOperator): transform> on 2024-05-29 00:00:00+00:00
[2025-12-17T04:20:28.122+0000] {standard_task_runner.py:60} INFO - Started process 1015 to run task
[2025-12-17T04:20:28.129+0000] {standard_task_runner.py:87} INFO - Running: ['***', 'tasks', 'run', 'etl_***', 'transform', 'scheduled__2024-05-29T00:00:00+00:00', '--job-id', '245', '--raw', '--subdir', 'DAGS_FOLDER/etl_***.py', '--cfg-path', '/tmp/tmp32s42l2o']
[2025-12-17T04:20:28.135+0000] {standard_task_runner.py:88} INFO - Job 245: Subtask transform
[2025-12-17T04:20:28.287+0000] {task_command.py:423} INFO - Running <TaskInstance: etl_airflow.transform scheduled__2024-05-29T00:00:00+00:00 [running]> on host c5811fe183ca
[2025-12-17T04:20:28.655+0000] {taskinstance.py:2480} INFO - Exporting env vars: AIRFLOW_CTX_DAG_OWNER='***' AIRFLOW_CTX_DAG_ID='etl_***' AIRFLOW_CTX_TASK_ID='transform' AIRFLOW_CTX_EXECUTION_DATE='2024-05-29T00:00:00+00:00' AIRFLOW_CTX_TRY_NUMBER='2' AIRFLOW_CTX_DAG_RUN_ID='scheduled__2024-05-29T00:00:00+00:00'
[2025-12-17T04:20:28.657+0000] {taskinstance.py:2698} ERROR - Task failed with exception
Traceback (most recent call last):
  File "/home/airflow/.local/lib/python3.8/site-packages/airflow/models/taskinstance.py", line 433, in _execute_task
    result = execute_callable(context=context, **execute_callable_kwargs)
  File "/home/airflow/.local/lib/python3.8/site-packages/airflow/operators/python.py", line 199, in execute
    return_value = self.execute_callable()
  File "/home/airflow/.local/lib/python3.8/site-packages/airflow/operators/python.py", line 216, in execute_callable
    return self.python_callable(*self.op_args, **self.op_kwargs)
TypeError: transform_data() missing 1 required positional argument: 'df'
[2025-12-17T04:20:28.672+0000] {taskinstance.py:1138} INFO - Marking task as UP_FOR_RETRY. dag_id=etl_***, task_id=transform, execution_date=20240529T000000, start_date=20251217T042028, end_date=20251217T042028
[2025-12-17T04:20:28.738+0000] {standard_task_runner.py:107} ERROR - Failed to execute job 245 for task transform (transform_data() missing 1 required positional argument: 'df'; 1015)
[2025-12-17T04:20:28.786+0000] {local_task_job_runner.py:234} INFO - Task exited with return code 1
[2025-12-17T04:20:29.011+0000] {taskinstance.py:3280} INFO - 0 downstream tasks scheduled from follow-on schedule check
[2025-12-17T04:47:51.339+0000] {taskinstance.py:1956} INFO - Dependencies all met for dep_context=non-requeueable deps ti=<TaskInstance: etl_airflow.transform scheduled__2024-05-29T00:00:00+00:00 [queued]>
[2025-12-17T04:47:51.352+0000] {taskinstance.py:1956} INFO - Dependencies all met for dep_context=requeueable deps ti=<TaskInstance: etl_airflow.transform scheduled__2024-05-29T00:00:00+00:00 [queued]>
[2025-12-17T04:47:51.353+0000] {taskinstance.py:2170} INFO - Starting attempt 2 of 3
[2025-12-17T04:47:51.375+0000] {taskinstance.py:2191} INFO - Executing <Task(PythonOperator): transform> on 2024-05-29 00:00:00+00:00
[2025-12-17T04:47:51.384+0000] {standard_task_runner.py:60} INFO - Started process 2237 to run task
[2025-12-17T04:47:51.390+0000] {standard_task_runner.py:87} INFO - Running: ['***', 'tasks', 'run', 'etl_***', 'transform', 'scheduled__2024-05-29T00:00:00+00:00', '--job-id', '614', '--raw', '--subdir', 'DAGS_FOLDER/etl_***.py', '--cfg-path', '/tmp/tmpl268wbxl']
[2025-12-17T04:47:51.394+0000] {standard_task_runner.py:88} INFO - Job 614: Subtask transform
[2025-12-17T04:47:51.509+0000] {task_command.py:423} INFO - Running <TaskInstance: etl_airflow.transform scheduled__2024-05-29T00:00:00+00:00 [running]> on host b3426f05ac70
[2025-12-17T04:47:51.858+0000] {taskinstance.py:2480} INFO - Exporting env vars: AIRFLOW_CTX_DAG_OWNER='***' AIRFLOW_CTX_DAG_ID='etl_***' AIRFLOW_CTX_TASK_ID='transform' AIRFLOW_CTX_EXECUTION_DATE='2024-05-29T00:00:00+00:00' AIRFLOW_CTX_TRY_NUMBER='2' AIRFLOW_CTX_DAG_RUN_ID='scheduled__2024-05-29T00:00:00+00:00'
[2025-12-17T04:47:51.863+0000] {taskinstance.py:2698} ERROR - Task failed with exception
Traceback (most recent call last):
  File "/home/airflow/.local/lib/python3.8/site-packages/airflow/models/taskinstance.py", line 433, in _execute_task
    result = execute_callable(context=context, **execute_callable_kwargs)
  File "/home/airflow/.local/lib/python3.8/site-packages/airflow/operators/python.py", line 199, in execute
    return_value = self.execute_callable()
  File "/home/airflow/.local/lib/python3.8/site-packages/airflow/operators/python.py", line 216, in execute_callable
    return self.python_callable(*self.op_args, **self.op_kwargs)
TypeError: transform_data() missing 1 required positional argument: 'df'
[2025-12-17T04:47:51.880+0000] {taskinstance.py:1138} INFO - Marking task as UP_FOR_RETRY. dag_id=etl_***, task_id=transform, execution_date=20240529T000000, start_date=20251217T044751, end_date=20251217T044751
[2025-12-17T04:47:51.908+0000] {standard_task_runner.py:107} ERROR - Failed to execute job 614 for task transform (transform_data() missing 1 required positional argument: 'df'; 2237)
[2025-12-17T04:47:51.966+0000] {local_task_job_runner.py:234} INFO - Task exited with return code 1
[2025-12-17T04:47:52.202+0000] {taskinstance.py:3280} INFO - 0 downstream tasks scheduled from follow-on schedule check
[2025-12-17T07:41:23.144+0000] {taskinstance.py:1956} INFO - Dependencies all met for dep_context=non-requeueable deps ti=<TaskInstance: etl_airflow.transform scheduled__2024-05-29T00:00:00+00:00 [queued]>
[2025-12-17T07:41:23.163+0000] {taskinstance.py:1956} INFO - Dependencies all met for dep_context=requeueable deps ti=<TaskInstance: etl_airflow.transform scheduled__2024-05-29T00:00:00+00:00 [queued]>
[2025-12-17T07:41:23.164+0000] {taskinstance.py:2170} INFO - Starting attempt 2 of 3
[2025-12-17T07:41:23.189+0000] {taskinstance.py:2191} INFO - Executing <Task(PythonOperator): transform> on 2024-05-29 00:00:00+00:00
[2025-12-17T07:41:23.198+0000] {standard_task_runner.py:60} INFO - Started process 2312 to run task
[2025-12-17T07:41:23.204+0000] {standard_task_runner.py:87} INFO - Running: ['***', 'tasks', 'run', 'etl_***', 'transform', 'scheduled__2024-05-29T00:00:00+00:00', '--job-id', '615', '--raw', '--subdir', 'DAGS_FOLDER/etl_***.py', '--cfg-path', '/tmp/tmptzb7jb3l']
[2025-12-17T07:41:23.209+0000] {standard_task_runner.py:88} INFO - Job 615: Subtask transform
[2025-12-17T07:41:23.332+0000] {task_command.py:423} INFO - Running <TaskInstance: etl_airflow.transform scheduled__2024-05-29T00:00:00+00:00 [running]> on host 2a0de06c8905
[2025-12-17T07:41:23.893+0000] {taskinstance.py:2480} INFO - Exporting env vars: AIRFLOW_CTX_DAG_OWNER='***' AIRFLOW_CTX_DAG_ID='etl_***' AIRFLOW_CTX_TASK_ID='transform' AIRFLOW_CTX_EXECUTION_DATE='2024-05-29T00:00:00+00:00' AIRFLOW_CTX_TRY_NUMBER='2' AIRFLOW_CTX_DAG_RUN_ID='scheduled__2024-05-29T00:00:00+00:00'
[2025-12-17T07:41:23.897+0000] {taskinstance.py:2698} ERROR - Task failed with exception
Traceback (most recent call last):
  File "/home/airflow/.local/lib/python3.8/site-packages/airflow/models/taskinstance.py", line 433, in _execute_task
    result = execute_callable(context=context, **execute_callable_kwargs)
  File "/home/airflow/.local/lib/python3.8/site-packages/airflow/operators/python.py", line 199, in execute
    return_value = self.execute_callable()
  File "/home/airflow/.local/lib/python3.8/site-packages/airflow/operators/python.py", line 216, in execute_callable
    return self.python_callable(*self.op_args, **self.op_kwargs)
TypeError: transform_data() missing 1 required positional argument: 'df'
[2025-12-17T07:41:23.916+0000] {taskinstance.py:1138} INFO - Marking task as UP_FOR_RETRY. dag_id=etl_***, task_id=transform, execution_date=20240529T000000, start_date=20251217T074123, end_date=20251217T074123
[2025-12-17T07:41:23.945+0000] {standard_task_runner.py:107} ERROR - Failed to execute job 615 for task transform (transform_data() missing 1 required positional argument: 'df'; 2312)
[2025-12-17T07:41:23.987+0000] {local_task_job_runner.py:234} INFO - Task exited with return code 1
[2025-12-17T07:41:24.033+0000] {taskinstance.py:3280} INFO - 0 downstream tasks scheduled from follow-on schedule check
