[2025-12-16T17:20:57.841+0000] {taskinstance.py:1956} INFO - Dependencies all met for dep_context=non-requeueable deps ti=<TaskInstance: etl_airflow.transform scheduled__2024-07-26T00:00:00+00:00 [queued]>
[2025-12-16T17:20:57.866+0000] {taskinstance.py:1956} INFO - Dependencies all met for dep_context=requeueable deps ti=<TaskInstance: etl_airflow.transform scheduled__2024-07-26T00:00:00+00:00 [queued]>
[2025-12-16T17:20:57.867+0000] {taskinstance.py:2170} INFO - Starting attempt 2 of 4
[2025-12-16T17:20:57.899+0000] {taskinstance.py:2191} INFO - Executing <Task(PythonOperator): transform> on 2024-07-26 00:00:00+00:00
[2025-12-16T17:20:57.918+0000] {standard_task_runner.py:60} INFO - Started process 5457 to run task
[2025-12-16T17:20:57.926+0000] {standard_task_runner.py:87} INFO - Running: ['***', 'tasks', 'run', 'etl_***', 'transform', 'scheduled__2024-07-26T00:00:00+00:00', '--job-id', '5806', '--raw', '--subdir', 'DAGS_FOLDER/etl_dag.py', '--cfg-path', '/tmp/tmpaq__727a']
[2025-12-16T17:20:57.935+0000] {standard_task_runner.py:88} INFO - Job 5806: Subtask transform
[2025-12-16T17:20:58.173+0000] {task_command.py:423} INFO - Running <TaskInstance: etl_airflow.transform scheduled__2024-07-26T00:00:00+00:00 [running]> on host 3b89cfee50e9
[2025-12-16T17:20:58.478+0000] {taskinstance.py:2480} INFO - Exporting env vars: AIRFLOW_CTX_DAG_OWNER='***' AIRFLOW_CTX_DAG_ID='etl_***' AIRFLOW_CTX_TASK_ID='transform' AIRFLOW_CTX_EXECUTION_DATE='2024-07-26T00:00:00+00:00' AIRFLOW_CTX_TRY_NUMBER='2' AIRFLOW_CTX_DAG_RUN_ID='scheduled__2024-07-26T00:00:00+00:00'
[2025-12-16T17:20:58.486+0000] {logging_mixin.py:188} INFO - [TRANSFORM]
[2025-12-16T17:20:59.074+0000] {logging_mixin.py:188} INFO - [TRANSFORM] done
[2025-12-16T17:20:59.077+0000] {python.py:201} INFO - Done. Returned value was: None
[2025-12-16T17:20:59.105+0000] {taskinstance.py:1138} INFO - Marking task as SUCCESS. dag_id=etl_***, task_id=transform, execution_date=20240726T000000, start_date=20251216T172057, end_date=20251216T172059
[2025-12-16T17:20:59.183+0000] {local_task_job_runner.py:234} INFO - Task exited with return code 0
[2025-12-16T17:20:59.319+0000] {taskinstance.py:3280} INFO - 0 downstream tasks scheduled from follow-on schedule check
[2025-12-17T04:21:30.144+0000] {taskinstance.py:1956} INFO - Dependencies all met for dep_context=non-requeueable deps ti=<TaskInstance: etl_airflow.transform scheduled__2024-07-26T00:00:00+00:00 [queued]>
[2025-12-17T04:21:30.156+0000] {taskinstance.py:1956} INFO - Dependencies all met for dep_context=requeueable deps ti=<TaskInstance: etl_airflow.transform scheduled__2024-07-26T00:00:00+00:00 [queued]>
[2025-12-17T04:21:30.157+0000] {taskinstance.py:2170} INFO - Starting attempt 2 of 3
[2025-12-17T04:21:30.180+0000] {taskinstance.py:2191} INFO - Executing <Task(PythonOperator): transform> on 2024-07-26 00:00:00+00:00
[2025-12-17T04:21:30.196+0000] {standard_task_runner.py:60} INFO - Started process 1360 to run task
[2025-12-17T04:21:30.205+0000] {standard_task_runner.py:87} INFO - Running: ['***', 'tasks', 'run', 'etl_***', 'transform', 'scheduled__2024-07-26T00:00:00+00:00', '--job-id', '349', '--raw', '--subdir', 'DAGS_FOLDER/etl_***.py', '--cfg-path', '/tmp/tmpsixc5lgs']
[2025-12-17T04:21:30.213+0000] {standard_task_runner.py:88} INFO - Job 349: Subtask transform
[2025-12-17T04:21:30.353+0000] {task_command.py:423} INFO - Running <TaskInstance: etl_airflow.transform scheduled__2024-07-26T00:00:00+00:00 [running]> on host c5811fe183ca
[2025-12-17T04:21:30.777+0000] {taskinstance.py:2480} INFO - Exporting env vars: AIRFLOW_CTX_DAG_OWNER='***' AIRFLOW_CTX_DAG_ID='etl_***' AIRFLOW_CTX_TASK_ID='transform' AIRFLOW_CTX_EXECUTION_DATE='2024-07-26T00:00:00+00:00' AIRFLOW_CTX_TRY_NUMBER='2' AIRFLOW_CTX_DAG_RUN_ID='scheduled__2024-07-26T00:00:00+00:00'
[2025-12-17T04:21:30.780+0000] {taskinstance.py:2698} ERROR - Task failed with exception
Traceback (most recent call last):
  File "/home/airflow/.local/lib/python3.8/site-packages/airflow/models/taskinstance.py", line 433, in _execute_task
    result = execute_callable(context=context, **execute_callable_kwargs)
  File "/home/airflow/.local/lib/python3.8/site-packages/airflow/operators/python.py", line 199, in execute
    return_value = self.execute_callable()
  File "/home/airflow/.local/lib/python3.8/site-packages/airflow/operators/python.py", line 216, in execute_callable
    return self.python_callable(*self.op_args, **self.op_kwargs)
TypeError: transform_data() missing 1 required positional argument: 'df'
[2025-12-17T04:21:30.792+0000] {taskinstance.py:1138} INFO - Marking task as UP_FOR_RETRY. dag_id=etl_***, task_id=transform, execution_date=20240726T000000, start_date=20251217T042130, end_date=20251217T042130
[2025-12-17T04:21:30.816+0000] {standard_task_runner.py:107} ERROR - Failed to execute job 349 for task transform (transform_data() missing 1 required positional argument: 'df'; 1360)
[2025-12-17T04:21:30.865+0000] {local_task_job_runner.py:234} INFO - Task exited with return code 1
[2025-12-17T04:21:30.978+0000] {taskinstance.py:3280} INFO - 0 downstream tasks scheduled from follow-on schedule check
[2025-12-17T04:49:39.373+0000] {taskinstance.py:1956} INFO - Dependencies all met for dep_context=non-requeueable deps ti=<TaskInstance: etl_airflow.transform scheduled__2024-07-26T00:00:00+00:00 [queued]>
[2025-12-17T04:49:39.392+0000] {taskinstance.py:1956} INFO - Dependencies all met for dep_context=requeueable deps ti=<TaskInstance: etl_airflow.transform scheduled__2024-07-26T00:00:00+00:00 [queued]>
[2025-12-17T04:49:39.393+0000] {taskinstance.py:2170} INFO - Starting attempt 2 of 3
[2025-12-17T04:49:39.423+0000] {taskinstance.py:2191} INFO - Executing <Task(PythonOperator): transform> on 2024-07-26 00:00:00+00:00
[2025-12-17T04:49:39.433+0000] {standard_task_runner.py:60} INFO - Started process 2911 to run task
[2025-12-17T04:49:39.439+0000] {standard_task_runner.py:87} INFO - Running: ['***', 'tasks', 'run', 'etl_***', 'transform', 'scheduled__2024-07-26T00:00:00+00:00', '--job-id', '817', '--raw', '--subdir', 'DAGS_FOLDER/etl_***.py', '--cfg-path', '/tmp/tmpiwqknme8']
[2025-12-17T04:49:39.444+0000] {standard_task_runner.py:88} INFO - Job 817: Subtask transform
[2025-12-17T04:49:39.597+0000] {task_command.py:423} INFO - Running <TaskInstance: etl_airflow.transform scheduled__2024-07-26T00:00:00+00:00 [running]> on host b3426f05ac70
[2025-12-17T04:49:40.062+0000] {taskinstance.py:2480} INFO - Exporting env vars: AIRFLOW_CTX_DAG_OWNER='***' AIRFLOW_CTX_DAG_ID='etl_***' AIRFLOW_CTX_TASK_ID='transform' AIRFLOW_CTX_EXECUTION_DATE='2024-07-26T00:00:00+00:00' AIRFLOW_CTX_TRY_NUMBER='2' AIRFLOW_CTX_DAG_RUN_ID='scheduled__2024-07-26T00:00:00+00:00'
[2025-12-17T04:49:40.067+0000] {taskinstance.py:2698} ERROR - Task failed with exception
Traceback (most recent call last):
  File "/home/airflow/.local/lib/python3.8/site-packages/airflow/models/taskinstance.py", line 433, in _execute_task
    result = execute_callable(context=context, **execute_callable_kwargs)
  File "/home/airflow/.local/lib/python3.8/site-packages/airflow/operators/python.py", line 199, in execute
    return_value = self.execute_callable()
  File "/home/airflow/.local/lib/python3.8/site-packages/airflow/operators/python.py", line 216, in execute_callable
    return self.python_callable(*self.op_args, **self.op_kwargs)
TypeError: transform_data() missing 1 required positional argument: 'df'
[2025-12-17T04:49:40.082+0000] {taskinstance.py:1138} INFO - Marking task as UP_FOR_RETRY. dag_id=etl_***, task_id=transform, execution_date=20240726T000000, start_date=20251217T044939, end_date=20251217T044940
[2025-12-17T04:49:40.107+0000] {standard_task_runner.py:107} ERROR - Failed to execute job 817 for task transform (transform_data() missing 1 required positional argument: 'df'; 2911)
[2025-12-17T04:49:40.138+0000] {local_task_job_runner.py:234} INFO - Task exited with return code 1
[2025-12-17T04:49:40.216+0000] {taskinstance.py:3280} INFO - 0 downstream tasks scheduled from follow-on schedule check
[2025-12-17T07:43:57.399+0000] {taskinstance.py:1956} INFO - Dependencies all met for dep_context=non-requeueable deps ti=<TaskInstance: etl_airflow.transform scheduled__2024-07-26T00:00:00+00:00 [queued]>
[2025-12-17T07:43:57.415+0000] {taskinstance.py:1956} INFO - Dependencies all met for dep_context=requeueable deps ti=<TaskInstance: etl_airflow.transform scheduled__2024-07-26T00:00:00+00:00 [queued]>
[2025-12-17T07:43:57.416+0000] {taskinstance.py:2170} INFO - Starting attempt 2 of 3
[2025-12-17T07:43:57.436+0000] {taskinstance.py:2191} INFO - Executing <Task(PythonOperator): transform> on 2024-07-26 00:00:00+00:00
[2025-12-17T07:43:57.449+0000] {standard_task_runner.py:60} INFO - Started process 3152 to run task
[2025-12-17T07:43:57.454+0000] {standard_task_runner.py:87} INFO - Running: ['***', 'tasks', 'run', 'etl_***', 'transform', 'scheduled__2024-07-26T00:00:00+00:00', '--job-id', '867', '--raw', '--subdir', 'DAGS_FOLDER/etl_***.py', '--cfg-path', '/tmp/tmpg_jv8kyt']
[2025-12-17T07:43:57.458+0000] {standard_task_runner.py:88} INFO - Job 867: Subtask transform
[2025-12-17T07:43:57.572+0000] {task_command.py:423} INFO - Running <TaskInstance: etl_airflow.transform scheduled__2024-07-26T00:00:00+00:00 [running]> on host 2a0de06c8905
[2025-12-17T07:43:58.029+0000] {taskinstance.py:2480} INFO - Exporting env vars: AIRFLOW_CTX_DAG_OWNER='***' AIRFLOW_CTX_DAG_ID='etl_***' AIRFLOW_CTX_TASK_ID='transform' AIRFLOW_CTX_EXECUTION_DATE='2024-07-26T00:00:00+00:00' AIRFLOW_CTX_TRY_NUMBER='2' AIRFLOW_CTX_DAG_RUN_ID='scheduled__2024-07-26T00:00:00+00:00'
[2025-12-17T07:43:58.032+0000] {taskinstance.py:2698} ERROR - Task failed with exception
Traceback (most recent call last):
  File "/home/airflow/.local/lib/python3.8/site-packages/airflow/models/taskinstance.py", line 433, in _execute_task
    result = execute_callable(context=context, **execute_callable_kwargs)
  File "/home/airflow/.local/lib/python3.8/site-packages/airflow/operators/python.py", line 199, in execute
    return_value = self.execute_callable()
  File "/home/airflow/.local/lib/python3.8/site-packages/airflow/operators/python.py", line 216, in execute_callable
    return self.python_callable(*self.op_args, **self.op_kwargs)
TypeError: transform_data() missing 1 required positional argument: 'df'
[2025-12-17T07:43:58.046+0000] {taskinstance.py:1138} INFO - Marking task as UP_FOR_RETRY. dag_id=etl_***, task_id=transform, execution_date=20240726T000000, start_date=20251217T074357, end_date=20251217T074358
[2025-12-17T07:43:58.070+0000] {standard_task_runner.py:107} ERROR - Failed to execute job 867 for task transform (transform_data() missing 1 required positional argument: 'df'; 3152)
[2025-12-17T07:43:58.111+0000] {local_task_job_runner.py:234} INFO - Task exited with return code 1
[2025-12-17T07:43:58.474+0000] {taskinstance.py:3280} INFO - 0 downstream tasks scheduled from follow-on schedule check
