[2025-12-16T17:08:36.945+0000] {taskinstance.py:1956} INFO - Dependencies all met for dep_context=non-requeueable deps ti=<TaskInstance: etl_airflow.transform scheduled__2025-04-07T00:00:00+00:00 [queued]>
[2025-12-16T17:08:36.963+0000] {taskinstance.py:1956} INFO - Dependencies all met for dep_context=requeueable deps ti=<TaskInstance: etl_airflow.transform scheduled__2025-04-07T00:00:00+00:00 [queued]>
[2025-12-16T17:08:36.964+0000] {taskinstance.py:2170} INFO - Starting attempt 1 of 3
[2025-12-16T17:08:36.985+0000] {taskinstance.py:2191} INFO - Executing <Task(PythonOperator): transform> on 2025-04-07 00:00:00+00:00
[2025-12-16T17:08:36.993+0000] {standard_task_runner.py:60} INFO - Started process 2053 to run task
[2025-12-16T17:08:36.997+0000] {standard_task_runner.py:87} INFO - Running: ['***', 'tasks', 'run', 'etl_***', 'transform', 'scheduled__2025-04-07T00:00:00+00:00', '--job-id', '3547', '--raw', '--subdir', 'DAGS_FOLDER/etl_dag.py', '--cfg-path', '/tmp/tmpp_67x3l0']
[2025-12-16T17:08:37.001+0000] {standard_task_runner.py:88} INFO - Job 3547: Subtask transform
[2025-12-16T17:08:37.122+0000] {task_command.py:423} INFO - Running <TaskInstance: etl_airflow.transform scheduled__2025-04-07T00:00:00+00:00 [running]> on host db658e834d9d
[2025-12-16T17:08:37.253+0000] {taskinstance.py:2480} INFO - Exporting env vars: AIRFLOW_CTX_DAG_OWNER='***' AIRFLOW_CTX_DAG_ID='etl_***' AIRFLOW_CTX_TASK_ID='transform' AIRFLOW_CTX_EXECUTION_DATE='2025-04-07T00:00:00+00:00' AIRFLOW_CTX_TRY_NUMBER='1' AIRFLOW_CTX_DAG_RUN_ID='scheduled__2025-04-07T00:00:00+00:00'
[2025-12-16T17:08:37.256+0000] {logging_mixin.py:188} INFO - [TRANSFORM]
[2025-12-16T17:08:37.271+0000] {taskinstance.py:2698} ERROR - Task failed with exception
Traceback (most recent call last):
  File "/home/airflow/.local/lib/python3.8/site-packages/airflow/models/taskinstance.py", line 433, in _execute_task
    result = execute_callable(context=context, **execute_callable_kwargs)
  File "/home/airflow/.local/lib/python3.8/site-packages/airflow/operators/python.py", line 199, in execute
    return_value = self.execute_callable()
  File "/home/airflow/.local/lib/python3.8/site-packages/airflow/operators/python.py", line 216, in execute_callable
    return self.python_callable(*self.op_args, **self.op_kwargs)
  File "/opt/airflow/etl_logic/pipeline.py", line 113, in transform_data
    df.to_csv(OUTPUT_PATH, index=False)
  File "/home/airflow/.local/lib/python3.8/site-packages/pandas/core/generic.py", line 3772, in to_csv
    return DataFrameRenderer(formatter).to_csv(
  File "/home/airflow/.local/lib/python3.8/site-packages/pandas/io/formats/format.py", line 1186, in to_csv
    csv_formatter.save()
  File "/home/airflow/.local/lib/python3.8/site-packages/pandas/io/formats/csvs.py", line 240, in save
    with get_handle(
  File "/home/airflow/.local/lib/python3.8/site-packages/pandas/io/common.py", line 737, in get_handle
    check_parent_directory(str(handle))
  File "/home/airflow/.local/lib/python3.8/site-packages/pandas/io/common.py", line 600, in check_parent_directory
    raise OSError(rf"Cannot save file into a non-existent directory: '{parent}'")
OSError: Cannot save file into a non-existent directory: 'E:\GPP\Task_4\comparative-data-orchestrationirflow\data'
[2025-12-16T17:08:37.296+0000] {taskinstance.py:1138} INFO - Marking task as UP_FOR_RETRY. dag_id=etl_***, task_id=transform, execution_date=20250407T000000, start_date=20251216T170836, end_date=20251216T170837
[2025-12-16T17:08:37.316+0000] {standard_task_runner.py:107} ERROR - Failed to execute job 3547 for task transform (Cannot save file into a non-existent directory: 'E:\GPP\Task_4\comparative-data-orchestrationirflow\data'; 2053)
[2025-12-16T17:08:37.332+0000] {local_task_job_runner.py:234} INFO - Task exited with return code 1
[2025-12-16T17:08:37.362+0000] {taskinstance.py:3280} INFO - 0 downstream tasks scheduled from follow-on schedule check
[2025-12-17T01:58:08.772+0000] {taskinstance.py:1956} INFO - Dependencies all met for dep_context=non-requeueable deps ti=<TaskInstance: etl_airflow.transform scheduled__2025-04-07T00:00:00+00:00 [queued]>
[2025-12-17T01:58:08.793+0000] {taskinstance.py:1956} INFO - Dependencies all met for dep_context=requeueable deps ti=<TaskInstance: etl_airflow.transform scheduled__2025-04-07T00:00:00+00:00 [queued]>
[2025-12-17T01:58:08.794+0000] {taskinstance.py:2170} INFO - Starting attempt 1 of 3
[2025-12-17T01:58:09.120+0000] {taskinstance.py:2191} INFO - Executing <Task(PythonOperator): transform> on 2025-04-07 00:00:00+00:00
[2025-12-17T01:58:09.146+0000] {standard_task_runner.py:60} INFO - Started process 4697 to run task
[2025-12-17T01:58:09.159+0000] {standard_task_runner.py:87} INFO - Running: ['***', 'tasks', 'run', 'etl_***', 'transform', 'scheduled__2025-04-07T00:00:00+00:00', '--job-id', '1410', '--raw', '--subdir', 'DAGS_FOLDER/etl_dag.py', '--cfg-path', '/tmp/tmpaolobmwb']
[2025-12-17T01:58:09.170+0000] {standard_task_runner.py:88} INFO - Job 1410: Subtask transform
[2025-12-17T01:58:09.340+0000] {task_command.py:423} INFO - Running <TaskInstance: etl_airflow.transform scheduled__2025-04-07T00:00:00+00:00 [running]> on host 571e042550da
[2025-12-17T01:58:09.800+0000] {taskinstance.py:2480} INFO - Exporting env vars: AIRFLOW_CTX_DAG_OWNER='***' AIRFLOW_CTX_DAG_ID='etl_***' AIRFLOW_CTX_TASK_ID='transform' AIRFLOW_CTX_EXECUTION_DATE='2025-04-07T00:00:00+00:00' AIRFLOW_CTX_TRY_NUMBER='1' AIRFLOW_CTX_DAG_RUN_ID='scheduled__2025-04-07T00:00:00+00:00'
[2025-12-17T01:58:09.803+0000] {logging_mixin.py:188} INFO - [TRANSFORM]
[2025-12-17T01:58:09.851+0000] {logging_mixin.py:188} INFO - [TRANSFORM] done
[2025-12-17T01:58:09.853+0000] {python.py:201} INFO - Done. Returned value was: None
[2025-12-17T01:58:09.877+0000] {taskinstance.py:1138} INFO - Marking task as SUCCESS. dag_id=etl_***, task_id=transform, execution_date=20250407T000000, start_date=20251217T015808, end_date=20251217T015809
[2025-12-17T01:58:09.950+0000] {local_task_job_runner.py:234} INFO - Task exited with return code 0
[2025-12-17T01:58:10.168+0000] {taskinstance.py:3280} INFO - 0 downstream tasks scheduled from follow-on schedule check
[2025-12-17T04:58:43.517+0000] {taskinstance.py:1956} INFO - Dependencies all met for dep_context=non-requeueable deps ti=<TaskInstance: etl_airflow.transform scheduled__2025-04-07T00:00:00+00:00 [queued]>
[2025-12-17T04:58:43.541+0000] {taskinstance.py:1956} INFO - Dependencies all met for dep_context=requeueable deps ti=<TaskInstance: etl_airflow.transform scheduled__2025-04-07T00:00:00+00:00 [queued]>
[2025-12-17T04:58:43.543+0000] {taskinstance.py:2170} INFO - Starting attempt 1 of 3
[2025-12-17T04:58:43.571+0000] {taskinstance.py:2191} INFO - Executing <Task(PythonOperator): transform> on 2025-04-07 00:00:00+00:00
[2025-12-17T04:58:43.589+0000] {standard_task_runner.py:60} INFO - Started process 6231 to run task
[2025-12-17T04:58:43.597+0000] {standard_task_runner.py:87} INFO - Running: ['***', 'tasks', 'run', 'etl_***', 'transform', 'scheduled__2025-04-07T00:00:00+00:00', '--job-id', '1825', '--raw', '--subdir', 'DAGS_FOLDER/etl_***.py', '--cfg-path', '/tmp/tmpw32uazfc']
[2025-12-17T04:58:43.601+0000] {standard_task_runner.py:88} INFO - Job 1825: Subtask transform
[2025-12-17T04:58:43.711+0000] {task_command.py:423} INFO - Running <TaskInstance: etl_airflow.transform scheduled__2025-04-07T00:00:00+00:00 [running]> on host b3426f05ac70
[2025-12-17T04:58:44.070+0000] {taskinstance.py:2480} INFO - Exporting env vars: AIRFLOW_CTX_DAG_OWNER='***' AIRFLOW_CTX_DAG_ID='etl_***' AIRFLOW_CTX_TASK_ID='transform' AIRFLOW_CTX_EXECUTION_DATE='2025-04-07T00:00:00+00:00' AIRFLOW_CTX_TRY_NUMBER='1' AIRFLOW_CTX_DAG_RUN_ID='scheduled__2025-04-07T00:00:00+00:00'
[2025-12-17T04:58:44.074+0000] {taskinstance.py:2698} ERROR - Task failed with exception
Traceback (most recent call last):
  File "/home/airflow/.local/lib/python3.8/site-packages/airflow/models/taskinstance.py", line 433, in _execute_task
    result = execute_callable(context=context, **execute_callable_kwargs)
  File "/home/airflow/.local/lib/python3.8/site-packages/airflow/operators/python.py", line 199, in execute
    return_value = self.execute_callable()
  File "/home/airflow/.local/lib/python3.8/site-packages/airflow/operators/python.py", line 216, in execute_callable
    return self.python_callable(*self.op_args, **self.op_kwargs)
TypeError: transform_data() missing 1 required positional argument: 'df'
[2025-12-17T04:58:44.085+0000] {taskinstance.py:1138} INFO - Marking task as UP_FOR_RETRY. dag_id=etl_***, task_id=transform, execution_date=20250407T000000, start_date=20251217T045843, end_date=20251217T045844
[2025-12-17T04:58:44.121+0000] {standard_task_runner.py:107} ERROR - Failed to execute job 1825 for task transform (transform_data() missing 1 required positional argument: 'df'; 6231)
[2025-12-17T04:58:44.175+0000] {local_task_job_runner.py:234} INFO - Task exited with return code 1
[2025-12-17T04:58:44.270+0000] {taskinstance.py:3280} INFO - 0 downstream tasks scheduled from follow-on schedule check
