[2025-12-16T17:21:11.001+0000] {taskinstance.py:1956} INFO - Dependencies all met for dep_context=non-requeueable deps ti=<TaskInstance: etl_airflow.transform scheduled__2024-01-07T00:00:00+00:00 [queued]>
[2025-12-16T17:21:11.063+0000] {taskinstance.py:1956} INFO - Dependencies all met for dep_context=requeueable deps ti=<TaskInstance: etl_airflow.transform scheduled__2024-01-07T00:00:00+00:00 [queued]>
[2025-12-16T17:21:11.075+0000] {taskinstance.py:2170} INFO - Starting attempt 3 of 5
[2025-12-16T17:21:11.171+0000] {taskinstance.py:2191} INFO - Executing <Task(PythonOperator): transform> on 2024-01-07 00:00:00+00:00
[2025-12-16T17:21:11.221+0000] {standard_task_runner.py:60} INFO - Started process 5602 to run task
[2025-12-16T17:21:11.225+0000] {standard_task_runner.py:87} INFO - Running: ['***', 'tasks', 'run', 'etl_***', 'transform', 'scheduled__2024-01-07T00:00:00+00:00', '--job-id', '5850', '--raw', '--subdir', 'DAGS_FOLDER/etl_dag.py', '--cfg-path', '/tmp/tmp4h39v8ol']
[2025-12-16T17:21:11.266+0000] {standard_task_runner.py:88} INFO - Job 5850: Subtask transform
[2025-12-16T17:21:11.614+0000] {task_command.py:423} INFO - Running <TaskInstance: etl_airflow.transform scheduled__2024-01-07T00:00:00+00:00 [running]> on host 3b89cfee50e9
[2025-12-16T17:21:12.024+0000] {taskinstance.py:2480} INFO - Exporting env vars: AIRFLOW_CTX_DAG_OWNER='***' AIRFLOW_CTX_DAG_ID='etl_***' AIRFLOW_CTX_TASK_ID='transform' AIRFLOW_CTX_EXECUTION_DATE='2024-01-07T00:00:00+00:00' AIRFLOW_CTX_TRY_NUMBER='3' AIRFLOW_CTX_DAG_RUN_ID='scheduled__2024-01-07T00:00:00+00:00'
[2025-12-16T17:21:12.030+0000] {logging_mixin.py:188} INFO - [TRANSFORM]
[2025-12-16T17:21:12.123+0000] {logging_mixin.py:188} INFO - [TRANSFORM] done
[2025-12-16T17:21:12.130+0000] {python.py:201} INFO - Done. Returned value was: None
[2025-12-16T17:21:12.559+0000] {taskinstance.py:1138} INFO - Marking task as SUCCESS. dag_id=etl_***, task_id=transform, execution_date=20240107T000000, start_date=20251216T172111, end_date=20251216T172112
[2025-12-16T17:21:12.639+0000] {local_task_job_runner.py:234} INFO - Task exited with return code 0
[2025-12-16T17:21:12.892+0000] {taskinstance.py:3280} INFO - 0 downstream tasks scheduled from follow-on schedule check
[2025-12-17T04:42:49.191+0000] {taskinstance.py:1956} INFO - Dependencies all met for dep_context=non-requeueable deps ti=<TaskInstance: etl_airflow.transform scheduled__2024-01-07T00:00:00+00:00 [queued]>
[2025-12-17T04:42:49.205+0000] {taskinstance.py:1956} INFO - Dependencies all met for dep_context=requeueable deps ti=<TaskInstance: etl_airflow.transform scheduled__2024-01-07T00:00:00+00:00 [queued]>
[2025-12-17T04:42:49.206+0000] {taskinstance.py:2170} INFO - Starting attempt 3 of 3
[2025-12-17T04:42:49.223+0000] {taskinstance.py:2191} INFO - Executing <Task(PythonOperator): transform> on 2024-01-07 00:00:00+00:00
[2025-12-17T04:42:49.230+0000] {standard_task_runner.py:60} INFO - Started process 402 to run task
[2025-12-17T04:42:49.235+0000] {standard_task_runner.py:87} INFO - Running: ['***', 'tasks', 'run', 'etl_***', 'transform', 'scheduled__2024-01-07T00:00:00+00:00', '--job-id', '51', '--raw', '--subdir', 'DAGS_FOLDER/etl_***.py', '--cfg-path', '/tmp/tmpg32glyez']
[2025-12-17T04:42:49.238+0000] {standard_task_runner.py:88} INFO - Job 51: Subtask transform
[2025-12-17T04:42:49.355+0000] {task_command.py:423} INFO - Running <TaskInstance: etl_airflow.transform scheduled__2024-01-07T00:00:00+00:00 [running]> on host b3426f05ac70
[2025-12-17T04:42:49.772+0000] {taskinstance.py:2480} INFO - Exporting env vars: AIRFLOW_CTX_DAG_OWNER='***' AIRFLOW_CTX_DAG_ID='etl_***' AIRFLOW_CTX_TASK_ID='transform' AIRFLOW_CTX_EXECUTION_DATE='2024-01-07T00:00:00+00:00' AIRFLOW_CTX_TRY_NUMBER='3' AIRFLOW_CTX_DAG_RUN_ID='scheduled__2024-01-07T00:00:00+00:00'
[2025-12-17T04:42:49.775+0000] {taskinstance.py:2698} ERROR - Task failed with exception
Traceback (most recent call last):
  File "/home/airflow/.local/lib/python3.8/site-packages/airflow/models/taskinstance.py", line 433, in _execute_task
    result = execute_callable(context=context, **execute_callable_kwargs)
  File "/home/airflow/.local/lib/python3.8/site-packages/airflow/operators/python.py", line 199, in execute
    return_value = self.execute_callable()
  File "/home/airflow/.local/lib/python3.8/site-packages/airflow/operators/python.py", line 216, in execute_callable
    return self.python_callable(*self.op_args, **self.op_kwargs)
TypeError: transform_data() missing 1 required positional argument: 'df'
[2025-12-17T04:42:49.787+0000] {taskinstance.py:1138} INFO - Marking task as FAILED. dag_id=etl_***, task_id=transform, execution_date=20240107T000000, start_date=20251217T044249, end_date=20251217T044249
[2025-12-17T04:42:49.803+0000] {standard_task_runner.py:107} ERROR - Failed to execute job 51 for task transform (transform_data() missing 1 required positional argument: 'df'; 402)
[2025-12-17T04:42:49.852+0000] {local_task_job_runner.py:234} INFO - Task exited with return code 1
[2025-12-17T04:42:49.984+0000] {taskinstance.py:3280} INFO - 0 downstream tasks scheduled from follow-on schedule check
[2025-12-17T07:35:47.726+0000] {taskinstance.py:1956} INFO - Dependencies all met for dep_context=non-requeueable deps ti=<TaskInstance: etl_airflow.transform scheduled__2024-01-07T00:00:00+00:00 [queued]>
[2025-12-17T07:35:47.748+0000] {taskinstance.py:1956} INFO - Dependencies all met for dep_context=requeueable deps ti=<TaskInstance: etl_airflow.transform scheduled__2024-01-07T00:00:00+00:00 [queued]>
[2025-12-17T07:35:47.750+0000] {taskinstance.py:2170} INFO - Starting attempt 3 of 3
[2025-12-17T07:35:47.778+0000] {taskinstance.py:2191} INFO - Executing <Task(PythonOperator): transform> on 2024-01-07 00:00:00+00:00
[2025-12-17T07:35:47.791+0000] {standard_task_runner.py:60} INFO - Started process 459 to run task
[2025-12-17T07:35:47.800+0000] {standard_task_runner.py:87} INFO - Running: ['***', 'tasks', 'run', 'etl_***', 'transform', 'scheduled__2024-01-07T00:00:00+00:00', '--job-id', '56', '--raw', '--subdir', 'DAGS_FOLDER/etl_***.py', '--cfg-path', '/tmp/tmpsn5h3tdt']
[2025-12-17T07:35:47.806+0000] {standard_task_runner.py:88} INFO - Job 56: Subtask transform
[2025-12-17T07:35:47.972+0000] {task_command.py:423} INFO - Running <TaskInstance: etl_airflow.transform scheduled__2024-01-07T00:00:00+00:00 [running]> on host 2a0de06c8905
[2025-12-17T07:35:48.676+0000] {taskinstance.py:2480} INFO - Exporting env vars: AIRFLOW_CTX_DAG_OWNER='***' AIRFLOW_CTX_DAG_ID='etl_***' AIRFLOW_CTX_TASK_ID='transform' AIRFLOW_CTX_EXECUTION_DATE='2024-01-07T00:00:00+00:00' AIRFLOW_CTX_TRY_NUMBER='3' AIRFLOW_CTX_DAG_RUN_ID='scheduled__2024-01-07T00:00:00+00:00'
[2025-12-17T07:35:48.685+0000] {taskinstance.py:2698} ERROR - Task failed with exception
Traceback (most recent call last):
  File "/home/airflow/.local/lib/python3.8/site-packages/airflow/models/taskinstance.py", line 433, in _execute_task
    result = execute_callable(context=context, **execute_callable_kwargs)
  File "/home/airflow/.local/lib/python3.8/site-packages/airflow/operators/python.py", line 199, in execute
    return_value = self.execute_callable()
  File "/home/airflow/.local/lib/python3.8/site-packages/airflow/operators/python.py", line 216, in execute_callable
    return self.python_callable(*self.op_args, **self.op_kwargs)
TypeError: transform_data() missing 1 required positional argument: 'df'
[2025-12-17T07:35:48.703+0000] {taskinstance.py:1138} INFO - Marking task as FAILED. dag_id=etl_***, task_id=transform, execution_date=20240107T000000, start_date=20251217T073547, end_date=20251217T073548
[2025-12-17T07:35:48.736+0000] {standard_task_runner.py:107} ERROR - Failed to execute job 56 for task transform (transform_data() missing 1 required positional argument: 'df'; 459)
[2025-12-17T07:35:48.796+0000] {local_task_job_runner.py:234} INFO - Task exited with return code 1
[2025-12-17T07:35:49.226+0000] {taskinstance.py:3280} INFO - 0 downstream tasks scheduled from follow-on schedule check
