[2025-12-17T04:52:41.031+0000] {taskinstance.py:1956} INFO - Dependencies all met for dep_context=non-requeueable deps ti=<TaskInstance: etl_airflow.transform scheduled__2024-10-02T00:00:00+00:00 [queued]>
[2025-12-17T04:52:41.044+0000] {taskinstance.py:1956} INFO - Dependencies all met for dep_context=requeueable deps ti=<TaskInstance: etl_airflow.transform scheduled__2024-10-02T00:00:00+00:00 [queued]>
[2025-12-17T04:52:41.045+0000] {taskinstance.py:2170} INFO - Starting attempt 3 of 3
[2025-12-17T04:52:41.062+0000] {taskinstance.py:2191} INFO - Executing <Task(PythonOperator): transform> on 2024-10-02 00:00:00+00:00
[2025-12-17T04:52:41.070+0000] {standard_task_runner.py:60} INFO - Started process 3999 to run task
[2025-12-17T04:52:41.075+0000] {standard_task_runner.py:87} INFO - Running: ['***', 'tasks', 'run', 'etl_***', 'transform', 'scheduled__2024-10-02T00:00:00+00:00', '--job-id', '1143', '--raw', '--subdir', 'DAGS_FOLDER/etl_***.py', '--cfg-path', '/tmp/tmpb3r2tcpw']
[2025-12-17T04:52:41.078+0000] {standard_task_runner.py:88} INFO - Job 1143: Subtask transform
[2025-12-17T04:52:41.195+0000] {task_command.py:423} INFO - Running <TaskInstance: etl_airflow.transform scheduled__2024-10-02T00:00:00+00:00 [running]> on host b3426f05ac70
[2025-12-17T04:52:41.586+0000] {taskinstance.py:2480} INFO - Exporting env vars: AIRFLOW_CTX_DAG_OWNER='***' AIRFLOW_CTX_DAG_ID='etl_***' AIRFLOW_CTX_TASK_ID='transform' AIRFLOW_CTX_EXECUTION_DATE='2024-10-02T00:00:00+00:00' AIRFLOW_CTX_TRY_NUMBER='3' AIRFLOW_CTX_DAG_RUN_ID='scheduled__2024-10-02T00:00:00+00:00'
[2025-12-17T04:52:41.589+0000] {taskinstance.py:2698} ERROR - Task failed with exception
Traceback (most recent call last):
  File "/home/airflow/.local/lib/python3.8/site-packages/airflow/models/taskinstance.py", line 433, in _execute_task
    result = execute_callable(context=context, **execute_callable_kwargs)
  File "/home/airflow/.local/lib/python3.8/site-packages/airflow/operators/python.py", line 199, in execute
    return_value = self.execute_callable()
  File "/home/airflow/.local/lib/python3.8/site-packages/airflow/operators/python.py", line 216, in execute_callable
    return self.python_callable(*self.op_args, **self.op_kwargs)
TypeError: transform_data() missing 1 required positional argument: 'df'
[2025-12-17T04:52:41.602+0000] {taskinstance.py:1138} INFO - Marking task as FAILED. dag_id=etl_***, task_id=transform, execution_date=20241002T000000, start_date=20251217T045241, end_date=20251217T045241
[2025-12-17T04:52:41.622+0000] {standard_task_runner.py:107} ERROR - Failed to execute job 1143 for task transform (transform_data() missing 1 required positional argument: 'df'; 3999)
[2025-12-17T04:52:41.652+0000] {local_task_job_runner.py:234} INFO - Task exited with return code 1
[2025-12-17T04:52:41.839+0000] {taskinstance.py:3280} INFO - 0 downstream tasks scheduled from follow-on schedule check
[2025-12-17T07:57:45.402+0000] {taskinstance.py:1956} INFO - Dependencies all met for dep_context=non-requeueable deps ti=<TaskInstance: etl_airflow.transform scheduled__2024-10-02T00:00:00+00:00 [queued]>
[2025-12-17T07:57:45.434+0000] {taskinstance.py:1956} INFO - Dependencies all met for dep_context=requeueable deps ti=<TaskInstance: etl_airflow.transform scheduled__2024-10-02T00:00:00+00:00 [queued]>
[2025-12-17T07:57:45.439+0000] {taskinstance.py:2170} INFO - Starting attempt 3 of 3
[2025-12-17T07:57:45.487+0000] {taskinstance.py:2191} INFO - Executing <Task(PythonOperator): transform> on 2024-10-02 00:00:00+00:00
[2025-12-17T07:57:45.501+0000] {standard_task_runner.py:60} INFO - Started process 4090 to run task
[2025-12-17T07:57:45.507+0000] {standard_task_runner.py:87} INFO - Running: ['***', 'tasks', 'run', 'etl_***', 'transform', 'scheduled__2024-10-02T00:00:00+00:00', '--job-id', '1146', '--raw', '--subdir', 'DAGS_FOLDER/etl_***.py', '--cfg-path', '/tmp/tmp07qdbl_x']
[2025-12-17T07:57:45.513+0000] {standard_task_runner.py:88} INFO - Job 1146: Subtask transform
[2025-12-17T07:57:45.683+0000] {task_command.py:423} INFO - Running <TaskInstance: etl_airflow.transform scheduled__2024-10-02T00:00:00+00:00 [running]> on host 2a0de06c8905
[2025-12-17T07:57:46.184+0000] {taskinstance.py:2480} INFO - Exporting env vars: AIRFLOW_CTX_DAG_OWNER='***' AIRFLOW_CTX_DAG_ID='etl_***' AIRFLOW_CTX_TASK_ID='transform' AIRFLOW_CTX_EXECUTION_DATE='2024-10-02T00:00:00+00:00' AIRFLOW_CTX_TRY_NUMBER='3' AIRFLOW_CTX_DAG_RUN_ID='scheduled__2024-10-02T00:00:00+00:00'
[2025-12-17T07:57:46.188+0000] {taskinstance.py:2698} ERROR - Task failed with exception
Traceback (most recent call last):
  File "/home/airflow/.local/lib/python3.8/site-packages/airflow/models/taskinstance.py", line 433, in _execute_task
    result = execute_callable(context=context, **execute_callable_kwargs)
  File "/home/airflow/.local/lib/python3.8/site-packages/airflow/operators/python.py", line 199, in execute
    return_value = self.execute_callable()
  File "/home/airflow/.local/lib/python3.8/site-packages/airflow/operators/python.py", line 216, in execute_callable
    return self.python_callable(*self.op_args, **self.op_kwargs)
TypeError: transform_data() missing 1 required positional argument: 'df'
[2025-12-17T07:57:46.207+0000] {taskinstance.py:1138} INFO - Marking task as FAILED. dag_id=etl_***, task_id=transform, execution_date=20241002T000000, start_date=20251217T075745, end_date=20251217T075746
[2025-12-17T07:57:46.236+0000] {standard_task_runner.py:107} ERROR - Failed to execute job 1146 for task transform (transform_data() missing 1 required positional argument: 'df'; 4090)
[2025-12-17T07:57:46.286+0000] {local_task_job_runner.py:234} INFO - Task exited with return code 1
[2025-12-17T07:57:46.355+0000] {taskinstance.py:3280} INFO - 0 downstream tasks scheduled from follow-on schedule check
