[2025-12-17T04:52:28.821+0000] {taskinstance.py:1956} INFO - Dependencies all met for dep_context=non-requeueable deps ti=<TaskInstance: etl_airflow.transform scheduled__2024-10-02T00:00:00+00:00 [queued]>
[2025-12-17T04:52:28.835+0000] {taskinstance.py:1956} INFO - Dependencies all met for dep_context=requeueable deps ti=<TaskInstance: etl_airflow.transform scheduled__2024-10-02T00:00:00+00:00 [queued]>
[2025-12-17T04:52:28.836+0000] {taskinstance.py:2170} INFO - Starting attempt 2 of 3
[2025-12-17T04:52:28.924+0000] {taskinstance.py:2191} INFO - Executing <Task(PythonOperator): transform> on 2024-10-02 00:00:00+00:00
[2025-12-17T04:52:28.930+0000] {standard_task_runner.py:60} INFO - Started process 3938 to run task
[2025-12-17T04:52:28.937+0000] {standard_task_runner.py:87} INFO - Running: ['***', 'tasks', 'run', 'etl_***', 'transform', 'scheduled__2024-10-02T00:00:00+00:00', '--job-id', '1127', '--raw', '--subdir', 'DAGS_FOLDER/etl_***.py', '--cfg-path', '/tmp/tmpe2785g1t']
[2025-12-17T04:52:28.942+0000] {standard_task_runner.py:88} INFO - Job 1127: Subtask transform
[2025-12-17T04:52:29.042+0000] {task_command.py:423} INFO - Running <TaskInstance: etl_airflow.transform scheduled__2024-10-02T00:00:00+00:00 [running]> on host b3426f05ac70
[2025-12-17T04:52:29.413+0000] {taskinstance.py:2480} INFO - Exporting env vars: AIRFLOW_CTX_DAG_OWNER='***' AIRFLOW_CTX_DAG_ID='etl_***' AIRFLOW_CTX_TASK_ID='transform' AIRFLOW_CTX_EXECUTION_DATE='2024-10-02T00:00:00+00:00' AIRFLOW_CTX_TRY_NUMBER='2' AIRFLOW_CTX_DAG_RUN_ID='scheduled__2024-10-02T00:00:00+00:00'
[2025-12-17T04:52:29.415+0000] {taskinstance.py:2698} ERROR - Task failed with exception
Traceback (most recent call last):
  File "/home/airflow/.local/lib/python3.8/site-packages/airflow/models/taskinstance.py", line 433, in _execute_task
    result = execute_callable(context=context, **execute_callable_kwargs)
  File "/home/airflow/.local/lib/python3.8/site-packages/airflow/operators/python.py", line 199, in execute
    return_value = self.execute_callable()
  File "/home/airflow/.local/lib/python3.8/site-packages/airflow/operators/python.py", line 216, in execute_callable
    return self.python_callable(*self.op_args, **self.op_kwargs)
TypeError: transform_data() missing 1 required positional argument: 'df'
[2025-12-17T04:52:29.430+0000] {taskinstance.py:1138} INFO - Marking task as UP_FOR_RETRY. dag_id=etl_***, task_id=transform, execution_date=20241002T000000, start_date=20251217T045228, end_date=20251217T045229
[2025-12-17T04:52:29.487+0000] {standard_task_runner.py:107} ERROR - Failed to execute job 1127 for task transform (transform_data() missing 1 required positional argument: 'df'; 3938)
[2025-12-17T04:52:29.513+0000] {local_task_job_runner.py:234} INFO - Task exited with return code 1
[2025-12-17T04:52:29.547+0000] {taskinstance.py:3280} INFO - 0 downstream tasks scheduled from follow-on schedule check
[2025-12-17T07:57:32.142+0000] {taskinstance.py:1956} INFO - Dependencies all met for dep_context=non-requeueable deps ti=<TaskInstance: etl_airflow.transform scheduled__2024-10-02T00:00:00+00:00 [queued]>
[2025-12-17T07:57:32.183+0000] {taskinstance.py:1956} INFO - Dependencies all met for dep_context=requeueable deps ti=<TaskInstance: etl_airflow.transform scheduled__2024-10-02T00:00:00+00:00 [queued]>
[2025-12-17T07:57:32.185+0000] {taskinstance.py:2170} INFO - Starting attempt 2 of 3
[2025-12-17T07:57:32.211+0000] {taskinstance.py:2191} INFO - Executing <Task(PythonOperator): transform> on 2024-10-02 00:00:00+00:00
[2025-12-17T07:57:32.237+0000] {standard_task_runner.py:60} INFO - Started process 4030 to run task
[2025-12-17T07:57:32.245+0000] {standard_task_runner.py:87} INFO - Running: ['***', 'tasks', 'run', 'etl_***', 'transform', 'scheduled__2024-10-02T00:00:00+00:00', '--job-id', '1129', '--raw', '--subdir', 'DAGS_FOLDER/etl_***.py', '--cfg-path', '/tmp/tmp0lqddujm']
[2025-12-17T07:57:32.249+0000] {standard_task_runner.py:88} INFO - Job 1129: Subtask transform
[2025-12-17T07:57:32.411+0000] {task_command.py:423} INFO - Running <TaskInstance: etl_airflow.transform scheduled__2024-10-02T00:00:00+00:00 [running]> on host 2a0de06c8905
[2025-12-17T07:57:32.915+0000] {taskinstance.py:2480} INFO - Exporting env vars: AIRFLOW_CTX_DAG_OWNER='***' AIRFLOW_CTX_DAG_ID='etl_***' AIRFLOW_CTX_TASK_ID='transform' AIRFLOW_CTX_EXECUTION_DATE='2024-10-02T00:00:00+00:00' AIRFLOW_CTX_TRY_NUMBER='2' AIRFLOW_CTX_DAG_RUN_ID='scheduled__2024-10-02T00:00:00+00:00'
[2025-12-17T07:57:32.918+0000] {taskinstance.py:2698} ERROR - Task failed with exception
Traceback (most recent call last):
  File "/home/airflow/.local/lib/python3.8/site-packages/airflow/models/taskinstance.py", line 433, in _execute_task
    result = execute_callable(context=context, **execute_callable_kwargs)
  File "/home/airflow/.local/lib/python3.8/site-packages/airflow/operators/python.py", line 199, in execute
    return_value = self.execute_callable()
  File "/home/airflow/.local/lib/python3.8/site-packages/airflow/operators/python.py", line 216, in execute_callable
    return self.python_callable(*self.op_args, **self.op_kwargs)
TypeError: transform_data() missing 1 required positional argument: 'df'
[2025-12-17T07:57:32.938+0000] {taskinstance.py:1138} INFO - Marking task as UP_FOR_RETRY. dag_id=etl_***, task_id=transform, execution_date=20241002T000000, start_date=20251217T075732, end_date=20251217T075732
[2025-12-17T07:57:33.155+0000] {standard_task_runner.py:107} ERROR - Failed to execute job 1129 for task transform (transform_data() missing 1 required positional argument: 'df'; 4030)
[2025-12-17T07:57:33.196+0000] {local_task_job_runner.py:234} INFO - Task exited with return code 1
[2025-12-17T07:57:33.253+0000] {taskinstance.py:3280} INFO - 0 downstream tasks scheduled from follow-on schedule check
