[2025-12-17T04:52:07.036+0000] {taskinstance.py:1956} INFO - Dependencies all met for dep_context=non-requeueable deps ti=<TaskInstance: etl_airflow.transform scheduled__2024-09-23T00:00:00+00:00 [queued]>
[2025-12-17T04:52:07.060+0000] {taskinstance.py:1956} INFO - Dependencies all met for dep_context=requeueable deps ti=<TaskInstance: etl_airflow.transform scheduled__2024-09-23T00:00:00+00:00 [queued]>
[2025-12-17T04:52:07.066+0000] {taskinstance.py:2170} INFO - Starting attempt 3 of 3
[2025-12-17T04:52:07.092+0000] {taskinstance.py:2191} INFO - Executing <Task(PythonOperator): transform> on 2024-09-23 00:00:00+00:00
[2025-12-17T04:52:07.105+0000] {standard_task_runner.py:60} INFO - Started process 3794 to run task
[2025-12-17T04:52:07.112+0000] {standard_task_runner.py:87} INFO - Running: ['***', 'tasks', 'run', 'etl_***', 'transform', 'scheduled__2024-09-23T00:00:00+00:00', '--job-id', '1085', '--raw', '--subdir', 'DAGS_FOLDER/etl_***.py', '--cfg-path', '/tmp/tmpci4jpsnz']
[2025-12-17T04:52:07.117+0000] {standard_task_runner.py:88} INFO - Job 1085: Subtask transform
[2025-12-17T04:52:07.237+0000] {task_command.py:423} INFO - Running <TaskInstance: etl_airflow.transform scheduled__2024-09-23T00:00:00+00:00 [running]> on host b3426f05ac70
[2025-12-17T04:52:07.691+0000] {taskinstance.py:2480} INFO - Exporting env vars: AIRFLOW_CTX_DAG_OWNER='***' AIRFLOW_CTX_DAG_ID='etl_***' AIRFLOW_CTX_TASK_ID='transform' AIRFLOW_CTX_EXECUTION_DATE='2024-09-23T00:00:00+00:00' AIRFLOW_CTX_TRY_NUMBER='3' AIRFLOW_CTX_DAG_RUN_ID='scheduled__2024-09-23T00:00:00+00:00'
[2025-12-17T04:52:07.693+0000] {taskinstance.py:2698} ERROR - Task failed with exception
Traceback (most recent call last):
  File "/home/airflow/.local/lib/python3.8/site-packages/airflow/models/taskinstance.py", line 433, in _execute_task
    result = execute_callable(context=context, **execute_callable_kwargs)
  File "/home/airflow/.local/lib/python3.8/site-packages/airflow/operators/python.py", line 199, in execute
    return_value = self.execute_callable()
  File "/home/airflow/.local/lib/python3.8/site-packages/airflow/operators/python.py", line 216, in execute_callable
    return self.python_callable(*self.op_args, **self.op_kwargs)
TypeError: transform_data() missing 1 required positional argument: 'df'
[2025-12-17T04:52:07.727+0000] {taskinstance.py:1138} INFO - Marking task as FAILED. dag_id=etl_***, task_id=transform, execution_date=20240923T000000, start_date=20251217T045207, end_date=20251217T045207
[2025-12-17T04:52:07.763+0000] {standard_task_runner.py:107} ERROR - Failed to execute job 1085 for task transform (transform_data() missing 1 required positional argument: 'df'; 3794)
[2025-12-17T04:52:07.816+0000] {local_task_job_runner.py:234} INFO - Task exited with return code 1
[2025-12-17T04:52:07.868+0000] {taskinstance.py:3280} INFO - 0 downstream tasks scheduled from follow-on schedule check
[2025-12-17T07:57:07.049+0000] {taskinstance.py:1956} INFO - Dependencies all met for dep_context=non-requeueable deps ti=<TaskInstance: etl_airflow.transform scheduled__2024-09-23T00:00:00+00:00 [queued]>
[2025-12-17T07:57:07.091+0000] {taskinstance.py:1956} INFO - Dependencies all met for dep_context=requeueable deps ti=<TaskInstance: etl_airflow.transform scheduled__2024-09-23T00:00:00+00:00 [queued]>
[2025-12-17T07:57:07.103+0000] {taskinstance.py:2170} INFO - Starting attempt 3 of 3
[2025-12-17T07:57:07.166+0000] {taskinstance.py:2191} INFO - Executing <Task(PythonOperator): transform> on 2024-09-23 00:00:00+00:00
[2025-12-17T07:57:07.207+0000] {standard_task_runner.py:60} INFO - Started process 3883 to run task
[2025-12-17T07:57:07.217+0000] {standard_task_runner.py:87} INFO - Running: ['***', 'tasks', 'run', 'etl_***', 'transform', 'scheduled__2024-09-23T00:00:00+00:00', '--job-id', '1083', '--raw', '--subdir', 'DAGS_FOLDER/etl_***.py', '--cfg-path', '/tmp/tmpgcwqg0hu']
[2025-12-17T07:57:07.227+0000] {standard_task_runner.py:88} INFO - Job 1083: Subtask transform
[2025-12-17T07:57:07.636+0000] {task_command.py:423} INFO - Running <TaskInstance: etl_airflow.transform scheduled__2024-09-23T00:00:00+00:00 [running]> on host 2a0de06c8905
[2025-12-17T07:57:08.741+0000] {taskinstance.py:2480} INFO - Exporting env vars: AIRFLOW_CTX_DAG_OWNER='***' AIRFLOW_CTX_DAG_ID='etl_***' AIRFLOW_CTX_TASK_ID='transform' AIRFLOW_CTX_EXECUTION_DATE='2024-09-23T00:00:00+00:00' AIRFLOW_CTX_TRY_NUMBER='3' AIRFLOW_CTX_DAG_RUN_ID='scheduled__2024-09-23T00:00:00+00:00'
[2025-12-17T07:57:08.745+0000] {taskinstance.py:2698} ERROR - Task failed with exception
Traceback (most recent call last):
  File "/home/airflow/.local/lib/python3.8/site-packages/airflow/models/taskinstance.py", line 433, in _execute_task
    result = execute_callable(context=context, **execute_callable_kwargs)
  File "/home/airflow/.local/lib/python3.8/site-packages/airflow/operators/python.py", line 199, in execute
    return_value = self.execute_callable()
  File "/home/airflow/.local/lib/python3.8/site-packages/airflow/operators/python.py", line 216, in execute_callable
    return self.python_callable(*self.op_args, **self.op_kwargs)
TypeError: transform_data() missing 1 required positional argument: 'df'
[2025-12-17T07:57:08.759+0000] {taskinstance.py:1138} INFO - Marking task as FAILED. dag_id=etl_***, task_id=transform, execution_date=20240923T000000, start_date=20251217T075707, end_date=20251217T075708
[2025-12-17T07:57:08.799+0000] {standard_task_runner.py:107} ERROR - Failed to execute job 1083 for task transform (transform_data() missing 1 required positional argument: 'df'; 3883)
[2025-12-17T07:57:08.928+0000] {local_task_job_runner.py:234} INFO - Task exited with return code 1
[2025-12-17T07:57:09.010+0000] {taskinstance.py:3280} INFO - 0 downstream tasks scheduled from follow-on schedule check
