[2025-12-16T17:22:12.599+0000] {taskinstance.py:1956} INFO - Dependencies all met for dep_context=non-requeueable deps ti=<TaskInstance: etl_airflow.transform scheduled__2024-03-31T00:00:00+00:00 [queued]>
[2025-12-16T17:22:12.624+0000] {taskinstance.py:1956} INFO - Dependencies all met for dep_context=requeueable deps ti=<TaskInstance: etl_airflow.transform scheduled__2024-03-31T00:00:00+00:00 [queued]>
[2025-12-16T17:22:12.626+0000] {taskinstance.py:2170} INFO - Starting attempt 3 of 5
[2025-12-16T17:22:12.665+0000] {taskinstance.py:2191} INFO - Executing <Task(PythonOperator): transform> on 2024-03-31 00:00:00+00:00
[2025-12-16T17:22:12.693+0000] {standard_task_runner.py:60} INFO - Started process 6306 to run task
[2025-12-16T17:22:12.705+0000] {standard_task_runner.py:87} INFO - Running: ['***', 'tasks', 'run', 'etl_***', 'transform', 'scheduled__2024-03-31T00:00:00+00:00', '--job-id', '6073', '--raw', '--subdir', 'DAGS_FOLDER/etl_dag.py', '--cfg-path', '/tmp/tmpsltf775m']
[2025-12-16T17:22:12.713+0000] {standard_task_runner.py:88} INFO - Job 6073: Subtask transform
[2025-12-16T17:22:13.031+0000] {task_command.py:423} INFO - Running <TaskInstance: etl_airflow.transform scheduled__2024-03-31T00:00:00+00:00 [running]> on host 3b89cfee50e9
[2025-12-16T17:22:13.353+0000] {taskinstance.py:2480} INFO - Exporting env vars: AIRFLOW_CTX_DAG_OWNER='***' AIRFLOW_CTX_DAG_ID='etl_***' AIRFLOW_CTX_TASK_ID='transform' AIRFLOW_CTX_EXECUTION_DATE='2024-03-31T00:00:00+00:00' AIRFLOW_CTX_TRY_NUMBER='3' AIRFLOW_CTX_DAG_RUN_ID='scheduled__2024-03-31T00:00:00+00:00'
[2025-12-16T17:22:13.360+0000] {logging_mixin.py:188} INFO - [TRANSFORM]
[2025-12-16T17:22:13.908+0000] {logging_mixin.py:188} INFO - [TRANSFORM] done
[2025-12-16T17:22:13.915+0000] {python.py:201} INFO - Done. Returned value was: None
[2025-12-16T17:22:13.950+0000] {taskinstance.py:1138} INFO - Marking task as SUCCESS. dag_id=etl_***, task_id=transform, execution_date=20240331T000000, start_date=20251216T172212, end_date=20251216T172213
[2025-12-16T17:22:14.299+0000] {local_task_job_runner.py:234} INFO - Task exited with return code 0
[2025-12-16T17:22:14.352+0000] {taskinstance.py:3280} INFO - 1 downstream tasks scheduled from follow-on schedule check
[2025-12-17T04:45:43.054+0000] {taskinstance.py:1956} INFO - Dependencies all met for dep_context=non-requeueable deps ti=<TaskInstance: etl_airflow.transform scheduled__2024-03-31T00:00:00+00:00 [queued]>
[2025-12-17T04:45:43.075+0000] {taskinstance.py:1956} INFO - Dependencies all met for dep_context=requeueable deps ti=<TaskInstance: etl_airflow.transform scheduled__2024-03-31T00:00:00+00:00 [queued]>
[2025-12-17T04:45:43.078+0000] {taskinstance.py:2170} INFO - Starting attempt 3 of 3
[2025-12-17T04:45:43.110+0000] {taskinstance.py:2191} INFO - Executing <Task(PythonOperator): transform> on 2024-03-31 00:00:00+00:00
[2025-12-17T04:45:43.125+0000] {standard_task_runner.py:60} INFO - Started process 1475 to run task
[2025-12-17T04:45:43.130+0000] {standard_task_runner.py:87} INFO - Running: ['***', 'tasks', 'run', 'etl_***', 'transform', 'scheduled__2024-03-31T00:00:00+00:00', '--job-id', '383', '--raw', '--subdir', 'DAGS_FOLDER/etl_***.py', '--cfg-path', '/tmp/tmpzt26kxid']
[2025-12-17T04:45:43.138+0000] {standard_task_runner.py:88} INFO - Job 383: Subtask transform
[2025-12-17T04:45:43.272+0000] {task_command.py:423} INFO - Running <TaskInstance: etl_airflow.transform scheduled__2024-03-31T00:00:00+00:00 [running]> on host b3426f05ac70
[2025-12-17T04:45:43.663+0000] {taskinstance.py:2480} INFO - Exporting env vars: AIRFLOW_CTX_DAG_OWNER='***' AIRFLOW_CTX_DAG_ID='etl_***' AIRFLOW_CTX_TASK_ID='transform' AIRFLOW_CTX_EXECUTION_DATE='2024-03-31T00:00:00+00:00' AIRFLOW_CTX_TRY_NUMBER='3' AIRFLOW_CTX_DAG_RUN_ID='scheduled__2024-03-31T00:00:00+00:00'
[2025-12-17T04:45:43.667+0000] {taskinstance.py:2698} ERROR - Task failed with exception
Traceback (most recent call last):
  File "/home/airflow/.local/lib/python3.8/site-packages/airflow/models/taskinstance.py", line 433, in _execute_task
    result = execute_callable(context=context, **execute_callable_kwargs)
  File "/home/airflow/.local/lib/python3.8/site-packages/airflow/operators/python.py", line 199, in execute
    return_value = self.execute_callable()
  File "/home/airflow/.local/lib/python3.8/site-packages/airflow/operators/python.py", line 216, in execute_callable
    return self.python_callable(*self.op_args, **self.op_kwargs)
TypeError: transform_data() missing 1 required positional argument: 'df'
[2025-12-17T04:45:43.682+0000] {taskinstance.py:1138} INFO - Marking task as FAILED. dag_id=etl_***, task_id=transform, execution_date=20240331T000000, start_date=20251217T044543, end_date=20251217T044543
[2025-12-17T04:45:43.715+0000] {standard_task_runner.py:107} ERROR - Failed to execute job 383 for task transform (transform_data() missing 1 required positional argument: 'df'; 1475)
[2025-12-17T04:45:43.754+0000] {local_task_job_runner.py:234} INFO - Task exited with return code 1
[2025-12-17T04:45:43.821+0000] {taskinstance.py:3280} INFO - 0 downstream tasks scheduled from follow-on schedule check
[2025-12-17T07:39:07.735+0000] {taskinstance.py:1956} INFO - Dependencies all met for dep_context=non-requeueable deps ti=<TaskInstance: etl_airflow.transform scheduled__2024-03-31T00:00:00+00:00 [queued]>
[2025-12-17T07:39:07.759+0000] {taskinstance.py:1956} INFO - Dependencies all met for dep_context=requeueable deps ti=<TaskInstance: etl_airflow.transform scheduled__2024-03-31T00:00:00+00:00 [queued]>
[2025-12-17T07:39:07.760+0000] {taskinstance.py:2170} INFO - Starting attempt 3 of 3
[2025-12-17T07:39:07.971+0000] {taskinstance.py:2191} INFO - Executing <Task(PythonOperator): transform> on 2024-03-31 00:00:00+00:00
[2025-12-17T07:39:07.984+0000] {standard_task_runner.py:60} INFO - Started process 1552 to run task
[2025-12-17T07:39:07.991+0000] {standard_task_runner.py:87} INFO - Running: ['***', 'tasks', 'run', 'etl_***', 'transform', 'scheduled__2024-03-31T00:00:00+00:00', '--job-id', '381', '--raw', '--subdir', 'DAGS_FOLDER/etl_***.py', '--cfg-path', '/tmp/tmpxt82tv7o']
[2025-12-17T07:39:07.996+0000] {standard_task_runner.py:88} INFO - Job 381: Subtask transform
[2025-12-17T07:39:08.149+0000] {task_command.py:423} INFO - Running <TaskInstance: etl_airflow.transform scheduled__2024-03-31T00:00:00+00:00 [running]> on host 2a0de06c8905
[2025-12-17T07:39:08.693+0000] {taskinstance.py:2480} INFO - Exporting env vars: AIRFLOW_CTX_DAG_OWNER='***' AIRFLOW_CTX_DAG_ID='etl_***' AIRFLOW_CTX_TASK_ID='transform' AIRFLOW_CTX_EXECUTION_DATE='2024-03-31T00:00:00+00:00' AIRFLOW_CTX_TRY_NUMBER='3' AIRFLOW_CTX_DAG_RUN_ID='scheduled__2024-03-31T00:00:00+00:00'
[2025-12-17T07:39:08.697+0000] {taskinstance.py:2698} ERROR - Task failed with exception
Traceback (most recent call last):
  File "/home/airflow/.local/lib/python3.8/site-packages/airflow/models/taskinstance.py", line 433, in _execute_task
    result = execute_callable(context=context, **execute_callable_kwargs)
  File "/home/airflow/.local/lib/python3.8/site-packages/airflow/operators/python.py", line 199, in execute
    return_value = self.execute_callable()
  File "/home/airflow/.local/lib/python3.8/site-packages/airflow/operators/python.py", line 216, in execute_callable
    return self.python_callable(*self.op_args, **self.op_kwargs)
TypeError: transform_data() missing 1 required positional argument: 'df'
[2025-12-17T07:39:08.715+0000] {taskinstance.py:1138} INFO - Marking task as FAILED. dag_id=etl_***, task_id=transform, execution_date=20240331T000000, start_date=20251217T073907, end_date=20251217T073908
[2025-12-17T07:39:08.741+0000] {standard_task_runner.py:107} ERROR - Failed to execute job 381 for task transform (transform_data() missing 1 required positional argument: 'df'; 1552)
[2025-12-17T07:39:08.775+0000] {local_task_job_runner.py:234} INFO - Task exited with return code 1
[2025-12-17T07:39:08.818+0000] {taskinstance.py:3280} INFO - 0 downstream tasks scheduled from follow-on schedule check
