[2025-12-17T04:20:37.918+0000] {taskinstance.py:1956} INFO - Dependencies all met for dep_context=non-requeueable deps ti=<TaskInstance: etl_airflow.transform scheduled__2024-05-27T00:00:00+00:00 [queued]>
[2025-12-17T04:20:37.934+0000] {taskinstance.py:1956} INFO - Dependencies all met for dep_context=requeueable deps ti=<TaskInstance: etl_airflow.transform scheduled__2024-05-27T00:00:00+00:00 [queued]>
[2025-12-17T04:20:37.935+0000] {taskinstance.py:2170} INFO - Starting attempt 3 of 3
[2025-12-17T04:20:37.956+0000] {taskinstance.py:2191} INFO - Executing <Task(PythonOperator): transform> on 2024-05-27 00:00:00+00:00
[2025-12-17T04:20:37.964+0000] {standard_task_runner.py:60} INFO - Started process 1050 to run task
[2025-12-17T04:20:37.968+0000] {standard_task_runner.py:87} INFO - Running: ['***', 'tasks', 'run', 'etl_***', 'transform', 'scheduled__2024-05-27T00:00:00+00:00', '--job-id', '259', '--raw', '--subdir', 'DAGS_FOLDER/etl_***.py', '--cfg-path', '/tmp/tmp7eyvj9mx']
[2025-12-17T04:20:37.971+0000] {standard_task_runner.py:88} INFO - Job 259: Subtask transform
[2025-12-17T04:20:38.101+0000] {task_command.py:423} INFO - Running <TaskInstance: etl_airflow.transform scheduled__2024-05-27T00:00:00+00:00 [running]> on host c5811fe183ca
[2025-12-17T04:20:38.482+0000] {taskinstance.py:2480} INFO - Exporting env vars: AIRFLOW_CTX_DAG_OWNER='***' AIRFLOW_CTX_DAG_ID='etl_***' AIRFLOW_CTX_TASK_ID='transform' AIRFLOW_CTX_EXECUTION_DATE='2024-05-27T00:00:00+00:00' AIRFLOW_CTX_TRY_NUMBER='3' AIRFLOW_CTX_DAG_RUN_ID='scheduled__2024-05-27T00:00:00+00:00'
[2025-12-17T04:20:38.484+0000] {taskinstance.py:2698} ERROR - Task failed with exception
Traceback (most recent call last):
  File "/home/airflow/.local/lib/python3.8/site-packages/airflow/models/taskinstance.py", line 433, in _execute_task
    result = execute_callable(context=context, **execute_callable_kwargs)
  File "/home/airflow/.local/lib/python3.8/site-packages/airflow/operators/python.py", line 199, in execute
    return_value = self.execute_callable()
  File "/home/airflow/.local/lib/python3.8/site-packages/airflow/operators/python.py", line 216, in execute_callable
    return self.python_callable(*self.op_args, **self.op_kwargs)
TypeError: transform_data() missing 1 required positional argument: 'df'
[2025-12-17T04:20:38.500+0000] {taskinstance.py:1138} INFO - Marking task as FAILED. dag_id=etl_***, task_id=transform, execution_date=20240527T000000, start_date=20251217T042037, end_date=20251217T042038
[2025-12-17T04:20:38.522+0000] {standard_task_runner.py:107} ERROR - Failed to execute job 259 for task transform (transform_data() missing 1 required positional argument: 'df'; 1050)
[2025-12-17T04:20:38.546+0000] {local_task_job_runner.py:234} INFO - Task exited with return code 1
[2025-12-17T04:20:38.587+0000] {taskinstance.py:3280} INFO - 0 downstream tasks scheduled from follow-on schedule check
[2025-12-17T04:48:03.390+0000] {taskinstance.py:1956} INFO - Dependencies all met for dep_context=non-requeueable deps ti=<TaskInstance: etl_airflow.transform scheduled__2024-05-27T00:00:00+00:00 [queued]>
[2025-12-17T04:48:03.402+0000] {taskinstance.py:1956} INFO - Dependencies all met for dep_context=requeueable deps ti=<TaskInstance: etl_airflow.transform scheduled__2024-05-27T00:00:00+00:00 [queued]>
[2025-12-17T04:48:03.403+0000] {taskinstance.py:2170} INFO - Starting attempt 3 of 3
[2025-12-17T04:48:03.419+0000] {taskinstance.py:2191} INFO - Executing <Task(PythonOperator): transform> on 2024-05-27 00:00:00+00:00
[2025-12-17T04:48:03.425+0000] {standard_task_runner.py:60} INFO - Started process 2299 to run task
[2025-12-17T04:48:03.430+0000] {standard_task_runner.py:87} INFO - Running: ['***', 'tasks', 'run', 'etl_***', 'transform', 'scheduled__2024-05-27T00:00:00+00:00', '--job-id', '628', '--raw', '--subdir', 'DAGS_FOLDER/etl_***.py', '--cfg-path', '/tmp/tmpwod2i60o']
[2025-12-17T04:48:03.433+0000] {standard_task_runner.py:88} INFO - Job 628: Subtask transform
[2025-12-17T04:48:03.538+0000] {task_command.py:423} INFO - Running <TaskInstance: etl_airflow.transform scheduled__2024-05-27T00:00:00+00:00 [running]> on host b3426f05ac70
[2025-12-17T04:48:03.937+0000] {taskinstance.py:2480} INFO - Exporting env vars: AIRFLOW_CTX_DAG_OWNER='***' AIRFLOW_CTX_DAG_ID='etl_***' AIRFLOW_CTX_TASK_ID='transform' AIRFLOW_CTX_EXECUTION_DATE='2024-05-27T00:00:00+00:00' AIRFLOW_CTX_TRY_NUMBER='3' AIRFLOW_CTX_DAG_RUN_ID='scheduled__2024-05-27T00:00:00+00:00'
[2025-12-17T04:48:03.940+0000] {taskinstance.py:2698} ERROR - Task failed with exception
Traceback (most recent call last):
  File "/home/airflow/.local/lib/python3.8/site-packages/airflow/models/taskinstance.py", line 433, in _execute_task
    result = execute_callable(context=context, **execute_callable_kwargs)
  File "/home/airflow/.local/lib/python3.8/site-packages/airflow/operators/python.py", line 199, in execute
    return_value = self.execute_callable()
  File "/home/airflow/.local/lib/python3.8/site-packages/airflow/operators/python.py", line 216, in execute_callable
    return self.python_callable(*self.op_args, **self.op_kwargs)
TypeError: transform_data() missing 1 required positional argument: 'df'
[2025-12-17T04:48:03.953+0000] {taskinstance.py:1138} INFO - Marking task as FAILED. dag_id=etl_***, task_id=transform, execution_date=20240527T000000, start_date=20251217T044803, end_date=20251217T044803
[2025-12-17T04:48:03.969+0000] {standard_task_runner.py:107} ERROR - Failed to execute job 628 for task transform (transform_data() missing 1 required positional argument: 'df'; 2299)
[2025-12-17T04:48:04.008+0000] {local_task_job_runner.py:234} INFO - Task exited with return code 1
[2025-12-17T04:48:04.282+0000] {taskinstance.py:3280} INFO - 0 downstream tasks scheduled from follow-on schedule check
[2025-12-17T07:41:35.427+0000] {taskinstance.py:1956} INFO - Dependencies all met for dep_context=non-requeueable deps ti=<TaskInstance: etl_airflow.transform scheduled__2024-05-27T00:00:00+00:00 [queued]>
[2025-12-17T07:41:35.448+0000] {taskinstance.py:1956} INFO - Dependencies all met for dep_context=requeueable deps ti=<TaskInstance: etl_airflow.transform scheduled__2024-05-27T00:00:00+00:00 [queued]>
[2025-12-17T07:41:35.450+0000] {taskinstance.py:2170} INFO - Starting attempt 3 of 3
[2025-12-17T07:41:35.477+0000] {taskinstance.py:2191} INFO - Executing <Task(PythonOperator): transform> on 2024-05-27 00:00:00+00:00
[2025-12-17T07:41:35.488+0000] {standard_task_runner.py:60} INFO - Started process 2369 to run task
[2025-12-17T07:41:35.495+0000] {standard_task_runner.py:87} INFO - Running: ['***', 'tasks', 'run', 'etl_***', 'transform', 'scheduled__2024-05-27T00:00:00+00:00', '--job-id', '631', '--raw', '--subdir', 'DAGS_FOLDER/etl_***.py', '--cfg-path', '/tmp/tmpxa5h6dzf']
[2025-12-17T07:41:35.499+0000] {standard_task_runner.py:88} INFO - Job 631: Subtask transform
[2025-12-17T07:41:35.647+0000] {task_command.py:423} INFO - Running <TaskInstance: etl_airflow.transform scheduled__2024-05-27T00:00:00+00:00 [running]> on host 2a0de06c8905
[2025-12-17T07:41:36.074+0000] {taskinstance.py:2480} INFO - Exporting env vars: AIRFLOW_CTX_DAG_OWNER='***' AIRFLOW_CTX_DAG_ID='etl_***' AIRFLOW_CTX_TASK_ID='transform' AIRFLOW_CTX_EXECUTION_DATE='2024-05-27T00:00:00+00:00' AIRFLOW_CTX_TRY_NUMBER='3' AIRFLOW_CTX_DAG_RUN_ID='scheduled__2024-05-27T00:00:00+00:00'
[2025-12-17T07:41:36.077+0000] {taskinstance.py:2698} ERROR - Task failed with exception
Traceback (most recent call last):
  File "/home/airflow/.local/lib/python3.8/site-packages/airflow/models/taskinstance.py", line 433, in _execute_task
    result = execute_callable(context=context, **execute_callable_kwargs)
  File "/home/airflow/.local/lib/python3.8/site-packages/airflow/operators/python.py", line 199, in execute
    return_value = self.execute_callable()
  File "/home/airflow/.local/lib/python3.8/site-packages/airflow/operators/python.py", line 216, in execute_callable
    return self.python_callable(*self.op_args, **self.op_kwargs)
TypeError: transform_data() missing 1 required positional argument: 'df'
[2025-12-17T07:41:36.097+0000] {taskinstance.py:1138} INFO - Marking task as FAILED. dag_id=etl_***, task_id=transform, execution_date=20240527T000000, start_date=20251217T074135, end_date=20251217T074136
[2025-12-17T07:41:36.332+0000] {standard_task_runner.py:107} ERROR - Failed to execute job 631 for task transform (transform_data() missing 1 required positional argument: 'df'; 2369)
[2025-12-17T07:41:36.396+0000] {local_task_job_runner.py:234} INFO - Task exited with return code 1
[2025-12-17T07:41:36.632+0000] {taskinstance.py:3280} INFO - 0 downstream tasks scheduled from follow-on schedule check
