[2025-12-17T04:47:30.366+0000] {taskinstance.py:1956} INFO - Dependencies all met for dep_context=non-requeueable deps ti=<TaskInstance: etl_airflow.transform scheduled__2024-05-17T00:00:00+00:00 [queued]>
[2025-12-17T04:47:30.380+0000] {taskinstance.py:1956} INFO - Dependencies all met for dep_context=requeueable deps ti=<TaskInstance: etl_airflow.transform scheduled__2024-05-17T00:00:00+00:00 [queued]>
[2025-12-17T04:47:30.381+0000] {taskinstance.py:2170} INFO - Starting attempt 3 of 3
[2025-12-17T04:47:30.404+0000] {taskinstance.py:2191} INFO - Executing <Task(PythonOperator): transform> on 2024-05-17 00:00:00+00:00
[2025-12-17T04:47:30.413+0000] {standard_task_runner.py:60} INFO - Started process 2114 to run task
[2025-12-17T04:47:30.417+0000] {standard_task_runner.py:87} INFO - Running: ['***', 'tasks', 'run', 'etl_***', 'transform', 'scheduled__2024-05-17T00:00:00+00:00', '--job-id', '572', '--raw', '--subdir', 'DAGS_FOLDER/etl_***.py', '--cfg-path', '/tmp/tmpbcb6rnao']
[2025-12-17T04:47:30.420+0000] {standard_task_runner.py:88} INFO - Job 572: Subtask transform
[2025-12-17T04:47:30.522+0000] {task_command.py:423} INFO - Running <TaskInstance: etl_airflow.transform scheduled__2024-05-17T00:00:00+00:00 [running]> on host b3426f05ac70
[2025-12-17T04:47:30.925+0000] {taskinstance.py:2480} INFO - Exporting env vars: AIRFLOW_CTX_DAG_OWNER='***' AIRFLOW_CTX_DAG_ID='etl_***' AIRFLOW_CTX_TASK_ID='transform' AIRFLOW_CTX_EXECUTION_DATE='2024-05-17T00:00:00+00:00' AIRFLOW_CTX_TRY_NUMBER='3' AIRFLOW_CTX_DAG_RUN_ID='scheduled__2024-05-17T00:00:00+00:00'
[2025-12-17T04:47:30.929+0000] {taskinstance.py:2698} ERROR - Task failed with exception
Traceback (most recent call last):
  File "/home/airflow/.local/lib/python3.8/site-packages/airflow/models/taskinstance.py", line 433, in _execute_task
    result = execute_callable(context=context, **execute_callable_kwargs)
  File "/home/airflow/.local/lib/python3.8/site-packages/airflow/operators/python.py", line 199, in execute
    return_value = self.execute_callable()
  File "/home/airflow/.local/lib/python3.8/site-packages/airflow/operators/python.py", line 216, in execute_callable
    return self.python_callable(*self.op_args, **self.op_kwargs)
TypeError: transform_data() missing 1 required positional argument: 'df'
[2025-12-17T04:47:30.941+0000] {taskinstance.py:1138} INFO - Marking task as FAILED. dag_id=etl_***, task_id=transform, execution_date=20240517T000000, start_date=20251217T044730, end_date=20251217T044730
[2025-12-17T04:47:30.960+0000] {standard_task_runner.py:107} ERROR - Failed to execute job 572 for task transform (transform_data() missing 1 required positional argument: 'df'; 2114)
[2025-12-17T04:47:30.994+0000] {local_task_job_runner.py:234} INFO - Task exited with return code 1
[2025-12-17T04:47:31.034+0000] {taskinstance.py:3280} INFO - 0 downstream tasks scheduled from follow-on schedule check
[2025-12-17T07:41:01.214+0000] {taskinstance.py:1956} INFO - Dependencies all met for dep_context=non-requeueable deps ti=<TaskInstance: etl_airflow.transform scheduled__2024-05-17T00:00:00+00:00 [queued]>
[2025-12-17T07:41:01.230+0000] {taskinstance.py:1956} INFO - Dependencies all met for dep_context=requeueable deps ti=<TaskInstance: etl_airflow.transform scheduled__2024-05-17T00:00:00+00:00 [queued]>
[2025-12-17T07:41:01.232+0000] {taskinstance.py:2170} INFO - Starting attempt 3 of 3
[2025-12-17T07:41:01.256+0000] {taskinstance.py:2191} INFO - Executing <Task(PythonOperator): transform> on 2024-05-17 00:00:00+00:00
[2025-12-17T07:41:01.269+0000] {standard_task_runner.py:60} INFO - Started process 2184 to run task
[2025-12-17T07:41:01.274+0000] {standard_task_runner.py:87} INFO - Running: ['***', 'tasks', 'run', 'etl_***', 'transform', 'scheduled__2024-05-17T00:00:00+00:00', '--job-id', '575', '--raw', '--subdir', 'DAGS_FOLDER/etl_***.py', '--cfg-path', '/tmp/tmpwofsub0r']
[2025-12-17T07:41:01.279+0000] {standard_task_runner.py:88} INFO - Job 575: Subtask transform
[2025-12-17T07:41:01.407+0000] {task_command.py:423} INFO - Running <TaskInstance: etl_airflow.transform scheduled__2024-05-17T00:00:00+00:00 [running]> on host 2a0de06c8905
[2025-12-17T07:41:01.799+0000] {taskinstance.py:2480} INFO - Exporting env vars: AIRFLOW_CTX_DAG_OWNER='***' AIRFLOW_CTX_DAG_ID='etl_***' AIRFLOW_CTX_TASK_ID='transform' AIRFLOW_CTX_EXECUTION_DATE='2024-05-17T00:00:00+00:00' AIRFLOW_CTX_TRY_NUMBER='3' AIRFLOW_CTX_DAG_RUN_ID='scheduled__2024-05-17T00:00:00+00:00'
[2025-12-17T07:41:01.803+0000] {taskinstance.py:2698} ERROR - Task failed with exception
Traceback (most recent call last):
  File "/home/airflow/.local/lib/python3.8/site-packages/airflow/models/taskinstance.py", line 433, in _execute_task
    result = execute_callable(context=context, **execute_callable_kwargs)
  File "/home/airflow/.local/lib/python3.8/site-packages/airflow/operators/python.py", line 199, in execute
    return_value = self.execute_callable()
  File "/home/airflow/.local/lib/python3.8/site-packages/airflow/operators/python.py", line 216, in execute_callable
    return self.python_callable(*self.op_args, **self.op_kwargs)
TypeError: transform_data() missing 1 required positional argument: 'df'
[2025-12-17T07:41:01.819+0000] {taskinstance.py:1138} INFO - Marking task as FAILED. dag_id=etl_***, task_id=transform, execution_date=20240517T000000, start_date=20251217T074101, end_date=20251217T074101
[2025-12-17T07:41:01.841+0000] {standard_task_runner.py:107} ERROR - Failed to execute job 575 for task transform (transform_data() missing 1 required positional argument: 'df'; 2184)
[2025-12-17T07:41:01.890+0000] {local_task_job_runner.py:234} INFO - Task exited with return code 1
[2025-12-17T07:41:01.996+0000] {taskinstance.py:3280} INFO - 0 downstream tasks scheduled from follow-on schedule check
