[2025-12-16T17:21:11.140+0000] {taskinstance.py:1956} INFO - Dependencies all met for dep_context=non-requeueable deps ti=<TaskInstance: etl_airflow.transform scheduled__2024-01-11T00:00:00+00:00 [queued]>
[2025-12-16T17:21:11.255+0000] {taskinstance.py:1956} INFO - Dependencies all met for dep_context=requeueable deps ti=<TaskInstance: etl_airflow.transform scheduled__2024-01-11T00:00:00+00:00 [queued]>
[2025-12-16T17:21:11.264+0000] {taskinstance.py:2170} INFO - Starting attempt 3 of 5
[2025-12-16T17:21:11.340+0000] {taskinstance.py:2191} INFO - Executing <Task(PythonOperator): transform> on 2024-01-11 00:00:00+00:00
[2025-12-16T17:21:11.375+0000] {standard_task_runner.py:60} INFO - Started process 5607 to run task
[2025-12-16T17:21:11.398+0000] {standard_task_runner.py:87} INFO - Running: ['***', 'tasks', 'run', 'etl_***', 'transform', 'scheduled__2024-01-11T00:00:00+00:00', '--job-id', '5853', '--raw', '--subdir', 'DAGS_FOLDER/etl_dag.py', '--cfg-path', '/tmp/tmp63fei8_p']
[2025-12-16T17:21:11.413+0000] {standard_task_runner.py:88} INFO - Job 5853: Subtask transform
[2025-12-16T17:21:11.688+0000] {task_command.py:423} INFO - Running <TaskInstance: etl_airflow.transform scheduled__2024-01-11T00:00:00+00:00 [running]> on host 3b89cfee50e9
[2025-12-16T17:21:12.165+0000] {taskinstance.py:2480} INFO - Exporting env vars: AIRFLOW_CTX_DAG_OWNER='***' AIRFLOW_CTX_DAG_ID='etl_***' AIRFLOW_CTX_TASK_ID='transform' AIRFLOW_CTX_EXECUTION_DATE='2024-01-11T00:00:00+00:00' AIRFLOW_CTX_TRY_NUMBER='3' AIRFLOW_CTX_DAG_RUN_ID='scheduled__2024-01-11T00:00:00+00:00'
[2025-12-16T17:21:12.187+0000] {logging_mixin.py:188} INFO - [TRANSFORM]
[2025-12-16T17:21:12.305+0000] {logging_mixin.py:188} INFO - [TRANSFORM] done
[2025-12-16T17:21:12.308+0000] {python.py:201} INFO - Done. Returned value was: None
[2025-12-16T17:21:12.731+0000] {taskinstance.py:1138} INFO - Marking task as SUCCESS. dag_id=etl_***, task_id=transform, execution_date=20240111T000000, start_date=20251216T172111, end_date=20251216T172112
[2025-12-16T17:21:12.812+0000] {local_task_job_runner.py:234} INFO - Task exited with return code 0
[2025-12-16T17:21:12.892+0000] {taskinstance.py:3280} INFO - 0 downstream tasks scheduled from follow-on schedule check
[2025-12-17T04:42:50.931+0000] {taskinstance.py:1956} INFO - Dependencies all met for dep_context=non-requeueable deps ti=<TaskInstance: etl_airflow.transform scheduled__2024-01-11T00:00:00+00:00 [queued]>
[2025-12-17T04:42:50.941+0000] {taskinstance.py:1956} INFO - Dependencies all met for dep_context=requeueable deps ti=<TaskInstance: etl_airflow.transform scheduled__2024-01-11T00:00:00+00:00 [queued]>
[2025-12-17T04:42:50.942+0000] {taskinstance.py:2170} INFO - Starting attempt 3 of 3
[2025-12-17T04:42:50.962+0000] {taskinstance.py:2191} INFO - Executing <Task(PythonOperator): transform> on 2024-01-11 00:00:00+00:00
[2025-12-17T04:42:50.971+0000] {standard_task_runner.py:60} INFO - Started process 430 to run task
[2025-12-17T04:42:50.976+0000] {standard_task_runner.py:87} INFO - Running: ['***', 'tasks', 'run', 'etl_***', 'transform', 'scheduled__2024-01-11T00:00:00+00:00', '--job-id', '61', '--raw', '--subdir', 'DAGS_FOLDER/etl_***.py', '--cfg-path', '/tmp/tmps_rykgjy']
[2025-12-17T04:42:50.979+0000] {standard_task_runner.py:88} INFO - Job 61: Subtask transform
[2025-12-17T04:42:51.079+0000] {task_command.py:423} INFO - Running <TaskInstance: etl_airflow.transform scheduled__2024-01-11T00:00:00+00:00 [running]> on host b3426f05ac70
[2025-12-17T04:42:51.505+0000] {taskinstance.py:2480} INFO - Exporting env vars: AIRFLOW_CTX_DAG_OWNER='***' AIRFLOW_CTX_DAG_ID='etl_***' AIRFLOW_CTX_TASK_ID='transform' AIRFLOW_CTX_EXECUTION_DATE='2024-01-11T00:00:00+00:00' AIRFLOW_CTX_TRY_NUMBER='3' AIRFLOW_CTX_DAG_RUN_ID='scheduled__2024-01-11T00:00:00+00:00'
[2025-12-17T04:42:51.507+0000] {taskinstance.py:2698} ERROR - Task failed with exception
Traceback (most recent call last):
  File "/home/airflow/.local/lib/python3.8/site-packages/airflow/models/taskinstance.py", line 433, in _execute_task
    result = execute_callable(context=context, **execute_callable_kwargs)
  File "/home/airflow/.local/lib/python3.8/site-packages/airflow/operators/python.py", line 199, in execute
    return_value = self.execute_callable()
  File "/home/airflow/.local/lib/python3.8/site-packages/airflow/operators/python.py", line 216, in execute_callable
    return self.python_callable(*self.op_args, **self.op_kwargs)
TypeError: transform_data() missing 1 required positional argument: 'df'
[2025-12-17T04:42:51.519+0000] {taskinstance.py:1138} INFO - Marking task as FAILED. dag_id=etl_***, task_id=transform, execution_date=20240111T000000, start_date=20251217T044250, end_date=20251217T044251
[2025-12-17T04:42:51.535+0000] {standard_task_runner.py:107} ERROR - Failed to execute job 61 for task transform (transform_data() missing 1 required positional argument: 'df'; 430)
[2025-12-17T04:42:51.552+0000] {local_task_job_runner.py:234} INFO - Task exited with return code 1
[2025-12-17T04:42:51.587+0000] {taskinstance.py:3280} INFO - 0 downstream tasks scheduled from follow-on schedule check
[2025-12-17T07:35:49.854+0000] {taskinstance.py:1956} INFO - Dependencies all met for dep_context=non-requeueable deps ti=<TaskInstance: etl_airflow.transform scheduled__2024-01-11T00:00:00+00:00 [queued]>
[2025-12-17T07:35:49.873+0000] {taskinstance.py:1956} INFO - Dependencies all met for dep_context=requeueable deps ti=<TaskInstance: etl_airflow.transform scheduled__2024-01-11T00:00:00+00:00 [queued]>
[2025-12-17T07:35:49.874+0000] {taskinstance.py:2170} INFO - Starting attempt 3 of 3
[2025-12-17T07:35:49.899+0000] {taskinstance.py:2191} INFO - Executing <Task(PythonOperator): transform> on 2024-01-11 00:00:00+00:00
[2025-12-17T07:35:49.912+0000] {standard_task_runner.py:60} INFO - Started process 477 to run task
[2025-12-17T07:35:49.922+0000] {standard_task_runner.py:87} INFO - Running: ['***', 'tasks', 'run', 'etl_***', 'transform', 'scheduled__2024-01-11T00:00:00+00:00', '--job-id', '62', '--raw', '--subdir', 'DAGS_FOLDER/etl_***.py', '--cfg-path', '/tmp/tmpnd0w09mh']
[2025-12-17T07:35:49.927+0000] {standard_task_runner.py:88} INFO - Job 62: Subtask transform
[2025-12-17T07:35:50.059+0000] {task_command.py:423} INFO - Running <TaskInstance: etl_airflow.transform scheduled__2024-01-11T00:00:00+00:00 [running]> on host 2a0de06c8905
[2025-12-17T07:35:50.512+0000] {taskinstance.py:2480} INFO - Exporting env vars: AIRFLOW_CTX_DAG_OWNER='***' AIRFLOW_CTX_DAG_ID='etl_***' AIRFLOW_CTX_TASK_ID='transform' AIRFLOW_CTX_EXECUTION_DATE='2024-01-11T00:00:00+00:00' AIRFLOW_CTX_TRY_NUMBER='3' AIRFLOW_CTX_DAG_RUN_ID='scheduled__2024-01-11T00:00:00+00:00'
[2025-12-17T07:35:50.515+0000] {taskinstance.py:2698} ERROR - Task failed with exception
Traceback (most recent call last):
  File "/home/airflow/.local/lib/python3.8/site-packages/airflow/models/taskinstance.py", line 433, in _execute_task
    result = execute_callable(context=context, **execute_callable_kwargs)
  File "/home/airflow/.local/lib/python3.8/site-packages/airflow/operators/python.py", line 199, in execute
    return_value = self.execute_callable()
  File "/home/airflow/.local/lib/python3.8/site-packages/airflow/operators/python.py", line 216, in execute_callable
    return self.python_callable(*self.op_args, **self.op_kwargs)
TypeError: transform_data() missing 1 required positional argument: 'df'
[2025-12-17T07:35:50.533+0000] {taskinstance.py:1138} INFO - Marking task as FAILED. dag_id=etl_***, task_id=transform, execution_date=20240111T000000, start_date=20251217T073549, end_date=20251217T073550
[2025-12-17T07:35:50.563+0000] {standard_task_runner.py:107} ERROR - Failed to execute job 62 for task transform (transform_data() missing 1 required positional argument: 'df'; 477)
[2025-12-17T07:35:50.617+0000] {local_task_job_runner.py:234} INFO - Task exited with return code 1
[2025-12-17T07:35:50.658+0000] {taskinstance.py:3280} INFO - 0 downstream tasks scheduled from follow-on schedule check
