[2025-12-16T17:09:52.808+0000] {taskinstance.py:1956} INFO - Dependencies all met for dep_context=non-requeueable deps ti=<TaskInstance: etl_airflow.transform scheduled__2024-01-11T00:00:00+00:00 [queued]>
[2025-12-16T17:09:52.857+0000] {taskinstance.py:1956} INFO - Dependencies all met for dep_context=requeueable deps ti=<TaskInstance: etl_airflow.transform scheduled__2024-01-11T00:00:00+00:00 [queued]>
[2025-12-16T17:09:52.862+0000] {taskinstance.py:2170} INFO - Starting attempt 1 of 3
[2025-12-16T17:09:52.899+0000] {taskinstance.py:2191} INFO - Executing <Task(PythonOperator): transform> on 2024-01-11 00:00:00+00:00
[2025-12-16T17:09:52.920+0000] {standard_task_runner.py:60} INFO - Started process 434 to run task
[2025-12-16T17:09:52.933+0000] {standard_task_runner.py:87} INFO - Running: ['***', 'tasks', 'run', 'etl_***', 'transform', 'scheduled__2024-01-11T00:00:00+00:00', '--job-id', '3633', '--raw', '--subdir', 'DAGS_FOLDER/etl_dag.py', '--cfg-path', '/tmp/tmpettjuyvt']
[2025-12-16T17:09:52.936+0000] {standard_task_runner.py:88} INFO - Job 3633: Subtask transform
[2025-12-16T17:09:53.224+0000] {task_command.py:423} INFO - Running <TaskInstance: etl_airflow.transform scheduled__2024-01-11T00:00:00+00:00 [running]> on host 3b89cfee50e9
[2025-12-16T17:09:53.484+0000] {taskinstance.py:2480} INFO - Exporting env vars: AIRFLOW_CTX_DAG_OWNER='***' AIRFLOW_CTX_DAG_ID='etl_***' AIRFLOW_CTX_TASK_ID='transform' AIRFLOW_CTX_EXECUTION_DATE='2024-01-11T00:00:00+00:00' AIRFLOW_CTX_TRY_NUMBER='1' AIRFLOW_CTX_DAG_RUN_ID='scheduled__2024-01-11T00:00:00+00:00'
[2025-12-16T17:09:53.492+0000] {logging_mixin.py:188} INFO - [TRANSFORM]
[2025-12-16T17:09:53.566+0000] {logging_mixin.py:188} INFO - [TRANSFORM] done
[2025-12-16T17:09:53.573+0000] {python.py:201} INFO - Done. Returned value was: None
[2025-12-16T17:09:54.096+0000] {taskinstance.py:1138} INFO - Marking task as SUCCESS. dag_id=etl_***, task_id=transform, execution_date=20240111T000000, start_date=20251216T170952, end_date=20251216T170954
[2025-12-16T17:09:54.176+0000] {local_task_job_runner.py:234} INFO - Task exited with return code 0
[2025-12-16T17:09:54.267+0000] {taskinstance.py:3280} INFO - 1 downstream tasks scheduled from follow-on schedule check
[2025-12-17T01:50:09.375+0000] {taskinstance.py:1956} INFO - Dependencies all met for dep_context=non-requeueable deps ti=<TaskInstance: etl_airflow.transform scheduled__2024-01-11T00:00:00+00:00 [queued]>
[2025-12-17T01:50:09.399+0000] {taskinstance.py:1956} INFO - Dependencies all met for dep_context=requeueable deps ti=<TaskInstance: etl_airflow.transform scheduled__2024-01-11T00:00:00+00:00 [queued]>
[2025-12-17T01:50:09.401+0000] {taskinstance.py:2170} INFO - Starting attempt 1 of 3
[2025-12-17T01:50:09.437+0000] {taskinstance.py:2191} INFO - Executing <Task(PythonOperator): transform> on 2024-01-11 00:00:00+00:00
[2025-12-17T01:50:09.449+0000] {standard_task_runner.py:60} INFO - Started process 295 to run task
[2025-12-17T01:50:09.467+0000] {standard_task_runner.py:87} INFO - Running: ['***', 'tasks', 'run', 'etl_***', 'transform', 'scheduled__2024-01-11T00:00:00+00:00', '--job-id', '28', '--raw', '--subdir', 'DAGS_FOLDER/etl_dag.py', '--cfg-path', '/tmp/tmpw58n1lw3']
[2025-12-17T01:50:09.476+0000] {standard_task_runner.py:88} INFO - Job 28: Subtask transform
[2025-12-17T01:50:09.663+0000] {task_command.py:423} INFO - Running <TaskInstance: etl_airflow.transform scheduled__2024-01-11T00:00:00+00:00 [running]> on host 571e042550da
[2025-12-17T01:50:10.185+0000] {taskinstance.py:2480} INFO - Exporting env vars: AIRFLOW_CTX_DAG_OWNER='***' AIRFLOW_CTX_DAG_ID='etl_***' AIRFLOW_CTX_TASK_ID='transform' AIRFLOW_CTX_EXECUTION_DATE='2024-01-11T00:00:00+00:00' AIRFLOW_CTX_TRY_NUMBER='1' AIRFLOW_CTX_DAG_RUN_ID='scheduled__2024-01-11T00:00:00+00:00'
[2025-12-17T01:50:10.190+0000] {logging_mixin.py:188} INFO - [TRANSFORM]
[2025-12-17T01:50:10.236+0000] {logging_mixin.py:188} INFO - [TRANSFORM] done
[2025-12-17T01:50:10.237+0000] {python.py:201} INFO - Done. Returned value was: None
[2025-12-17T01:50:10.256+0000] {taskinstance.py:1138} INFO - Marking task as SUCCESS. dag_id=etl_***, task_id=transform, execution_date=20240111T000000, start_date=20251217T015009, end_date=20251217T015010
[2025-12-17T01:50:10.523+0000] {local_task_job_runner.py:234} INFO - Task exited with return code 0
[2025-12-17T01:50:10.818+0000] {taskinstance.py:3280} INFO - 0 downstream tasks scheduled from follow-on schedule check
[2025-12-17T04:18:32.554+0000] {taskinstance.py:1956} INFO - Dependencies all met for dep_context=non-requeueable deps ti=<TaskInstance: etl_airflow.transform scheduled__2024-01-11T00:00:00+00:00 [queued]>
[2025-12-17T04:18:32.571+0000] {taskinstance.py:1956} INFO - Dependencies all met for dep_context=requeueable deps ti=<TaskInstance: etl_airflow.transform scheduled__2024-01-11T00:00:00+00:00 [queued]>
[2025-12-17T04:18:32.572+0000] {taskinstance.py:2170} INFO - Starting attempt 1 of 3
[2025-12-17T04:18:32.594+0000] {taskinstance.py:2191} INFO - Executing <Task(PythonOperator): transform> on 2024-01-11 00:00:00+00:00
[2025-12-17T04:18:32.601+0000] {standard_task_runner.py:60} INFO - Started process 300 to run task
[2025-12-17T04:18:32.607+0000] {standard_task_runner.py:87} INFO - Running: ['***', 'tasks', 'run', 'etl_***', 'transform', 'scheduled__2024-01-11T00:00:00+00:00', '--job-id', '29', '--raw', '--subdir', 'DAGS_FOLDER/etl_***.py', '--cfg-path', '/tmp/tmpay77cxwh']
[2025-12-17T04:18:32.611+0000] {standard_task_runner.py:88} INFO - Job 29: Subtask transform
[2025-12-17T04:18:32.746+0000] {task_command.py:423} INFO - Running <TaskInstance: etl_airflow.transform scheduled__2024-01-11T00:00:00+00:00 [running]> on host c5811fe183ca
[2025-12-17T04:18:33.207+0000] {taskinstance.py:2480} INFO - Exporting env vars: AIRFLOW_CTX_DAG_OWNER='***' AIRFLOW_CTX_DAG_ID='etl_***' AIRFLOW_CTX_TASK_ID='transform' AIRFLOW_CTX_EXECUTION_DATE='2024-01-11T00:00:00+00:00' AIRFLOW_CTX_TRY_NUMBER='1' AIRFLOW_CTX_DAG_RUN_ID='scheduled__2024-01-11T00:00:00+00:00'
[2025-12-17T04:18:33.210+0000] {taskinstance.py:2698} ERROR - Task failed with exception
Traceback (most recent call last):
  File "/home/airflow/.local/lib/python3.8/site-packages/airflow/models/taskinstance.py", line 433, in _execute_task
    result = execute_callable(context=context, **execute_callable_kwargs)
  File "/home/airflow/.local/lib/python3.8/site-packages/airflow/operators/python.py", line 199, in execute
    return_value = self.execute_callable()
  File "/home/airflow/.local/lib/python3.8/site-packages/airflow/operators/python.py", line 216, in execute_callable
    return self.python_callable(*self.op_args, **self.op_kwargs)
TypeError: transform_data() missing 1 required positional argument: 'df'
[2025-12-17T04:18:33.226+0000] {taskinstance.py:1138} INFO - Marking task as UP_FOR_RETRY. dag_id=etl_***, task_id=transform, execution_date=20240111T000000, start_date=20251217T041832, end_date=20251217T041833
[2025-12-17T04:18:33.248+0000] {standard_task_runner.py:107} ERROR - Failed to execute job 29 for task transform (transform_data() missing 1 required positional argument: 'df'; 300)
[2025-12-17T04:18:33.304+0000] {local_task_job_runner.py:234} INFO - Task exited with return code 1
[2025-12-17T04:18:33.343+0000] {taskinstance.py:3280} INFO - 0 downstream tasks scheduled from follow-on schedule check
[2025-12-17T04:42:26.431+0000] {taskinstance.py:1956} INFO - Dependencies all met for dep_context=non-requeueable deps ti=<TaskInstance: etl_airflow.transform scheduled__2024-01-11T00:00:00+00:00 [queued]>
[2025-12-17T04:42:26.449+0000] {taskinstance.py:1956} INFO - Dependencies all met for dep_context=requeueable deps ti=<TaskInstance: etl_airflow.transform scheduled__2024-01-11T00:00:00+00:00 [queued]>
[2025-12-17T04:42:26.450+0000] {taskinstance.py:2170} INFO - Starting attempt 1 of 3
[2025-12-17T04:42:26.476+0000] {taskinstance.py:2191} INFO - Executing <Task(PythonOperator): transform> on 2024-01-11 00:00:00+00:00
[2025-12-17T04:42:26.484+0000] {standard_task_runner.py:60} INFO - Started process 314 to run task
[2025-12-17T04:42:26.489+0000] {standard_task_runner.py:87} INFO - Running: ['***', 'tasks', 'run', 'etl_***', 'transform', 'scheduled__2024-01-11T00:00:00+00:00', '--job-id', '28', '--raw', '--subdir', 'DAGS_FOLDER/etl_***.py', '--cfg-path', '/tmp/tmpom3b0fn6']
[2025-12-17T04:42:26.493+0000] {standard_task_runner.py:88} INFO - Job 28: Subtask transform
[2025-12-17T04:42:26.610+0000] {task_command.py:423} INFO - Running <TaskInstance: etl_airflow.transform scheduled__2024-01-11T00:00:00+00:00 [running]> on host b3426f05ac70
[2025-12-17T04:42:26.931+0000] {taskinstance.py:2480} INFO - Exporting env vars: AIRFLOW_CTX_DAG_OWNER='***' AIRFLOW_CTX_DAG_ID='etl_***' AIRFLOW_CTX_TASK_ID='transform' AIRFLOW_CTX_EXECUTION_DATE='2024-01-11T00:00:00+00:00' AIRFLOW_CTX_TRY_NUMBER='1' AIRFLOW_CTX_DAG_RUN_ID='scheduled__2024-01-11T00:00:00+00:00'
[2025-12-17T04:42:26.933+0000] {taskinstance.py:2698} ERROR - Task failed with exception
Traceback (most recent call last):
  File "/home/airflow/.local/lib/python3.8/site-packages/airflow/models/taskinstance.py", line 433, in _execute_task
    result = execute_callable(context=context, **execute_callable_kwargs)
  File "/home/airflow/.local/lib/python3.8/site-packages/airflow/operators/python.py", line 199, in execute
    return_value = self.execute_callable()
  File "/home/airflow/.local/lib/python3.8/site-packages/airflow/operators/python.py", line 216, in execute_callable
    return self.python_callable(*self.op_args, **self.op_kwargs)
TypeError: transform_data() missing 1 required positional argument: 'df'
[2025-12-17T04:42:26.943+0000] {taskinstance.py:1138} INFO - Marking task as UP_FOR_RETRY. dag_id=etl_***, task_id=transform, execution_date=20240111T000000, start_date=20251217T044226, end_date=20251217T044226
[2025-12-17T04:42:26.963+0000] {standard_task_runner.py:107} ERROR - Failed to execute job 28 for task transform (transform_data() missing 1 required positional argument: 'df'; 314)
[2025-12-17T04:42:26.981+0000] {local_task_job_runner.py:234} INFO - Task exited with return code 1
[2025-12-17T04:42:27.015+0000] {taskinstance.py:3280} INFO - 0 downstream tasks scheduled from follow-on schedule check
[2025-12-17T07:35:23.944+0000] {taskinstance.py:1956} INFO - Dependencies all met for dep_context=non-requeueable deps ti=<TaskInstance: etl_airflow.transform scheduled__2024-01-11T00:00:00+00:00 [queued]>
[2025-12-17T07:35:23.977+0000] {taskinstance.py:1956} INFO - Dependencies all met for dep_context=requeueable deps ti=<TaskInstance: etl_airflow.transform scheduled__2024-01-11T00:00:00+00:00 [queued]>
[2025-12-17T07:35:23.981+0000] {taskinstance.py:2170} INFO - Starting attempt 1 of 3
[2025-12-17T07:35:24.015+0000] {taskinstance.py:2191} INFO - Executing <Task(PythonOperator): transform> on 2024-01-11 00:00:00+00:00
[2025-12-17T07:35:24.028+0000] {standard_task_runner.py:60} INFO - Started process 384 to run task
[2025-12-17T07:35:24.034+0000] {standard_task_runner.py:87} INFO - Running: ['***', 'tasks', 'run', 'etl_***', 'transform', 'scheduled__2024-01-11T00:00:00+00:00', '--job-id', '31', '--raw', '--subdir', 'DAGS_FOLDER/etl_***.py', '--cfg-path', '/tmp/tmpu5v296te']
[2025-12-17T07:35:24.041+0000] {standard_task_runner.py:88} INFO - Job 31: Subtask transform
[2025-12-17T07:35:24.251+0000] {task_command.py:423} INFO - Running <TaskInstance: etl_airflow.transform scheduled__2024-01-11T00:00:00+00:00 [running]> on host 2a0de06c8905
[2025-12-17T07:35:24.766+0000] {taskinstance.py:2480} INFO - Exporting env vars: AIRFLOW_CTX_DAG_OWNER='***' AIRFLOW_CTX_DAG_ID='etl_***' AIRFLOW_CTX_TASK_ID='transform' AIRFLOW_CTX_EXECUTION_DATE='2024-01-11T00:00:00+00:00' AIRFLOW_CTX_TRY_NUMBER='1' AIRFLOW_CTX_DAG_RUN_ID='scheduled__2024-01-11T00:00:00+00:00'
[2025-12-17T07:35:24.776+0000] {taskinstance.py:2698} ERROR - Task failed with exception
Traceback (most recent call last):
  File "/home/airflow/.local/lib/python3.8/site-packages/airflow/models/taskinstance.py", line 433, in _execute_task
    result = execute_callable(context=context, **execute_callable_kwargs)
  File "/home/airflow/.local/lib/python3.8/site-packages/airflow/operators/python.py", line 199, in execute
    return_value = self.execute_callable()
  File "/home/airflow/.local/lib/python3.8/site-packages/airflow/operators/python.py", line 216, in execute_callable
    return self.python_callable(*self.op_args, **self.op_kwargs)
TypeError: transform_data() missing 1 required positional argument: 'df'
[2025-12-17T07:35:24.806+0000] {taskinstance.py:1138} INFO - Marking task as UP_FOR_RETRY. dag_id=etl_***, task_id=transform, execution_date=20240111T000000, start_date=20251217T073523, end_date=20251217T073524
[2025-12-17T07:35:24.833+0000] {standard_task_runner.py:107} ERROR - Failed to execute job 31 for task transform (transform_data() missing 1 required positional argument: 'df'; 384)
[2025-12-17T07:35:24.857+0000] {local_task_job_runner.py:234} INFO - Task exited with return code 1
[2025-12-17T07:35:24.906+0000] {taskinstance.py:3280} INFO - 0 downstream tasks scheduled from follow-on schedule check
