[2025-12-16T17:06:58.764+0000] {taskinstance.py:1956} INFO - Dependencies all met for dep_context=non-requeueable deps ti=<TaskInstance: etl_airflow.transform scheduled__2025-02-10T00:00:00+00:00 [queued]>
[2025-12-16T17:06:58.782+0000] {taskinstance.py:1956} INFO - Dependencies all met for dep_context=requeueable deps ti=<TaskInstance: etl_airflow.transform scheduled__2025-02-10T00:00:00+00:00 [queued]>
[2025-12-16T17:06:58.783+0000] {taskinstance.py:2170} INFO - Starting attempt 1 of 3
[2025-12-16T17:06:58.805+0000] {taskinstance.py:2191} INFO - Executing <Task(PythonOperator): transform> on 2025-02-10 00:00:00+00:00
[2025-12-16T17:06:58.815+0000] {standard_task_runner.py:60} INFO - Started process 1357 to run task
[2025-12-16T17:06:58.820+0000] {standard_task_runner.py:87} INFO - Running: ['***', 'tasks', 'run', 'etl_***', 'transform', 'scheduled__2025-02-10T00:00:00+00:00', '--job-id', '3331', '--raw', '--subdir', 'DAGS_FOLDER/etl_dag.py', '--cfg-path', '/tmp/tmp6j5p5a3j']
[2025-12-16T17:06:58.824+0000] {standard_task_runner.py:88} INFO - Job 3331: Subtask transform
[2025-12-16T17:06:58.935+0000] {task_command.py:423} INFO - Running <TaskInstance: etl_airflow.transform scheduled__2025-02-10T00:00:00+00:00 [running]> on host db658e834d9d
[2025-12-16T17:06:59.075+0000] {taskinstance.py:2480} INFO - Exporting env vars: AIRFLOW_CTX_DAG_OWNER='***' AIRFLOW_CTX_DAG_ID='etl_***' AIRFLOW_CTX_TASK_ID='transform' AIRFLOW_CTX_EXECUTION_DATE='2025-02-10T00:00:00+00:00' AIRFLOW_CTX_TRY_NUMBER='1' AIRFLOW_CTX_DAG_RUN_ID='scheduled__2025-02-10T00:00:00+00:00'
[2025-12-16T17:06:59.078+0000] {logging_mixin.py:188} INFO - [TRANSFORM]
[2025-12-16T17:06:59.098+0000] {taskinstance.py:2698} ERROR - Task failed with exception
Traceback (most recent call last):
  File "/home/airflow/.local/lib/python3.8/site-packages/airflow/models/taskinstance.py", line 433, in _execute_task
    result = execute_callable(context=context, **execute_callable_kwargs)
  File "/home/airflow/.local/lib/python3.8/site-packages/airflow/operators/python.py", line 199, in execute
    return_value = self.execute_callable()
  File "/home/airflow/.local/lib/python3.8/site-packages/airflow/operators/python.py", line 216, in execute_callable
    return self.python_callable(*self.op_args, **self.op_kwargs)
  File "/opt/airflow/etl_logic/pipeline.py", line 113, in transform_data
    df.to_csv(OUTPUT_PATH, index=False)
  File "/home/airflow/.local/lib/python3.8/site-packages/pandas/core/generic.py", line 3772, in to_csv
    return DataFrameRenderer(formatter).to_csv(
  File "/home/airflow/.local/lib/python3.8/site-packages/pandas/io/formats/format.py", line 1186, in to_csv
    csv_formatter.save()
  File "/home/airflow/.local/lib/python3.8/site-packages/pandas/io/formats/csvs.py", line 240, in save
    with get_handle(
  File "/home/airflow/.local/lib/python3.8/site-packages/pandas/io/common.py", line 737, in get_handle
    check_parent_directory(str(handle))
  File "/home/airflow/.local/lib/python3.8/site-packages/pandas/io/common.py", line 600, in check_parent_directory
    raise OSError(rf"Cannot save file into a non-existent directory: '{parent}'")
OSError: Cannot save file into a non-existent directory: 'E:\GPP\Task_4\comparative-data-orchestrationirflow\data'
[2025-12-16T17:06:59.120+0000] {taskinstance.py:1138} INFO - Marking task as UP_FOR_RETRY. dag_id=etl_***, task_id=transform, execution_date=20250210T000000, start_date=20251216T170658, end_date=20251216T170659
[2025-12-16T17:06:59.144+0000] {standard_task_runner.py:107} ERROR - Failed to execute job 3331 for task transform (Cannot save file into a non-existent directory: 'E:\GPP\Task_4\comparative-data-orchestrationirflow\data'; 1357)
[2025-12-16T17:06:59.195+0000] {local_task_job_runner.py:234} INFO - Task exited with return code 1
[2025-12-16T17:06:59.254+0000] {taskinstance.py:3280} INFO - 0 downstream tasks scheduled from follow-on schedule check
[2025-12-17T01:57:17.241+0000] {taskinstance.py:1956} INFO - Dependencies all met for dep_context=non-requeueable deps ti=<TaskInstance: etl_airflow.transform scheduled__2025-02-10T00:00:00+00:00 [queued]>
[2025-12-17T01:57:17.266+0000] {taskinstance.py:1956} INFO - Dependencies all met for dep_context=requeueable deps ti=<TaskInstance: etl_airflow.transform scheduled__2025-02-10T00:00:00+00:00 [queued]>
[2025-12-17T01:57:17.268+0000] {taskinstance.py:2170} INFO - Starting attempt 1 of 3
[2025-12-17T01:57:17.299+0000] {taskinstance.py:2191} INFO - Executing <Task(PythonOperator): transform> on 2025-02-10 00:00:00+00:00
[2025-12-17T01:57:17.313+0000] {standard_task_runner.py:60} INFO - Started process 4190 to run task
[2025-12-17T01:57:17.322+0000] {standard_task_runner.py:87} INFO - Running: ['***', 'tasks', 'run', 'etl_***', 'transform', 'scheduled__2025-02-10T00:00:00+00:00', '--job-id', '1251', '--raw', '--subdir', 'DAGS_FOLDER/etl_dag.py', '--cfg-path', '/tmp/tmpjxtn6jrz']
[2025-12-17T01:57:17.330+0000] {standard_task_runner.py:88} INFO - Job 1251: Subtask transform
[2025-12-17T01:57:17.501+0000] {task_command.py:423} INFO - Running <TaskInstance: etl_airflow.transform scheduled__2025-02-10T00:00:00+00:00 [running]> on host 571e042550da
[2025-12-17T01:57:18.209+0000] {taskinstance.py:2480} INFO - Exporting env vars: AIRFLOW_CTX_DAG_OWNER='***' AIRFLOW_CTX_DAG_ID='etl_***' AIRFLOW_CTX_TASK_ID='transform' AIRFLOW_CTX_EXECUTION_DATE='2025-02-10T00:00:00+00:00' AIRFLOW_CTX_TRY_NUMBER='1' AIRFLOW_CTX_DAG_RUN_ID='scheduled__2025-02-10T00:00:00+00:00'
[2025-12-17T01:57:18.220+0000] {logging_mixin.py:188} INFO - [TRANSFORM]
[2025-12-17T01:57:18.312+0000] {logging_mixin.py:188} INFO - [TRANSFORM] done
[2025-12-17T01:57:18.314+0000] {python.py:201} INFO - Done. Returned value was: None
[2025-12-17T01:57:18.359+0000] {taskinstance.py:1138} INFO - Marking task as SUCCESS. dag_id=etl_***, task_id=transform, execution_date=20250210T000000, start_date=20251217T015717, end_date=20251217T015718
[2025-12-17T01:57:18.466+0000] {local_task_job_runner.py:234} INFO - Task exited with return code 0
[2025-12-17T01:57:18.875+0000] {taskinstance.py:3280} INFO - 0 downstream tasks scheduled from follow-on schedule check
[2025-12-17T04:56:58.442+0000] {taskinstance.py:1956} INFO - Dependencies all met for dep_context=non-requeueable deps ti=<TaskInstance: etl_airflow.transform scheduled__2025-02-10T00:00:00+00:00 [queued]>
[2025-12-17T04:56:58.462+0000] {taskinstance.py:1956} INFO - Dependencies all met for dep_context=requeueable deps ti=<TaskInstance: etl_airflow.transform scheduled__2025-02-10T00:00:00+00:00 [queued]>
[2025-12-17T04:56:58.464+0000] {taskinstance.py:2170} INFO - Starting attempt 1 of 3
[2025-12-17T04:56:58.623+0000] {taskinstance.py:2191} INFO - Executing <Task(PythonOperator): transform> on 2025-02-10 00:00:00+00:00
[2025-12-17T04:56:58.636+0000] {standard_task_runner.py:60} INFO - Started process 5573 to run task
[2025-12-17T04:56:58.644+0000] {standard_task_runner.py:87} INFO - Running: ['***', 'tasks', 'run', 'etl_***', 'transform', 'scheduled__2025-02-10T00:00:00+00:00', '--job-id', '1620', '--raw', '--subdir', 'DAGS_FOLDER/etl_***.py', '--cfg-path', '/tmp/tmp9ztprl3x']
[2025-12-17T04:56:58.649+0000] {standard_task_runner.py:88} INFO - Job 1620: Subtask transform
[2025-12-17T04:56:58.820+0000] {task_command.py:423} INFO - Running <TaskInstance: etl_airflow.transform scheduled__2025-02-10T00:00:00+00:00 [running]> on host b3426f05ac70
[2025-12-17T04:56:59.266+0000] {taskinstance.py:2480} INFO - Exporting env vars: AIRFLOW_CTX_DAG_OWNER='***' AIRFLOW_CTX_DAG_ID='etl_***' AIRFLOW_CTX_TASK_ID='transform' AIRFLOW_CTX_EXECUTION_DATE='2025-02-10T00:00:00+00:00' AIRFLOW_CTX_TRY_NUMBER='1' AIRFLOW_CTX_DAG_RUN_ID='scheduled__2025-02-10T00:00:00+00:00'
[2025-12-17T04:56:59.268+0000] {taskinstance.py:2698} ERROR - Task failed with exception
Traceback (most recent call last):
  File "/home/airflow/.local/lib/python3.8/site-packages/airflow/models/taskinstance.py", line 433, in _execute_task
    result = execute_callable(context=context, **execute_callable_kwargs)
  File "/home/airflow/.local/lib/python3.8/site-packages/airflow/operators/python.py", line 199, in execute
    return_value = self.execute_callable()
  File "/home/airflow/.local/lib/python3.8/site-packages/airflow/operators/python.py", line 216, in execute_callable
    return self.python_callable(*self.op_args, **self.op_kwargs)
TypeError: transform_data() missing 1 required positional argument: 'df'
[2025-12-17T04:56:59.287+0000] {taskinstance.py:1138} INFO - Marking task as UP_FOR_RETRY. dag_id=etl_***, task_id=transform, execution_date=20250210T000000, start_date=20251217T045658, end_date=20251217T045659
[2025-12-17T04:56:59.312+0000] {standard_task_runner.py:107} ERROR - Failed to execute job 1620 for task transform (transform_data() missing 1 required positional argument: 'df'; 5573)
[2025-12-17T04:56:59.350+0000] {local_task_job_runner.py:234} INFO - Task exited with return code 1
[2025-12-17T04:56:59.677+0000] {taskinstance.py:3280} INFO - 0 downstream tasks scheduled from follow-on schedule check
