[2025-12-17T04:50:58.479+0000] {taskinstance.py:1956} INFO - Dependencies all met for dep_context=non-requeueable deps ti=<TaskInstance: etl_airflow.transform scheduled__2024-08-19T00:00:00+00:00 [queued]>
[2025-12-17T04:50:58.498+0000] {taskinstance.py:1956} INFO - Dependencies all met for dep_context=requeueable deps ti=<TaskInstance: etl_airflow.transform scheduled__2024-08-19T00:00:00+00:00 [queued]>
[2025-12-17T04:50:58.499+0000] {taskinstance.py:2170} INFO - Starting attempt 3 of 3
[2025-12-17T04:50:58.517+0000] {taskinstance.py:2191} INFO - Executing <Task(PythonOperator): transform> on 2024-08-19 00:00:00+00:00
[2025-12-17T04:50:58.526+0000] {standard_task_runner.py:60} INFO - Started process 3367 to run task
[2025-12-17T04:50:58.535+0000] {standard_task_runner.py:87} INFO - Running: ['***', 'tasks', 'run', 'etl_***', 'transform', 'scheduled__2024-08-19T00:00:00+00:00', '--job-id', '954', '--raw', '--subdir', 'DAGS_FOLDER/etl_***.py', '--cfg-path', '/tmp/tmp9_tn3xjs']
[2025-12-17T04:50:58.538+0000] {standard_task_runner.py:88} INFO - Job 954: Subtask transform
[2025-12-17T04:50:58.669+0000] {task_command.py:423} INFO - Running <TaskInstance: etl_airflow.transform scheduled__2024-08-19T00:00:00+00:00 [running]> on host b3426f05ac70
[2025-12-17T04:50:59.080+0000] {taskinstance.py:2480} INFO - Exporting env vars: AIRFLOW_CTX_DAG_OWNER='***' AIRFLOW_CTX_DAG_ID='etl_***' AIRFLOW_CTX_TASK_ID='transform' AIRFLOW_CTX_EXECUTION_DATE='2024-08-19T00:00:00+00:00' AIRFLOW_CTX_TRY_NUMBER='3' AIRFLOW_CTX_DAG_RUN_ID='scheduled__2024-08-19T00:00:00+00:00'
[2025-12-17T04:50:59.083+0000] {taskinstance.py:2698} ERROR - Task failed with exception
Traceback (most recent call last):
  File "/home/airflow/.local/lib/python3.8/site-packages/airflow/models/taskinstance.py", line 433, in _execute_task
    result = execute_callable(context=context, **execute_callable_kwargs)
  File "/home/airflow/.local/lib/python3.8/site-packages/airflow/operators/python.py", line 199, in execute
    return_value = self.execute_callable()
  File "/home/airflow/.local/lib/python3.8/site-packages/airflow/operators/python.py", line 216, in execute_callable
    return self.python_callable(*self.op_args, **self.op_kwargs)
TypeError: transform_data() missing 1 required positional argument: 'df'
[2025-12-17T04:50:59.098+0000] {taskinstance.py:1138} INFO - Marking task as FAILED. dag_id=etl_***, task_id=transform, execution_date=20240819T000000, start_date=20251217T045058, end_date=20251217T045059
[2025-12-17T04:50:59.122+0000] {standard_task_runner.py:107} ERROR - Failed to execute job 954 for task transform (transform_data() missing 1 required positional argument: 'df'; 3367)
[2025-12-17T04:50:59.150+0000] {local_task_job_runner.py:234} INFO - Task exited with return code 1
[2025-12-17T04:50:59.193+0000] {taskinstance.py:3280} INFO - 0 downstream tasks scheduled from follow-on schedule check
[2025-12-17T07:44:49.981+0000] {taskinstance.py:1956} INFO - Dependencies all met for dep_context=non-requeueable deps ti=<TaskInstance: etl_airflow.transform scheduled__2024-08-19T00:00:00+00:00 [queued]>
[2025-12-17T07:44:50.010+0000] {taskinstance.py:1956} INFO - Dependencies all met for dep_context=requeueable deps ti=<TaskInstance: etl_airflow.transform scheduled__2024-08-19T00:00:00+00:00 [queued]>
[2025-12-17T07:44:50.014+0000] {taskinstance.py:2170} INFO - Starting attempt 3 of 3
[2025-12-17T07:44:50.048+0000] {taskinstance.py:2191} INFO - Executing <Task(PythonOperator): transform> on 2024-08-19 00:00:00+00:00
[2025-12-17T07:44:50.064+0000] {standard_task_runner.py:60} INFO - Started process 3441 to run task
[2025-12-17T07:44:50.070+0000] {standard_task_runner.py:87} INFO - Running: ['***', 'tasks', 'run', 'etl_***', 'transform', 'scheduled__2024-08-19T00:00:00+00:00', '--job-id', '956', '--raw', '--subdir', 'DAGS_FOLDER/etl_***.py', '--cfg-path', '/tmp/tmpi9svfwa1']
[2025-12-17T07:44:50.077+0000] {standard_task_runner.py:88} INFO - Job 956: Subtask transform
[2025-12-17T07:44:50.227+0000] {task_command.py:423} INFO - Running <TaskInstance: etl_airflow.transform scheduled__2024-08-19T00:00:00+00:00 [running]> on host 2a0de06c8905
[2025-12-17T07:44:50.671+0000] {taskinstance.py:2480} INFO - Exporting env vars: AIRFLOW_CTX_DAG_OWNER='***' AIRFLOW_CTX_DAG_ID='etl_***' AIRFLOW_CTX_TASK_ID='transform' AIRFLOW_CTX_EXECUTION_DATE='2024-08-19T00:00:00+00:00' AIRFLOW_CTX_TRY_NUMBER='3' AIRFLOW_CTX_DAG_RUN_ID='scheduled__2024-08-19T00:00:00+00:00'
[2025-12-17T07:44:50.676+0000] {taskinstance.py:2698} ERROR - Task failed with exception
Traceback (most recent call last):
  File "/home/airflow/.local/lib/python3.8/site-packages/airflow/models/taskinstance.py", line 433, in _execute_task
    result = execute_callable(context=context, **execute_callable_kwargs)
  File "/home/airflow/.local/lib/python3.8/site-packages/airflow/operators/python.py", line 199, in execute
    return_value = self.execute_callable()
  File "/home/airflow/.local/lib/python3.8/site-packages/airflow/operators/python.py", line 216, in execute_callable
    return self.python_callable(*self.op_args, **self.op_kwargs)
TypeError: transform_data() missing 1 required positional argument: 'df'
[2025-12-17T07:44:50.697+0000] {taskinstance.py:1138} INFO - Marking task as FAILED. dag_id=etl_***, task_id=transform, execution_date=20240819T000000, start_date=20251217T074449, end_date=20251217T074450
[2025-12-17T07:44:50.732+0000] {standard_task_runner.py:107} ERROR - Failed to execute job 956 for task transform (transform_data() missing 1 required positional argument: 'df'; 3441)
[2025-12-17T07:44:50.770+0000] {local_task_job_runner.py:234} INFO - Task exited with return code 1
[2025-12-17T07:44:50.812+0000] {taskinstance.py:3280} INFO - 0 downstream tasks scheduled from follow-on schedule check
