[2025-12-16T17:19:23.869+0000] {taskinstance.py:1956} INFO - Dependencies all met for dep_context=non-requeueable deps ti=<TaskInstance: etl_airflow.transform scheduled__2024-03-29T00:00:00+00:00 [queued]>
[2025-12-16T17:19:23.894+0000] {taskinstance.py:1956} INFO - Dependencies all met for dep_context=requeueable deps ti=<TaskInstance: etl_airflow.transform scheduled__2024-03-29T00:00:00+00:00 [queued]>
[2025-12-16T17:19:23.895+0000] {taskinstance.py:2170} INFO - Starting attempt 2 of 4
[2025-12-16T17:19:23.931+0000] {taskinstance.py:2191} INFO - Executing <Task(PythonOperator): transform> on 2024-03-29 00:00:00+00:00
[2025-12-16T17:19:23.953+0000] {standard_task_runner.py:60} INFO - Started process 4290 to run task
[2025-12-16T17:19:23.969+0000] {standard_task_runner.py:87} INFO - Running: ['***', 'tasks', 'run', 'etl_***', 'transform', 'scheduled__2024-03-29T00:00:00+00:00', '--job-id', '5430', '--raw', '--subdir', 'DAGS_FOLDER/etl_dag.py', '--cfg-path', '/tmp/tmp_v5ybyyd']
[2025-12-16T17:19:23.982+0000] {standard_task_runner.py:88} INFO - Job 5430: Subtask transform
[2025-12-16T17:19:24.171+0000] {task_command.py:423} INFO - Running <TaskInstance: etl_airflow.transform scheduled__2024-03-29T00:00:00+00:00 [running]> on host 3b89cfee50e9
[2025-12-16T17:19:24.477+0000] {taskinstance.py:2480} INFO - Exporting env vars: AIRFLOW_CTX_DAG_OWNER='***' AIRFLOW_CTX_DAG_ID='etl_***' AIRFLOW_CTX_TASK_ID='transform' AIRFLOW_CTX_EXECUTION_DATE='2024-03-29T00:00:00+00:00' AIRFLOW_CTX_TRY_NUMBER='2' AIRFLOW_CTX_DAG_RUN_ID='scheduled__2024-03-29T00:00:00+00:00'
[2025-12-16T17:19:24.487+0000] {logging_mixin.py:188} INFO - [TRANSFORM]
[2025-12-16T17:19:24.866+0000] {logging_mixin.py:188} INFO - [TRANSFORM] done
[2025-12-16T17:19:24.868+0000] {python.py:201} INFO - Done. Returned value was: None
[2025-12-16T17:19:24.895+0000] {taskinstance.py:1138} INFO - Marking task as SUCCESS. dag_id=etl_***, task_id=transform, execution_date=20240329T000000, start_date=20251216T171923, end_date=20251216T171924
[2025-12-16T17:19:24.987+0000] {local_task_job_runner.py:234} INFO - Task exited with return code 0
[2025-12-16T17:19:25.044+0000] {taskinstance.py:3280} INFO - 1 downstream tasks scheduled from follow-on schedule check
[2025-12-17T04:45:28.371+0000] {taskinstance.py:1956} INFO - Dependencies all met for dep_context=non-requeueable deps ti=<TaskInstance: etl_airflow.transform scheduled__2024-03-29T00:00:00+00:00 [queued]>
[2025-12-17T04:45:28.385+0000] {taskinstance.py:1956} INFO - Dependencies all met for dep_context=requeueable deps ti=<TaskInstance: etl_airflow.transform scheduled__2024-03-29T00:00:00+00:00 [queued]>
[2025-12-17T04:45:28.386+0000] {taskinstance.py:2170} INFO - Starting attempt 2 of 3
[2025-12-17T04:45:28.405+0000] {taskinstance.py:2191} INFO - Executing <Task(PythonOperator): transform> on 2024-03-29 00:00:00+00:00
[2025-12-17T04:45:28.414+0000] {standard_task_runner.py:60} INFO - Started process 1411 to run task
[2025-12-17T04:45:28.420+0000] {standard_task_runner.py:87} INFO - Running: ['***', 'tasks', 'run', 'etl_***', 'transform', 'scheduled__2024-03-29T00:00:00+00:00', '--job-id', '361', '--raw', '--subdir', 'DAGS_FOLDER/etl_***.py', '--cfg-path', '/tmp/tmpa7xmfa80']
[2025-12-17T04:45:28.424+0000] {standard_task_runner.py:88} INFO - Job 361: Subtask transform
[2025-12-17T04:45:28.546+0000] {task_command.py:423} INFO - Running <TaskInstance: etl_airflow.transform scheduled__2024-03-29T00:00:00+00:00 [running]> on host b3426f05ac70
[2025-12-17T04:45:28.969+0000] {taskinstance.py:2480} INFO - Exporting env vars: AIRFLOW_CTX_DAG_OWNER='***' AIRFLOW_CTX_DAG_ID='etl_***' AIRFLOW_CTX_TASK_ID='transform' AIRFLOW_CTX_EXECUTION_DATE='2024-03-29T00:00:00+00:00' AIRFLOW_CTX_TRY_NUMBER='2' AIRFLOW_CTX_DAG_RUN_ID='scheduled__2024-03-29T00:00:00+00:00'
[2025-12-17T04:45:28.972+0000] {taskinstance.py:2698} ERROR - Task failed with exception
Traceback (most recent call last):
  File "/home/airflow/.local/lib/python3.8/site-packages/airflow/models/taskinstance.py", line 433, in _execute_task
    result = execute_callable(context=context, **execute_callable_kwargs)
  File "/home/airflow/.local/lib/python3.8/site-packages/airflow/operators/python.py", line 199, in execute
    return_value = self.execute_callable()
  File "/home/airflow/.local/lib/python3.8/site-packages/airflow/operators/python.py", line 216, in execute_callable
    return self.python_callable(*self.op_args, **self.op_kwargs)
TypeError: transform_data() missing 1 required positional argument: 'df'
[2025-12-17T04:45:28.986+0000] {taskinstance.py:1138} INFO - Marking task as UP_FOR_RETRY. dag_id=etl_***, task_id=transform, execution_date=20240329T000000, start_date=20251217T044528, end_date=20251217T044528
[2025-12-17T04:45:29.005+0000] {standard_task_runner.py:107} ERROR - Failed to execute job 361 for task transform (transform_data() missing 1 required positional argument: 'df'; 1411)
[2025-12-17T04:45:29.037+0000] {local_task_job_runner.py:234} INFO - Task exited with return code 1
[2025-12-17T04:45:29.070+0000] {taskinstance.py:3280} INFO - 0 downstream tasks scheduled from follow-on schedule check
[2025-12-17T07:38:55.221+0000] {taskinstance.py:1956} INFO - Dependencies all met for dep_context=non-requeueable deps ti=<TaskInstance: etl_airflow.transform scheduled__2024-03-29T00:00:00+00:00 [queued]>
[2025-12-17T07:38:55.245+0000] {taskinstance.py:1956} INFO - Dependencies all met for dep_context=requeueable deps ti=<TaskInstance: etl_airflow.transform scheduled__2024-03-29T00:00:00+00:00 [queued]>
[2025-12-17T07:38:55.248+0000] {taskinstance.py:2170} INFO - Starting attempt 2 of 3
[2025-12-17T07:38:55.277+0000] {taskinstance.py:2191} INFO - Executing <Task(PythonOperator): transform> on 2024-03-29 00:00:00+00:00
[2025-12-17T07:38:55.290+0000] {standard_task_runner.py:60} INFO - Started process 1485 to run task
[2025-12-17T07:38:55.305+0000] {standard_task_runner.py:87} INFO - Running: ['***', 'tasks', 'run', 'etl_***', 'transform', 'scheduled__2024-03-29T00:00:00+00:00', '--job-id', '364', '--raw', '--subdir', 'DAGS_FOLDER/etl_***.py', '--cfg-path', '/tmp/tmplq0928oi']
[2025-12-17T07:38:55.310+0000] {standard_task_runner.py:88} INFO - Job 364: Subtask transform
[2025-12-17T07:38:55.467+0000] {task_command.py:423} INFO - Running <TaskInstance: etl_airflow.transform scheduled__2024-03-29T00:00:00+00:00 [running]> on host 2a0de06c8905
[2025-12-17T07:38:55.930+0000] {taskinstance.py:2480} INFO - Exporting env vars: AIRFLOW_CTX_DAG_OWNER='***' AIRFLOW_CTX_DAG_ID='etl_***' AIRFLOW_CTX_TASK_ID='transform' AIRFLOW_CTX_EXECUTION_DATE='2024-03-29T00:00:00+00:00' AIRFLOW_CTX_TRY_NUMBER='2' AIRFLOW_CTX_DAG_RUN_ID='scheduled__2024-03-29T00:00:00+00:00'
[2025-12-17T07:38:55.933+0000] {taskinstance.py:2698} ERROR - Task failed with exception
Traceback (most recent call last):
  File "/home/airflow/.local/lib/python3.8/site-packages/airflow/models/taskinstance.py", line 433, in _execute_task
    result = execute_callable(context=context, **execute_callable_kwargs)
  File "/home/airflow/.local/lib/python3.8/site-packages/airflow/operators/python.py", line 199, in execute
    return_value = self.execute_callable()
  File "/home/airflow/.local/lib/python3.8/site-packages/airflow/operators/python.py", line 216, in execute_callable
    return self.python_callable(*self.op_args, **self.op_kwargs)
TypeError: transform_data() missing 1 required positional argument: 'df'
[2025-12-17T07:38:55.949+0000] {taskinstance.py:1138} INFO - Marking task as UP_FOR_RETRY. dag_id=etl_***, task_id=transform, execution_date=20240329T000000, start_date=20251217T073855, end_date=20251217T073855
[2025-12-17T07:38:55.976+0000] {standard_task_runner.py:107} ERROR - Failed to execute job 364 for task transform (transform_data() missing 1 required positional argument: 'df'; 1485)
[2025-12-17T07:38:56.022+0000] {local_task_job_runner.py:234} INFO - Task exited with return code 1
[2025-12-17T07:38:56.243+0000] {taskinstance.py:3280} INFO - 0 downstream tasks scheduled from follow-on schedule check
