[2025-12-17T04:46:58.974+0000] {taskinstance.py:1956} INFO - Dependencies all met for dep_context=non-requeueable deps ti=<TaskInstance: etl_airflow.transform scheduled__2024-05-06T00:00:00+00:00 [queued]>
[2025-12-17T04:46:58.986+0000] {taskinstance.py:1956} INFO - Dependencies all met for dep_context=requeueable deps ti=<TaskInstance: etl_airflow.transform scheduled__2024-05-06T00:00:00+00:00 [queued]>
[2025-12-17T04:46:58.987+0000] {taskinstance.py:2170} INFO - Starting attempt 3 of 3
[2025-12-17T04:46:59.005+0000] {taskinstance.py:2191} INFO - Executing <Task(PythonOperator): transform> on 2024-05-06 00:00:00+00:00
[2025-12-17T04:46:59.012+0000] {standard_task_runner.py:60} INFO - Started process 1915 to run task
[2025-12-17T04:46:59.017+0000] {standard_task_runner.py:87} INFO - Running: ['***', 'tasks', 'run', 'etl_***', 'transform', 'scheduled__2024-05-06T00:00:00+00:00', '--job-id', '512', '--raw', '--subdir', 'DAGS_FOLDER/etl_***.py', '--cfg-path', '/tmp/tmpcidm3ig1']
[2025-12-17T04:46:59.020+0000] {standard_task_runner.py:88} INFO - Job 512: Subtask transform
[2025-12-17T04:46:59.170+0000] {task_command.py:423} INFO - Running <TaskInstance: etl_airflow.transform scheduled__2024-05-06T00:00:00+00:00 [running]> on host b3426f05ac70
[2025-12-17T04:46:59.601+0000] {taskinstance.py:2480} INFO - Exporting env vars: AIRFLOW_CTX_DAG_OWNER='***' AIRFLOW_CTX_DAG_ID='etl_***' AIRFLOW_CTX_TASK_ID='transform' AIRFLOW_CTX_EXECUTION_DATE='2024-05-06T00:00:00+00:00' AIRFLOW_CTX_TRY_NUMBER='3' AIRFLOW_CTX_DAG_RUN_ID='scheduled__2024-05-06T00:00:00+00:00'
[2025-12-17T04:46:59.606+0000] {taskinstance.py:2698} ERROR - Task failed with exception
Traceback (most recent call last):
  File "/home/airflow/.local/lib/python3.8/site-packages/airflow/models/taskinstance.py", line 433, in _execute_task
    result = execute_callable(context=context, **execute_callable_kwargs)
  File "/home/airflow/.local/lib/python3.8/site-packages/airflow/operators/python.py", line 199, in execute
    return_value = self.execute_callable()
  File "/home/airflow/.local/lib/python3.8/site-packages/airflow/operators/python.py", line 216, in execute_callable
    return self.python_callable(*self.op_args, **self.op_kwargs)
TypeError: transform_data() missing 1 required positional argument: 'df'
[2025-12-17T04:46:59.617+0000] {taskinstance.py:1138} INFO - Marking task as FAILED. dag_id=etl_***, task_id=transform, execution_date=20240506T000000, start_date=20251217T044658, end_date=20251217T044659
[2025-12-17T04:46:59.638+0000] {standard_task_runner.py:107} ERROR - Failed to execute job 512 for task transform (transform_data() missing 1 required positional argument: 'df'; 1915)
[2025-12-17T04:46:59.714+0000] {local_task_job_runner.py:234} INFO - Task exited with return code 1
[2025-12-17T04:46:59.784+0000] {taskinstance.py:3280} INFO - 0 downstream tasks scheduled from follow-on schedule check
[2025-12-17T07:40:26.668+0000] {taskinstance.py:1956} INFO - Dependencies all met for dep_context=non-requeueable deps ti=<TaskInstance: etl_airflow.transform scheduled__2024-05-06T00:00:00+00:00 [queued]>
[2025-12-17T07:40:26.682+0000] {taskinstance.py:1956} INFO - Dependencies all met for dep_context=requeueable deps ti=<TaskInstance: etl_airflow.transform scheduled__2024-05-06T00:00:00+00:00 [queued]>
[2025-12-17T07:40:26.683+0000] {taskinstance.py:2170} INFO - Starting attempt 3 of 3
[2025-12-17T07:40:26.707+0000] {taskinstance.py:2191} INFO - Executing <Task(PythonOperator): transform> on 2024-05-06 00:00:00+00:00
[2025-12-17T07:40:26.718+0000] {standard_task_runner.py:60} INFO - Started process 1968 to run task
[2025-12-17T07:40:26.726+0000] {standard_task_runner.py:87} INFO - Running: ['***', 'tasks', 'run', 'etl_***', 'transform', 'scheduled__2024-05-06T00:00:00+00:00', '--job-id', '513', '--raw', '--subdir', 'DAGS_FOLDER/etl_***.py', '--cfg-path', '/tmp/tmpovlcl6yj']
[2025-12-17T07:40:26.734+0000] {standard_task_runner.py:88} INFO - Job 513: Subtask transform
[2025-12-17T07:40:26.883+0000] {task_command.py:423} INFO - Running <TaskInstance: etl_airflow.transform scheduled__2024-05-06T00:00:00+00:00 [running]> on host 2a0de06c8905
[2025-12-17T07:40:27.308+0000] {taskinstance.py:2480} INFO - Exporting env vars: AIRFLOW_CTX_DAG_OWNER='***' AIRFLOW_CTX_DAG_ID='etl_***' AIRFLOW_CTX_TASK_ID='transform' AIRFLOW_CTX_EXECUTION_DATE='2024-05-06T00:00:00+00:00' AIRFLOW_CTX_TRY_NUMBER='3' AIRFLOW_CTX_DAG_RUN_ID='scheduled__2024-05-06T00:00:00+00:00'
[2025-12-17T07:40:27.312+0000] {taskinstance.py:2698} ERROR - Task failed with exception
Traceback (most recent call last):
  File "/home/airflow/.local/lib/python3.8/site-packages/airflow/models/taskinstance.py", line 433, in _execute_task
    result = execute_callable(context=context, **execute_callable_kwargs)
  File "/home/airflow/.local/lib/python3.8/site-packages/airflow/operators/python.py", line 199, in execute
    return_value = self.execute_callable()
  File "/home/airflow/.local/lib/python3.8/site-packages/airflow/operators/python.py", line 216, in execute_callable
    return self.python_callable(*self.op_args, **self.op_kwargs)
TypeError: transform_data() missing 1 required positional argument: 'df'
[2025-12-17T07:40:27.331+0000] {taskinstance.py:1138} INFO - Marking task as FAILED. dag_id=etl_***, task_id=transform, execution_date=20240506T000000, start_date=20251217T074026, end_date=20251217T074027
[2025-12-17T07:40:27.354+0000] {standard_task_runner.py:107} ERROR - Failed to execute job 513 for task transform (transform_data() missing 1 required positional argument: 'df'; 1968)
[2025-12-17T07:40:27.386+0000] {local_task_job_runner.py:234} INFO - Task exited with return code 1
[2025-12-17T07:40:27.438+0000] {taskinstance.py:3280} INFO - 0 downstream tasks scheduled from follow-on schedule check
