[2025-12-16T17:19:12.644+0000] {taskinstance.py:1956} INFO - Dependencies all met for dep_context=non-requeueable deps ti=<TaskInstance: etl_airflow.transform scheduled__2024-03-16T00:00:00+00:00 [queued]>
[2025-12-16T17:19:12.674+0000] {taskinstance.py:1956} INFO - Dependencies all met for dep_context=requeueable deps ti=<TaskInstance: etl_airflow.transform scheduled__2024-03-16T00:00:00+00:00 [queued]>
[2025-12-16T17:19:12.675+0000] {taskinstance.py:2170} INFO - Starting attempt 2 of 4
[2025-12-16T17:19:12.705+0000] {taskinstance.py:2191} INFO - Executing <Task(PythonOperator): transform> on 2024-03-16 00:00:00+00:00
[2025-12-16T17:19:12.725+0000] {standard_task_runner.py:60} INFO - Started process 4140 to run task
[2025-12-16T17:19:12.735+0000] {standard_task_runner.py:87} INFO - Running: ['***', 'tasks', 'run', 'etl_***', 'transform', 'scheduled__2024-03-16T00:00:00+00:00', '--job-id', '5382', '--raw', '--subdir', 'DAGS_FOLDER/etl_dag.py', '--cfg-path', '/tmp/tmpk4cupl4y']
[2025-12-16T17:19:12.740+0000] {standard_task_runner.py:88} INFO - Job 5382: Subtask transform
[2025-12-16T17:19:12.931+0000] {task_command.py:423} INFO - Running <TaskInstance: etl_airflow.transform scheduled__2024-03-16T00:00:00+00:00 [running]> on host 3b89cfee50e9
[2025-12-16T17:19:13.199+0000] {taskinstance.py:2480} INFO - Exporting env vars: AIRFLOW_CTX_DAG_OWNER='***' AIRFLOW_CTX_DAG_ID='etl_***' AIRFLOW_CTX_TASK_ID='transform' AIRFLOW_CTX_EXECUTION_DATE='2024-03-16T00:00:00+00:00' AIRFLOW_CTX_TRY_NUMBER='2' AIRFLOW_CTX_DAG_RUN_ID='scheduled__2024-03-16T00:00:00+00:00'
[2025-12-16T17:19:13.205+0000] {logging_mixin.py:188} INFO - [TRANSFORM]
[2025-12-16T17:19:13.666+0000] {logging_mixin.py:188} INFO - [TRANSFORM] done
[2025-12-16T17:19:13.667+0000] {python.py:201} INFO - Done. Returned value was: None
[2025-12-16T17:19:13.697+0000] {taskinstance.py:1138} INFO - Marking task as SUCCESS. dag_id=etl_***, task_id=transform, execution_date=20240316T000000, start_date=20251216T171912, end_date=20251216T171913
[2025-12-16T17:19:13.813+0000] {local_task_job_runner.py:234} INFO - Task exited with return code 0
[2025-12-16T17:19:13.874+0000] {taskinstance.py:3280} INFO - 1 downstream tasks scheduled from follow-on schedule check
[2025-12-17T04:19:25.367+0000] {taskinstance.py:1956} INFO - Dependencies all met for dep_context=non-requeueable deps ti=<TaskInstance: etl_airflow.transform scheduled__2024-03-16T00:00:00+00:00 [queued]>
[2025-12-17T04:19:25.387+0000] {taskinstance.py:1956} INFO - Dependencies all met for dep_context=requeueable deps ti=<TaskInstance: etl_airflow.transform scheduled__2024-03-16T00:00:00+00:00 [queued]>
[2025-12-17T04:19:25.389+0000] {taskinstance.py:2170} INFO - Starting attempt 2 of 3
[2025-12-17T04:19:25.441+0000] {taskinstance.py:2191} INFO - Executing <Task(PythonOperator): transform> on 2024-03-16 00:00:00+00:00
[2025-12-17T04:19:25.455+0000] {standard_task_runner.py:60} INFO - Started process 617 to run task
[2025-12-17T04:19:25.463+0000] {standard_task_runner.py:87} INFO - Running: ['***', 'tasks', 'run', 'etl_***', 'transform', 'scheduled__2024-03-16T00:00:00+00:00', '--job-id', '123', '--raw', '--subdir', 'DAGS_FOLDER/etl_***.py', '--cfg-path', '/tmp/tmpof95v997']
[2025-12-17T04:19:25.467+0000] {standard_task_runner.py:88} INFO - Job 123: Subtask transform
[2025-12-17T04:19:25.611+0000] {task_command.py:423} INFO - Running <TaskInstance: etl_airflow.transform scheduled__2024-03-16T00:00:00+00:00 [running]> on host c5811fe183ca
[2025-12-17T04:19:26.150+0000] {taskinstance.py:2480} INFO - Exporting env vars: AIRFLOW_CTX_DAG_OWNER='***' AIRFLOW_CTX_DAG_ID='etl_***' AIRFLOW_CTX_TASK_ID='transform' AIRFLOW_CTX_EXECUTION_DATE='2024-03-16T00:00:00+00:00' AIRFLOW_CTX_TRY_NUMBER='2' AIRFLOW_CTX_DAG_RUN_ID='scheduled__2024-03-16T00:00:00+00:00'
[2025-12-17T04:19:26.153+0000] {taskinstance.py:2698} ERROR - Task failed with exception
Traceback (most recent call last):
  File "/home/airflow/.local/lib/python3.8/site-packages/airflow/models/taskinstance.py", line 433, in _execute_task
    result = execute_callable(context=context, **execute_callable_kwargs)
  File "/home/airflow/.local/lib/python3.8/site-packages/airflow/operators/python.py", line 199, in execute
    return_value = self.execute_callable()
  File "/home/airflow/.local/lib/python3.8/site-packages/airflow/operators/python.py", line 216, in execute_callable
    return self.python_callable(*self.op_args, **self.op_kwargs)
TypeError: transform_data() missing 1 required positional argument: 'df'
[2025-12-17T04:19:26.171+0000] {taskinstance.py:1138} INFO - Marking task as UP_FOR_RETRY. dag_id=etl_***, task_id=transform, execution_date=20240316T000000, start_date=20251217T041925, end_date=20251217T041926
[2025-12-17T04:19:26.198+0000] {standard_task_runner.py:107} ERROR - Failed to execute job 123 for task transform (transform_data() missing 1 required positional argument: 'df'; 617)
[2025-12-17T04:19:26.239+0000] {local_task_job_runner.py:234} INFO - Task exited with return code 1
[2025-12-17T04:19:26.308+0000] {taskinstance.py:3280} INFO - 0 downstream tasks scheduled from follow-on schedule check
[2025-12-17T04:44:55.276+0000] {taskinstance.py:1956} INFO - Dependencies all met for dep_context=non-requeueable deps ti=<TaskInstance: etl_airflow.transform scheduled__2024-03-16T00:00:00+00:00 [queued]>
[2025-12-17T04:44:55.292+0000] {taskinstance.py:1956} INFO - Dependencies all met for dep_context=requeueable deps ti=<TaskInstance: etl_airflow.transform scheduled__2024-03-16T00:00:00+00:00 [queued]>
[2025-12-17T04:44:55.294+0000] {taskinstance.py:2170} INFO - Starting attempt 2 of 3
[2025-12-17T04:44:55.320+0000] {taskinstance.py:2191} INFO - Executing <Task(PythonOperator): transform> on 2024-03-16 00:00:00+00:00
[2025-12-17T04:44:55.334+0000] {standard_task_runner.py:60} INFO - Started process 1215 to run task
[2025-12-17T04:44:55.340+0000] {standard_task_runner.py:87} INFO - Running: ['***', 'tasks', 'run', 'etl_***', 'transform', 'scheduled__2024-03-16T00:00:00+00:00', '--job-id', '301', '--raw', '--subdir', 'DAGS_FOLDER/etl_***.py', '--cfg-path', '/tmp/tmphglyr1it']
[2025-12-17T04:44:55.346+0000] {standard_task_runner.py:88} INFO - Job 301: Subtask transform
[2025-12-17T04:44:55.453+0000] {task_command.py:423} INFO - Running <TaskInstance: etl_airflow.transform scheduled__2024-03-16T00:00:00+00:00 [running]> on host b3426f05ac70
[2025-12-17T04:44:55.782+0000] {taskinstance.py:2480} INFO - Exporting env vars: AIRFLOW_CTX_DAG_OWNER='***' AIRFLOW_CTX_DAG_ID='etl_***' AIRFLOW_CTX_TASK_ID='transform' AIRFLOW_CTX_EXECUTION_DATE='2024-03-16T00:00:00+00:00' AIRFLOW_CTX_TRY_NUMBER='2' AIRFLOW_CTX_DAG_RUN_ID='scheduled__2024-03-16T00:00:00+00:00'
[2025-12-17T04:44:55.787+0000] {taskinstance.py:2698} ERROR - Task failed with exception
Traceback (most recent call last):
  File "/home/airflow/.local/lib/python3.8/site-packages/airflow/models/taskinstance.py", line 433, in _execute_task
    result = execute_callable(context=context, **execute_callable_kwargs)
  File "/home/airflow/.local/lib/python3.8/site-packages/airflow/operators/python.py", line 199, in execute
    return_value = self.execute_callable()
  File "/home/airflow/.local/lib/python3.8/site-packages/airflow/operators/python.py", line 216, in execute_callable
    return self.python_callable(*self.op_args, **self.op_kwargs)
TypeError: transform_data() missing 1 required positional argument: 'df'
[2025-12-17T04:44:55.800+0000] {taskinstance.py:1138} INFO - Marking task as UP_FOR_RETRY. dag_id=etl_***, task_id=transform, execution_date=20240316T000000, start_date=20251217T044455, end_date=20251217T044455
[2025-12-17T04:44:55.816+0000] {standard_task_runner.py:107} ERROR - Failed to execute job 301 for task transform (transform_data() missing 1 required positional argument: 'df'; 1215)
[2025-12-17T04:44:55.840+0000] {local_task_job_runner.py:234} INFO - Task exited with return code 1
[2025-12-17T04:44:55.879+0000] {taskinstance.py:3280} INFO - 0 downstream tasks scheduled from follow-on schedule check
[2025-12-17T07:38:17.691+0000] {taskinstance.py:1956} INFO - Dependencies all met for dep_context=non-requeueable deps ti=<TaskInstance: etl_airflow.transform scheduled__2024-03-16T00:00:00+00:00 [queued]>
[2025-12-17T07:38:17.715+0000] {taskinstance.py:1956} INFO - Dependencies all met for dep_context=requeueable deps ti=<TaskInstance: etl_airflow.transform scheduled__2024-03-16T00:00:00+00:00 [queued]>
[2025-12-17T07:38:17.717+0000] {taskinstance.py:2170} INFO - Starting attempt 2 of 3
[2025-12-17T07:38:17.757+0000] {taskinstance.py:2191} INFO - Executing <Task(PythonOperator): transform> on 2024-03-16 00:00:00+00:00
[2025-12-17T07:38:17.775+0000] {standard_task_runner.py:60} INFO - Started process 1278 to run task
[2025-12-17T07:38:17.788+0000] {standard_task_runner.py:87} INFO - Running: ['***', 'tasks', 'run', 'etl_***', 'transform', 'scheduled__2024-03-16T00:00:00+00:00', '--job-id', '303', '--raw', '--subdir', 'DAGS_FOLDER/etl_***.py', '--cfg-path', '/tmp/tmp02ipfdwa']
[2025-12-17T07:38:17.796+0000] {standard_task_runner.py:88} INFO - Job 303: Subtask transform
[2025-12-17T07:38:18.033+0000] {task_command.py:423} INFO - Running <TaskInstance: etl_airflow.transform scheduled__2024-03-16T00:00:00+00:00 [running]> on host 2a0de06c8905
[2025-12-17T07:38:18.553+0000] {taskinstance.py:2480} INFO - Exporting env vars: AIRFLOW_CTX_DAG_OWNER='***' AIRFLOW_CTX_DAG_ID='etl_***' AIRFLOW_CTX_TASK_ID='transform' AIRFLOW_CTX_EXECUTION_DATE='2024-03-16T00:00:00+00:00' AIRFLOW_CTX_TRY_NUMBER='2' AIRFLOW_CTX_DAG_RUN_ID='scheduled__2024-03-16T00:00:00+00:00'
[2025-12-17T07:38:18.559+0000] {taskinstance.py:2698} ERROR - Task failed with exception
Traceback (most recent call last):
  File "/home/airflow/.local/lib/python3.8/site-packages/airflow/models/taskinstance.py", line 433, in _execute_task
    result = execute_callable(context=context, **execute_callable_kwargs)
  File "/home/airflow/.local/lib/python3.8/site-packages/airflow/operators/python.py", line 199, in execute
    return_value = self.execute_callable()
  File "/home/airflow/.local/lib/python3.8/site-packages/airflow/operators/python.py", line 216, in execute_callable
    return self.python_callable(*self.op_args, **self.op_kwargs)
TypeError: transform_data() missing 1 required positional argument: 'df'
[2025-12-17T07:38:18.585+0000] {taskinstance.py:1138} INFO - Marking task as UP_FOR_RETRY. dag_id=etl_***, task_id=transform, execution_date=20240316T000000, start_date=20251217T073817, end_date=20251217T073818
[2025-12-17T07:38:18.626+0000] {standard_task_runner.py:107} ERROR - Failed to execute job 303 for task transform (transform_data() missing 1 required positional argument: 'df'; 1278)
[2025-12-17T07:38:18.687+0000] {local_task_job_runner.py:234} INFO - Task exited with return code 1
[2025-12-17T07:38:18.744+0000] {taskinstance.py:3280} INFO - 0 downstream tasks scheduled from follow-on schedule check
