[2025-12-16T17:22:01.047+0000] {taskinstance.py:1956} INFO - Dependencies all met for dep_context=non-requeueable deps ti=<TaskInstance: etl_airflow.transform scheduled__2024-03-16T00:00:00+00:00 [queued]>
[2025-12-16T17:22:01.068+0000] {taskinstance.py:1956} INFO - Dependencies all met for dep_context=requeueable deps ti=<TaskInstance: etl_airflow.transform scheduled__2024-03-16T00:00:00+00:00 [queued]>
[2025-12-16T17:22:01.071+0000] {taskinstance.py:2170} INFO - Starting attempt 3 of 5
[2025-12-16T17:22:01.120+0000] {taskinstance.py:2191} INFO - Executing <Task(PythonOperator): transform> on 2024-03-16 00:00:00+00:00
[2025-12-16T17:22:01.138+0000] {standard_task_runner.py:60} INFO - Started process 6168 to run task
[2025-12-16T17:22:01.151+0000] {standard_task_runner.py:87} INFO - Running: ['***', 'tasks', 'run', 'etl_***', 'transform', 'scheduled__2024-03-16T00:00:00+00:00', '--job-id', '6030', '--raw', '--subdir', 'DAGS_FOLDER/etl_dag.py', '--cfg-path', '/tmp/tmpbe1j80m_']
[2025-12-16T17:22:01.157+0000] {standard_task_runner.py:88} INFO - Job 6030: Subtask transform
[2025-12-16T17:22:01.347+0000] {task_command.py:423} INFO - Running <TaskInstance: etl_airflow.transform scheduled__2024-03-16T00:00:00+00:00 [running]> on host 3b89cfee50e9
[2025-12-16T17:22:01.612+0000] {taskinstance.py:2480} INFO - Exporting env vars: AIRFLOW_CTX_DAG_OWNER='***' AIRFLOW_CTX_DAG_ID='etl_***' AIRFLOW_CTX_TASK_ID='transform' AIRFLOW_CTX_EXECUTION_DATE='2024-03-16T00:00:00+00:00' AIRFLOW_CTX_TRY_NUMBER='3' AIRFLOW_CTX_DAG_RUN_ID='scheduled__2024-03-16T00:00:00+00:00'
[2025-12-16T17:22:01.620+0000] {logging_mixin.py:188} INFO - [TRANSFORM]
[2025-12-16T17:22:02.213+0000] {logging_mixin.py:188} INFO - [TRANSFORM] done
[2025-12-16T17:22:02.215+0000] {python.py:201} INFO - Done. Returned value was: None
[2025-12-16T17:22:02.237+0000] {taskinstance.py:1138} INFO - Marking task as SUCCESS. dag_id=etl_***, task_id=transform, execution_date=20240316T000000, start_date=20251216T172201, end_date=20251216T172202
[2025-12-16T17:22:02.470+0000] {local_task_job_runner.py:234} INFO - Task exited with return code 0
[2025-12-16T17:22:02.676+0000] {taskinstance.py:3280} INFO - 0 downstream tasks scheduled from follow-on schedule check
[2025-12-17T04:19:38.205+0000] {taskinstance.py:1956} INFO - Dependencies all met for dep_context=non-requeueable deps ti=<TaskInstance: etl_airflow.transform scheduled__2024-03-16T00:00:00+00:00 [queued]>
[2025-12-17T04:19:38.219+0000] {taskinstance.py:1956} INFO - Dependencies all met for dep_context=requeueable deps ti=<TaskInstance: etl_airflow.transform scheduled__2024-03-16T00:00:00+00:00 [queued]>
[2025-12-17T04:19:38.220+0000] {taskinstance.py:2170} INFO - Starting attempt 3 of 3
[2025-12-17T04:19:38.243+0000] {taskinstance.py:2191} INFO - Executing <Task(PythonOperator): transform> on 2024-03-16 00:00:00+00:00
[2025-12-17T04:19:38.251+0000] {standard_task_runner.py:60} INFO - Started process 670 to run task
[2025-12-17T04:19:38.256+0000] {standard_task_runner.py:87} INFO - Running: ['***', 'tasks', 'run', 'etl_***', 'transform', 'scheduled__2024-03-16T00:00:00+00:00', '--job-id', '137', '--raw', '--subdir', 'DAGS_FOLDER/etl_***.py', '--cfg-path', '/tmp/tmpj2oskboe']
[2025-12-17T04:19:38.259+0000] {standard_task_runner.py:88} INFO - Job 137: Subtask transform
[2025-12-17T04:19:38.379+0000] {task_command.py:423} INFO - Running <TaskInstance: etl_airflow.transform scheduled__2024-03-16T00:00:00+00:00 [running]> on host c5811fe183ca
[2025-12-17T04:19:38.845+0000] {taskinstance.py:2480} INFO - Exporting env vars: AIRFLOW_CTX_DAG_OWNER='***' AIRFLOW_CTX_DAG_ID='etl_***' AIRFLOW_CTX_TASK_ID='transform' AIRFLOW_CTX_EXECUTION_DATE='2024-03-16T00:00:00+00:00' AIRFLOW_CTX_TRY_NUMBER='3' AIRFLOW_CTX_DAG_RUN_ID='scheduled__2024-03-16T00:00:00+00:00'
[2025-12-17T04:19:38.850+0000] {taskinstance.py:2698} ERROR - Task failed with exception
Traceback (most recent call last):
  File "/home/airflow/.local/lib/python3.8/site-packages/airflow/models/taskinstance.py", line 433, in _execute_task
    result = execute_callable(context=context, **execute_callable_kwargs)
  File "/home/airflow/.local/lib/python3.8/site-packages/airflow/operators/python.py", line 199, in execute
    return_value = self.execute_callable()
  File "/home/airflow/.local/lib/python3.8/site-packages/airflow/operators/python.py", line 216, in execute_callable
    return self.python_callable(*self.op_args, **self.op_kwargs)
TypeError: transform_data() missing 1 required positional argument: 'df'
[2025-12-17T04:19:38.866+0000] {taskinstance.py:1138} INFO - Marking task as FAILED. dag_id=etl_***, task_id=transform, execution_date=20240316T000000, start_date=20251217T041938, end_date=20251217T041938
[2025-12-17T04:19:38.889+0000] {standard_task_runner.py:107} ERROR - Failed to execute job 137 for task transform (transform_data() missing 1 required positional argument: 'df'; 670)
[2025-12-17T04:19:38.912+0000] {local_task_job_runner.py:234} INFO - Task exited with return code 1
[2025-12-17T04:19:38.959+0000] {taskinstance.py:3280} INFO - 0 downstream tasks scheduled from follow-on schedule check
[2025-12-17T04:45:07.206+0000] {taskinstance.py:1956} INFO - Dependencies all met for dep_context=non-requeueable deps ti=<TaskInstance: etl_airflow.transform scheduled__2024-03-16T00:00:00+00:00 [queued]>
[2025-12-17T04:45:07.224+0000] {taskinstance.py:1956} INFO - Dependencies all met for dep_context=requeueable deps ti=<TaskInstance: etl_airflow.transform scheduled__2024-03-16T00:00:00+00:00 [queued]>
[2025-12-17T04:45:07.226+0000] {taskinstance.py:2170} INFO - Starting attempt 3 of 3
[2025-12-17T04:45:07.463+0000] {taskinstance.py:2191} INFO - Executing <Task(PythonOperator): transform> on 2024-03-16 00:00:00+00:00
[2025-12-17T04:45:07.472+0000] {standard_task_runner.py:60} INFO - Started process 1266 to run task
[2025-12-17T04:45:07.478+0000] {standard_task_runner.py:87} INFO - Running: ['***', 'tasks', 'run', 'etl_***', 'transform', 'scheduled__2024-03-16T00:00:00+00:00', '--job-id', '317', '--raw', '--subdir', 'DAGS_FOLDER/etl_***.py', '--cfg-path', '/tmp/tmppc5vmhxv']
[2025-12-17T04:45:07.483+0000] {standard_task_runner.py:88} INFO - Job 317: Subtask transform
[2025-12-17T04:45:07.615+0000] {task_command.py:423} INFO - Running <TaskInstance: etl_airflow.transform scheduled__2024-03-16T00:00:00+00:00 [running]> on host b3426f05ac70
[2025-12-17T04:45:07.973+0000] {taskinstance.py:2480} INFO - Exporting env vars: AIRFLOW_CTX_DAG_OWNER='***' AIRFLOW_CTX_DAG_ID='etl_***' AIRFLOW_CTX_TASK_ID='transform' AIRFLOW_CTX_EXECUTION_DATE='2024-03-16T00:00:00+00:00' AIRFLOW_CTX_TRY_NUMBER='3' AIRFLOW_CTX_DAG_RUN_ID='scheduled__2024-03-16T00:00:00+00:00'
[2025-12-17T04:45:07.976+0000] {taskinstance.py:2698} ERROR - Task failed with exception
Traceback (most recent call last):
  File "/home/airflow/.local/lib/python3.8/site-packages/airflow/models/taskinstance.py", line 433, in _execute_task
    result = execute_callable(context=context, **execute_callable_kwargs)
  File "/home/airflow/.local/lib/python3.8/site-packages/airflow/operators/python.py", line 199, in execute
    return_value = self.execute_callable()
  File "/home/airflow/.local/lib/python3.8/site-packages/airflow/operators/python.py", line 216, in execute_callable
    return self.python_callable(*self.op_args, **self.op_kwargs)
TypeError: transform_data() missing 1 required positional argument: 'df'
[2025-12-17T04:45:07.992+0000] {taskinstance.py:1138} INFO - Marking task as FAILED. dag_id=etl_***, task_id=transform, execution_date=20240316T000000, start_date=20251217T044507, end_date=20251217T044507
[2025-12-17T04:45:08.016+0000] {standard_task_runner.py:107} ERROR - Failed to execute job 317 for task transform (transform_data() missing 1 required positional argument: 'df'; 1266)
[2025-12-17T04:45:08.056+0000] {local_task_job_runner.py:234} INFO - Task exited with return code 1
[2025-12-17T04:45:08.097+0000] {taskinstance.py:3280} INFO - 0 downstream tasks scheduled from follow-on schedule check
[2025-12-17T07:38:30.403+0000] {taskinstance.py:1956} INFO - Dependencies all met for dep_context=non-requeueable deps ti=<TaskInstance: etl_airflow.transform scheduled__2024-03-16T00:00:00+00:00 [queued]>
[2025-12-17T07:38:30.421+0000] {taskinstance.py:1956} INFO - Dependencies all met for dep_context=requeueable deps ti=<TaskInstance: etl_airflow.transform scheduled__2024-03-16T00:00:00+00:00 [queued]>
[2025-12-17T07:38:30.422+0000] {taskinstance.py:2170} INFO - Starting attempt 3 of 3
[2025-12-17T07:38:30.448+0000] {taskinstance.py:2191} INFO - Executing <Task(PythonOperator): transform> on 2024-03-16 00:00:00+00:00
[2025-12-17T07:38:30.464+0000] {standard_task_runner.py:60} INFO - Started process 1336 to run task
[2025-12-17T07:38:30.475+0000] {standard_task_runner.py:87} INFO - Running: ['***', 'tasks', 'run', 'etl_***', 'transform', 'scheduled__2024-03-16T00:00:00+00:00', '--job-id', '319', '--raw', '--subdir', 'DAGS_FOLDER/etl_***.py', '--cfg-path', '/tmp/tmp13kteqr2']
[2025-12-17T07:38:30.480+0000] {standard_task_runner.py:88} INFO - Job 319: Subtask transform
[2025-12-17T07:38:30.619+0000] {task_command.py:423} INFO - Running <TaskInstance: etl_airflow.transform scheduled__2024-03-16T00:00:00+00:00 [running]> on host 2a0de06c8905
[2025-12-17T07:38:31.032+0000] {taskinstance.py:2480} INFO - Exporting env vars: AIRFLOW_CTX_DAG_OWNER='***' AIRFLOW_CTX_DAG_ID='etl_***' AIRFLOW_CTX_TASK_ID='transform' AIRFLOW_CTX_EXECUTION_DATE='2024-03-16T00:00:00+00:00' AIRFLOW_CTX_TRY_NUMBER='3' AIRFLOW_CTX_DAG_RUN_ID='scheduled__2024-03-16T00:00:00+00:00'
[2025-12-17T07:38:31.035+0000] {taskinstance.py:2698} ERROR - Task failed with exception
Traceback (most recent call last):
  File "/home/airflow/.local/lib/python3.8/site-packages/airflow/models/taskinstance.py", line 433, in _execute_task
    result = execute_callable(context=context, **execute_callable_kwargs)
  File "/home/airflow/.local/lib/python3.8/site-packages/airflow/operators/python.py", line 199, in execute
    return_value = self.execute_callable()
  File "/home/airflow/.local/lib/python3.8/site-packages/airflow/operators/python.py", line 216, in execute_callable
    return self.python_callable(*self.op_args, **self.op_kwargs)
TypeError: transform_data() missing 1 required positional argument: 'df'
[2025-12-17T07:38:31.051+0000] {taskinstance.py:1138} INFO - Marking task as FAILED. dag_id=etl_***, task_id=transform, execution_date=20240316T000000, start_date=20251217T073830, end_date=20251217T073831
[2025-12-17T07:38:31.079+0000] {standard_task_runner.py:107} ERROR - Failed to execute job 319 for task transform (transform_data() missing 1 required positional argument: 'df'; 1336)
[2025-12-17T07:38:31.134+0000] {local_task_job_runner.py:234} INFO - Task exited with return code 1
[2025-12-17T07:38:31.192+0000] {taskinstance.py:3280} INFO - 0 downstream tasks scheduled from follow-on schedule check
