[2025-12-17T04:52:42.707+0000] {taskinstance.py:1956} INFO - Dependencies all met for dep_context=non-requeueable deps ti=<TaskInstance: etl_airflow.transform scheduled__2024-10-11T00:00:00+00:00 [queued]>
[2025-12-17T04:52:42.721+0000] {taskinstance.py:1956} INFO - Dependencies all met for dep_context=requeueable deps ti=<TaskInstance: etl_airflow.transform scheduled__2024-10-11T00:00:00+00:00 [queued]>
[2025-12-17T04:52:42.722+0000] {taskinstance.py:2170} INFO - Starting attempt 3 of 3
[2025-12-17T04:52:42.740+0000] {taskinstance.py:2191} INFO - Executing <Task(PythonOperator): transform> on 2024-10-11 00:00:00+00:00
[2025-12-17T04:52:42.749+0000] {standard_task_runner.py:60} INFO - Started process 4019 to run task
[2025-12-17T04:52:42.758+0000] {standard_task_runner.py:87} INFO - Running: ['***', 'tasks', 'run', 'etl_***', 'transform', 'scheduled__2024-10-11T00:00:00+00:00', '--job-id', '1151', '--raw', '--subdir', 'DAGS_FOLDER/etl_***.py', '--cfg-path', '/tmp/tmpy841zjmy']
[2025-12-17T04:52:42.762+0000] {standard_task_runner.py:88} INFO - Job 1151: Subtask transform
[2025-12-17T04:52:42.870+0000] {task_command.py:423} INFO - Running <TaskInstance: etl_airflow.transform scheduled__2024-10-11T00:00:00+00:00 [running]> on host b3426f05ac70
[2025-12-17T04:52:43.272+0000] {taskinstance.py:2480} INFO - Exporting env vars: AIRFLOW_CTX_DAG_OWNER='***' AIRFLOW_CTX_DAG_ID='etl_***' AIRFLOW_CTX_TASK_ID='transform' AIRFLOW_CTX_EXECUTION_DATE='2024-10-11T00:00:00+00:00' AIRFLOW_CTX_TRY_NUMBER='3' AIRFLOW_CTX_DAG_RUN_ID='scheduled__2024-10-11T00:00:00+00:00'
[2025-12-17T04:52:43.274+0000] {taskinstance.py:2698} ERROR - Task failed with exception
Traceback (most recent call last):
  File "/home/airflow/.local/lib/python3.8/site-packages/airflow/models/taskinstance.py", line 433, in _execute_task
    result = execute_callable(context=context, **execute_callable_kwargs)
  File "/home/airflow/.local/lib/python3.8/site-packages/airflow/operators/python.py", line 199, in execute
    return_value = self.execute_callable()
  File "/home/airflow/.local/lib/python3.8/site-packages/airflow/operators/python.py", line 216, in execute_callable
    return self.python_callable(*self.op_args, **self.op_kwargs)
TypeError: transform_data() missing 1 required positional argument: 'df'
[2025-12-17T04:52:43.289+0000] {taskinstance.py:1138} INFO - Marking task as FAILED. dag_id=etl_***, task_id=transform, execution_date=20241011T000000, start_date=20251217T045242, end_date=20251217T045243
[2025-12-17T04:52:43.306+0000] {standard_task_runner.py:107} ERROR - Failed to execute job 1151 for task transform (transform_data() missing 1 required positional argument: 'df'; 4019)
[2025-12-17T04:52:43.331+0000] {local_task_job_runner.py:234} INFO - Task exited with return code 1
[2025-12-17T04:52:43.359+0000] {taskinstance.py:3280} INFO - 0 downstream tasks scheduled from follow-on schedule check
[2025-12-17T07:57:46.421+0000] {taskinstance.py:1956} INFO - Dependencies all met for dep_context=non-requeueable deps ti=<TaskInstance: etl_airflow.transform scheduled__2024-10-11T00:00:00+00:00 [queued]>
[2025-12-17T07:57:46.448+0000] {taskinstance.py:1956} INFO - Dependencies all met for dep_context=requeueable deps ti=<TaskInstance: etl_airflow.transform scheduled__2024-10-11T00:00:00+00:00 [queued]>
[2025-12-17T07:57:46.450+0000] {taskinstance.py:2170} INFO - Starting attempt 3 of 3
[2025-12-17T07:57:46.484+0000] {taskinstance.py:2191} INFO - Executing <Task(PythonOperator): transform> on 2024-10-11 00:00:00+00:00
[2025-12-17T07:57:46.497+0000] {standard_task_runner.py:60} INFO - Started process 4095 to run task
[2025-12-17T07:57:46.503+0000] {standard_task_runner.py:87} INFO - Running: ['***', 'tasks', 'run', 'etl_***', 'transform', 'scheduled__2024-10-11T00:00:00+00:00', '--job-id', '1150', '--raw', '--subdir', 'DAGS_FOLDER/etl_***.py', '--cfg-path', '/tmp/tmpp33mo4sn']
[2025-12-17T07:57:46.508+0000] {standard_task_runner.py:88} INFO - Job 1150: Subtask transform
[2025-12-17T07:57:46.650+0000] {task_command.py:423} INFO - Running <TaskInstance: etl_airflow.transform scheduled__2024-10-11T00:00:00+00:00 [running]> on host 2a0de06c8905
[2025-12-17T07:57:47.087+0000] {taskinstance.py:2480} INFO - Exporting env vars: AIRFLOW_CTX_DAG_OWNER='***' AIRFLOW_CTX_DAG_ID='etl_***' AIRFLOW_CTX_TASK_ID='transform' AIRFLOW_CTX_EXECUTION_DATE='2024-10-11T00:00:00+00:00' AIRFLOW_CTX_TRY_NUMBER='3' AIRFLOW_CTX_DAG_RUN_ID='scheduled__2024-10-11T00:00:00+00:00'
[2025-12-17T07:57:47.090+0000] {taskinstance.py:2698} ERROR - Task failed with exception
Traceback (most recent call last):
  File "/home/airflow/.local/lib/python3.8/site-packages/airflow/models/taskinstance.py", line 433, in _execute_task
    result = execute_callable(context=context, **execute_callable_kwargs)
  File "/home/airflow/.local/lib/python3.8/site-packages/airflow/operators/python.py", line 199, in execute
    return_value = self.execute_callable()
  File "/home/airflow/.local/lib/python3.8/site-packages/airflow/operators/python.py", line 216, in execute_callable
    return self.python_callable(*self.op_args, **self.op_kwargs)
TypeError: transform_data() missing 1 required positional argument: 'df'
[2025-12-17T07:57:47.107+0000] {taskinstance.py:1138} INFO - Marking task as FAILED. dag_id=etl_***, task_id=transform, execution_date=20241011T000000, start_date=20251217T075746, end_date=20251217T075747
[2025-12-17T07:57:47.131+0000] {standard_task_runner.py:107} ERROR - Failed to execute job 1150 for task transform (transform_data() missing 1 required positional argument: 'df'; 4095)
[2025-12-17T07:57:47.161+0000] {local_task_job_runner.py:234} INFO - Task exited with return code 1
[2025-12-17T07:57:47.209+0000] {taskinstance.py:3280} INFO - 0 downstream tasks scheduled from follow-on schedule check
