[2025-12-16T17:11:30.797+0000] {taskinstance.py:1956} INFO - Dependencies all met for dep_context=non-requeueable deps ti=<TaskInstance: etl_airflow.transform scheduled__2024-04-27T00:00:00+00:00 [queued]>
[2025-12-16T17:11:30.833+0000] {taskinstance.py:1956} INFO - Dependencies all met for dep_context=requeueable deps ti=<TaskInstance: etl_airflow.transform scheduled__2024-04-27T00:00:00+00:00 [queued]>
[2025-12-16T17:11:30.834+0000] {taskinstance.py:2170} INFO - Starting attempt 1 of 3
[2025-12-16T17:11:31.014+0000] {taskinstance.py:2191} INFO - Executing <Task(PythonOperator): transform> on 2024-04-27 00:00:00+00:00
[2025-12-16T17:11:31.050+0000] {standard_task_runner.py:60} INFO - Started process 1496 to run task
[2025-12-16T17:11:31.066+0000] {standard_task_runner.py:87} INFO - Running: ['***', 'tasks', 'run', 'etl_***', 'transform', 'scheduled__2024-04-27T00:00:00+00:00', '--job-id', '3970', '--raw', '--subdir', 'DAGS_FOLDER/etl_dag.py', '--cfg-path', '/tmp/tmp0plsio04']
[2025-12-16T17:11:31.072+0000] {standard_task_runner.py:88} INFO - Job 3970: Subtask transform
[2025-12-16T17:11:31.278+0000] {task_command.py:423} INFO - Running <TaskInstance: etl_airflow.transform scheduled__2024-04-27T00:00:00+00:00 [running]> on host 3b89cfee50e9
[2025-12-16T17:11:31.500+0000] {taskinstance.py:2480} INFO - Exporting env vars: AIRFLOW_CTX_DAG_OWNER='***' AIRFLOW_CTX_DAG_ID='etl_***' AIRFLOW_CTX_TASK_ID='transform' AIRFLOW_CTX_EXECUTION_DATE='2024-04-27T00:00:00+00:00' AIRFLOW_CTX_TRY_NUMBER='1' AIRFLOW_CTX_DAG_RUN_ID='scheduled__2024-04-27T00:00:00+00:00'
[2025-12-16T17:11:31.507+0000] {logging_mixin.py:188} INFO - [TRANSFORM]
[2025-12-16T17:11:31.886+0000] {logging_mixin.py:188} INFO - [TRANSFORM] done
[2025-12-16T17:11:31.888+0000] {python.py:201} INFO - Done. Returned value was: None
[2025-12-16T17:11:31.964+0000] {taskinstance.py:1138} INFO - Marking task as SUCCESS. dag_id=etl_***, task_id=transform, execution_date=20240427T000000, start_date=20251216T171130, end_date=20251216T171131
[2025-12-16T17:11:32.107+0000] {local_task_job_runner.py:234} INFO - Task exited with return code 0
[2025-12-16T17:11:32.400+0000] {taskinstance.py:3280} INFO - 0 downstream tasks scheduled from follow-on schedule check
[2025-12-17T01:52:17.701+0000] {taskinstance.py:1956} INFO - Dependencies all met for dep_context=non-requeueable deps ti=<TaskInstance: etl_airflow.transform scheduled__2024-04-27T00:00:00+00:00 [queued]>
[2025-12-17T01:52:17.733+0000] {taskinstance.py:1956} INFO - Dependencies all met for dep_context=requeueable deps ti=<TaskInstance: etl_airflow.transform scheduled__2024-04-27T00:00:00+00:00 [queued]>
[2025-12-17T01:52:17.734+0000] {taskinstance.py:2170} INFO - Starting attempt 1 of 3
[2025-12-17T01:52:17.763+0000] {taskinstance.py:2191} INFO - Executing <Task(PythonOperator): transform> on 2024-04-27 00:00:00+00:00
[2025-12-17T01:52:17.786+0000] {standard_task_runner.py:60} INFO - Started process 1393 to run task
[2025-12-17T01:52:17.798+0000] {standard_task_runner.py:87} INFO - Running: ['***', 'tasks', 'run', 'etl_***', 'transform', 'scheduled__2024-04-27T00:00:00+00:00', '--job-id', '371', '--raw', '--subdir', 'DAGS_FOLDER/etl_dag.py', '--cfg-path', '/tmp/tmp3f8lz_im']
[2025-12-17T01:52:17.809+0000] {standard_task_runner.py:88} INFO - Job 371: Subtask transform
[2025-12-17T01:52:17.985+0000] {task_command.py:423} INFO - Running <TaskInstance: etl_airflow.transform scheduled__2024-04-27T00:00:00+00:00 [running]> on host 571e042550da
[2025-12-17T01:52:18.609+0000] {taskinstance.py:2480} INFO - Exporting env vars: AIRFLOW_CTX_DAG_OWNER='***' AIRFLOW_CTX_DAG_ID='etl_***' AIRFLOW_CTX_TASK_ID='transform' AIRFLOW_CTX_EXECUTION_DATE='2024-04-27T00:00:00+00:00' AIRFLOW_CTX_TRY_NUMBER='1' AIRFLOW_CTX_DAG_RUN_ID='scheduled__2024-04-27T00:00:00+00:00'
[2025-12-17T01:52:18.614+0000] {logging_mixin.py:188} INFO - [TRANSFORM]
[2025-12-17T01:52:18.624+0000] {taskinstance.py:2698} ERROR - Task failed with exception
Traceback (most recent call last):
  File "/home/airflow/.local/lib/python3.8/site-packages/airflow/models/taskinstance.py", line 433, in _execute_task
    result = execute_callable(context=context, **execute_callable_kwargs)
  File "/home/airflow/.local/lib/python3.8/site-packages/airflow/operators/python.py", line 199, in execute
    return_value = self.execute_callable()
  File "/home/airflow/.local/lib/python3.8/site-packages/airflow/operators/python.py", line 216, in execute_callable
    return self.python_callable(*self.op_args, **self.op_kwargs)
  File "/opt/airflow/etl_logic/pipeline.py", line 111, in transform_data
    df = pd.read_csv(TRANSFORMED_PATH)
  File "/home/airflow/.local/lib/python3.8/site-packages/pandas/io/parsers/readers.py", line 912, in read_csv
    return _read(filepath_or_buffer, kwds)
  File "/home/airflow/.local/lib/python3.8/site-packages/pandas/io/parsers/readers.py", line 577, in _read
    parser = TextFileReader(filepath_or_buffer, **kwds)
  File "/home/airflow/.local/lib/python3.8/site-packages/pandas/io/parsers/readers.py", line 1407, in __init__
    self._engine = self._make_engine(f, self.engine)
  File "/home/airflow/.local/lib/python3.8/site-packages/pandas/io/parsers/readers.py", line 1679, in _make_engine
    return mapping[engine](f, **self.options)
  File "/home/airflow/.local/lib/python3.8/site-packages/pandas/io/parsers/c_parser_wrapper.py", line 93, in __init__
    self._reader = parsers.TextReader(src, **kwds)
  File "pandas/_libs/parsers.pyx", line 557, in pandas._libs.parsers.TextReader.__cinit__
pandas.errors.EmptyDataError: No columns to parse from file
[2025-12-17T01:52:18.689+0000] {taskinstance.py:1138} INFO - Marking task as UP_FOR_RETRY. dag_id=etl_***, task_id=transform, execution_date=20240427T000000, start_date=20251217T015217, end_date=20251217T015218
[2025-12-17T01:52:18.762+0000] {standard_task_runner.py:107} ERROR - Failed to execute job 371 for task transform (No columns to parse from file; 1393)
[2025-12-17T01:52:18.842+0000] {local_task_job_runner.py:234} INFO - Task exited with return code 1
[2025-12-17T01:52:19.109+0000] {taskinstance.py:3280} INFO - 0 downstream tasks scheduled from follow-on schedule check
[2025-12-17T04:46:30.741+0000] {taskinstance.py:1956} INFO - Dependencies all met for dep_context=non-requeueable deps ti=<TaskInstance: etl_airflow.transform scheduled__2024-04-27T00:00:00+00:00 [queued]>
[2025-12-17T04:46:30.765+0000] {taskinstance.py:1956} INFO - Dependencies all met for dep_context=requeueable deps ti=<TaskInstance: etl_airflow.transform scheduled__2024-04-27T00:00:00+00:00 [queued]>
[2025-12-17T04:46:30.766+0000] {taskinstance.py:2170} INFO - Starting attempt 1 of 3
[2025-12-17T04:46:30.810+0000] {taskinstance.py:2191} INFO - Executing <Task(PythonOperator): transform> on 2024-04-27 00:00:00+00:00
[2025-12-17T04:46:30.820+0000] {standard_task_runner.py:60} INFO - Started process 1768 to run task
[2025-12-17T04:46:30.826+0000] {standard_task_runner.py:87} INFO - Running: ['***', 'tasks', 'run', 'etl_***', 'transform', 'scheduled__2024-04-27T00:00:00+00:00', '--job-id', '466', '--raw', '--subdir', 'DAGS_FOLDER/etl_***.py', '--cfg-path', '/tmp/tmpxvk3_96h']
[2025-12-17T04:46:30.833+0000] {standard_task_runner.py:88} INFO - Job 466: Subtask transform
[2025-12-17T04:46:30.969+0000] {task_command.py:423} INFO - Running <TaskInstance: etl_airflow.transform scheduled__2024-04-27T00:00:00+00:00 [running]> on host b3426f05ac70
[2025-12-17T04:46:31.410+0000] {taskinstance.py:2480} INFO - Exporting env vars: AIRFLOW_CTX_DAG_OWNER='***' AIRFLOW_CTX_DAG_ID='etl_***' AIRFLOW_CTX_TASK_ID='transform' AIRFLOW_CTX_EXECUTION_DATE='2024-04-27T00:00:00+00:00' AIRFLOW_CTX_TRY_NUMBER='1' AIRFLOW_CTX_DAG_RUN_ID='scheduled__2024-04-27T00:00:00+00:00'
[2025-12-17T04:46:31.412+0000] {taskinstance.py:2698} ERROR - Task failed with exception
Traceback (most recent call last):
  File "/home/airflow/.local/lib/python3.8/site-packages/airflow/models/taskinstance.py", line 433, in _execute_task
    result = execute_callable(context=context, **execute_callable_kwargs)
  File "/home/airflow/.local/lib/python3.8/site-packages/airflow/operators/python.py", line 199, in execute
    return_value = self.execute_callable()
  File "/home/airflow/.local/lib/python3.8/site-packages/airflow/operators/python.py", line 216, in execute_callable
    return self.python_callable(*self.op_args, **self.op_kwargs)
TypeError: transform_data() missing 1 required positional argument: 'df'
[2025-12-17T04:46:31.426+0000] {taskinstance.py:1138} INFO - Marking task as UP_FOR_RETRY. dag_id=etl_***, task_id=transform, execution_date=20240427T000000, start_date=20251217T044630, end_date=20251217T044631
[2025-12-17T04:46:31.515+0000] {standard_task_runner.py:107} ERROR - Failed to execute job 466 for task transform (transform_data() missing 1 required positional argument: 'df'; 1768)
[2025-12-17T04:46:31.570+0000] {local_task_job_runner.py:234} INFO - Task exited with return code 1
[2025-12-17T04:46:31.628+0000] {taskinstance.py:3280} INFO - 0 downstream tasks scheduled from follow-on schedule check
[2025-12-17T07:39:56.758+0000] {taskinstance.py:1956} INFO - Dependencies all met for dep_context=non-requeueable deps ti=<TaskInstance: etl_airflow.transform scheduled__2024-04-27T00:00:00+00:00 [queued]>
[2025-12-17T07:39:56.780+0000] {taskinstance.py:1956} INFO - Dependencies all met for dep_context=requeueable deps ti=<TaskInstance: etl_airflow.transform scheduled__2024-04-27T00:00:00+00:00 [queued]>
[2025-12-17T07:39:56.785+0000] {taskinstance.py:2170} INFO - Starting attempt 1 of 3
[2025-12-17T07:39:56.818+0000] {taskinstance.py:2191} INFO - Executing <Task(PythonOperator): transform> on 2024-04-27 00:00:00+00:00
[2025-12-17T07:39:56.830+0000] {standard_task_runner.py:60} INFO - Started process 1837 to run task
[2025-12-17T07:39:56.839+0000] {standard_task_runner.py:87} INFO - Running: ['***', 'tasks', 'run', 'etl_***', 'transform', 'scheduled__2024-04-27T00:00:00+00:00', '--job-id', '472', '--raw', '--subdir', 'DAGS_FOLDER/etl_***.py', '--cfg-path', '/tmp/tmpgi_rek39']
[2025-12-17T07:39:56.847+0000] {standard_task_runner.py:88} INFO - Job 472: Subtask transform
[2025-12-17T07:39:56.991+0000] {task_command.py:423} INFO - Running <TaskInstance: etl_airflow.transform scheduled__2024-04-27T00:00:00+00:00 [running]> on host 2a0de06c8905
[2025-12-17T07:39:57.485+0000] {taskinstance.py:2480} INFO - Exporting env vars: AIRFLOW_CTX_DAG_OWNER='***' AIRFLOW_CTX_DAG_ID='etl_***' AIRFLOW_CTX_TASK_ID='transform' AIRFLOW_CTX_EXECUTION_DATE='2024-04-27T00:00:00+00:00' AIRFLOW_CTX_TRY_NUMBER='1' AIRFLOW_CTX_DAG_RUN_ID='scheduled__2024-04-27T00:00:00+00:00'
[2025-12-17T07:39:57.491+0000] {taskinstance.py:2698} ERROR - Task failed with exception
Traceback (most recent call last):
  File "/home/airflow/.local/lib/python3.8/site-packages/airflow/models/taskinstance.py", line 433, in _execute_task
    result = execute_callable(context=context, **execute_callable_kwargs)
  File "/home/airflow/.local/lib/python3.8/site-packages/airflow/operators/python.py", line 199, in execute
    return_value = self.execute_callable()
  File "/home/airflow/.local/lib/python3.8/site-packages/airflow/operators/python.py", line 216, in execute_callable
    return self.python_callable(*self.op_args, **self.op_kwargs)
TypeError: transform_data() missing 1 required positional argument: 'df'
[2025-12-17T07:39:57.516+0000] {taskinstance.py:1138} INFO - Marking task as UP_FOR_RETRY. dag_id=etl_***, task_id=transform, execution_date=20240427T000000, start_date=20251217T073956, end_date=20251217T073957
[2025-12-17T07:39:57.551+0000] {standard_task_runner.py:107} ERROR - Failed to execute job 472 for task transform (transform_data() missing 1 required positional argument: 'df'; 1837)
[2025-12-17T07:39:57.618+0000] {local_task_job_runner.py:234} INFO - Task exited with return code 1
[2025-12-17T07:39:57.895+0000] {taskinstance.py:3280} INFO - 0 downstream tasks scheduled from follow-on schedule check
