[2025-12-16T17:07:37.754+0000] {taskinstance.py:1956} INFO - Dependencies all met for dep_context=non-requeueable deps ti=<TaskInstance: etl_airflow.transform scheduled__2025-03-06T00:00:00+00:00 [queued]>
[2025-12-16T17:07:37.772+0000] {taskinstance.py:1956} INFO - Dependencies all met for dep_context=requeueable deps ti=<TaskInstance: etl_airflow.transform scheduled__2025-03-06T00:00:00+00:00 [queued]>
[2025-12-16T17:07:37.773+0000] {taskinstance.py:2170} INFO - Starting attempt 1 of 3
[2025-12-16T17:07:37.802+0000] {taskinstance.py:2191} INFO - Executing <Task(PythonOperator): transform> on 2025-03-06 00:00:00+00:00
[2025-12-16T17:07:37.811+0000] {standard_task_runner.py:60} INFO - Started process 1633 to run task
[2025-12-16T17:07:37.814+0000] {standard_task_runner.py:87} INFO - Running: ['***', 'tasks', 'run', 'etl_***', 'transform', 'scheduled__2025-03-06T00:00:00+00:00', '--job-id', '3415', '--raw', '--subdir', 'DAGS_FOLDER/etl_dag.py', '--cfg-path', '/tmp/tmpx07aa9g_']
[2025-12-16T17:07:37.818+0000] {standard_task_runner.py:88} INFO - Job 3415: Subtask transform
[2025-12-16T17:07:37.923+0000] {task_command.py:423} INFO - Running <TaskInstance: etl_airflow.transform scheduled__2025-03-06T00:00:00+00:00 [running]> on host db658e834d9d
[2025-12-16T17:07:38.057+0000] {taskinstance.py:2480} INFO - Exporting env vars: AIRFLOW_CTX_DAG_OWNER='***' AIRFLOW_CTX_DAG_ID='etl_***' AIRFLOW_CTX_TASK_ID='transform' AIRFLOW_CTX_EXECUTION_DATE='2025-03-06T00:00:00+00:00' AIRFLOW_CTX_TRY_NUMBER='1' AIRFLOW_CTX_DAG_RUN_ID='scheduled__2025-03-06T00:00:00+00:00'
[2025-12-16T17:07:38.060+0000] {logging_mixin.py:188} INFO - [TRANSFORM]
[2025-12-16T17:07:38.077+0000] {taskinstance.py:2698} ERROR - Task failed with exception
Traceback (most recent call last):
  File "/home/airflow/.local/lib/python3.8/site-packages/airflow/models/taskinstance.py", line 433, in _execute_task
    result = execute_callable(context=context, **execute_callable_kwargs)
  File "/home/airflow/.local/lib/python3.8/site-packages/airflow/operators/python.py", line 199, in execute
    return_value = self.execute_callable()
  File "/home/airflow/.local/lib/python3.8/site-packages/airflow/operators/python.py", line 216, in execute_callable
    return self.python_callable(*self.op_args, **self.op_kwargs)
  File "/opt/airflow/etl_logic/pipeline.py", line 113, in transform_data
    df.to_csv(OUTPUT_PATH, index=False)
  File "/home/airflow/.local/lib/python3.8/site-packages/pandas/core/generic.py", line 3772, in to_csv
    return DataFrameRenderer(formatter).to_csv(
  File "/home/airflow/.local/lib/python3.8/site-packages/pandas/io/formats/format.py", line 1186, in to_csv
    csv_formatter.save()
  File "/home/airflow/.local/lib/python3.8/site-packages/pandas/io/formats/csvs.py", line 240, in save
    with get_handle(
  File "/home/airflow/.local/lib/python3.8/site-packages/pandas/io/common.py", line 737, in get_handle
    check_parent_directory(str(handle))
  File "/home/airflow/.local/lib/python3.8/site-packages/pandas/io/common.py", line 600, in check_parent_directory
    raise OSError(rf"Cannot save file into a non-existent directory: '{parent}'")
OSError: Cannot save file into a non-existent directory: 'E:\GPP\Task_4\comparative-data-orchestrationirflow\data'
[2025-12-16T17:07:38.107+0000] {taskinstance.py:1138} INFO - Marking task as UP_FOR_RETRY. dag_id=etl_***, task_id=transform, execution_date=20250306T000000, start_date=20251216T170737, end_date=20251216T170738
[2025-12-16T17:07:38.402+0000] {standard_task_runner.py:107} ERROR - Failed to execute job 3415 for task transform (Cannot save file into a non-existent directory: 'E:\GPP\Task_4\comparative-data-orchestrationirflow\data'; 1633)
[2025-12-16T17:07:38.438+0000] {local_task_job_runner.py:234} INFO - Task exited with return code 1
[2025-12-16T17:07:38.486+0000] {taskinstance.py:3280} INFO - 0 downstream tasks scheduled from follow-on schedule check
[2025-12-17T01:57:37.151+0000] {taskinstance.py:1956} INFO - Dependencies all met for dep_context=non-requeueable deps ti=<TaskInstance: etl_airflow.transform scheduled__2025-03-06T00:00:00+00:00 [queued]>
[2025-12-17T01:57:37.215+0000] {taskinstance.py:1956} INFO - Dependencies all met for dep_context=requeueable deps ti=<TaskInstance: etl_airflow.transform scheduled__2025-03-06T00:00:00+00:00 [queued]>
[2025-12-17T01:57:37.217+0000] {taskinstance.py:2170} INFO - Starting attempt 1 of 3
[2025-12-17T01:57:37.578+0000] {taskinstance.py:2191} INFO - Executing <Task(PythonOperator): transform> on 2025-03-06 00:00:00+00:00
[2025-12-17T01:57:37.593+0000] {standard_task_runner.py:60} INFO - Started process 4388 to run task
[2025-12-17T01:57:37.621+0000] {standard_task_runner.py:87} INFO - Running: ['***', 'tasks', 'run', 'etl_***', 'transform', 'scheduled__2025-03-06T00:00:00+00:00', '--job-id', '1315', '--raw', '--subdir', 'DAGS_FOLDER/etl_dag.py', '--cfg-path', '/tmp/tmp_cehza70']
[2025-12-17T01:57:37.660+0000] {standard_task_runner.py:88} INFO - Job 1315: Subtask transform
[2025-12-17T01:57:38.011+0000] {task_command.py:423} INFO - Running <TaskInstance: etl_airflow.transform scheduled__2025-03-06T00:00:00+00:00 [running]> on host 571e042550da
[2025-12-17T01:57:38.802+0000] {taskinstance.py:2480} INFO - Exporting env vars: AIRFLOW_CTX_DAG_OWNER='***' AIRFLOW_CTX_DAG_ID='etl_***' AIRFLOW_CTX_TASK_ID='transform' AIRFLOW_CTX_EXECUTION_DATE='2025-03-06T00:00:00+00:00' AIRFLOW_CTX_TRY_NUMBER='1' AIRFLOW_CTX_DAG_RUN_ID='scheduled__2025-03-06T00:00:00+00:00'
[2025-12-17T01:57:38.806+0000] {logging_mixin.py:188} INFO - [TRANSFORM]
[2025-12-17T01:57:38.906+0000] {logging_mixin.py:188} INFO - [TRANSFORM] done
[2025-12-17T01:57:38.914+0000] {python.py:201} INFO - Done. Returned value was: None
[2025-12-17T01:57:38.963+0000] {taskinstance.py:1138} INFO - Marking task as SUCCESS. dag_id=etl_***, task_id=transform, execution_date=20250306T000000, start_date=20251217T015737, end_date=20251217T015738
[2025-12-17T01:57:39.045+0000] {local_task_job_runner.py:234} INFO - Task exited with return code 0
[2025-12-17T01:57:39.206+0000] {taskinstance.py:3280} INFO - 1 downstream tasks scheduled from follow-on schedule check
[2025-12-17T04:57:35.343+0000] {taskinstance.py:1956} INFO - Dependencies all met for dep_context=non-requeueable deps ti=<TaskInstance: etl_airflow.transform scheduled__2025-03-06T00:00:00+00:00 [queued]>
[2025-12-17T04:57:35.354+0000] {taskinstance.py:1956} INFO - Dependencies all met for dep_context=requeueable deps ti=<TaskInstance: etl_airflow.transform scheduled__2025-03-06T00:00:00+00:00 [queued]>
[2025-12-17T04:57:35.356+0000] {taskinstance.py:2170} INFO - Starting attempt 1 of 3
[2025-12-17T04:57:35.369+0000] {taskinstance.py:2191} INFO - Executing <Task(PythonOperator): transform> on 2025-03-06 00:00:00+00:00
[2025-12-17T04:57:35.377+0000] {standard_task_runner.py:60} INFO - Started process 5808 to run task
[2025-12-17T04:57:35.381+0000] {standard_task_runner.py:87} INFO - Running: ['***', 'tasks', 'run', 'etl_***', 'transform', 'scheduled__2025-03-06T00:00:00+00:00', '--job-id', '1696', '--raw', '--subdir', 'DAGS_FOLDER/etl_***.py', '--cfg-path', '/tmp/tmpbk0ct1on']
[2025-12-17T04:57:35.384+0000] {standard_task_runner.py:88} INFO - Job 1696: Subtask transform
[2025-12-17T04:57:35.480+0000] {task_command.py:423} INFO - Running <TaskInstance: etl_airflow.transform scheduled__2025-03-06T00:00:00+00:00 [running]> on host b3426f05ac70
[2025-12-17T04:57:35.823+0000] {taskinstance.py:2480} INFO - Exporting env vars: AIRFLOW_CTX_DAG_OWNER='***' AIRFLOW_CTX_DAG_ID='etl_***' AIRFLOW_CTX_TASK_ID='transform' AIRFLOW_CTX_EXECUTION_DATE='2025-03-06T00:00:00+00:00' AIRFLOW_CTX_TRY_NUMBER='1' AIRFLOW_CTX_DAG_RUN_ID='scheduled__2025-03-06T00:00:00+00:00'
[2025-12-17T04:57:35.825+0000] {taskinstance.py:2698} ERROR - Task failed with exception
Traceback (most recent call last):
  File "/home/airflow/.local/lib/python3.8/site-packages/airflow/models/taskinstance.py", line 433, in _execute_task
    result = execute_callable(context=context, **execute_callable_kwargs)
  File "/home/airflow/.local/lib/python3.8/site-packages/airflow/operators/python.py", line 199, in execute
    return_value = self.execute_callable()
  File "/home/airflow/.local/lib/python3.8/site-packages/airflow/operators/python.py", line 216, in execute_callable
    return self.python_callable(*self.op_args, **self.op_kwargs)
TypeError: transform_data() missing 1 required positional argument: 'df'
[2025-12-17T04:57:35.836+0000] {taskinstance.py:1138} INFO - Marking task as UP_FOR_RETRY. dag_id=etl_***, task_id=transform, execution_date=20250306T000000, start_date=20251217T045735, end_date=20251217T045735
[2025-12-17T04:57:35.856+0000] {standard_task_runner.py:107} ERROR - Failed to execute job 1696 for task transform (transform_data() missing 1 required positional argument: 'df'; 5808)
[2025-12-17T04:57:35.880+0000] {local_task_job_runner.py:234} INFO - Task exited with return code 1
[2025-12-17T04:57:35.924+0000] {taskinstance.py:3280} INFO - 0 downstream tasks scheduled from follow-on schedule check
