[2025-12-16T16:29:24.637+0000] {taskinstance.py:1956} INFO - Dependencies all met for dep_context=non-requeueable deps ti=<TaskInstance: etl_airflow.extract scheduled__2024-01-13T00:00:00+00:00 [queued]>
[2025-12-16T16:29:24.673+0000] {taskinstance.py:1956} INFO - Dependencies all met for dep_context=requeueable deps ti=<TaskInstance: etl_airflow.extract scheduled__2024-01-13T00:00:00+00:00 [queued]>
[2025-12-16T16:29:24.674+0000] {taskinstance.py:2170} INFO - Starting attempt 3 of 3
[2025-12-16T16:29:24.702+0000] {taskinstance.py:2191} INFO - Executing <Task(PythonOperator): extract> on 2024-01-13 00:00:00+00:00
[2025-12-16T16:29:24.723+0000] {standard_task_runner.py:60} INFO - Started process 529 to run task
[2025-12-16T16:29:24.729+0000] {standard_task_runner.py:87} INFO - Running: ['***', 'tasks', 'run', 'etl_***', 'extract', 'scheduled__2024-01-13T00:00:00+00:00', '--job-id', '40', '--raw', '--subdir', 'DAGS_FOLDER/etl_dag.py', '--cfg-path', '/tmp/tmplchvgt9m']
[2025-12-16T16:29:24.736+0000] {standard_task_runner.py:88} INFO - Job 40: Subtask extract
[2025-12-16T16:29:24.905+0000] {task_command.py:423} INFO - Running <TaskInstance: etl_airflow.extract scheduled__2024-01-13T00:00:00+00:00 [running]> on host 528de643acfe
[2025-12-16T16:29:25.118+0000] {taskinstance.py:2480} INFO - Exporting env vars: AIRFLOW_CTX_DAG_OWNER='***' AIRFLOW_CTX_DAG_ID='etl_***' AIRFLOW_CTX_TASK_ID='extract' AIRFLOW_CTX_EXECUTION_DATE='2024-01-13T00:00:00+00:00' AIRFLOW_CTX_TRY_NUMBER='3' AIRFLOW_CTX_DAG_RUN_ID='scheduled__2024-01-13T00:00:00+00:00'
[2025-12-16T16:29:25.457+0000] {logging_mixin.py:188} INFO - Extracting data from /opt/***/data/input.csv
[2025-12-16T16:29:25.468+0000] {taskinstance.py:2698} ERROR - Task failed with exception
Traceback (most recent call last):
  File "/home/airflow/.local/lib/python3.8/site-packages/airflow/models/taskinstance.py", line 433, in _execute_task
    result = execute_callable(context=context, **execute_callable_kwargs)
  File "/home/airflow/.local/lib/python3.8/site-packages/airflow/operators/python.py", line 199, in execute
    return_value = self.execute_callable()
  File "/home/airflow/.local/lib/python3.8/site-packages/airflow/operators/python.py", line 216, in execute_callable
    return self.python_callable(*self.op_args, **self.op_kwargs)
  File "/opt/airflow/dags/etl_logic/pipeline.py", line 92, in extract_data
    return pd.read_csv(input_path)
  File "/home/airflow/.local/lib/python3.8/site-packages/pandas/io/parsers/readers.py", line 912, in read_csv
    return _read(filepath_or_buffer, kwds)
  File "/home/airflow/.local/lib/python3.8/site-packages/pandas/io/parsers/readers.py", line 577, in _read
    parser = TextFileReader(filepath_or_buffer, **kwds)
  File "/home/airflow/.local/lib/python3.8/site-packages/pandas/io/parsers/readers.py", line 1407, in __init__
    self._engine = self._make_engine(f, self.engine)
  File "/home/airflow/.local/lib/python3.8/site-packages/pandas/io/parsers/readers.py", line 1661, in _make_engine
    self.handles = get_handle(
  File "/home/airflow/.local/lib/python3.8/site-packages/pandas/io/common.py", line 859, in get_handle
    handle = open(
FileNotFoundError: [Errno 2] No such file or directory: '/opt/airflow/data/input.csv'
[2025-12-16T16:29:25.558+0000] {taskinstance.py:1138} INFO - Marking task as FAILED. dag_id=etl_***, task_id=extract, execution_date=20240113T000000, start_date=20251216T162924, end_date=20251216T162925
[2025-12-16T16:29:25.597+0000] {standard_task_runner.py:107} ERROR - Failed to execute job 40 for task extract ([Errno 2] No such file or directory: '/opt/airflow/data/input.csv'; 529)
[2025-12-16T16:29:25.654+0000] {local_task_job_runner.py:234} INFO - Task exited with return code 1
[2025-12-16T16:29:25.748+0000] {taskinstance.py:3280} INFO - 0 downstream tasks scheduled from follow-on schedule check
[2025-12-17T03:58:58.834+0000] {taskinstance.py:1956} INFO - Dependencies all met for dep_context=non-requeueable deps ti=<TaskInstance: etl_airflow.extract scheduled__2024-01-13T00:00:00+00:00 [queued]>
[2025-12-17T03:58:58.856+0000] {taskinstance.py:1956} INFO - Dependencies all met for dep_context=requeueable deps ti=<TaskInstance: etl_airflow.extract scheduled__2024-01-13T00:00:00+00:00 [queued]>
[2025-12-17T03:58:58.860+0000] {taskinstance.py:2170} INFO - Starting attempt 3 of 3
[2025-12-17T03:58:58.904+0000] {taskinstance.py:2191} INFO - Executing <Task(PythonOperator): extract> on 2024-01-13 00:00:00+00:00
[2025-12-17T03:58:58.929+0000] {standard_task_runner.py:60} INFO - Started process 343 to run task
[2025-12-17T03:58:58.960+0000] {standard_task_runner.py:87} INFO - Running: ['***', 'tasks', 'run', 'etl_***', 'extract', 'scheduled__2024-01-13T00:00:00+00:00', '--job-id', '35', '--raw', '--subdir', 'DAGS_FOLDER/etl_dag.py', '--cfg-path', '/tmp/tmpepuh99y4']
[2025-12-17T03:58:58.973+0000] {standard_task_runner.py:88} INFO - Job 35: Subtask extract
[2025-12-17T03:58:59.227+0000] {task_command.py:423} INFO - Running <TaskInstance: etl_airflow.extract scheduled__2024-01-13T00:00:00+00:00 [running]> on host 29a134c3fa9b
[2025-12-17T03:59:00.234+0000] {taskinstance.py:2480} INFO - Exporting env vars: AIRFLOW_CTX_DAG_OWNER='***' AIRFLOW_CTX_DAG_ID='etl_***' AIRFLOW_CTX_TASK_ID='extract' AIRFLOW_CTX_EXECUTION_DATE='2024-01-13T00:00:00+00:00' AIRFLOW_CTX_TRY_NUMBER='3' AIRFLOW_CTX_DAG_RUN_ID='scheduled__2024-01-13T00:00:00+00:00'
[2025-12-17T03:59:00.253+0000] {taskinstance.py:2698} ERROR - Task failed with exception
Traceback (most recent call last):
  File "/home/airflow/.local/lib/python3.8/site-packages/airflow/models/taskinstance.py", line 433, in _execute_task
    result = execute_callable(context=context, **execute_callable_kwargs)
  File "/home/airflow/.local/lib/python3.8/site-packages/airflow/operators/python.py", line 199, in execute
    return_value = self.execute_callable()
  File "/home/airflow/.local/lib/python3.8/site-packages/airflow/operators/python.py", line 216, in execute_callable
    return self.python_callable(*self.op_args, **self.op_kwargs)
TypeError: extract_data() missing 1 required positional argument: 'tmp_path'
[2025-12-17T03:59:00.303+0000] {taskinstance.py:1138} INFO - Marking task as FAILED. dag_id=etl_***, task_id=extract, execution_date=20240113T000000, start_date=20251217T035858, end_date=20251217T035900
[2025-12-17T03:59:00.345+0000] {standard_task_runner.py:107} ERROR - Failed to execute job 35 for task extract (extract_data() missing 1 required positional argument: 'tmp_path'; 343)
[2025-12-17T03:59:00.400+0000] {local_task_job_runner.py:234} INFO - Task exited with return code 1
[2025-12-17T03:59:00.459+0000] {taskinstance.py:3280} INFO - 0 downstream tasks scheduled from follow-on schedule check
