[2025-12-17T04:51:52.139+0000] {taskinstance.py:1956} INFO - Dependencies all met for dep_context=non-requeueable deps ti=<TaskInstance: etl_airflow.transform scheduled__2024-09-15T00:00:00+00:00 [queued]>
[2025-12-17T04:51:52.157+0000] {taskinstance.py:1956} INFO - Dependencies all met for dep_context=requeueable deps ti=<TaskInstance: etl_airflow.transform scheduled__2024-09-15T00:00:00+00:00 [queued]>
[2025-12-17T04:51:52.159+0000] {taskinstance.py:2170} INFO - Starting attempt 2 of 3
[2025-12-17T04:51:52.186+0000] {taskinstance.py:2191} INFO - Executing <Task(PythonOperator): transform> on 2024-09-15 00:00:00+00:00
[2025-12-17T04:51:52.198+0000] {standard_task_runner.py:60} INFO - Started process 3708 to run task
[2025-12-17T04:51:52.204+0000] {standard_task_runner.py:87} INFO - Running: ['***', 'tasks', 'run', 'etl_***', 'transform', 'scheduled__2024-09-15T00:00:00+00:00', '--job-id', '1060', '--raw', '--subdir', 'DAGS_FOLDER/etl_***.py', '--cfg-path', '/tmp/tmpmpx_8hl5']
[2025-12-17T04:51:52.208+0000] {standard_task_runner.py:88} INFO - Job 1060: Subtask transform
[2025-12-17T04:51:52.367+0000] {task_command.py:423} INFO - Running <TaskInstance: etl_airflow.transform scheduled__2024-09-15T00:00:00+00:00 [running]> on host b3426f05ac70
[2025-12-17T04:51:52.787+0000] {taskinstance.py:2480} INFO - Exporting env vars: AIRFLOW_CTX_DAG_OWNER='***' AIRFLOW_CTX_DAG_ID='etl_***' AIRFLOW_CTX_TASK_ID='transform' AIRFLOW_CTX_EXECUTION_DATE='2024-09-15T00:00:00+00:00' AIRFLOW_CTX_TRY_NUMBER='2' AIRFLOW_CTX_DAG_RUN_ID='scheduled__2024-09-15T00:00:00+00:00'
[2025-12-17T04:51:52.790+0000] {taskinstance.py:2698} ERROR - Task failed with exception
Traceback (most recent call last):
  File "/home/airflow/.local/lib/python3.8/site-packages/airflow/models/taskinstance.py", line 433, in _execute_task
    result = execute_callable(context=context, **execute_callable_kwargs)
  File "/home/airflow/.local/lib/python3.8/site-packages/airflow/operators/python.py", line 199, in execute
    return_value = self.execute_callable()
  File "/home/airflow/.local/lib/python3.8/site-packages/airflow/operators/python.py", line 216, in execute_callable
    return self.python_callable(*self.op_args, **self.op_kwargs)
TypeError: transform_data() missing 1 required positional argument: 'df'
[2025-12-17T04:51:52.804+0000] {taskinstance.py:1138} INFO - Marking task as UP_FOR_RETRY. dag_id=etl_***, task_id=transform, execution_date=20240915T000000, start_date=20251217T045152, end_date=20251217T045152
[2025-12-17T04:51:52.822+0000] {standard_task_runner.py:107} ERROR - Failed to execute job 1060 for task transform (transform_data() missing 1 required positional argument: 'df'; 3708)
[2025-12-17T04:51:52.863+0000] {local_task_job_runner.py:234} INFO - Task exited with return code 1
[2025-12-17T04:51:52.915+0000] {taskinstance.py:3280} INFO - 0 downstream tasks scheduled from follow-on schedule check
[2025-12-17T07:56:48.362+0000] {taskinstance.py:1956} INFO - Dependencies all met for dep_context=non-requeueable deps ti=<TaskInstance: etl_airflow.transform scheduled__2024-09-15T00:00:00+00:00 [queued]>
[2025-12-17T07:56:48.499+0000] {taskinstance.py:1956} INFO - Dependencies all met for dep_context=requeueable deps ti=<TaskInstance: etl_airflow.transform scheduled__2024-09-15T00:00:00+00:00 [queued]>
[2025-12-17T07:56:48.506+0000] {taskinstance.py:2170} INFO - Starting attempt 2 of 3
[2025-12-17T07:56:48.555+0000] {taskinstance.py:2191} INFO - Executing <Task(PythonOperator): transform> on 2024-09-15 00:00:00+00:00
[2025-12-17T07:56:48.623+0000] {standard_task_runner.py:87} INFO - Running: ['***', 'tasks', 'run', 'etl_***', 'transform', 'scheduled__2024-09-15T00:00:00+00:00', '--job-id', '1064', '--raw', '--subdir', 'DAGS_FOLDER/etl_***.py', '--cfg-path', '/tmp/tmpapv4d11x']
[2025-12-17T07:56:48.641+0000] {standard_task_runner.py:88} INFO - Job 1064: Subtask transform
[2025-12-17T07:56:48.642+0000] {standard_task_runner.py:60} INFO - Started process 3828 to run task
[2025-12-17T07:56:49.265+0000] {task_command.py:423} INFO - Running <TaskInstance: etl_airflow.transform scheduled__2024-09-15T00:00:00+00:00 [running]> on host 2a0de06c8905
[2025-12-17T07:56:51.459+0000] {taskinstance.py:2480} INFO - Exporting env vars: AIRFLOW_CTX_DAG_OWNER='***' AIRFLOW_CTX_DAG_ID='etl_***' AIRFLOW_CTX_TASK_ID='transform' AIRFLOW_CTX_EXECUTION_DATE='2024-09-15T00:00:00+00:00' AIRFLOW_CTX_TRY_NUMBER='2' AIRFLOW_CTX_DAG_RUN_ID='scheduled__2024-09-15T00:00:00+00:00'
[2025-12-17T07:56:51.475+0000] {taskinstance.py:2698} ERROR - Task failed with exception
Traceback (most recent call last):
  File "/home/airflow/.local/lib/python3.8/site-packages/airflow/models/taskinstance.py", line 433, in _execute_task
    result = execute_callable(context=context, **execute_callable_kwargs)
  File "/home/airflow/.local/lib/python3.8/site-packages/airflow/operators/python.py", line 199, in execute
    return_value = self.execute_callable()
  File "/home/airflow/.local/lib/python3.8/site-packages/airflow/operators/python.py", line 216, in execute_callable
    return self.python_callable(*self.op_args, **self.op_kwargs)
TypeError: transform_data() missing 1 required positional argument: 'df'
[2025-12-17T07:56:51.615+0000] {taskinstance.py:1138} INFO - Marking task as UP_FOR_RETRY. dag_id=etl_***, task_id=transform, execution_date=20240915T000000, start_date=20251217T075648, end_date=20251217T075651
[2025-12-17T07:56:51.709+0000] {standard_task_runner.py:107} ERROR - Failed to execute job 1064 for task transform (transform_data() missing 1 required positional argument: 'df'; 3828)
[2025-12-17T07:56:51.819+0000] {local_task_job_runner.py:234} INFO - Task exited with return code 1
[2025-12-17T07:56:52.254+0000] {taskinstance.py:3280} INFO - 0 downstream tasks scheduled from follow-on schedule check
