[2025-12-17T04:20:37.881+0000] {taskinstance.py:1956} INFO - Dependencies all met for dep_context=non-requeueable deps ti=<TaskInstance: etl_airflow.transform scheduled__2024-05-23T00:00:00+00:00 [queued]>
[2025-12-17T04:20:37.896+0000] {taskinstance.py:1956} INFO - Dependencies all met for dep_context=requeueable deps ti=<TaskInstance: etl_airflow.transform scheduled__2024-05-23T00:00:00+00:00 [queued]>
[2025-12-17T04:20:37.897+0000] {taskinstance.py:2170} INFO - Starting attempt 3 of 3
[2025-12-17T04:20:37.918+0000] {taskinstance.py:2191} INFO - Executing <Task(PythonOperator): transform> on 2024-05-23 00:00:00+00:00
[2025-12-17T04:20:37.924+0000] {standard_task_runner.py:60} INFO - Started process 1049 to run task
[2025-12-17T04:20:37.929+0000] {standard_task_runner.py:87} INFO - Running: ['***', 'tasks', 'run', 'etl_***', 'transform', 'scheduled__2024-05-23T00:00:00+00:00', '--job-id', '258', '--raw', '--subdir', 'DAGS_FOLDER/etl_***.py', '--cfg-path', '/tmp/tmpotxlp5yw']
[2025-12-17T04:20:37.932+0000] {standard_task_runner.py:88} INFO - Job 258: Subtask transform
[2025-12-17T04:20:38.037+0000] {task_command.py:423} INFO - Running <TaskInstance: etl_airflow.transform scheduled__2024-05-23T00:00:00+00:00 [running]> on host c5811fe183ca
[2025-12-17T04:20:38.411+0000] {taskinstance.py:2480} INFO - Exporting env vars: AIRFLOW_CTX_DAG_OWNER='***' AIRFLOW_CTX_DAG_ID='etl_***' AIRFLOW_CTX_TASK_ID='transform' AIRFLOW_CTX_EXECUTION_DATE='2024-05-23T00:00:00+00:00' AIRFLOW_CTX_TRY_NUMBER='3' AIRFLOW_CTX_DAG_RUN_ID='scheduled__2024-05-23T00:00:00+00:00'
[2025-12-17T04:20:38.413+0000] {taskinstance.py:2698} ERROR - Task failed with exception
Traceback (most recent call last):
  File "/home/airflow/.local/lib/python3.8/site-packages/airflow/models/taskinstance.py", line 433, in _execute_task
    result = execute_callable(context=context, **execute_callable_kwargs)
  File "/home/airflow/.local/lib/python3.8/site-packages/airflow/operators/python.py", line 199, in execute
    return_value = self.execute_callable()
  File "/home/airflow/.local/lib/python3.8/site-packages/airflow/operators/python.py", line 216, in execute_callable
    return self.python_callable(*self.op_args, **self.op_kwargs)
TypeError: transform_data() missing 1 required positional argument: 'df'
[2025-12-17T04:20:38.427+0000] {taskinstance.py:1138} INFO - Marking task as FAILED. dag_id=etl_***, task_id=transform, execution_date=20240523T000000, start_date=20251217T042037, end_date=20251217T042038
[2025-12-17T04:20:38.449+0000] {standard_task_runner.py:107} ERROR - Failed to execute job 258 for task transform (transform_data() missing 1 required positional argument: 'df'; 1049)
[2025-12-17T04:20:38.507+0000] {local_task_job_runner.py:234} INFO - Task exited with return code 1
[2025-12-17T04:20:38.556+0000] {taskinstance.py:3280} INFO - 0 downstream tasks scheduled from follow-on schedule check
[2025-12-17T04:47:32.338+0000] {taskinstance.py:1956} INFO - Dependencies all met for dep_context=non-requeueable deps ti=<TaskInstance: etl_airflow.transform scheduled__2024-05-23T00:00:00+00:00 [queued]>
[2025-12-17T04:47:32.351+0000] {taskinstance.py:1956} INFO - Dependencies all met for dep_context=requeueable deps ti=<TaskInstance: etl_airflow.transform scheduled__2024-05-23T00:00:00+00:00 [queued]>
[2025-12-17T04:47:32.353+0000] {taskinstance.py:2170} INFO - Starting attempt 3 of 3
[2025-12-17T04:47:32.375+0000] {taskinstance.py:2191} INFO - Executing <Task(PythonOperator): transform> on 2024-05-23 00:00:00+00:00
[2025-12-17T04:47:32.383+0000] {standard_task_runner.py:60} INFO - Started process 2123 to run task
[2025-12-17T04:47:32.391+0000] {standard_task_runner.py:87} INFO - Running: ['***', 'tasks', 'run', 'etl_***', 'transform', 'scheduled__2024-05-23T00:00:00+00:00', '--job-id', '576', '--raw', '--subdir', 'DAGS_FOLDER/etl_***.py', '--cfg-path', '/tmp/tmpj7iugw4s']
[2025-12-17T04:47:32.397+0000] {standard_task_runner.py:88} INFO - Job 576: Subtask transform
[2025-12-17T04:47:32.510+0000] {task_command.py:423} INFO - Running <TaskInstance: etl_airflow.transform scheduled__2024-05-23T00:00:00+00:00 [running]> on host b3426f05ac70
[2025-12-17T04:47:32.960+0000] {taskinstance.py:2480} INFO - Exporting env vars: AIRFLOW_CTX_DAG_OWNER='***' AIRFLOW_CTX_DAG_ID='etl_***' AIRFLOW_CTX_TASK_ID='transform' AIRFLOW_CTX_EXECUTION_DATE='2024-05-23T00:00:00+00:00' AIRFLOW_CTX_TRY_NUMBER='3' AIRFLOW_CTX_DAG_RUN_ID='scheduled__2024-05-23T00:00:00+00:00'
[2025-12-17T04:47:32.965+0000] {taskinstance.py:2698} ERROR - Task failed with exception
Traceback (most recent call last):
  File "/home/airflow/.local/lib/python3.8/site-packages/airflow/models/taskinstance.py", line 433, in _execute_task
    result = execute_callable(context=context, **execute_callable_kwargs)
  File "/home/airflow/.local/lib/python3.8/site-packages/airflow/operators/python.py", line 199, in execute
    return_value = self.execute_callable()
  File "/home/airflow/.local/lib/python3.8/site-packages/airflow/operators/python.py", line 216, in execute_callable
    return self.python_callable(*self.op_args, **self.op_kwargs)
TypeError: transform_data() missing 1 required positional argument: 'df'
[2025-12-17T04:47:32.988+0000] {taskinstance.py:1138} INFO - Marking task as FAILED. dag_id=etl_***, task_id=transform, execution_date=20240523T000000, start_date=20251217T044732, end_date=20251217T044732
[2025-12-17T04:47:33.021+0000] {standard_task_runner.py:107} ERROR - Failed to execute job 576 for task transform (transform_data() missing 1 required positional argument: 'df'; 2123)
[2025-12-17T04:47:33.091+0000] {local_task_job_runner.py:234} INFO - Task exited with return code 1
[2025-12-17T04:47:33.188+0000] {taskinstance.py:3280} INFO - 0 downstream tasks scheduled from follow-on schedule check
[2025-12-17T07:41:34.576+0000] {taskinstance.py:1956} INFO - Dependencies all met for dep_context=non-requeueable deps ti=<TaskInstance: etl_airflow.transform scheduled__2024-05-23T00:00:00+00:00 [queued]>
[2025-12-17T07:41:34.605+0000] {taskinstance.py:1956} INFO - Dependencies all met for dep_context=requeueable deps ti=<TaskInstance: etl_airflow.transform scheduled__2024-05-23T00:00:00+00:00 [queued]>
[2025-12-17T07:41:34.607+0000] {taskinstance.py:2170} INFO - Starting attempt 3 of 3
[2025-12-17T07:41:34.656+0000] {taskinstance.py:2191} INFO - Executing <Task(PythonOperator): transform> on 2024-05-23 00:00:00+00:00
[2025-12-17T07:41:34.670+0000] {standard_task_runner.py:60} INFO - Started process 2364 to run task
[2025-12-17T07:41:34.685+0000] {standard_task_runner.py:87} INFO - Running: ['***', 'tasks', 'run', 'etl_***', 'transform', 'scheduled__2024-05-23T00:00:00+00:00', '--job-id', '627', '--raw', '--subdir', 'DAGS_FOLDER/etl_***.py', '--cfg-path', '/tmp/tmporalaf80']
[2025-12-17T07:41:34.692+0000] {standard_task_runner.py:88} INFO - Job 627: Subtask transform
[2025-12-17T07:41:34.903+0000] {task_command.py:423} INFO - Running <TaskInstance: etl_airflow.transform scheduled__2024-05-23T00:00:00+00:00 [running]> on host 2a0de06c8905
[2025-12-17T07:41:35.378+0000] {taskinstance.py:2480} INFO - Exporting env vars: AIRFLOW_CTX_DAG_OWNER='***' AIRFLOW_CTX_DAG_ID='etl_***' AIRFLOW_CTX_TASK_ID='transform' AIRFLOW_CTX_EXECUTION_DATE='2024-05-23T00:00:00+00:00' AIRFLOW_CTX_TRY_NUMBER='3' AIRFLOW_CTX_DAG_RUN_ID='scheduled__2024-05-23T00:00:00+00:00'
[2025-12-17T07:41:35.381+0000] {taskinstance.py:2698} ERROR - Task failed with exception
Traceback (most recent call last):
  File "/home/airflow/.local/lib/python3.8/site-packages/airflow/models/taskinstance.py", line 433, in _execute_task
    result = execute_callable(context=context, **execute_callable_kwargs)
  File "/home/airflow/.local/lib/python3.8/site-packages/airflow/operators/python.py", line 199, in execute
    return_value = self.execute_callable()
  File "/home/airflow/.local/lib/python3.8/site-packages/airflow/operators/python.py", line 216, in execute_callable
    return self.python_callable(*self.op_args, **self.op_kwargs)
TypeError: transform_data() missing 1 required positional argument: 'df'
[2025-12-17T07:41:35.405+0000] {taskinstance.py:1138} INFO - Marking task as FAILED. dag_id=etl_***, task_id=transform, execution_date=20240523T000000, start_date=20251217T074134, end_date=20251217T074135
[2025-12-17T07:41:35.428+0000] {standard_task_runner.py:107} ERROR - Failed to execute job 627 for task transform (transform_data() missing 1 required positional argument: 'df'; 2364)
[2025-12-17T07:41:35.461+0000] {local_task_job_runner.py:234} INFO - Task exited with return code 1
[2025-12-17T07:41:35.513+0000] {taskinstance.py:3280} INFO - 0 downstream tasks scheduled from follow-on schedule check
