[2025-12-16T17:20:05.740+0000] {taskinstance.py:1956} INFO - Dependencies all met for dep_context=non-requeueable deps ti=<TaskInstance: etl_airflow.transform scheduled__2024-05-23T00:00:00+00:00 [queued]>
[2025-12-16T17:20:05.780+0000] {taskinstance.py:1956} INFO - Dependencies all met for dep_context=requeueable deps ti=<TaskInstance: etl_airflow.transform scheduled__2024-05-23T00:00:00+00:00 [queued]>
[2025-12-16T17:20:05.783+0000] {taskinstance.py:2170} INFO - Starting attempt 2 of 4
[2025-12-16T17:20:05.833+0000] {taskinstance.py:2191} INFO - Executing <Task(PythonOperator): transform> on 2024-05-23 00:00:00+00:00
[2025-12-16T17:20:05.851+0000] {standard_task_runner.py:60} INFO - Started process 4804 to run task
[2025-12-16T17:20:05.864+0000] {standard_task_runner.py:87} INFO - Running: ['***', 'tasks', 'run', 'etl_***', 'transform', 'scheduled__2024-05-23T00:00:00+00:00', '--job-id', '5590', '--raw', '--subdir', 'DAGS_FOLDER/etl_dag.py', '--cfg-path', '/tmp/tmp7qzdhx3_']
[2025-12-16T17:20:05.872+0000] {standard_task_runner.py:88} INFO - Job 5590: Subtask transform
[2025-12-16T17:20:06.060+0000] {task_command.py:423} INFO - Running <TaskInstance: etl_airflow.transform scheduled__2024-05-23T00:00:00+00:00 [running]> on host 3b89cfee50e9
[2025-12-16T17:20:06.331+0000] {taskinstance.py:2480} INFO - Exporting env vars: AIRFLOW_CTX_DAG_OWNER='***' AIRFLOW_CTX_DAG_ID='etl_***' AIRFLOW_CTX_TASK_ID='transform' AIRFLOW_CTX_EXECUTION_DATE='2024-05-23T00:00:00+00:00' AIRFLOW_CTX_TRY_NUMBER='2' AIRFLOW_CTX_DAG_RUN_ID='scheduled__2024-05-23T00:00:00+00:00'
[2025-12-16T17:20:06.337+0000] {logging_mixin.py:188} INFO - [TRANSFORM]
[2025-12-16T17:20:06.775+0000] {logging_mixin.py:188} INFO - [TRANSFORM] done
[2025-12-16T17:20:06.777+0000] {python.py:201} INFO - Done. Returned value was: None
[2025-12-16T17:20:06.803+0000] {taskinstance.py:1138} INFO - Marking task as SUCCESS. dag_id=etl_***, task_id=transform, execution_date=20240523T000000, start_date=20251216T172005, end_date=20251216T172006
[2025-12-16T17:20:06.885+0000] {local_task_job_runner.py:234} INFO - Task exited with return code 0
[2025-12-16T17:20:06.970+0000] {taskinstance.py:3280} INFO - 1 downstream tasks scheduled from follow-on schedule check
[2025-12-17T04:20:26.398+0000] {taskinstance.py:1956} INFO - Dependencies all met for dep_context=non-requeueable deps ti=<TaskInstance: etl_airflow.transform scheduled__2024-05-23T00:00:00+00:00 [queued]>
[2025-12-17T04:20:26.412+0000] {taskinstance.py:1956} INFO - Dependencies all met for dep_context=requeueable deps ti=<TaskInstance: etl_airflow.transform scheduled__2024-05-23T00:00:00+00:00 [queued]>
[2025-12-17T04:20:26.413+0000] {taskinstance.py:2170} INFO - Starting attempt 2 of 3
[2025-12-17T04:20:26.430+0000] {taskinstance.py:2191} INFO - Executing <Task(PythonOperator): transform> on 2024-05-23 00:00:00+00:00
[2025-12-17T04:20:26.438+0000] {standard_task_runner.py:60} INFO - Started process 998 to run task
[2025-12-17T04:20:26.443+0000] {standard_task_runner.py:87} INFO - Running: ['***', 'tasks', 'run', 'etl_***', 'transform', 'scheduled__2024-05-23T00:00:00+00:00', '--job-id', '239', '--raw', '--subdir', 'DAGS_FOLDER/etl_***.py', '--cfg-path', '/tmp/tmp2c_2xxks']
[2025-12-17T04:20:26.446+0000] {standard_task_runner.py:88} INFO - Job 239: Subtask transform
[2025-12-17T04:20:26.548+0000] {task_command.py:423} INFO - Running <TaskInstance: etl_airflow.transform scheduled__2024-05-23T00:00:00+00:00 [running]> on host c5811fe183ca
[2025-12-17T04:20:26.919+0000] {taskinstance.py:2480} INFO - Exporting env vars: AIRFLOW_CTX_DAG_OWNER='***' AIRFLOW_CTX_DAG_ID='etl_***' AIRFLOW_CTX_TASK_ID='transform' AIRFLOW_CTX_EXECUTION_DATE='2024-05-23T00:00:00+00:00' AIRFLOW_CTX_TRY_NUMBER='2' AIRFLOW_CTX_DAG_RUN_ID='scheduled__2024-05-23T00:00:00+00:00'
[2025-12-17T04:20:26.922+0000] {taskinstance.py:2698} ERROR - Task failed with exception
Traceback (most recent call last):
  File "/home/airflow/.local/lib/python3.8/site-packages/airflow/models/taskinstance.py", line 433, in _execute_task
    result = execute_callable(context=context, **execute_callable_kwargs)
  File "/home/airflow/.local/lib/python3.8/site-packages/airflow/operators/python.py", line 199, in execute
    return_value = self.execute_callable()
  File "/home/airflow/.local/lib/python3.8/site-packages/airflow/operators/python.py", line 216, in execute_callable
    return self.python_callable(*self.op_args, **self.op_kwargs)
TypeError: transform_data() missing 1 required positional argument: 'df'
[2025-12-17T04:20:26.935+0000] {taskinstance.py:1138} INFO - Marking task as UP_FOR_RETRY. dag_id=etl_***, task_id=transform, execution_date=20240523T000000, start_date=20251217T042026, end_date=20251217T042026
[2025-12-17T04:20:26.951+0000] {standard_task_runner.py:107} ERROR - Failed to execute job 239 for task transform (transform_data() missing 1 required positional argument: 'df'; 998)
[2025-12-17T04:20:26.973+0000] {local_task_job_runner.py:234} INFO - Task exited with return code 1
[2025-12-17T04:20:27.018+0000] {taskinstance.py:3280} INFO - 0 downstream tasks scheduled from follow-on schedule check
[2025-12-17T04:47:19.887+0000] {taskinstance.py:1956} INFO - Dependencies all met for dep_context=non-requeueable deps ti=<TaskInstance: etl_airflow.transform scheduled__2024-05-23T00:00:00+00:00 [queued]>
[2025-12-17T04:47:19.901+0000] {taskinstance.py:1956} INFO - Dependencies all met for dep_context=requeueable deps ti=<TaskInstance: etl_airflow.transform scheduled__2024-05-23T00:00:00+00:00 [queued]>
[2025-12-17T04:47:19.903+0000] {taskinstance.py:2170} INFO - Starting attempt 2 of 3
[2025-12-17T04:47:19.947+0000] {taskinstance.py:2191} INFO - Executing <Task(PythonOperator): transform> on 2024-05-23 00:00:00+00:00
[2025-12-17T04:47:19.959+0000] {standard_task_runner.py:60} INFO - Started process 2058 to run task
[2025-12-17T04:47:19.973+0000] {standard_task_runner.py:87} INFO - Running: ['***', 'tasks', 'run', 'etl_***', 'transform', 'scheduled__2024-05-23T00:00:00+00:00', '--job-id', '561', '--raw', '--subdir', 'DAGS_FOLDER/etl_***.py', '--cfg-path', '/tmp/tmpdy78d70n']
[2025-12-17T04:47:19.981+0000] {standard_task_runner.py:88} INFO - Job 561: Subtask transform
[2025-12-17T04:47:20.245+0000] {task_command.py:423} INFO - Running <TaskInstance: etl_airflow.transform scheduled__2024-05-23T00:00:00+00:00 [running]> on host b3426f05ac70
[2025-12-17T04:47:20.604+0000] {taskinstance.py:2480} INFO - Exporting env vars: AIRFLOW_CTX_DAG_OWNER='***' AIRFLOW_CTX_DAG_ID='etl_***' AIRFLOW_CTX_TASK_ID='transform' AIRFLOW_CTX_EXECUTION_DATE='2024-05-23T00:00:00+00:00' AIRFLOW_CTX_TRY_NUMBER='2' AIRFLOW_CTX_DAG_RUN_ID='scheduled__2024-05-23T00:00:00+00:00'
[2025-12-17T04:47:20.606+0000] {taskinstance.py:2698} ERROR - Task failed with exception
Traceback (most recent call last):
  File "/home/airflow/.local/lib/python3.8/site-packages/airflow/models/taskinstance.py", line 433, in _execute_task
    result = execute_callable(context=context, **execute_callable_kwargs)
  File "/home/airflow/.local/lib/python3.8/site-packages/airflow/operators/python.py", line 199, in execute
    return_value = self.execute_callable()
  File "/home/airflow/.local/lib/python3.8/site-packages/airflow/operators/python.py", line 216, in execute_callable
    return self.python_callable(*self.op_args, **self.op_kwargs)
TypeError: transform_data() missing 1 required positional argument: 'df'
[2025-12-17T04:47:20.619+0000] {taskinstance.py:1138} INFO - Marking task as UP_FOR_RETRY. dag_id=etl_***, task_id=transform, execution_date=20240523T000000, start_date=20251217T044719, end_date=20251217T044720
[2025-12-17T04:47:20.640+0000] {standard_task_runner.py:107} ERROR - Failed to execute job 561 for task transform (transform_data() missing 1 required positional argument: 'df'; 2058)
[2025-12-17T04:47:20.667+0000] {local_task_job_runner.py:234} INFO - Task exited with return code 1
[2025-12-17T04:47:20.714+0000] {taskinstance.py:3280} INFO - 0 downstream tasks scheduled from follow-on schedule check
[2025-12-17T07:41:21.011+0000] {taskinstance.py:1956} INFO - Dependencies all met for dep_context=non-requeueable deps ti=<TaskInstance: etl_airflow.transform scheduled__2024-05-23T00:00:00+00:00 [queued]>
[2025-12-17T07:41:21.050+0000] {taskinstance.py:1956} INFO - Dependencies all met for dep_context=requeueable deps ti=<TaskInstance: etl_airflow.transform scheduled__2024-05-23T00:00:00+00:00 [queued]>
[2025-12-17T07:41:21.053+0000] {taskinstance.py:2170} INFO - Starting attempt 2 of 3
[2025-12-17T07:41:21.100+0000] {taskinstance.py:2191} INFO - Executing <Task(PythonOperator): transform> on 2024-05-23 00:00:00+00:00
[2025-12-17T07:41:21.123+0000] {standard_task_runner.py:60} INFO - Started process 2299 to run task
[2025-12-17T07:41:21.140+0000] {standard_task_runner.py:87} INFO - Running: ['***', 'tasks', 'run', 'etl_***', 'transform', 'scheduled__2024-05-23T00:00:00+00:00', '--job-id', '612', '--raw', '--subdir', 'DAGS_FOLDER/etl_***.py', '--cfg-path', '/tmp/tmp61wpicbs']
[2025-12-17T07:41:21.151+0000] {standard_task_runner.py:88} INFO - Job 612: Subtask transform
[2025-12-17T07:41:21.363+0000] {task_command.py:423} INFO - Running <TaskInstance: etl_airflow.transform scheduled__2024-05-23T00:00:00+00:00 [running]> on host 2a0de06c8905
[2025-12-17T07:41:21.961+0000] {taskinstance.py:2480} INFO - Exporting env vars: AIRFLOW_CTX_DAG_OWNER='***' AIRFLOW_CTX_DAG_ID='etl_***' AIRFLOW_CTX_TASK_ID='transform' AIRFLOW_CTX_EXECUTION_DATE='2024-05-23T00:00:00+00:00' AIRFLOW_CTX_TRY_NUMBER='2' AIRFLOW_CTX_DAG_RUN_ID='scheduled__2024-05-23T00:00:00+00:00'
[2025-12-17T07:41:21.968+0000] {taskinstance.py:2698} ERROR - Task failed with exception
Traceback (most recent call last):
  File "/home/airflow/.local/lib/python3.8/site-packages/airflow/models/taskinstance.py", line 433, in _execute_task
    result = execute_callable(context=context, **execute_callable_kwargs)
  File "/home/airflow/.local/lib/python3.8/site-packages/airflow/operators/python.py", line 199, in execute
    return_value = self.execute_callable()
  File "/home/airflow/.local/lib/python3.8/site-packages/airflow/operators/python.py", line 216, in execute_callable
    return self.python_callable(*self.op_args, **self.op_kwargs)
TypeError: transform_data() missing 1 required positional argument: 'df'
[2025-12-17T07:41:21.993+0000] {taskinstance.py:1138} INFO - Marking task as UP_FOR_RETRY. dag_id=etl_***, task_id=transform, execution_date=20240523T000000, start_date=20251217T074121, end_date=20251217T074121
[2025-12-17T07:41:22.028+0000] {standard_task_runner.py:107} ERROR - Failed to execute job 612 for task transform (transform_data() missing 1 required positional argument: 'df'; 2299)
[2025-12-17T07:41:22.083+0000] {local_task_job_runner.py:234} INFO - Task exited with return code 1
[2025-12-17T07:41:22.394+0000] {taskinstance.py:3280} INFO - 0 downstream tasks scheduled from follow-on schedule check
