[2025-12-17T04:54:10.488+0000] {taskinstance.py:1956} INFO - Dependencies all met for dep_context=non-requeueable deps ti=<TaskInstance: etl_airflow.transform scheduled__2024-11-18T00:00:00+00:00 [queued]>
[2025-12-17T04:54:10.503+0000] {taskinstance.py:1956} INFO - Dependencies all met for dep_context=requeueable deps ti=<TaskInstance: etl_airflow.transform scheduled__2024-11-18T00:00:00+00:00 [queued]>
[2025-12-17T04:54:10.504+0000] {taskinstance.py:2170} INFO - Starting attempt 2 of 3
[2025-12-17T04:54:10.519+0000] {taskinstance.py:2191} INFO - Executing <Task(PythonOperator): transform> on 2024-11-18 00:00:00+00:00
[2025-12-17T04:54:10.525+0000] {standard_task_runner.py:60} INFO - Started process 4559 to run task
[2025-12-17T04:54:10.533+0000] {standard_task_runner.py:87} INFO - Running: ['***', 'tasks', 'run', 'etl_***', 'transform', 'scheduled__2024-11-18T00:00:00+00:00', '--job-id', '1315', '--raw', '--subdir', 'DAGS_FOLDER/etl_***.py', '--cfg-path', '/tmp/tmpnpshqcvx']
[2025-12-17T04:54:10.537+0000] {standard_task_runner.py:88} INFO - Job 1315: Subtask transform
[2025-12-17T04:54:10.665+0000] {task_command.py:423} INFO - Running <TaskInstance: etl_airflow.transform scheduled__2024-11-18T00:00:00+00:00 [running]> on host b3426f05ac70
[2025-12-17T04:54:11.010+0000] {taskinstance.py:2480} INFO - Exporting env vars: AIRFLOW_CTX_DAG_OWNER='***' AIRFLOW_CTX_DAG_ID='etl_***' AIRFLOW_CTX_TASK_ID='transform' AIRFLOW_CTX_EXECUTION_DATE='2024-11-18T00:00:00+00:00' AIRFLOW_CTX_TRY_NUMBER='2' AIRFLOW_CTX_DAG_RUN_ID='scheduled__2024-11-18T00:00:00+00:00'
[2025-12-17T04:54:11.012+0000] {taskinstance.py:2698} ERROR - Task failed with exception
Traceback (most recent call last):
  File "/home/airflow/.local/lib/python3.8/site-packages/airflow/models/taskinstance.py", line 433, in _execute_task
    result = execute_callable(context=context, **execute_callable_kwargs)
  File "/home/airflow/.local/lib/python3.8/site-packages/airflow/operators/python.py", line 199, in execute
    return_value = self.execute_callable()
  File "/home/airflow/.local/lib/python3.8/site-packages/airflow/operators/python.py", line 216, in execute_callable
    return self.python_callable(*self.op_args, **self.op_kwargs)
TypeError: transform_data() missing 1 required positional argument: 'df'
[2025-12-17T04:54:11.022+0000] {taskinstance.py:1138} INFO - Marking task as UP_FOR_RETRY. dag_id=etl_***, task_id=transform, execution_date=20241118T000000, start_date=20251217T045410, end_date=20251217T045411
[2025-12-17T04:54:11.042+0000] {standard_task_runner.py:107} ERROR - Failed to execute job 1315 for task transform (transform_data() missing 1 required positional argument: 'df'; 4559)
[2025-12-17T04:54:11.069+0000] {local_task_job_runner.py:234} INFO - Task exited with return code 1
[2025-12-17T04:54:11.158+0000] {taskinstance.py:3280} INFO - 0 downstream tasks scheduled from follow-on schedule check
[2025-12-17T07:59:28.120+0000] {taskinstance.py:1956} INFO - Dependencies all met for dep_context=non-requeueable deps ti=<TaskInstance: etl_airflow.transform scheduled__2024-11-18T00:00:00+00:00 [queued]>
[2025-12-17T07:59:28.152+0000] {taskinstance.py:1956} INFO - Dependencies all met for dep_context=requeueable deps ti=<TaskInstance: etl_airflow.transform scheduled__2024-11-18T00:00:00+00:00 [queued]>
[2025-12-17T07:59:28.154+0000] {taskinstance.py:2170} INFO - Starting attempt 2 of 3
[2025-12-17T07:59:28.184+0000] {taskinstance.py:2191} INFO - Executing <Task(PythonOperator): transform> on 2024-11-18 00:00:00+00:00
[2025-12-17T07:59:28.199+0000] {standard_task_runner.py:60} INFO - Started process 4662 to run task
[2025-12-17T07:59:28.210+0000] {standard_task_runner.py:87} INFO - Running: ['***', 'tasks', 'run', 'etl_***', 'transform', 'scheduled__2024-11-18T00:00:00+00:00', '--job-id', '1318', '--raw', '--subdir', 'DAGS_FOLDER/etl_***.py', '--cfg-path', '/tmp/tmpwyvb85wz']
[2025-12-17T07:59:28.216+0000] {standard_task_runner.py:88} INFO - Job 1318: Subtask transform
[2025-12-17T07:59:28.427+0000] {task_command.py:423} INFO - Running <TaskInstance: etl_airflow.transform scheduled__2024-11-18T00:00:00+00:00 [running]> on host 2a0de06c8905
[2025-12-17T07:59:28.818+0000] {taskinstance.py:2480} INFO - Exporting env vars: AIRFLOW_CTX_DAG_OWNER='***' AIRFLOW_CTX_DAG_ID='etl_***' AIRFLOW_CTX_TASK_ID='transform' AIRFLOW_CTX_EXECUTION_DATE='2024-11-18T00:00:00+00:00' AIRFLOW_CTX_TRY_NUMBER='2' AIRFLOW_CTX_DAG_RUN_ID='scheduled__2024-11-18T00:00:00+00:00'
[2025-12-17T07:59:28.826+0000] {taskinstance.py:2698} ERROR - Task failed with exception
Traceback (most recent call last):
  File "/home/airflow/.local/lib/python3.8/site-packages/airflow/models/taskinstance.py", line 433, in _execute_task
    result = execute_callable(context=context, **execute_callable_kwargs)
  File "/home/airflow/.local/lib/python3.8/site-packages/airflow/operators/python.py", line 199, in execute
    return_value = self.execute_callable()
  File "/home/airflow/.local/lib/python3.8/site-packages/airflow/operators/python.py", line 216, in execute_callable
    return self.python_callable(*self.op_args, **self.op_kwargs)
TypeError: transform_data() missing 1 required positional argument: 'df'
[2025-12-17T07:59:28.846+0000] {taskinstance.py:1138} INFO - Marking task as UP_FOR_RETRY. dag_id=etl_***, task_id=transform, execution_date=20241118T000000, start_date=20251217T075928, end_date=20251217T075928
[2025-12-17T07:59:29.170+0000] {standard_task_runner.py:107} ERROR - Failed to execute job 1318 for task transform (transform_data() missing 1 required positional argument: 'df'; 4662)
[2025-12-17T07:59:29.228+0000] {local_task_job_runner.py:234} INFO - Task exited with return code 1
[2025-12-17T07:59:29.556+0000] {taskinstance.py:3280} INFO - 0 downstream tasks scheduled from follow-on schedule check
