[2025-12-16T17:22:12.670+0000] {taskinstance.py:1956} INFO - Dependencies all met for dep_context=non-requeueable deps ti=<TaskInstance: etl_airflow.transform scheduled__2024-03-27T00:00:00+00:00 [queued]>
[2025-12-16T17:22:12.726+0000] {taskinstance.py:1956} INFO - Dependencies all met for dep_context=requeueable deps ti=<TaskInstance: etl_airflow.transform scheduled__2024-03-27T00:00:00+00:00 [queued]>
[2025-12-16T17:22:12.728+0000] {taskinstance.py:2170} INFO - Starting attempt 3 of 5
[2025-12-16T17:22:12.797+0000] {taskinstance.py:2191} INFO - Executing <Task(PythonOperator): transform> on 2024-03-27 00:00:00+00:00
[2025-12-16T17:22:12.817+0000] {standard_task_runner.py:60} INFO - Started process 6310 to run task
[2025-12-16T17:22:12.834+0000] {standard_task_runner.py:87} INFO - Running: ['***', 'tasks', 'run', 'etl_***', 'transform', 'scheduled__2024-03-27T00:00:00+00:00', '--job-id', '6075', '--raw', '--subdir', 'DAGS_FOLDER/etl_dag.py', '--cfg-path', '/tmp/tmpje_to1ze']
[2025-12-16T17:22:12.843+0000] {standard_task_runner.py:88} INFO - Job 6075: Subtask transform
[2025-12-16T17:22:13.099+0000] {task_command.py:423} INFO - Running <TaskInstance: etl_airflow.transform scheduled__2024-03-27T00:00:00+00:00 [running]> on host 3b89cfee50e9
[2025-12-16T17:22:13.389+0000] {taskinstance.py:2480} INFO - Exporting env vars: AIRFLOW_CTX_DAG_OWNER='***' AIRFLOW_CTX_DAG_ID='etl_***' AIRFLOW_CTX_TASK_ID='transform' AIRFLOW_CTX_EXECUTION_DATE='2024-03-27T00:00:00+00:00' AIRFLOW_CTX_TRY_NUMBER='3' AIRFLOW_CTX_DAG_RUN_ID='scheduled__2024-03-27T00:00:00+00:00'
[2025-12-16T17:22:13.396+0000] {logging_mixin.py:188} INFO - [TRANSFORM]
[2025-12-16T17:22:13.945+0000] {logging_mixin.py:188} INFO - [TRANSFORM] done
[2025-12-16T17:22:13.947+0000] {python.py:201} INFO - Done. Returned value was: None
[2025-12-16T17:22:13.983+0000] {taskinstance.py:1138} INFO - Marking task as SUCCESS. dag_id=etl_***, task_id=transform, execution_date=20240327T000000, start_date=20251216T172212, end_date=20251216T172213
[2025-12-16T17:22:14.319+0000] {local_task_job_runner.py:234} INFO - Task exited with return code 0
[2025-12-16T17:22:14.604+0000] {taskinstance.py:3280} INFO - 0 downstream tasks scheduled from follow-on schedule check
[2025-12-17T04:45:41.404+0000] {taskinstance.py:1956} INFO - Dependencies all met for dep_context=non-requeueable deps ti=<TaskInstance: etl_airflow.transform scheduled__2024-03-27T00:00:00+00:00 [queued]>
[2025-12-17T04:45:41.419+0000] {taskinstance.py:1956} INFO - Dependencies all met for dep_context=requeueable deps ti=<TaskInstance: etl_airflow.transform scheduled__2024-03-27T00:00:00+00:00 [queued]>
[2025-12-17T04:45:41.420+0000] {taskinstance.py:2170} INFO - Starting attempt 3 of 3
[2025-12-17T04:45:41.438+0000] {taskinstance.py:2191} INFO - Executing <Task(PythonOperator): transform> on 2024-03-27 00:00:00+00:00
[2025-12-17T04:45:41.445+0000] {standard_task_runner.py:60} INFO - Started process 1458 to run task
[2025-12-17T04:45:41.450+0000] {standard_task_runner.py:87} INFO - Running: ['***', 'tasks', 'run', 'etl_***', 'transform', 'scheduled__2024-03-27T00:00:00+00:00', '--job-id', '377', '--raw', '--subdir', 'DAGS_FOLDER/etl_***.py', '--cfg-path', '/tmp/tmp5ca1ro2v']
[2025-12-17T04:45:41.457+0000] {standard_task_runner.py:88} INFO - Job 377: Subtask transform
[2025-12-17T04:45:41.564+0000] {task_command.py:423} INFO - Running <TaskInstance: etl_airflow.transform scheduled__2024-03-27T00:00:00+00:00 [running]> on host b3426f05ac70
[2025-12-17T04:45:41.909+0000] {taskinstance.py:2480} INFO - Exporting env vars: AIRFLOW_CTX_DAG_OWNER='***' AIRFLOW_CTX_DAG_ID='etl_***' AIRFLOW_CTX_TASK_ID='transform' AIRFLOW_CTX_EXECUTION_DATE='2024-03-27T00:00:00+00:00' AIRFLOW_CTX_TRY_NUMBER='3' AIRFLOW_CTX_DAG_RUN_ID='scheduled__2024-03-27T00:00:00+00:00'
[2025-12-17T04:45:41.911+0000] {taskinstance.py:2698} ERROR - Task failed with exception
Traceback (most recent call last):
  File "/home/airflow/.local/lib/python3.8/site-packages/airflow/models/taskinstance.py", line 433, in _execute_task
    result = execute_callable(context=context, **execute_callable_kwargs)
  File "/home/airflow/.local/lib/python3.8/site-packages/airflow/operators/python.py", line 199, in execute
    return_value = self.execute_callable()
  File "/home/airflow/.local/lib/python3.8/site-packages/airflow/operators/python.py", line 216, in execute_callable
    return self.python_callable(*self.op_args, **self.op_kwargs)
TypeError: transform_data() missing 1 required positional argument: 'df'
[2025-12-17T04:45:41.924+0000] {taskinstance.py:1138} INFO - Marking task as FAILED. dag_id=etl_***, task_id=transform, execution_date=20240327T000000, start_date=20251217T044541, end_date=20251217T044541
[2025-12-17T04:45:41.943+0000] {standard_task_runner.py:107} ERROR - Failed to execute job 377 for task transform (transform_data() missing 1 required positional argument: 'df'; 1458)
[2025-12-17T04:45:41.989+0000] {local_task_job_runner.py:234} INFO - Task exited with return code 1
[2025-12-17T04:45:42.186+0000] {taskinstance.py:3280} INFO - 0 downstream tasks scheduled from follow-on schedule check
[2025-12-17T07:39:05.679+0000] {taskinstance.py:1956} INFO - Dependencies all met for dep_context=non-requeueable deps ti=<TaskInstance: etl_airflow.transform scheduled__2024-03-27T00:00:00+00:00 [queued]>
[2025-12-17T07:39:05.700+0000] {taskinstance.py:1956} INFO - Dependencies all met for dep_context=requeueable deps ti=<TaskInstance: etl_airflow.transform scheduled__2024-03-27T00:00:00+00:00 [queued]>
[2025-12-17T07:39:05.705+0000] {taskinstance.py:2170} INFO - Starting attempt 3 of 3
[2025-12-17T07:39:05.734+0000] {taskinstance.py:2191} INFO - Executing <Task(PythonOperator): transform> on 2024-03-27 00:00:00+00:00
[2025-12-17T07:39:05.746+0000] {standard_task_runner.py:60} INFO - Started process 1528 to run task
[2025-12-17T07:39:05.757+0000] {standard_task_runner.py:87} INFO - Running: ['***', 'tasks', 'run', 'etl_***', 'transform', 'scheduled__2024-03-27T00:00:00+00:00', '--job-id', '378', '--raw', '--subdir', 'DAGS_FOLDER/etl_***.py', '--cfg-path', '/tmp/tmp8ycte2gq']
[2025-12-17T07:39:05.763+0000] {standard_task_runner.py:88} INFO - Job 378: Subtask transform
[2025-12-17T07:39:05.954+0000] {task_command.py:423} INFO - Running <TaskInstance: etl_airflow.transform scheduled__2024-03-27T00:00:00+00:00 [running]> on host 2a0de06c8905
[2025-12-17T07:39:06.443+0000] {taskinstance.py:2480} INFO - Exporting env vars: AIRFLOW_CTX_DAG_OWNER='***' AIRFLOW_CTX_DAG_ID='etl_***' AIRFLOW_CTX_TASK_ID='transform' AIRFLOW_CTX_EXECUTION_DATE='2024-03-27T00:00:00+00:00' AIRFLOW_CTX_TRY_NUMBER='3' AIRFLOW_CTX_DAG_RUN_ID='scheduled__2024-03-27T00:00:00+00:00'
[2025-12-17T07:39:06.446+0000] {taskinstance.py:2698} ERROR - Task failed with exception
Traceback (most recent call last):
  File "/home/airflow/.local/lib/python3.8/site-packages/airflow/models/taskinstance.py", line 433, in _execute_task
    result = execute_callable(context=context, **execute_callable_kwargs)
  File "/home/airflow/.local/lib/python3.8/site-packages/airflow/operators/python.py", line 199, in execute
    return_value = self.execute_callable()
  File "/home/airflow/.local/lib/python3.8/site-packages/airflow/operators/python.py", line 216, in execute_callable
    return self.python_callable(*self.op_args, **self.op_kwargs)
TypeError: transform_data() missing 1 required positional argument: 'df'
[2025-12-17T07:39:06.497+0000] {taskinstance.py:1138} INFO - Marking task as FAILED. dag_id=etl_***, task_id=transform, execution_date=20240327T000000, start_date=20251217T073905, end_date=20251217T073906
[2025-12-17T07:39:06.854+0000] {standard_task_runner.py:107} ERROR - Failed to execute job 378 for task transform (transform_data() missing 1 required positional argument: 'df'; 1528)
[2025-12-17T07:39:06.924+0000] {local_task_job_runner.py:234} INFO - Task exited with return code 1
[2025-12-17T07:39:07.006+0000] {taskinstance.py:3280} INFO - 0 downstream tasks scheduled from follow-on schedule check
