[2025-12-17T04:53:17.020+0000] {taskinstance.py:1956} INFO - Dependencies all met for dep_context=non-requeueable deps ti=<TaskInstance: etl_airflow.transform scheduled__2024-10-17T00:00:00+00:00 [queued]>
[2025-12-17T04:53:17.039+0000] {taskinstance.py:1956} INFO - Dependencies all met for dep_context=requeueable deps ti=<TaskInstance: etl_airflow.transform scheduled__2024-10-17T00:00:00+00:00 [queued]>
[2025-12-17T04:53:17.042+0000] {taskinstance.py:2170} INFO - Starting attempt 3 of 3
[2025-12-17T04:53:17.064+0000] {taskinstance.py:2191} INFO - Executing <Task(PythonOperator): transform> on 2024-10-17 00:00:00+00:00
[2025-12-17T04:53:17.073+0000] {standard_task_runner.py:60} INFO - Started process 4218 to run task
[2025-12-17T04:53:17.081+0000] {standard_task_runner.py:87} INFO - Running: ['***', 'tasks', 'run', 'etl_***', 'transform', 'scheduled__2024-10-17T00:00:00+00:00', '--job-id', '1211', '--raw', '--subdir', 'DAGS_FOLDER/etl_***.py', '--cfg-path', '/tmp/tmpmc9ata89']
[2025-12-17T04:53:17.088+0000] {standard_task_runner.py:88} INFO - Job 1211: Subtask transform
[2025-12-17T04:53:17.224+0000] {task_command.py:423} INFO - Running <TaskInstance: etl_airflow.transform scheduled__2024-10-17T00:00:00+00:00 [running]> on host b3426f05ac70
[2025-12-17T04:53:17.743+0000] {taskinstance.py:2480} INFO - Exporting env vars: AIRFLOW_CTX_DAG_OWNER='***' AIRFLOW_CTX_DAG_ID='etl_***' AIRFLOW_CTX_TASK_ID='transform' AIRFLOW_CTX_EXECUTION_DATE='2024-10-17T00:00:00+00:00' AIRFLOW_CTX_TRY_NUMBER='3' AIRFLOW_CTX_DAG_RUN_ID='scheduled__2024-10-17T00:00:00+00:00'
[2025-12-17T04:53:17.746+0000] {taskinstance.py:2698} ERROR - Task failed with exception
Traceback (most recent call last):
  File "/home/airflow/.local/lib/python3.8/site-packages/airflow/models/taskinstance.py", line 433, in _execute_task
    result = execute_callable(context=context, **execute_callable_kwargs)
  File "/home/airflow/.local/lib/python3.8/site-packages/airflow/operators/python.py", line 199, in execute
    return_value = self.execute_callable()
  File "/home/airflow/.local/lib/python3.8/site-packages/airflow/operators/python.py", line 216, in execute_callable
    return self.python_callable(*self.op_args, **self.op_kwargs)
TypeError: transform_data() missing 1 required positional argument: 'df'
[2025-12-17T04:53:17.768+0000] {taskinstance.py:1138} INFO - Marking task as FAILED. dag_id=etl_***, task_id=transform, execution_date=20241017T000000, start_date=20251217T045317, end_date=20251217T045317
[2025-12-17T04:53:17.796+0000] {standard_task_runner.py:107} ERROR - Failed to execute job 1211 for task transform (transform_data() missing 1 required positional argument: 'df'; 4218)
[2025-12-17T04:53:17.821+0000] {local_task_job_runner.py:234} INFO - Task exited with return code 1
[2025-12-17T04:53:18.115+0000] {taskinstance.py:3280} INFO - 0 downstream tasks scheduled from follow-on schedule check
[2025-12-17T07:58:22.933+0000] {taskinstance.py:1956} INFO - Dependencies all met for dep_context=non-requeueable deps ti=<TaskInstance: etl_airflow.transform scheduled__2024-10-17T00:00:00+00:00 [queued]>
[2025-12-17T07:58:22.971+0000] {taskinstance.py:1956} INFO - Dependencies all met for dep_context=requeueable deps ti=<TaskInstance: etl_airflow.transform scheduled__2024-10-17T00:00:00+00:00 [queued]>
[2025-12-17T07:58:22.973+0000] {taskinstance.py:2170} INFO - Starting attempt 3 of 3
[2025-12-17T07:58:23.005+0000] {taskinstance.py:2191} INFO - Executing <Task(PythonOperator): transform> on 2024-10-17 00:00:00+00:00
[2025-12-17T07:58:23.014+0000] {standard_task_runner.py:60} INFO - Started process 4294 to run task
[2025-12-17T07:58:23.023+0000] {standard_task_runner.py:87} INFO - Running: ['***', 'tasks', 'run', 'etl_***', 'transform', 'scheduled__2024-10-17T00:00:00+00:00', '--job-id', '1207', '--raw', '--subdir', 'DAGS_FOLDER/etl_***.py', '--cfg-path', '/tmp/tmpr7nl7e50']
[2025-12-17T07:58:23.027+0000] {standard_task_runner.py:88} INFO - Job 1207: Subtask transform
[2025-12-17T07:58:23.196+0000] {task_command.py:423} INFO - Running <TaskInstance: etl_airflow.transform scheduled__2024-10-17T00:00:00+00:00 [running]> on host 2a0de06c8905
[2025-12-17T07:58:23.646+0000] {taskinstance.py:2480} INFO - Exporting env vars: AIRFLOW_CTX_DAG_OWNER='***' AIRFLOW_CTX_DAG_ID='etl_***' AIRFLOW_CTX_TASK_ID='transform' AIRFLOW_CTX_EXECUTION_DATE='2024-10-17T00:00:00+00:00' AIRFLOW_CTX_TRY_NUMBER='3' AIRFLOW_CTX_DAG_RUN_ID='scheduled__2024-10-17T00:00:00+00:00'
[2025-12-17T07:58:23.648+0000] {taskinstance.py:2698} ERROR - Task failed with exception
Traceback (most recent call last):
  File "/home/airflow/.local/lib/python3.8/site-packages/airflow/models/taskinstance.py", line 433, in _execute_task
    result = execute_callable(context=context, **execute_callable_kwargs)
  File "/home/airflow/.local/lib/python3.8/site-packages/airflow/operators/python.py", line 199, in execute
    return_value = self.execute_callable()
  File "/home/airflow/.local/lib/python3.8/site-packages/airflow/operators/python.py", line 216, in execute_callable
    return self.python_callable(*self.op_args, **self.op_kwargs)
TypeError: transform_data() missing 1 required positional argument: 'df'
[2025-12-17T07:58:23.663+0000] {taskinstance.py:1138} INFO - Marking task as FAILED. dag_id=etl_***, task_id=transform, execution_date=20241017T000000, start_date=20251217T075822, end_date=20251217T075823
[2025-12-17T07:58:23.726+0000] {standard_task_runner.py:107} ERROR - Failed to execute job 1207 for task transform (transform_data() missing 1 required positional argument: 'df'; 4294)
[2025-12-17T07:58:23.758+0000] {local_task_job_runner.py:234} INFO - Task exited with return code 1
[2025-12-17T07:58:23.802+0000] {taskinstance.py:3280} INFO - 0 downstream tasks scheduled from follow-on schedule check
