[2025-12-17T04:21:39.351+0000] {taskinstance.py:1956} INFO - Dependencies all met for dep_context=non-requeueable deps ti=<TaskInstance: etl_airflow.transform scheduled__2024-07-16T00:00:00+00:00 [queued]>
[2025-12-17T04:21:39.363+0000] {taskinstance.py:1956} INFO - Dependencies all met for dep_context=requeueable deps ti=<TaskInstance: etl_airflow.transform scheduled__2024-07-16T00:00:00+00:00 [queued]>
[2025-12-17T04:21:39.364+0000] {taskinstance.py:2170} INFO - Starting attempt 3 of 3
[2025-12-17T04:21:39.475+0000] {taskinstance.py:2191} INFO - Executing <Task(PythonOperator): transform> on 2024-07-16 00:00:00+00:00
[2025-12-17T04:21:39.484+0000] {standard_task_runner.py:60} INFO - Started process 1390 to run task
[2025-12-17T04:21:39.490+0000] {standard_task_runner.py:87} INFO - Running: ['***', 'tasks', 'run', 'etl_***', 'transform', 'scheduled__2024-07-16T00:00:00+00:00', '--job-id', '359', '--raw', '--subdir', 'DAGS_FOLDER/etl_***.py', '--cfg-path', '/tmp/tmp4opvhcl6']
[2025-12-17T04:21:39.496+0000] {standard_task_runner.py:88} INFO - Job 359: Subtask transform
[2025-12-17T04:21:39.617+0000] {task_command.py:423} INFO - Running <TaskInstance: etl_airflow.transform scheduled__2024-07-16T00:00:00+00:00 [running]> on host c5811fe183ca
[2025-12-17T04:21:39.934+0000] {taskinstance.py:2480} INFO - Exporting env vars: AIRFLOW_CTX_DAG_OWNER='***' AIRFLOW_CTX_DAG_ID='etl_***' AIRFLOW_CTX_TASK_ID='transform' AIRFLOW_CTX_EXECUTION_DATE='2024-07-16T00:00:00+00:00' AIRFLOW_CTX_TRY_NUMBER='3' AIRFLOW_CTX_DAG_RUN_ID='scheduled__2024-07-16T00:00:00+00:00'
[2025-12-17T04:21:39.938+0000] {taskinstance.py:2698} ERROR - Task failed with exception
Traceback (most recent call last):
  File "/home/airflow/.local/lib/python3.8/site-packages/airflow/models/taskinstance.py", line 433, in _execute_task
    result = execute_callable(context=context, **execute_callable_kwargs)
  File "/home/airflow/.local/lib/python3.8/site-packages/airflow/operators/python.py", line 199, in execute
    return_value = self.execute_callable()
  File "/home/airflow/.local/lib/python3.8/site-packages/airflow/operators/python.py", line 216, in execute_callable
    return self.python_callable(*self.op_args, **self.op_kwargs)
TypeError: transform_data() missing 1 required positional argument: 'df'
[2025-12-17T04:21:39.951+0000] {taskinstance.py:1138} INFO - Marking task as FAILED. dag_id=etl_***, task_id=transform, execution_date=20240716T000000, start_date=20251217T042139, end_date=20251217T042139
[2025-12-17T04:21:39.974+0000] {standard_task_runner.py:107} ERROR - Failed to execute job 359 for task transform (transform_data() missing 1 required positional argument: 'df'; 1390)
[2025-12-17T04:21:40.025+0000] {local_task_job_runner.py:234} INFO - Task exited with return code 1
[2025-12-17T04:21:40.311+0000] {taskinstance.py:3280} INFO - 0 downstream tasks scheduled from follow-on schedule check
[2025-12-17T04:49:46.446+0000] {taskinstance.py:1956} INFO - Dependencies all met for dep_context=non-requeueable deps ti=<TaskInstance: etl_airflow.transform scheduled__2024-07-16T00:00:00+00:00 [queued]>
[2025-12-17T04:49:46.461+0000] {taskinstance.py:1956} INFO - Dependencies all met for dep_context=requeueable deps ti=<TaskInstance: etl_airflow.transform scheduled__2024-07-16T00:00:00+00:00 [queued]>
[2025-12-17T04:49:46.462+0000] {taskinstance.py:2170} INFO - Starting attempt 3 of 3
[2025-12-17T04:49:46.579+0000] {taskinstance.py:2191} INFO - Executing <Task(PythonOperator): transform> on 2024-07-16 00:00:00+00:00
[2025-12-17T04:49:46.592+0000] {standard_task_runner.py:60} INFO - Started process 2933 to run task
[2025-12-17T04:49:46.604+0000] {standard_task_runner.py:87} INFO - Running: ['***', 'tasks', 'run', 'etl_***', 'transform', 'scheduled__2024-07-16T00:00:00+00:00', '--job-id', '818', '--raw', '--subdir', 'DAGS_FOLDER/etl_***.py', '--cfg-path', '/tmp/tmpnj9tr1x2']
[2025-12-17T04:49:46.608+0000] {standard_task_runner.py:88} INFO - Job 818: Subtask transform
[2025-12-17T04:49:46.737+0000] {task_command.py:423} INFO - Running <TaskInstance: etl_airflow.transform scheduled__2024-07-16T00:00:00+00:00 [running]> on host b3426f05ac70
[2025-12-17T04:49:47.169+0000] {taskinstance.py:2480} INFO - Exporting env vars: AIRFLOW_CTX_DAG_OWNER='***' AIRFLOW_CTX_DAG_ID='etl_***' AIRFLOW_CTX_TASK_ID='transform' AIRFLOW_CTX_EXECUTION_DATE='2024-07-16T00:00:00+00:00' AIRFLOW_CTX_TRY_NUMBER='3' AIRFLOW_CTX_DAG_RUN_ID='scheduled__2024-07-16T00:00:00+00:00'
[2025-12-17T04:49:47.172+0000] {taskinstance.py:2698} ERROR - Task failed with exception
Traceback (most recent call last):
  File "/home/airflow/.local/lib/python3.8/site-packages/airflow/models/taskinstance.py", line 433, in _execute_task
    result = execute_callable(context=context, **execute_callable_kwargs)
  File "/home/airflow/.local/lib/python3.8/site-packages/airflow/operators/python.py", line 199, in execute
    return_value = self.execute_callable()
  File "/home/airflow/.local/lib/python3.8/site-packages/airflow/operators/python.py", line 216, in execute_callable
    return self.python_callable(*self.op_args, **self.op_kwargs)
TypeError: transform_data() missing 1 required positional argument: 'df'
[2025-12-17T04:49:47.187+0000] {taskinstance.py:1138} INFO - Marking task as FAILED. dag_id=etl_***, task_id=transform, execution_date=20240716T000000, start_date=20251217T044946, end_date=20251217T044947
[2025-12-17T04:49:47.369+0000] {standard_task_runner.py:107} ERROR - Failed to execute job 818 for task transform (transform_data() missing 1 required positional argument: 'df'; 2933)
[2025-12-17T04:49:47.424+0000] {local_task_job_runner.py:234} INFO - Task exited with return code 1
[2025-12-17T04:49:47.461+0000] {taskinstance.py:3280} INFO - 0 downstream tasks scheduled from follow-on schedule check
[2025-12-17T07:43:31.170+0000] {taskinstance.py:1956} INFO - Dependencies all met for dep_context=non-requeueable deps ti=<TaskInstance: etl_airflow.transform scheduled__2024-07-16T00:00:00+00:00 [queued]>
[2025-12-17T07:43:31.195+0000] {taskinstance.py:1956} INFO - Dependencies all met for dep_context=requeueable deps ti=<TaskInstance: etl_airflow.transform scheduled__2024-07-16T00:00:00+00:00 [queued]>
[2025-12-17T07:43:31.196+0000] {taskinstance.py:2170} INFO - Starting attempt 3 of 3
[2025-12-17T07:43:31.224+0000] {taskinstance.py:2191} INFO - Executing <Task(PythonOperator): transform> on 2024-07-16 00:00:00+00:00
[2025-12-17T07:43:31.236+0000] {standard_task_runner.py:60} INFO - Started process 3010 to run task
[2025-12-17T07:43:31.242+0000] {standard_task_runner.py:87} INFO - Running: ['***', 'tasks', 'run', 'etl_***', 'transform', 'scheduled__2024-07-16T00:00:00+00:00', '--job-id', '823', '--raw', '--subdir', 'DAGS_FOLDER/etl_***.py', '--cfg-path', '/tmp/tmp0v89pdyj']
[2025-12-17T07:43:31.247+0000] {standard_task_runner.py:88} INFO - Job 823: Subtask transform
[2025-12-17T07:43:31.399+0000] {task_command.py:423} INFO - Running <TaskInstance: etl_airflow.transform scheduled__2024-07-16T00:00:00+00:00 [running]> on host 2a0de06c8905
[2025-12-17T07:43:31.864+0000] {taskinstance.py:2480} INFO - Exporting env vars: AIRFLOW_CTX_DAG_OWNER='***' AIRFLOW_CTX_DAG_ID='etl_***' AIRFLOW_CTX_TASK_ID='transform' AIRFLOW_CTX_EXECUTION_DATE='2024-07-16T00:00:00+00:00' AIRFLOW_CTX_TRY_NUMBER='3' AIRFLOW_CTX_DAG_RUN_ID='scheduled__2024-07-16T00:00:00+00:00'
[2025-12-17T07:43:31.868+0000] {taskinstance.py:2698} ERROR - Task failed with exception
Traceback (most recent call last):
  File "/home/airflow/.local/lib/python3.8/site-packages/airflow/models/taskinstance.py", line 433, in _execute_task
    result = execute_callable(context=context, **execute_callable_kwargs)
  File "/home/airflow/.local/lib/python3.8/site-packages/airflow/operators/python.py", line 199, in execute
    return_value = self.execute_callable()
  File "/home/airflow/.local/lib/python3.8/site-packages/airflow/operators/python.py", line 216, in execute_callable
    return self.python_callable(*self.op_args, **self.op_kwargs)
TypeError: transform_data() missing 1 required positional argument: 'df'
[2025-12-17T07:43:31.889+0000] {taskinstance.py:1138} INFO - Marking task as FAILED. dag_id=etl_***, task_id=transform, execution_date=20240716T000000, start_date=20251217T074331, end_date=20251217T074331
[2025-12-17T07:43:31.917+0000] {standard_task_runner.py:107} ERROR - Failed to execute job 823 for task transform (transform_data() missing 1 required positional argument: 'df'; 3010)
[2025-12-17T07:43:31.982+0000] {local_task_job_runner.py:234} INFO - Task exited with return code 1
[2025-12-17T07:43:32.378+0000] {taskinstance.py:3280} INFO - 0 downstream tasks scheduled from follow-on schedule check
