[2025-12-16T17:08:41.536+0000] {taskinstance.py:1956} INFO - Dependencies all met for dep_context=non-requeueable deps ti=<TaskInstance: etl_airflow.transform scheduled__2025-03-27T00:00:00+00:00 [queued]>
[2025-12-16T17:08:41.553+0000] {taskinstance.py:1956} INFO - Dependencies all met for dep_context=requeueable deps ti=<TaskInstance: etl_airflow.transform scheduled__2025-03-27T00:00:00+00:00 [queued]>
[2025-12-16T17:08:41.555+0000] {taskinstance.py:2170} INFO - Starting attempt 2 of 3
[2025-12-16T17:08:41.578+0000] {taskinstance.py:2191} INFO - Executing <Task(PythonOperator): transform> on 2025-03-27 00:00:00+00:00
[2025-12-16T17:08:41.587+0000] {standard_task_runner.py:60} INFO - Started process 2073 to run task
[2025-12-16T17:08:41.595+0000] {standard_task_runner.py:87} INFO - Running: ['***', 'tasks', 'run', 'etl_***', 'transform', 'scheduled__2025-03-27T00:00:00+00:00', '--job-id', '3551', '--raw', '--subdir', 'DAGS_FOLDER/etl_dag.py', '--cfg-path', '/tmp/tmpfu9dnpmg']
[2025-12-16T17:08:41.599+0000] {standard_task_runner.py:88} INFO - Job 3551: Subtask transform
[2025-12-16T17:08:41.706+0000] {task_command.py:423} INFO - Running <TaskInstance: etl_airflow.transform scheduled__2025-03-27T00:00:00+00:00 [running]> on host db658e834d9d
[2025-12-16T17:08:41.850+0000] {taskinstance.py:2480} INFO - Exporting env vars: AIRFLOW_CTX_DAG_OWNER='***' AIRFLOW_CTX_DAG_ID='etl_***' AIRFLOW_CTX_TASK_ID='transform' AIRFLOW_CTX_EXECUTION_DATE='2025-03-27T00:00:00+00:00' AIRFLOW_CTX_TRY_NUMBER='2' AIRFLOW_CTX_DAG_RUN_ID='scheduled__2025-03-27T00:00:00+00:00'
[2025-12-16T17:08:41.853+0000] {logging_mixin.py:188} INFO - [TRANSFORM]
[2025-12-16T17:08:41.857+0000] {taskinstance.py:2698} ERROR - Task failed with exception
Traceback (most recent call last):
  File "/home/airflow/.local/lib/python3.8/site-packages/airflow/models/taskinstance.py", line 433, in _execute_task
    result = execute_callable(context=context, **execute_callable_kwargs)
  File "/home/airflow/.local/lib/python3.8/site-packages/airflow/operators/python.py", line 199, in execute
    return_value = self.execute_callable()
  File "/home/airflow/.local/lib/python3.8/site-packages/airflow/operators/python.py", line 216, in execute_callable
    return self.python_callable(*self.op_args, **self.op_kwargs)
  File "/opt/airflow/etl_logic/pipeline.py", line 111, in transform_data
    df = pd.read_csv(TRANSFORMED_PATH)
  File "/home/airflow/.local/lib/python3.8/site-packages/pandas/io/parsers/readers.py", line 912, in read_csv
    return _read(filepath_or_buffer, kwds)
  File "/home/airflow/.local/lib/python3.8/site-packages/pandas/io/parsers/readers.py", line 577, in _read
    parser = TextFileReader(filepath_or_buffer, **kwds)
  File "/home/airflow/.local/lib/python3.8/site-packages/pandas/io/parsers/readers.py", line 1407, in __init__
    self._engine = self._make_engine(f, self.engine)
  File "/home/airflow/.local/lib/python3.8/site-packages/pandas/io/parsers/readers.py", line 1661, in _make_engine
    self.handles = get_handle(
  File "/home/airflow/.local/lib/python3.8/site-packages/pandas/io/common.py", line 859, in get_handle
    handle = open(
FileNotFoundError: [Errno 2] No such file or directory: '/opt/airflow/data/transformed.csv'
[2025-12-16T17:08:41.885+0000] {taskinstance.py:1138} INFO - Marking task as UP_FOR_RETRY. dag_id=etl_***, task_id=transform, execution_date=20250327T000000, start_date=20251216T170841, end_date=20251216T170841
[2025-12-16T17:08:41.913+0000] {standard_task_runner.py:107} ERROR - Failed to execute job 3551 for task transform ([Errno 2] No such file or directory: '/opt/airflow/data/transformed.csv'; 2073)
[2025-12-16T17:08:41.968+0000] {local_task_job_runner.py:234} INFO - Task exited with return code 1
[2025-12-16T17:08:42.042+0000] {taskinstance.py:3280} INFO - 0 downstream tasks scheduled from follow-on schedule check
[2025-12-17T04:58:52.777+0000] {taskinstance.py:1956} INFO - Dependencies all met for dep_context=non-requeueable deps ti=<TaskInstance: etl_airflow.transform scheduled__2025-03-27T00:00:00+00:00 [queued]>
[2025-12-17T04:58:52.792+0000] {taskinstance.py:1956} INFO - Dependencies all met for dep_context=requeueable deps ti=<TaskInstance: etl_airflow.transform scheduled__2025-03-27T00:00:00+00:00 [queued]>
[2025-12-17T04:58:52.793+0000] {taskinstance.py:2170} INFO - Starting attempt 2 of 3
[2025-12-17T04:58:52.847+0000] {taskinstance.py:2191} INFO - Executing <Task(PythonOperator): transform> on 2025-03-27 00:00:00+00:00
[2025-12-17T04:58:52.857+0000] {standard_task_runner.py:60} INFO - Started process 6265 to run task
[2025-12-17T04:58:52.868+0000] {standard_task_runner.py:87} INFO - Running: ['***', 'tasks', 'run', 'etl_***', 'transform', 'scheduled__2025-03-27T00:00:00+00:00', '--job-id', '1833', '--raw', '--subdir', 'DAGS_FOLDER/etl_***.py', '--cfg-path', '/tmp/tmpuvz853h3']
[2025-12-17T04:58:52.873+0000] {standard_task_runner.py:88} INFO - Job 1833: Subtask transform
[2025-12-17T04:58:52.986+0000] {task_command.py:423} INFO - Running <TaskInstance: etl_airflow.transform scheduled__2025-03-27T00:00:00+00:00 [running]> on host b3426f05ac70
[2025-12-17T04:58:53.371+0000] {taskinstance.py:2480} INFO - Exporting env vars: AIRFLOW_CTX_DAG_OWNER='***' AIRFLOW_CTX_DAG_ID='etl_***' AIRFLOW_CTX_TASK_ID='transform' AIRFLOW_CTX_EXECUTION_DATE='2025-03-27T00:00:00+00:00' AIRFLOW_CTX_TRY_NUMBER='2' AIRFLOW_CTX_DAG_RUN_ID='scheduled__2025-03-27T00:00:00+00:00'
[2025-12-17T04:58:53.373+0000] {taskinstance.py:2698} ERROR - Task failed with exception
Traceback (most recent call last):
  File "/home/airflow/.local/lib/python3.8/site-packages/airflow/models/taskinstance.py", line 433, in _execute_task
    result = execute_callable(context=context, **execute_callable_kwargs)
  File "/home/airflow/.local/lib/python3.8/site-packages/airflow/operators/python.py", line 199, in execute
    return_value = self.execute_callable()
  File "/home/airflow/.local/lib/python3.8/site-packages/airflow/operators/python.py", line 216, in execute_callable
    return self.python_callable(*self.op_args, **self.op_kwargs)
TypeError: transform_data() missing 1 required positional argument: 'df'
[2025-12-17T04:58:53.389+0000] {taskinstance.py:1138} INFO - Marking task as UP_FOR_RETRY. dag_id=etl_***, task_id=transform, execution_date=20250327T000000, start_date=20251217T045852, end_date=20251217T045853
[2025-12-17T04:58:53.436+0000] {standard_task_runner.py:107} ERROR - Failed to execute job 1833 for task transform (transform_data() missing 1 required positional argument: 'df'; 6265)
[2025-12-17T04:58:53.482+0000] {local_task_job_runner.py:234} INFO - Task exited with return code 1
[2025-12-17T04:58:53.523+0000] {taskinstance.py:3280} INFO - 0 downstream tasks scheduled from follow-on schedule check
