[2025-12-16T17:22:23.406+0000] {taskinstance.py:1956} INFO - Dependencies all met for dep_context=non-requeueable deps ti=<TaskInstance: etl_airflow.transform scheduled__2024-04-13T00:00:00+00:00 [queued]>
[2025-12-16T17:22:23.431+0000] {taskinstance.py:1956} INFO - Dependencies all met for dep_context=requeueable deps ti=<TaskInstance: etl_airflow.transform scheduled__2024-04-13T00:00:00+00:00 [queued]>
[2025-12-16T17:22:23.433+0000] {taskinstance.py:2170} INFO - Starting attempt 3 of 5
[2025-12-16T17:22:23.475+0000] {taskinstance.py:2191} INFO - Executing <Task(PythonOperator): transform> on 2024-04-13 00:00:00+00:00
[2025-12-16T17:22:23.493+0000] {standard_task_runner.py:60} INFO - Started process 6453 to run task
[2025-12-16T17:22:23.508+0000] {standard_task_runner.py:87} INFO - Running: ['***', 'tasks', 'run', 'etl_***', 'transform', 'scheduled__2024-04-13T00:00:00+00:00', '--job-id', '6123', '--raw', '--subdir', 'DAGS_FOLDER/etl_dag.py', '--cfg-path', '/tmp/tmpsq9zi7op']
[2025-12-16T17:22:23.516+0000] {standard_task_runner.py:88} INFO - Job 6123: Subtask transform
[2025-12-16T17:22:23.747+0000] {task_command.py:423} INFO - Running <TaskInstance: etl_airflow.transform scheduled__2024-04-13T00:00:00+00:00 [running]> on host 3b89cfee50e9
[2025-12-16T17:22:24.044+0000] {taskinstance.py:2480} INFO - Exporting env vars: AIRFLOW_CTX_DAG_OWNER='***' AIRFLOW_CTX_DAG_ID='etl_***' AIRFLOW_CTX_TASK_ID='transform' AIRFLOW_CTX_EXECUTION_DATE='2024-04-13T00:00:00+00:00' AIRFLOW_CTX_TRY_NUMBER='3' AIRFLOW_CTX_DAG_RUN_ID='scheduled__2024-04-13T00:00:00+00:00'
[2025-12-16T17:22:24.057+0000] {logging_mixin.py:188} INFO - [TRANSFORM]
[2025-12-16T17:22:24.508+0000] {logging_mixin.py:188} INFO - [TRANSFORM] done
[2025-12-16T17:22:24.509+0000] {python.py:201} INFO - Done. Returned value was: None
[2025-12-16T17:22:24.530+0000] {taskinstance.py:1138} INFO - Marking task as SUCCESS. dag_id=etl_***, task_id=transform, execution_date=20240413T000000, start_date=20251216T172223, end_date=20251216T172224
[2025-12-16T17:22:24.588+0000] {local_task_job_runner.py:234} INFO - Task exited with return code 0
[2025-12-16T17:22:24.638+0000] {taskinstance.py:3280} INFO - 1 downstream tasks scheduled from follow-on schedule check
[2025-12-17T04:46:21.487+0000] {taskinstance.py:1956} INFO - Dependencies all met for dep_context=non-requeueable deps ti=<TaskInstance: etl_airflow.transform scheduled__2024-04-13T00:00:00+00:00 [queued]>
[2025-12-17T04:46:21.504+0000] {taskinstance.py:1956} INFO - Dependencies all met for dep_context=requeueable deps ti=<TaskInstance: etl_airflow.transform scheduled__2024-04-13T00:00:00+00:00 [queued]>
[2025-12-17T04:46:21.505+0000] {taskinstance.py:2170} INFO - Starting attempt 3 of 3
[2025-12-17T04:46:21.556+0000] {taskinstance.py:2191} INFO - Executing <Task(PythonOperator): transform> on 2024-04-13 00:00:00+00:00
[2025-12-17T04:46:21.571+0000] {standard_task_runner.py:60} INFO - Started process 1679 to run task
[2025-12-17T04:46:21.579+0000] {standard_task_runner.py:87} INFO - Running: ['***', 'tasks', 'run', 'etl_***', 'transform', 'scheduled__2024-04-13T00:00:00+00:00', '--job-id', '439', '--raw', '--subdir', 'DAGS_FOLDER/etl_***.py', '--cfg-path', '/tmp/tmp70c3vwyr']
[2025-12-17T04:46:21.585+0000] {standard_task_runner.py:88} INFO - Job 439: Subtask transform
[2025-12-17T04:46:21.720+0000] {task_command.py:423} INFO - Running <TaskInstance: etl_airflow.transform scheduled__2024-04-13T00:00:00+00:00 [running]> on host b3426f05ac70
[2025-12-17T04:46:22.122+0000] {taskinstance.py:2480} INFO - Exporting env vars: AIRFLOW_CTX_DAG_OWNER='***' AIRFLOW_CTX_DAG_ID='etl_***' AIRFLOW_CTX_TASK_ID='transform' AIRFLOW_CTX_EXECUTION_DATE='2024-04-13T00:00:00+00:00' AIRFLOW_CTX_TRY_NUMBER='3' AIRFLOW_CTX_DAG_RUN_ID='scheduled__2024-04-13T00:00:00+00:00'
[2025-12-17T04:46:22.127+0000] {taskinstance.py:2698} ERROR - Task failed with exception
Traceback (most recent call last):
  File "/home/airflow/.local/lib/python3.8/site-packages/airflow/models/taskinstance.py", line 433, in _execute_task
    result = execute_callable(context=context, **execute_callable_kwargs)
  File "/home/airflow/.local/lib/python3.8/site-packages/airflow/operators/python.py", line 199, in execute
    return_value = self.execute_callable()
  File "/home/airflow/.local/lib/python3.8/site-packages/airflow/operators/python.py", line 216, in execute_callable
    return self.python_callable(*self.op_args, **self.op_kwargs)
TypeError: transform_data() missing 1 required positional argument: 'df'
[2025-12-17T04:46:22.140+0000] {taskinstance.py:1138} INFO - Marking task as FAILED. dag_id=etl_***, task_id=transform, execution_date=20240413T000000, start_date=20251217T044621, end_date=20251217T044622
[2025-12-17T04:46:22.159+0000] {standard_task_runner.py:107} ERROR - Failed to execute job 439 for task transform (transform_data() missing 1 required positional argument: 'df'; 1679)
[2025-12-17T04:46:22.197+0000] {local_task_job_runner.py:234} INFO - Task exited with return code 1
[2025-12-17T04:46:22.242+0000] {taskinstance.py:3280} INFO - 0 downstream tasks scheduled from follow-on schedule check
[2025-12-17T07:39:43.610+0000] {taskinstance.py:1956} INFO - Dependencies all met for dep_context=non-requeueable deps ti=<TaskInstance: etl_airflow.transform scheduled__2024-04-13T00:00:00+00:00 [queued]>
[2025-12-17T07:39:43.625+0000] {taskinstance.py:1956} INFO - Dependencies all met for dep_context=requeueable deps ti=<TaskInstance: etl_airflow.transform scheduled__2024-04-13T00:00:00+00:00 [queued]>
[2025-12-17T07:39:43.628+0000] {taskinstance.py:2170} INFO - Starting attempt 3 of 3
[2025-12-17T07:39:43.649+0000] {taskinstance.py:2191} INFO - Executing <Task(PythonOperator): transform> on 2024-04-13 00:00:00+00:00
[2025-12-17T07:39:43.658+0000] {standard_task_runner.py:60} INFO - Started process 1742 to run task
[2025-12-17T07:39:43.667+0000] {standard_task_runner.py:87} INFO - Running: ['***', 'tasks', 'run', 'etl_***', 'transform', 'scheduled__2024-04-13T00:00:00+00:00', '--job-id', '443', '--raw', '--subdir', 'DAGS_FOLDER/etl_***.py', '--cfg-path', '/tmp/tmp8rv4kzjw']
[2025-12-17T07:39:43.675+0000] {standard_task_runner.py:88} INFO - Job 443: Subtask transform
[2025-12-17T07:39:43.831+0000] {task_command.py:423} INFO - Running <TaskInstance: etl_airflow.transform scheduled__2024-04-13T00:00:00+00:00 [running]> on host 2a0de06c8905
[2025-12-17T07:39:44.314+0000] {taskinstance.py:2480} INFO - Exporting env vars: AIRFLOW_CTX_DAG_OWNER='***' AIRFLOW_CTX_DAG_ID='etl_***' AIRFLOW_CTX_TASK_ID='transform' AIRFLOW_CTX_EXECUTION_DATE='2024-04-13T00:00:00+00:00' AIRFLOW_CTX_TRY_NUMBER='3' AIRFLOW_CTX_DAG_RUN_ID='scheduled__2024-04-13T00:00:00+00:00'
[2025-12-17T07:39:44.316+0000] {taskinstance.py:2698} ERROR - Task failed with exception
Traceback (most recent call last):
  File "/home/airflow/.local/lib/python3.8/site-packages/airflow/models/taskinstance.py", line 433, in _execute_task
    result = execute_callable(context=context, **execute_callable_kwargs)
  File "/home/airflow/.local/lib/python3.8/site-packages/airflow/operators/python.py", line 199, in execute
    return_value = self.execute_callable()
  File "/home/airflow/.local/lib/python3.8/site-packages/airflow/operators/python.py", line 216, in execute_callable
    return self.python_callable(*self.op_args, **self.op_kwargs)
TypeError: transform_data() missing 1 required positional argument: 'df'
[2025-12-17T07:39:44.328+0000] {taskinstance.py:1138} INFO - Marking task as FAILED. dag_id=etl_***, task_id=transform, execution_date=20240413T000000, start_date=20251217T073943, end_date=20251217T073944
[2025-12-17T07:39:44.430+0000] {standard_task_runner.py:107} ERROR - Failed to execute job 443 for task transform (transform_data() missing 1 required positional argument: 'df'; 1742)
[2025-12-17T07:39:44.485+0000] {local_task_job_runner.py:234} INFO - Task exited with return code 1
[2025-12-17T07:39:44.524+0000] {taskinstance.py:3280} INFO - 0 downstream tasks scheduled from follow-on schedule check
