[2025-12-17T04:51:17.595+0000] {taskinstance.py:1956} INFO - Dependencies all met for dep_context=non-requeueable deps ti=<TaskInstance: etl_airflow.transform scheduled__2024-08-31T00:00:00+00:00 [queued]>
[2025-12-17T04:51:17.609+0000] {taskinstance.py:1956} INFO - Dependencies all met for dep_context=requeueable deps ti=<TaskInstance: etl_airflow.transform scheduled__2024-08-31T00:00:00+00:00 [queued]>
[2025-12-17T04:51:17.610+0000] {taskinstance.py:2170} INFO - Starting attempt 2 of 3
[2025-12-17T04:51:17.685+0000] {taskinstance.py:2191} INFO - Executing <Task(PythonOperator): transform> on 2024-08-31 00:00:00+00:00
[2025-12-17T04:51:17.699+0000] {standard_task_runner.py:60} INFO - Started process 3504 to run task
[2025-12-17T04:51:17.715+0000] {standard_task_runner.py:87} INFO - Running: ['***', 'tasks', 'run', 'etl_***', 'transform', 'scheduled__2024-08-31T00:00:00+00:00', '--job-id', '995', '--raw', '--subdir', 'DAGS_FOLDER/etl_***.py', '--cfg-path', '/tmp/tmp8vcp8h38']
[2025-12-17T04:51:17.723+0000] {standard_task_runner.py:88} INFO - Job 995: Subtask transform
[2025-12-17T04:51:17.875+0000] {task_command.py:423} INFO - Running <TaskInstance: etl_airflow.transform scheduled__2024-08-31T00:00:00+00:00 [running]> on host b3426f05ac70
[2025-12-17T04:51:18.261+0000] {taskinstance.py:2480} INFO - Exporting env vars: AIRFLOW_CTX_DAG_OWNER='***' AIRFLOW_CTX_DAG_ID='etl_***' AIRFLOW_CTX_TASK_ID='transform' AIRFLOW_CTX_EXECUTION_DATE='2024-08-31T00:00:00+00:00' AIRFLOW_CTX_TRY_NUMBER='2' AIRFLOW_CTX_DAG_RUN_ID='scheduled__2024-08-31T00:00:00+00:00'
[2025-12-17T04:51:18.264+0000] {taskinstance.py:2698} ERROR - Task failed with exception
Traceback (most recent call last):
  File "/home/airflow/.local/lib/python3.8/site-packages/airflow/models/taskinstance.py", line 433, in _execute_task
    result = execute_callable(context=context, **execute_callable_kwargs)
  File "/home/airflow/.local/lib/python3.8/site-packages/airflow/operators/python.py", line 199, in execute
    return_value = self.execute_callable()
  File "/home/airflow/.local/lib/python3.8/site-packages/airflow/operators/python.py", line 216, in execute_callable
    return self.python_callable(*self.op_args, **self.op_kwargs)
TypeError: transform_data() missing 1 required positional argument: 'df'
[2025-12-17T04:51:18.276+0000] {taskinstance.py:1138} INFO - Marking task as UP_FOR_RETRY. dag_id=etl_***, task_id=transform, execution_date=20240831T000000, start_date=20251217T045117, end_date=20251217T045118
[2025-12-17T04:51:18.292+0000] {standard_task_runner.py:107} ERROR - Failed to execute job 995 for task transform (transform_data() missing 1 required positional argument: 'df'; 3504)
[2025-12-17T04:51:18.325+0000] {local_task_job_runner.py:234} INFO - Task exited with return code 1
[2025-12-17T04:51:18.380+0000] {taskinstance.py:3280} INFO - 0 downstream tasks scheduled from follow-on schedule check
[2025-12-17T07:45:12.693+0000] {taskinstance.py:1956} INFO - Dependencies all met for dep_context=non-requeueable deps ti=<TaskInstance: etl_airflow.transform scheduled__2024-08-31T00:00:00+00:00 [queued]>
[2025-12-17T07:45:12.713+0000] {taskinstance.py:1956} INFO - Dependencies all met for dep_context=requeueable deps ti=<TaskInstance: etl_airflow.transform scheduled__2024-08-31T00:00:00+00:00 [queued]>
[2025-12-17T07:45:12.714+0000] {taskinstance.py:2170} INFO - Starting attempt 2 of 3
[2025-12-17T07:45:12.789+0000] {taskinstance.py:2191} INFO - Executing <Task(PythonOperator): transform> on 2024-08-31 00:00:00+00:00
[2025-12-17T07:45:12.801+0000] {standard_task_runner.py:60} INFO - Started process 3593 to run task
[2025-12-17T07:45:12.814+0000] {standard_task_runner.py:87} INFO - Running: ['***', 'tasks', 'run', 'etl_***', 'transform', 'scheduled__2024-08-31T00:00:00+00:00', '--job-id', '999', '--raw', '--subdir', 'DAGS_FOLDER/etl_***.py', '--cfg-path', '/tmp/tmp2k1pdj31']
[2025-12-17T07:45:12.821+0000] {standard_task_runner.py:88} INFO - Job 999: Subtask transform
[2025-12-17T07:45:12.972+0000] {task_command.py:423} INFO - Running <TaskInstance: etl_airflow.transform scheduled__2024-08-31T00:00:00+00:00 [running]> on host 2a0de06c8905
[2025-12-17T07:45:13.383+0000] {taskinstance.py:2480} INFO - Exporting env vars: AIRFLOW_CTX_DAG_OWNER='***' AIRFLOW_CTX_DAG_ID='etl_***' AIRFLOW_CTX_TASK_ID='transform' AIRFLOW_CTX_EXECUTION_DATE='2024-08-31T00:00:00+00:00' AIRFLOW_CTX_TRY_NUMBER='2' AIRFLOW_CTX_DAG_RUN_ID='scheduled__2024-08-31T00:00:00+00:00'
[2025-12-17T07:45:13.388+0000] {taskinstance.py:2698} ERROR - Task failed with exception
Traceback (most recent call last):
  File "/home/airflow/.local/lib/python3.8/site-packages/airflow/models/taskinstance.py", line 433, in _execute_task
    result = execute_callable(context=context, **execute_callable_kwargs)
  File "/home/airflow/.local/lib/python3.8/site-packages/airflow/operators/python.py", line 199, in execute
    return_value = self.execute_callable()
  File "/home/airflow/.local/lib/python3.8/site-packages/airflow/operators/python.py", line 216, in execute_callable
    return self.python_callable(*self.op_args, **self.op_kwargs)
TypeError: transform_data() missing 1 required positional argument: 'df'
[2025-12-17T07:45:13.402+0000] {taskinstance.py:1138} INFO - Marking task as UP_FOR_RETRY. dag_id=etl_***, task_id=transform, execution_date=20240831T000000, start_date=20251217T074512, end_date=20251217T074513
[2025-12-17T07:45:13.473+0000] {standard_task_runner.py:107} ERROR - Failed to execute job 999 for task transform (transform_data() missing 1 required positional argument: 'df'; 3593)
[2025-12-17T07:45:13.546+0000] {local_task_job_runner.py:234} INFO - Task exited with return code 1
[2025-12-17T07:45:13.599+0000] {taskinstance.py:3280} INFO - 0 downstream tasks scheduled from follow-on schedule check
