[2025-12-16T17:22:23.404+0000] {taskinstance.py:1956} INFO - Dependencies all met for dep_context=non-requeueable deps ti=<TaskInstance: etl_airflow.transform scheduled__2024-04-06T00:00:00+00:00 [queued]>
[2025-12-16T17:22:23.431+0000] {taskinstance.py:1956} INFO - Dependencies all met for dep_context=requeueable deps ti=<TaskInstance: etl_airflow.transform scheduled__2024-04-06T00:00:00+00:00 [queued]>
[2025-12-16T17:22:23.434+0000] {taskinstance.py:2170} INFO - Starting attempt 3 of 5
[2025-12-16T17:22:23.468+0000] {taskinstance.py:2191} INFO - Executing <Task(PythonOperator): transform> on 2024-04-06 00:00:00+00:00
[2025-12-16T17:22:23.491+0000] {standard_task_runner.py:60} INFO - Started process 6452 to run task
[2025-12-16T17:22:23.503+0000] {standard_task_runner.py:87} INFO - Running: ['***', 'tasks', 'run', 'etl_***', 'transform', 'scheduled__2024-04-06T00:00:00+00:00', '--job-id', '6124', '--raw', '--subdir', 'DAGS_FOLDER/etl_dag.py', '--cfg-path', '/tmp/tmphcsvpvnu']
[2025-12-16T17:22:23.509+0000] {standard_task_runner.py:88} INFO - Job 6124: Subtask transform
[2025-12-16T17:22:23.703+0000] {task_command.py:423} INFO - Running <TaskInstance: etl_airflow.transform scheduled__2024-04-06T00:00:00+00:00 [running]> on host 3b89cfee50e9
[2025-12-16T17:22:23.963+0000] {taskinstance.py:2480} INFO - Exporting env vars: AIRFLOW_CTX_DAG_OWNER='***' AIRFLOW_CTX_DAG_ID='etl_***' AIRFLOW_CTX_TASK_ID='transform' AIRFLOW_CTX_EXECUTION_DATE='2024-04-06T00:00:00+00:00' AIRFLOW_CTX_TRY_NUMBER='3' AIRFLOW_CTX_DAG_RUN_ID='scheduled__2024-04-06T00:00:00+00:00'
[2025-12-16T17:22:23.977+0000] {logging_mixin.py:188} INFO - [TRANSFORM]
[2025-12-16T17:22:24.446+0000] {logging_mixin.py:188} INFO - [TRANSFORM] done
[2025-12-16T17:22:24.447+0000] {python.py:201} INFO - Done. Returned value was: None
[2025-12-16T17:22:24.463+0000] {taskinstance.py:1138} INFO - Marking task as SUCCESS. dag_id=etl_***, task_id=transform, execution_date=20240406T000000, start_date=20251216T172223, end_date=20251216T172224
[2025-12-16T17:22:24.545+0000] {local_task_job_runner.py:234} INFO - Task exited with return code 0
[2025-12-16T17:22:24.618+0000] {taskinstance.py:3280} INFO - 1 downstream tasks scheduled from follow-on schedule check
[2025-12-17T04:46:18.227+0000] {taskinstance.py:1956} INFO - Dependencies all met for dep_context=non-requeueable deps ti=<TaskInstance: etl_airflow.transform scheduled__2024-04-06T00:00:00+00:00 [queued]>
[2025-12-17T04:46:18.249+0000] {taskinstance.py:1956} INFO - Dependencies all met for dep_context=requeueable deps ti=<TaskInstance: etl_airflow.transform scheduled__2024-04-06T00:00:00+00:00 [queued]>
[2025-12-17T04:46:18.251+0000] {taskinstance.py:2170} INFO - Starting attempt 3 of 3
[2025-12-17T04:46:18.281+0000] {taskinstance.py:2191} INFO - Executing <Task(PythonOperator): transform> on 2024-04-06 00:00:00+00:00
[2025-12-17T04:46:18.290+0000] {standard_task_runner.py:60} INFO - Started process 1643 to run task
[2025-12-17T04:46:18.296+0000] {standard_task_runner.py:87} INFO - Running: ['***', 'tasks', 'run', 'etl_***', 'transform', 'scheduled__2024-04-06T00:00:00+00:00', '--job-id', '434', '--raw', '--subdir', 'DAGS_FOLDER/etl_***.py', '--cfg-path', '/tmp/tmp01fiqo3y']
[2025-12-17T04:46:18.302+0000] {standard_task_runner.py:88} INFO - Job 434: Subtask transform
[2025-12-17T04:46:18.444+0000] {task_command.py:423} INFO - Running <TaskInstance: etl_airflow.transform scheduled__2024-04-06T00:00:00+00:00 [running]> on host b3426f05ac70
[2025-12-17T04:46:18.869+0000] {taskinstance.py:2480} INFO - Exporting env vars: AIRFLOW_CTX_DAG_OWNER='***' AIRFLOW_CTX_DAG_ID='etl_***' AIRFLOW_CTX_TASK_ID='transform' AIRFLOW_CTX_EXECUTION_DATE='2024-04-06T00:00:00+00:00' AIRFLOW_CTX_TRY_NUMBER='3' AIRFLOW_CTX_DAG_RUN_ID='scheduled__2024-04-06T00:00:00+00:00'
[2025-12-17T04:46:18.872+0000] {taskinstance.py:2698} ERROR - Task failed with exception
Traceback (most recent call last):
  File "/home/airflow/.local/lib/python3.8/site-packages/airflow/models/taskinstance.py", line 433, in _execute_task
    result = execute_callable(context=context, **execute_callable_kwargs)
  File "/home/airflow/.local/lib/python3.8/site-packages/airflow/operators/python.py", line 199, in execute
    return_value = self.execute_callable()
  File "/home/airflow/.local/lib/python3.8/site-packages/airflow/operators/python.py", line 216, in execute_callable
    return self.python_callable(*self.op_args, **self.op_kwargs)
TypeError: transform_data() missing 1 required positional argument: 'df'
[2025-12-17T04:46:18.884+0000] {taskinstance.py:1138} INFO - Marking task as FAILED. dag_id=etl_***, task_id=transform, execution_date=20240406T000000, start_date=20251217T044618, end_date=20251217T044618
[2025-12-17T04:46:18.904+0000] {standard_task_runner.py:107} ERROR - Failed to execute job 434 for task transform (transform_data() missing 1 required positional argument: 'df'; 1643)
[2025-12-17T04:46:18.953+0000] {local_task_job_runner.py:234} INFO - Task exited with return code 1
[2025-12-17T04:46:19.016+0000] {taskinstance.py:3280} INFO - 0 downstream tasks scheduled from follow-on schedule check
[2025-12-17T07:39:36.579+0000] {taskinstance.py:1956} INFO - Dependencies all met for dep_context=non-requeueable deps ti=<TaskInstance: etl_airflow.transform scheduled__2024-04-06T00:00:00+00:00 [queued]>
[2025-12-17T07:39:36.604+0000] {taskinstance.py:1956} INFO - Dependencies all met for dep_context=requeueable deps ti=<TaskInstance: etl_airflow.transform scheduled__2024-04-06T00:00:00+00:00 [queued]>
[2025-12-17T07:39:36.606+0000] {taskinstance.py:2170} INFO - Starting attempt 3 of 3
[2025-12-17T07:39:36.638+0000] {taskinstance.py:2191} INFO - Executing <Task(PythonOperator): transform> on 2024-04-06 00:00:00+00:00
[2025-12-17T07:39:36.650+0000] {standard_task_runner.py:60} INFO - Started process 1711 to run task
[2025-12-17T07:39:36.659+0000] {standard_task_runner.py:87} INFO - Running: ['***', 'tasks', 'run', 'etl_***', 'transform', 'scheduled__2024-04-06T00:00:00+00:00', '--job-id', '434', '--raw', '--subdir', 'DAGS_FOLDER/etl_***.py', '--cfg-path', '/tmp/tmpszr0ogb5']
[2025-12-17T07:39:36.666+0000] {standard_task_runner.py:88} INFO - Job 434: Subtask transform
[2025-12-17T07:39:36.850+0000] {task_command.py:423} INFO - Running <TaskInstance: etl_airflow.transform scheduled__2024-04-06T00:00:00+00:00 [running]> on host 2a0de06c8905
[2025-12-17T07:39:37.363+0000] {taskinstance.py:2480} INFO - Exporting env vars: AIRFLOW_CTX_DAG_OWNER='***' AIRFLOW_CTX_DAG_ID='etl_***' AIRFLOW_CTX_TASK_ID='transform' AIRFLOW_CTX_EXECUTION_DATE='2024-04-06T00:00:00+00:00' AIRFLOW_CTX_TRY_NUMBER='3' AIRFLOW_CTX_DAG_RUN_ID='scheduled__2024-04-06T00:00:00+00:00'
[2025-12-17T07:39:37.366+0000] {taskinstance.py:2698} ERROR - Task failed with exception
Traceback (most recent call last):
  File "/home/airflow/.local/lib/python3.8/site-packages/airflow/models/taskinstance.py", line 433, in _execute_task
    result = execute_callable(context=context, **execute_callable_kwargs)
  File "/home/airflow/.local/lib/python3.8/site-packages/airflow/operators/python.py", line 199, in execute
    return_value = self.execute_callable()
  File "/home/airflow/.local/lib/python3.8/site-packages/airflow/operators/python.py", line 216, in execute_callable
    return self.python_callable(*self.op_args, **self.op_kwargs)
TypeError: transform_data() missing 1 required positional argument: 'df'
[2025-12-17T07:39:37.390+0000] {taskinstance.py:1138} INFO - Marking task as FAILED. dag_id=etl_***, task_id=transform, execution_date=20240406T000000, start_date=20251217T073936, end_date=20251217T073937
[2025-12-17T07:39:37.426+0000] {standard_task_runner.py:107} ERROR - Failed to execute job 434 for task transform (transform_data() missing 1 required positional argument: 'df'; 1711)
[2025-12-17T07:39:37.482+0000] {local_task_job_runner.py:234} INFO - Task exited with return code 1
[2025-12-17T07:39:37.532+0000] {taskinstance.py:3280} INFO - 0 downstream tasks scheduled from follow-on schedule check
