[2025-12-16T17:08:36.928+0000] {taskinstance.py:1956} INFO - Dependencies all met for dep_context=non-requeueable deps ti=<TaskInstance: etl_airflow.transform scheduled__2025-04-05T00:00:00+00:00 [queued]>
[2025-12-16T17:08:36.945+0000] {taskinstance.py:1956} INFO - Dependencies all met for dep_context=requeueable deps ti=<TaskInstance: etl_airflow.transform scheduled__2025-04-05T00:00:00+00:00 [queued]>
[2025-12-16T17:08:36.946+0000] {taskinstance.py:2170} INFO - Starting attempt 1 of 3
[2025-12-16T17:08:36.968+0000] {taskinstance.py:2191} INFO - Executing <Task(PythonOperator): transform> on 2025-04-05 00:00:00+00:00
[2025-12-16T17:08:36.975+0000] {standard_task_runner.py:60} INFO - Started process 2051 to run task
[2025-12-16T17:08:36.980+0000] {standard_task_runner.py:87} INFO - Running: ['***', 'tasks', 'run', 'etl_***', 'transform', 'scheduled__2025-04-05T00:00:00+00:00', '--job-id', '3545', '--raw', '--subdir', 'DAGS_FOLDER/etl_dag.py', '--cfg-path', '/tmp/tmphirzk39m']
[2025-12-16T17:08:36.984+0000] {standard_task_runner.py:88} INFO - Job 3545: Subtask transform
[2025-12-16T17:08:37.096+0000] {task_command.py:423} INFO - Running <TaskInstance: etl_airflow.transform scheduled__2025-04-05T00:00:00+00:00 [running]> on host db658e834d9d
[2025-12-16T17:08:37.238+0000] {taskinstance.py:2480} INFO - Exporting env vars: AIRFLOW_CTX_DAG_OWNER='***' AIRFLOW_CTX_DAG_ID='etl_***' AIRFLOW_CTX_TASK_ID='transform' AIRFLOW_CTX_EXECUTION_DATE='2025-04-05T00:00:00+00:00' AIRFLOW_CTX_TRY_NUMBER='1' AIRFLOW_CTX_DAG_RUN_ID='scheduled__2025-04-05T00:00:00+00:00'
[2025-12-16T17:08:37.240+0000] {logging_mixin.py:188} INFO - [TRANSFORM]
[2025-12-16T17:08:37.255+0000] {taskinstance.py:2698} ERROR - Task failed with exception
Traceback (most recent call last):
  File "/home/airflow/.local/lib/python3.8/site-packages/airflow/models/taskinstance.py", line 433, in _execute_task
    result = execute_callable(context=context, **execute_callable_kwargs)
  File "/home/airflow/.local/lib/python3.8/site-packages/airflow/operators/python.py", line 199, in execute
    return_value = self.execute_callable()
  File "/home/airflow/.local/lib/python3.8/site-packages/airflow/operators/python.py", line 216, in execute_callable
    return self.python_callable(*self.op_args, **self.op_kwargs)
  File "/opt/airflow/etl_logic/pipeline.py", line 113, in transform_data
    df.to_csv(OUTPUT_PATH, index=False)
  File "/home/airflow/.local/lib/python3.8/site-packages/pandas/core/generic.py", line 3772, in to_csv
    return DataFrameRenderer(formatter).to_csv(
  File "/home/airflow/.local/lib/python3.8/site-packages/pandas/io/formats/format.py", line 1186, in to_csv
    csv_formatter.save()
  File "/home/airflow/.local/lib/python3.8/site-packages/pandas/io/formats/csvs.py", line 240, in save
    with get_handle(
  File "/home/airflow/.local/lib/python3.8/site-packages/pandas/io/common.py", line 737, in get_handle
    check_parent_directory(str(handle))
  File "/home/airflow/.local/lib/python3.8/site-packages/pandas/io/common.py", line 600, in check_parent_directory
    raise OSError(rf"Cannot save file into a non-existent directory: '{parent}'")
OSError: Cannot save file into a non-existent directory: 'E:\GPP\Task_4\comparative-data-orchestrationirflow\data'
[2025-12-16T17:08:37.280+0000] {taskinstance.py:1138} INFO - Marking task as UP_FOR_RETRY. dag_id=etl_***, task_id=transform, execution_date=20250405T000000, start_date=20251216T170836, end_date=20251216T170837
[2025-12-16T17:08:37.299+0000] {standard_task_runner.py:107} ERROR - Failed to execute job 3545 for task transform (Cannot save file into a non-existent directory: 'E:\GPP\Task_4\comparative-data-orchestrationirflow\data'; 2051)
[2025-12-16T17:08:37.315+0000] {local_task_job_runner.py:234} INFO - Task exited with return code 1
[2025-12-16T17:08:37.348+0000] {taskinstance.py:3280} INFO - 0 downstream tasks scheduled from follow-on schedule check
[2025-12-17T01:58:07.858+0000] {taskinstance.py:1956} INFO - Dependencies all met for dep_context=non-requeueable deps ti=<TaskInstance: etl_airflow.transform scheduled__2025-04-05T00:00:00+00:00 [queued]>
[2025-12-17T01:58:07.888+0000] {taskinstance.py:1956} INFO - Dependencies all met for dep_context=requeueable deps ti=<TaskInstance: etl_airflow.transform scheduled__2025-04-05T00:00:00+00:00 [queued]>
[2025-12-17T01:58:07.893+0000] {taskinstance.py:2170} INFO - Starting attempt 1 of 3
[2025-12-17T01:58:08.259+0000] {taskinstance.py:2191} INFO - Executing <Task(PythonOperator): transform> on 2025-04-05 00:00:00+00:00
[2025-12-17T01:58:08.279+0000] {standard_task_runner.py:60} INFO - Started process 4682 to run task
[2025-12-17T01:58:08.287+0000] {standard_task_runner.py:87} INFO - Running: ['***', 'tasks', 'run', 'etl_***', 'transform', 'scheduled__2025-04-05T00:00:00+00:00', '--job-id', '1406', '--raw', '--subdir', 'DAGS_FOLDER/etl_dag.py', '--cfg-path', '/tmp/tmp678zue44']
[2025-12-17T01:58:08.294+0000] {standard_task_runner.py:88} INFO - Job 1406: Subtask transform
[2025-12-17T01:58:08.484+0000] {task_command.py:423} INFO - Running <TaskInstance: etl_airflow.transform scheduled__2025-04-05T00:00:00+00:00 [running]> on host 571e042550da
[2025-12-17T01:58:09.059+0000] {taskinstance.py:2480} INFO - Exporting env vars: AIRFLOW_CTX_DAG_OWNER='***' AIRFLOW_CTX_DAG_ID='etl_***' AIRFLOW_CTX_TASK_ID='transform' AIRFLOW_CTX_EXECUTION_DATE='2025-04-05T00:00:00+00:00' AIRFLOW_CTX_TRY_NUMBER='1' AIRFLOW_CTX_DAG_RUN_ID='scheduled__2025-04-05T00:00:00+00:00'
[2025-12-17T01:58:09.066+0000] {logging_mixin.py:188} INFO - [TRANSFORM]
[2025-12-17T01:58:09.126+0000] {logging_mixin.py:188} INFO - [TRANSFORM] done
[2025-12-17T01:58:09.128+0000] {python.py:201} INFO - Done. Returned value was: None
[2025-12-17T01:58:09.168+0000] {taskinstance.py:1138} INFO - Marking task as SUCCESS. dag_id=etl_***, task_id=transform, execution_date=20250405T000000, start_date=20251217T015807, end_date=20251217T015809
[2025-12-17T01:58:09.262+0000] {local_task_job_runner.py:234} INFO - Task exited with return code 0
[2025-12-17T01:58:09.515+0000] {taskinstance.py:3280} INFO - 0 downstream tasks scheduled from follow-on schedule check
[2025-12-17T04:58:43.512+0000] {taskinstance.py:1956} INFO - Dependencies all met for dep_context=non-requeueable deps ti=<TaskInstance: etl_airflow.transform scheduled__2025-04-05T00:00:00+00:00 [queued]>
[2025-12-17T04:58:43.535+0000] {taskinstance.py:1956} INFO - Dependencies all met for dep_context=requeueable deps ti=<TaskInstance: etl_airflow.transform scheduled__2025-04-05T00:00:00+00:00 [queued]>
[2025-12-17T04:58:43.537+0000] {taskinstance.py:2170} INFO - Starting attempt 1 of 3
[2025-12-17T04:58:43.564+0000] {taskinstance.py:2191} INFO - Executing <Task(PythonOperator): transform> on 2025-04-05 00:00:00+00:00
[2025-12-17T04:58:43.574+0000] {standard_task_runner.py:60} INFO - Started process 6229 to run task
[2025-12-17T04:58:43.584+0000] {standard_task_runner.py:87} INFO - Running: ['***', 'tasks', 'run', 'etl_***', 'transform', 'scheduled__2025-04-05T00:00:00+00:00', '--job-id', '1823', '--raw', '--subdir', 'DAGS_FOLDER/etl_***.py', '--cfg-path', '/tmp/tmplvh5x9aq']
[2025-12-17T04:58:43.591+0000] {standard_task_runner.py:88} INFO - Job 1823: Subtask transform
[2025-12-17T04:58:43.701+0000] {task_command.py:423} INFO - Running <TaskInstance: etl_airflow.transform scheduled__2025-04-05T00:00:00+00:00 [running]> on host b3426f05ac70
[2025-12-17T04:58:44.070+0000] {taskinstance.py:2480} INFO - Exporting env vars: AIRFLOW_CTX_DAG_OWNER='***' AIRFLOW_CTX_DAG_ID='etl_***' AIRFLOW_CTX_TASK_ID='transform' AIRFLOW_CTX_EXECUTION_DATE='2025-04-05T00:00:00+00:00' AIRFLOW_CTX_TRY_NUMBER='1' AIRFLOW_CTX_DAG_RUN_ID='scheduled__2025-04-05T00:00:00+00:00'
[2025-12-17T04:58:44.073+0000] {taskinstance.py:2698} ERROR - Task failed with exception
Traceback (most recent call last):
  File "/home/airflow/.local/lib/python3.8/site-packages/airflow/models/taskinstance.py", line 433, in _execute_task
    result = execute_callable(context=context, **execute_callable_kwargs)
  File "/home/airflow/.local/lib/python3.8/site-packages/airflow/operators/python.py", line 199, in execute
    return_value = self.execute_callable()
  File "/home/airflow/.local/lib/python3.8/site-packages/airflow/operators/python.py", line 216, in execute_callable
    return self.python_callable(*self.op_args, **self.op_kwargs)
TypeError: transform_data() missing 1 required positional argument: 'df'
[2025-12-17T04:58:44.085+0000] {taskinstance.py:1138} INFO - Marking task as UP_FOR_RETRY. dag_id=etl_***, task_id=transform, execution_date=20250405T000000, start_date=20251217T045843, end_date=20251217T045844
[2025-12-17T04:58:44.118+0000] {standard_task_runner.py:107} ERROR - Failed to execute job 1823 for task transform (transform_data() missing 1 required positional argument: 'df'; 6229)
[2025-12-17T04:58:44.162+0000] {local_task_job_runner.py:234} INFO - Task exited with return code 1
[2025-12-17T04:58:44.253+0000] {taskinstance.py:3280} INFO - 0 downstream tasks scheduled from follow-on schedule check
