[2025-12-16T17:08:49.297+0000] {taskinstance.py:1956} INFO - Dependencies all met for dep_context=non-requeueable deps ti=<TaskInstance: etl_airflow.transform scheduled__2025-04-08T00:00:00+00:00 [queued]>
[2025-12-16T17:08:49.314+0000] {taskinstance.py:1956} INFO - Dependencies all met for dep_context=requeueable deps ti=<TaskInstance: etl_airflow.transform scheduled__2025-04-08T00:00:00+00:00 [queued]>
[2025-12-16T17:08:49.314+0000] {taskinstance.py:2170} INFO - Starting attempt 2 of 3
[2025-12-16T17:08:49.336+0000] {taskinstance.py:2191} INFO - Executing <Task(PythonOperator): transform> on 2025-04-08 00:00:00+00:00
[2025-12-16T17:08:49.346+0000] {standard_task_runner.py:60} INFO - Started process 2100 to run task
[2025-12-16T17:08:49.354+0000] {standard_task_runner.py:87} INFO - Running: ['***', 'tasks', 'run', 'etl_***', 'transform', 'scheduled__2025-04-08T00:00:00+00:00', '--job-id', '3561', '--raw', '--subdir', 'DAGS_FOLDER/etl_dag.py', '--cfg-path', '/tmp/tmpkn34ci4t']
[2025-12-16T17:08:49.357+0000] {standard_task_runner.py:88} INFO - Job 3561: Subtask transform
[2025-12-16T17:08:49.470+0000] {task_command.py:423} INFO - Running <TaskInstance: etl_airflow.transform scheduled__2025-04-08T00:00:00+00:00 [running]> on host db658e834d9d
[2025-12-16T17:08:49.596+0000] {taskinstance.py:2480} INFO - Exporting env vars: AIRFLOW_CTX_DAG_OWNER='***' AIRFLOW_CTX_DAG_ID='etl_***' AIRFLOW_CTX_TASK_ID='transform' AIRFLOW_CTX_EXECUTION_DATE='2025-04-08T00:00:00+00:00' AIRFLOW_CTX_TRY_NUMBER='2' AIRFLOW_CTX_DAG_RUN_ID='scheduled__2025-04-08T00:00:00+00:00'
[2025-12-16T17:08:49.598+0000] {logging_mixin.py:188} INFO - [TRANSFORM]
[2025-12-16T17:08:49.605+0000] {taskinstance.py:2698} ERROR - Task failed with exception
Traceback (most recent call last):
  File "/home/airflow/.local/lib/python3.8/site-packages/airflow/models/taskinstance.py", line 433, in _execute_task
    result = execute_callable(context=context, **execute_callable_kwargs)
  File "/home/airflow/.local/lib/python3.8/site-packages/airflow/operators/python.py", line 199, in execute
    return_value = self.execute_callable()
  File "/home/airflow/.local/lib/python3.8/site-packages/airflow/operators/python.py", line 216, in execute_callable
    return self.python_callable(*self.op_args, **self.op_kwargs)
  File "/opt/airflow/etl_logic/pipeline.py", line 111, in transform_data
    df = pd.read_csv(TRANSFORMED_PATH)
  File "/home/airflow/.local/lib/python3.8/site-packages/pandas/io/parsers/readers.py", line 912, in read_csv
    return _read(filepath_or_buffer, kwds)
  File "/home/airflow/.local/lib/python3.8/site-packages/pandas/io/parsers/readers.py", line 577, in _read
    parser = TextFileReader(filepath_or_buffer, **kwds)
  File "/home/airflow/.local/lib/python3.8/site-packages/pandas/io/parsers/readers.py", line 1407, in __init__
    self._engine = self._make_engine(f, self.engine)
  File "/home/airflow/.local/lib/python3.8/site-packages/pandas/io/parsers/readers.py", line 1661, in _make_engine
    self.handles = get_handle(
  File "/home/airflow/.local/lib/python3.8/site-packages/pandas/io/common.py", line 859, in get_handle
    handle = open(
FileNotFoundError: [Errno 2] No such file or directory: '/opt/airflow/data/transformed.csv'
[2025-12-16T17:08:49.624+0000] {taskinstance.py:1138} INFO - Marking task as UP_FOR_RETRY. dag_id=etl_***, task_id=transform, execution_date=20250408T000000, start_date=20251216T170849, end_date=20251216T170849
[2025-12-16T17:08:49.647+0000] {standard_task_runner.py:107} ERROR - Failed to execute job 3561 for task transform ([Errno 2] No such file or directory: '/opt/airflow/data/transformed.csv'; 2100)
[2025-12-16T17:08:49.687+0000] {local_task_job_runner.py:234} INFO - Task exited with return code 1
[2025-12-16T17:08:49.742+0000] {taskinstance.py:3280} INFO - 0 downstream tasks scheduled from follow-on schedule check
[2025-12-17T04:58:56.034+0000] {taskinstance.py:1956} INFO - Dependencies all met for dep_context=non-requeueable deps ti=<TaskInstance: etl_airflow.transform scheduled__2025-04-08T00:00:00+00:00 [queued]>
[2025-12-17T04:58:56.048+0000] {taskinstance.py:1956} INFO - Dependencies all met for dep_context=requeueable deps ti=<TaskInstance: etl_airflow.transform scheduled__2025-04-08T00:00:00+00:00 [queued]>
[2025-12-17T04:58:56.050+0000] {taskinstance.py:2170} INFO - Starting attempt 2 of 3
[2025-12-17T04:58:56.067+0000] {taskinstance.py:2191} INFO - Executing <Task(PythonOperator): transform> on 2025-04-08 00:00:00+00:00
[2025-12-17T04:58:56.075+0000] {standard_task_runner.py:60} INFO - Started process 6292 to run task
[2025-12-17T04:58:56.080+0000] {standard_task_runner.py:87} INFO - Running: ['***', 'tasks', 'run', 'etl_***', 'transform', 'scheduled__2025-04-08T00:00:00+00:00', '--job-id', '1839', '--raw', '--subdir', 'DAGS_FOLDER/etl_***.py', '--cfg-path', '/tmp/tmpwf0mntwt']
[2025-12-17T04:58:56.084+0000] {standard_task_runner.py:88} INFO - Job 1839: Subtask transform
[2025-12-17T04:58:56.232+0000] {task_command.py:423} INFO - Running <TaskInstance: etl_airflow.transform scheduled__2025-04-08T00:00:00+00:00 [running]> on host b3426f05ac70
[2025-12-17T04:58:56.632+0000] {taskinstance.py:2480} INFO - Exporting env vars: AIRFLOW_CTX_DAG_OWNER='***' AIRFLOW_CTX_DAG_ID='etl_***' AIRFLOW_CTX_TASK_ID='transform' AIRFLOW_CTX_EXECUTION_DATE='2025-04-08T00:00:00+00:00' AIRFLOW_CTX_TRY_NUMBER='2' AIRFLOW_CTX_DAG_RUN_ID='scheduled__2025-04-08T00:00:00+00:00'
[2025-12-17T04:58:56.635+0000] {taskinstance.py:2698} ERROR - Task failed with exception
Traceback (most recent call last):
  File "/home/airflow/.local/lib/python3.8/site-packages/airflow/models/taskinstance.py", line 433, in _execute_task
    result = execute_callable(context=context, **execute_callable_kwargs)
  File "/home/airflow/.local/lib/python3.8/site-packages/airflow/operators/python.py", line 199, in execute
    return_value = self.execute_callable()
  File "/home/airflow/.local/lib/python3.8/site-packages/airflow/operators/python.py", line 216, in execute_callable
    return self.python_callable(*self.op_args, **self.op_kwargs)
TypeError: transform_data() missing 1 required positional argument: 'df'
[2025-12-17T04:58:56.645+0000] {taskinstance.py:1138} INFO - Marking task as UP_FOR_RETRY. dag_id=etl_***, task_id=transform, execution_date=20250408T000000, start_date=20251217T045856, end_date=20251217T045856
[2025-12-17T04:58:56.662+0000] {standard_task_runner.py:107} ERROR - Failed to execute job 1839 for task transform (transform_data() missing 1 required positional argument: 'df'; 6292)
[2025-12-17T04:58:56.700+0000] {local_task_job_runner.py:234} INFO - Task exited with return code 1
[2025-12-17T04:58:56.766+0000] {taskinstance.py:3280} INFO - 0 downstream tasks scheduled from follow-on schedule check
