[2025-12-16T17:08:49.294+0000] {taskinstance.py:1956} INFO - Dependencies all met for dep_context=non-requeueable deps ti=<TaskInstance: etl_airflow.transform scheduled__2025-04-09T00:00:00+00:00 [queued]>
[2025-12-16T17:08:49.310+0000] {taskinstance.py:1956} INFO - Dependencies all met for dep_context=requeueable deps ti=<TaskInstance: etl_airflow.transform scheduled__2025-04-09T00:00:00+00:00 [queued]>
[2025-12-16T17:08:49.311+0000] {taskinstance.py:2170} INFO - Starting attempt 2 of 3
[2025-12-16T17:08:49.331+0000] {taskinstance.py:2191} INFO - Executing <Task(PythonOperator): transform> on 2025-04-09 00:00:00+00:00
[2025-12-16T17:08:49.341+0000] {standard_task_runner.py:60} INFO - Started process 2098 to run task
[2025-12-16T17:08:49.348+0000] {standard_task_runner.py:87} INFO - Running: ['***', 'tasks', 'run', 'etl_***', 'transform', 'scheduled__2025-04-09T00:00:00+00:00', '--job-id', '3560', '--raw', '--subdir', 'DAGS_FOLDER/etl_dag.py', '--cfg-path', '/tmp/tmps6nbbknw']
[2025-12-16T17:08:49.351+0000] {standard_task_runner.py:88} INFO - Job 3560: Subtask transform
[2025-12-16T17:08:49.470+0000] {task_command.py:423} INFO - Running <TaskInstance: etl_airflow.transform scheduled__2025-04-09T00:00:00+00:00 [running]> on host db658e834d9d
[2025-12-16T17:08:49.593+0000] {taskinstance.py:2480} INFO - Exporting env vars: AIRFLOW_CTX_DAG_OWNER='***' AIRFLOW_CTX_DAG_ID='etl_***' AIRFLOW_CTX_TASK_ID='transform' AIRFLOW_CTX_EXECUTION_DATE='2025-04-09T00:00:00+00:00' AIRFLOW_CTX_TRY_NUMBER='2' AIRFLOW_CTX_DAG_RUN_ID='scheduled__2025-04-09T00:00:00+00:00'
[2025-12-16T17:08:49.597+0000] {logging_mixin.py:188} INFO - [TRANSFORM]
[2025-12-16T17:08:49.602+0000] {taskinstance.py:2698} ERROR - Task failed with exception
Traceback (most recent call last):
  File "/home/airflow/.local/lib/python3.8/site-packages/airflow/models/taskinstance.py", line 433, in _execute_task
    result = execute_callable(context=context, **execute_callable_kwargs)
  File "/home/airflow/.local/lib/python3.8/site-packages/airflow/operators/python.py", line 199, in execute
    return_value = self.execute_callable()
  File "/home/airflow/.local/lib/python3.8/site-packages/airflow/operators/python.py", line 216, in execute_callable
    return self.python_callable(*self.op_args, **self.op_kwargs)
  File "/opt/airflow/etl_logic/pipeline.py", line 111, in transform_data
    df = pd.read_csv(TRANSFORMED_PATH)
  File "/home/airflow/.local/lib/python3.8/site-packages/pandas/io/parsers/readers.py", line 912, in read_csv
    return _read(filepath_or_buffer, kwds)
  File "/home/airflow/.local/lib/python3.8/site-packages/pandas/io/parsers/readers.py", line 577, in _read
    parser = TextFileReader(filepath_or_buffer, **kwds)
  File "/home/airflow/.local/lib/python3.8/site-packages/pandas/io/parsers/readers.py", line 1407, in __init__
    self._engine = self._make_engine(f, self.engine)
  File "/home/airflow/.local/lib/python3.8/site-packages/pandas/io/parsers/readers.py", line 1661, in _make_engine
    self.handles = get_handle(
  File "/home/airflow/.local/lib/python3.8/site-packages/pandas/io/common.py", line 859, in get_handle
    handle = open(
FileNotFoundError: [Errno 2] No such file or directory: '/opt/airflow/data/transformed.csv'
[2025-12-16T17:08:49.624+0000] {taskinstance.py:1138} INFO - Marking task as UP_FOR_RETRY. dag_id=etl_***, task_id=transform, execution_date=20250409T000000, start_date=20251216T170849, end_date=20251216T170849
[2025-12-16T17:08:49.643+0000] {standard_task_runner.py:107} ERROR - Failed to execute job 3560 for task transform ([Errno 2] No such file or directory: '/opt/airflow/data/transformed.csv'; 2098)
[2025-12-16T17:08:49.683+0000] {local_task_job_runner.py:234} INFO - Task exited with return code 1
[2025-12-16T17:08:49.739+0000] {taskinstance.py:3280} INFO - 0 downstream tasks scheduled from follow-on schedule check
[2025-12-17T04:59:09.682+0000] {taskinstance.py:1956} INFO - Dependencies all met for dep_context=non-requeueable deps ti=<TaskInstance: etl_airflow.transform scheduled__2025-04-09T00:00:00+00:00 [queued]>
[2025-12-17T04:59:09.701+0000] {taskinstance.py:1956} INFO - Dependencies all met for dep_context=requeueable deps ti=<TaskInstance: etl_airflow.transform scheduled__2025-04-09T00:00:00+00:00 [queued]>
[2025-12-17T04:59:09.702+0000] {taskinstance.py:2170} INFO - Starting attempt 2 of 3
[2025-12-17T04:59:09.726+0000] {taskinstance.py:2191} INFO - Executing <Task(PythonOperator): transform> on 2025-04-09 00:00:00+00:00
[2025-12-17T04:59:09.736+0000] {standard_task_runner.py:60} INFO - Started process 6351 to run task
[2025-12-17T04:59:09.742+0000] {standard_task_runner.py:87} INFO - Running: ['***', 'tasks', 'run', 'etl_***', 'transform', 'scheduled__2025-04-09T00:00:00+00:00', '--job-id', '1860', '--raw', '--subdir', 'DAGS_FOLDER/etl_***.py', '--cfg-path', '/tmp/tmpzqhczjsa']
[2025-12-17T04:59:09.746+0000] {standard_task_runner.py:88} INFO - Job 1860: Subtask transform
[2025-12-17T04:59:09.878+0000] {task_command.py:423} INFO - Running <TaskInstance: etl_airflow.transform scheduled__2025-04-09T00:00:00+00:00 [running]> on host b3426f05ac70
[2025-12-17T04:59:10.283+0000] {taskinstance.py:2480} INFO - Exporting env vars: AIRFLOW_CTX_DAG_OWNER='***' AIRFLOW_CTX_DAG_ID='etl_***' AIRFLOW_CTX_TASK_ID='transform' AIRFLOW_CTX_EXECUTION_DATE='2025-04-09T00:00:00+00:00' AIRFLOW_CTX_TRY_NUMBER='2' AIRFLOW_CTX_DAG_RUN_ID='scheduled__2025-04-09T00:00:00+00:00'
[2025-12-17T04:59:10.288+0000] {taskinstance.py:2698} ERROR - Task failed with exception
Traceback (most recent call last):
  File "/home/airflow/.local/lib/python3.8/site-packages/airflow/models/taskinstance.py", line 433, in _execute_task
    result = execute_callable(context=context, **execute_callable_kwargs)
  File "/home/airflow/.local/lib/python3.8/site-packages/airflow/operators/python.py", line 199, in execute
    return_value = self.execute_callable()
  File "/home/airflow/.local/lib/python3.8/site-packages/airflow/operators/python.py", line 216, in execute_callable
    return self.python_callable(*self.op_args, **self.op_kwargs)
TypeError: transform_data() missing 1 required positional argument: 'df'
[2025-12-17T04:59:10.310+0000] {taskinstance.py:1138} INFO - Marking task as UP_FOR_RETRY. dag_id=etl_***, task_id=transform, execution_date=20250409T000000, start_date=20251217T045909, end_date=20251217T045910
[2025-12-17T04:59:10.343+0000] {standard_task_runner.py:107} ERROR - Failed to execute job 1860 for task transform (transform_data() missing 1 required positional argument: 'df'; 6351)
[2025-12-17T04:59:10.399+0000] {local_task_job_runner.py:234} INFO - Task exited with return code 1
[2025-12-17T04:59:10.461+0000] {taskinstance.py:3280} INFO - 0 downstream tasks scheduled from follow-on schedule check
