[2025-12-16T17:08:36.922+0000] {taskinstance.py:1956} INFO - Dependencies all met for dep_context=non-requeueable deps ti=<TaskInstance: etl_airflow.transform scheduled__2025-04-09T00:00:00+00:00 [queued]>
[2025-12-16T17:08:36.941+0000] {taskinstance.py:1956} INFO - Dependencies all met for dep_context=requeueable deps ti=<TaskInstance: etl_airflow.transform scheduled__2025-04-09T00:00:00+00:00 [queued]>
[2025-12-16T17:08:36.943+0000] {taskinstance.py:2170} INFO - Starting attempt 1 of 3
[2025-12-16T17:08:36.963+0000] {taskinstance.py:2191} INFO - Executing <Task(PythonOperator): transform> on 2025-04-09 00:00:00+00:00
[2025-12-16T17:08:36.971+0000] {standard_task_runner.py:60} INFO - Started process 2050 to run task
[2025-12-16T17:08:36.976+0000] {standard_task_runner.py:87} INFO - Running: ['***', 'tasks', 'run', 'etl_***', 'transform', 'scheduled__2025-04-09T00:00:00+00:00', '--job-id', '3544', '--raw', '--subdir', 'DAGS_FOLDER/etl_dag.py', '--cfg-path', '/tmp/tmp3zwc3ial']
[2025-12-16T17:08:36.979+0000] {standard_task_runner.py:88} INFO - Job 3544: Subtask transform
[2025-12-16T17:08:37.092+0000] {task_command.py:423} INFO - Running <TaskInstance: etl_airflow.transform scheduled__2025-04-09T00:00:00+00:00 [running]> on host db658e834d9d
[2025-12-16T17:08:37.239+0000] {taskinstance.py:2480} INFO - Exporting env vars: AIRFLOW_CTX_DAG_OWNER='***' AIRFLOW_CTX_DAG_ID='etl_***' AIRFLOW_CTX_TASK_ID='transform' AIRFLOW_CTX_EXECUTION_DATE='2025-04-09T00:00:00+00:00' AIRFLOW_CTX_TRY_NUMBER='1' AIRFLOW_CTX_DAG_RUN_ID='scheduled__2025-04-09T00:00:00+00:00'
[2025-12-16T17:08:37.241+0000] {logging_mixin.py:188} INFO - [TRANSFORM]
[2025-12-16T17:08:37.257+0000] {taskinstance.py:2698} ERROR - Task failed with exception
Traceback (most recent call last):
  File "/home/airflow/.local/lib/python3.8/site-packages/airflow/models/taskinstance.py", line 433, in _execute_task
    result = execute_callable(context=context, **execute_callable_kwargs)
  File "/home/airflow/.local/lib/python3.8/site-packages/airflow/operators/python.py", line 199, in execute
    return_value = self.execute_callable()
  File "/home/airflow/.local/lib/python3.8/site-packages/airflow/operators/python.py", line 216, in execute_callable
    return self.python_callable(*self.op_args, **self.op_kwargs)
  File "/opt/airflow/etl_logic/pipeline.py", line 113, in transform_data
    df.to_csv(OUTPUT_PATH, index=False)
  File "/home/airflow/.local/lib/python3.8/site-packages/pandas/core/generic.py", line 3772, in to_csv
    return DataFrameRenderer(formatter).to_csv(
  File "/home/airflow/.local/lib/python3.8/site-packages/pandas/io/formats/format.py", line 1186, in to_csv
    csv_formatter.save()
  File "/home/airflow/.local/lib/python3.8/site-packages/pandas/io/formats/csvs.py", line 240, in save
    with get_handle(
  File "/home/airflow/.local/lib/python3.8/site-packages/pandas/io/common.py", line 737, in get_handle
    check_parent_directory(str(handle))
  File "/home/airflow/.local/lib/python3.8/site-packages/pandas/io/common.py", line 600, in check_parent_directory
    raise OSError(rf"Cannot save file into a non-existent directory: '{parent}'")
OSError: Cannot save file into a non-existent directory: 'E:\GPP\Task_4\comparative-data-orchestrationirflow\data'
[2025-12-16T17:08:37.282+0000] {taskinstance.py:1138} INFO - Marking task as UP_FOR_RETRY. dag_id=etl_***, task_id=transform, execution_date=20250409T000000, start_date=20251216T170836, end_date=20251216T170837
[2025-12-16T17:08:37.305+0000] {standard_task_runner.py:107} ERROR - Failed to execute job 3544 for task transform (Cannot save file into a non-existent directory: 'E:\GPP\Task_4\comparative-data-orchestrationirflow\data'; 2050)
[2025-12-16T17:08:37.351+0000] {local_task_job_runner.py:234} INFO - Task exited with return code 1
[2025-12-16T17:08:37.392+0000] {taskinstance.py:3280} INFO - 0 downstream tasks scheduled from follow-on schedule check
[2025-12-17T01:58:09.539+0000] {taskinstance.py:1956} INFO - Dependencies all met for dep_context=non-requeueable deps ti=<TaskInstance: etl_airflow.transform scheduled__2025-04-09T00:00:00+00:00 [queued]>
[2025-12-17T01:58:09.560+0000] {taskinstance.py:1956} INFO - Dependencies all met for dep_context=requeueable deps ti=<TaskInstance: etl_airflow.transform scheduled__2025-04-09T00:00:00+00:00 [queued]>
[2025-12-17T01:58:09.568+0000] {taskinstance.py:2170} INFO - Starting attempt 1 of 3
[2025-12-17T01:58:09.819+0000] {taskinstance.py:2191} INFO - Executing <Task(PythonOperator): transform> on 2025-04-09 00:00:00+00:00
[2025-12-17T01:58:09.834+0000] {standard_task_runner.py:60} INFO - Started process 4708 to run task
[2025-12-17T01:58:09.841+0000] {standard_task_runner.py:87} INFO - Running: ['***', 'tasks', 'run', 'etl_***', 'transform', 'scheduled__2025-04-09T00:00:00+00:00', '--job-id', '1414', '--raw', '--subdir', 'DAGS_FOLDER/etl_dag.py', '--cfg-path', '/tmp/tmpicaya9c8']
[2025-12-17T01:58:09.846+0000] {standard_task_runner.py:88} INFO - Job 1414: Subtask transform
[2025-12-17T01:58:10.045+0000] {task_command.py:423} INFO - Running <TaskInstance: etl_airflow.transform scheduled__2025-04-09T00:00:00+00:00 [running]> on host 571e042550da
[2025-12-17T01:58:10.517+0000] {taskinstance.py:2480} INFO - Exporting env vars: AIRFLOW_CTX_DAG_OWNER='***' AIRFLOW_CTX_DAG_ID='etl_***' AIRFLOW_CTX_TASK_ID='transform' AIRFLOW_CTX_EXECUTION_DATE='2025-04-09T00:00:00+00:00' AIRFLOW_CTX_TRY_NUMBER='1' AIRFLOW_CTX_DAG_RUN_ID='scheduled__2025-04-09T00:00:00+00:00'
[2025-12-17T01:58:10.523+0000] {logging_mixin.py:188} INFO - [TRANSFORM]
[2025-12-17T01:58:10.582+0000] {logging_mixin.py:188} INFO - [TRANSFORM] done
[2025-12-17T01:58:10.583+0000] {python.py:201} INFO - Done. Returned value was: None
[2025-12-17T01:58:10.602+0000] {taskinstance.py:1138} INFO - Marking task as SUCCESS. dag_id=etl_***, task_id=transform, execution_date=20250409T000000, start_date=20251217T015809, end_date=20251217T015810
[2025-12-17T01:58:10.675+0000] {local_task_job_runner.py:234} INFO - Task exited with return code 0
[2025-12-17T01:58:10.725+0000] {taskinstance.py:3280} INFO - 1 downstream tasks scheduled from follow-on schedule check
[2025-12-17T04:58:57.942+0000] {taskinstance.py:1956} INFO - Dependencies all met for dep_context=non-requeueable deps ti=<TaskInstance: etl_airflow.transform scheduled__2025-04-09T00:00:00+00:00 [queued]>
[2025-12-17T04:58:57.962+0000] {taskinstance.py:1956} INFO - Dependencies all met for dep_context=requeueable deps ti=<TaskInstance: etl_airflow.transform scheduled__2025-04-09T00:00:00+00:00 [queued]>
[2025-12-17T04:58:57.964+0000] {taskinstance.py:2170} INFO - Starting attempt 1 of 3
[2025-12-17T04:58:57.989+0000] {taskinstance.py:2191} INFO - Executing <Task(PythonOperator): transform> on 2025-04-09 00:00:00+00:00
[2025-12-17T04:58:58.001+0000] {standard_task_runner.py:60} INFO - Started process 6298 to run task
[2025-12-17T04:58:58.007+0000] {standard_task_runner.py:87} INFO - Running: ['***', 'tasks', 'run', 'etl_***', 'transform', 'scheduled__2025-04-09T00:00:00+00:00', '--job-id', '1844', '--raw', '--subdir', 'DAGS_FOLDER/etl_***.py', '--cfg-path', '/tmp/tmppxn441be']
[2025-12-17T04:58:58.013+0000] {standard_task_runner.py:88} INFO - Job 1844: Subtask transform
[2025-12-17T04:58:58.160+0000] {task_command.py:423} INFO - Running <TaskInstance: etl_airflow.transform scheduled__2025-04-09T00:00:00+00:00 [running]> on host b3426f05ac70
[2025-12-17T04:58:58.551+0000] {taskinstance.py:2480} INFO - Exporting env vars: AIRFLOW_CTX_DAG_OWNER='***' AIRFLOW_CTX_DAG_ID='etl_***' AIRFLOW_CTX_TASK_ID='transform' AIRFLOW_CTX_EXECUTION_DATE='2025-04-09T00:00:00+00:00' AIRFLOW_CTX_TRY_NUMBER='1' AIRFLOW_CTX_DAG_RUN_ID='scheduled__2025-04-09T00:00:00+00:00'
[2025-12-17T04:58:58.554+0000] {taskinstance.py:2698} ERROR - Task failed with exception
Traceback (most recent call last):
  File "/home/airflow/.local/lib/python3.8/site-packages/airflow/models/taskinstance.py", line 433, in _execute_task
    result = execute_callable(context=context, **execute_callable_kwargs)
  File "/home/airflow/.local/lib/python3.8/site-packages/airflow/operators/python.py", line 199, in execute
    return_value = self.execute_callable()
  File "/home/airflow/.local/lib/python3.8/site-packages/airflow/operators/python.py", line 216, in execute_callable
    return self.python_callable(*self.op_args, **self.op_kwargs)
TypeError: transform_data() missing 1 required positional argument: 'df'
[2025-12-17T04:58:58.571+0000] {taskinstance.py:1138} INFO - Marking task as UP_FOR_RETRY. dag_id=etl_***, task_id=transform, execution_date=20250409T000000, start_date=20251217T045857, end_date=20251217T045858
[2025-12-17T04:58:58.589+0000] {standard_task_runner.py:107} ERROR - Failed to execute job 1844 for task transform (transform_data() missing 1 required positional argument: 'df'; 6298)
[2025-12-17T04:58:58.628+0000] {local_task_job_runner.py:234} INFO - Task exited with return code 1
[2025-12-17T04:58:58.672+0000] {taskinstance.py:3280} INFO - 0 downstream tasks scheduled from follow-on schedule check
