[2025-12-17T04:51:33.781+0000] {taskinstance.py:1956} INFO - Dependencies all met for dep_context=non-requeueable deps ti=<TaskInstance: etl_airflow.transform scheduled__2024-09-12T00:00:00+00:00 [queued]>
[2025-12-17T04:51:33.793+0000] {taskinstance.py:1956} INFO - Dependencies all met for dep_context=requeueable deps ti=<TaskInstance: etl_airflow.transform scheduled__2024-09-12T00:00:00+00:00 [queued]>
[2025-12-17T04:51:33.794+0000] {taskinstance.py:2170} INFO - Starting attempt 3 of 3
[2025-12-17T04:51:33.813+0000] {taskinstance.py:2191} INFO - Executing <Task(PythonOperator): transform> on 2024-09-12 00:00:00+00:00
[2025-12-17T04:51:33.821+0000] {standard_task_runner.py:60} INFO - Started process 3596 to run task
[2025-12-17T04:51:33.827+0000] {standard_task_runner.py:87} INFO - Running: ['***', 'tasks', 'run', 'etl_***', 'transform', 'scheduled__2024-09-12T00:00:00+00:00', '--job-id', '1024', '--raw', '--subdir', 'DAGS_FOLDER/etl_***.py', '--cfg-path', '/tmp/tmpzbn0sy__']
[2025-12-17T04:51:33.832+0000] {standard_task_runner.py:88} INFO - Job 1024: Subtask transform
[2025-12-17T04:51:33.925+0000] {task_command.py:423} INFO - Running <TaskInstance: etl_airflow.transform scheduled__2024-09-12T00:00:00+00:00 [running]> on host b3426f05ac70
[2025-12-17T04:51:34.227+0000] {taskinstance.py:2480} INFO - Exporting env vars: AIRFLOW_CTX_DAG_OWNER='***' AIRFLOW_CTX_DAG_ID='etl_***' AIRFLOW_CTX_TASK_ID='transform' AIRFLOW_CTX_EXECUTION_DATE='2024-09-12T00:00:00+00:00' AIRFLOW_CTX_TRY_NUMBER='3' AIRFLOW_CTX_DAG_RUN_ID='scheduled__2024-09-12T00:00:00+00:00'
[2025-12-17T04:51:34.230+0000] {taskinstance.py:2698} ERROR - Task failed with exception
Traceback (most recent call last):
  File "/home/airflow/.local/lib/python3.8/site-packages/airflow/models/taskinstance.py", line 433, in _execute_task
    result = execute_callable(context=context, **execute_callable_kwargs)
  File "/home/airflow/.local/lib/python3.8/site-packages/airflow/operators/python.py", line 199, in execute
    return_value = self.execute_callable()
  File "/home/airflow/.local/lib/python3.8/site-packages/airflow/operators/python.py", line 216, in execute_callable
    return self.python_callable(*self.op_args, **self.op_kwargs)
TypeError: transform_data() missing 1 required positional argument: 'df'
[2025-12-17T04:51:34.252+0000] {taskinstance.py:1138} INFO - Marking task as FAILED. dag_id=etl_***, task_id=transform, execution_date=20240912T000000, start_date=20251217T045133, end_date=20251217T045134
[2025-12-17T04:51:34.281+0000] {standard_task_runner.py:107} ERROR - Failed to execute job 1024 for task transform (transform_data() missing 1 required positional argument: 'df'; 3596)
[2025-12-17T04:51:34.322+0000] {local_task_job_runner.py:234} INFO - Task exited with return code 1
[2025-12-17T04:51:34.394+0000] {taskinstance.py:3280} INFO - 0 downstream tasks scheduled from follow-on schedule check
[2025-12-17T07:57:06.765+0000] {taskinstance.py:1956} INFO - Dependencies all met for dep_context=non-requeueable deps ti=<TaskInstance: etl_airflow.transform scheduled__2024-09-12T00:00:00+00:00 [queued]>
[2025-12-17T07:57:06.811+0000] {taskinstance.py:1956} INFO - Dependencies all met for dep_context=requeueable deps ti=<TaskInstance: etl_airflow.transform scheduled__2024-09-12T00:00:00+00:00 [queued]>
[2025-12-17T07:57:06.816+0000] {taskinstance.py:2170} INFO - Starting attempt 3 of 3
[2025-12-17T07:57:06.857+0000] {taskinstance.py:2191} INFO - Executing <Task(PythonOperator): transform> on 2024-09-12 00:00:00+00:00
[2025-12-17T07:57:06.913+0000] {standard_task_runner.py:60} INFO - Started process 3879 to run task
[2025-12-17T07:57:06.913+0000] {standard_task_runner.py:87} INFO - Running: ['***', 'tasks', 'run', 'etl_***', 'transform', 'scheduled__2024-09-12T00:00:00+00:00', '--job-id', '1079', '--raw', '--subdir', 'DAGS_FOLDER/etl_***.py', '--cfg-path', '/tmp/tmpm9oshftv']
[2025-12-17T07:57:06.946+0000] {standard_task_runner.py:88} INFO - Job 1079: Subtask transform
[2025-12-17T07:57:07.198+0000] {task_command.py:423} INFO - Running <TaskInstance: etl_airflow.transform scheduled__2024-09-12T00:00:00+00:00 [running]> on host 2a0de06c8905
[2025-12-17T07:57:08.076+0000] {taskinstance.py:2480} INFO - Exporting env vars: AIRFLOW_CTX_DAG_OWNER='***' AIRFLOW_CTX_DAG_ID='etl_***' AIRFLOW_CTX_TASK_ID='transform' AIRFLOW_CTX_EXECUTION_DATE='2024-09-12T00:00:00+00:00' AIRFLOW_CTX_TRY_NUMBER='3' AIRFLOW_CTX_DAG_RUN_ID='scheduled__2024-09-12T00:00:00+00:00'
[2025-12-17T07:57:08.081+0000] {taskinstance.py:2698} ERROR - Task failed with exception
Traceback (most recent call last):
  File "/home/airflow/.local/lib/python3.8/site-packages/airflow/models/taskinstance.py", line 433, in _execute_task
    result = execute_callable(context=context, **execute_callable_kwargs)
  File "/home/airflow/.local/lib/python3.8/site-packages/airflow/operators/python.py", line 199, in execute
    return_value = self.execute_callable()
  File "/home/airflow/.local/lib/python3.8/site-packages/airflow/operators/python.py", line 216, in execute_callable
    return self.python_callable(*self.op_args, **self.op_kwargs)
TypeError: transform_data() missing 1 required positional argument: 'df'
[2025-12-17T07:57:08.132+0000] {taskinstance.py:1138} INFO - Marking task as FAILED. dag_id=etl_***, task_id=transform, execution_date=20240912T000000, start_date=20251217T075706, end_date=20251217T075708
[2025-12-17T07:57:08.196+0000] {standard_task_runner.py:107} ERROR - Failed to execute job 1079 for task transform (transform_data() missing 1 required positional argument: 'df'; 3879)
[2025-12-17T07:57:08.239+0000] {local_task_job_runner.py:234} INFO - Task exited with return code 1
[2025-12-17T07:57:08.408+0000] {taskinstance.py:3280} INFO - 0 downstream tasks scheduled from follow-on schedule check
