[2025-12-17T01:50:06.779+0000] {taskinstance.py:1956} INFO - Dependencies all met for dep_context=non-requeueable deps ti=<TaskInstance: etl_airflow.transform scheduled__2024-01-03T00:00:00+00:00 [queued]>
[2025-12-17T01:50:06.805+0000] {taskinstance.py:1956} INFO - Dependencies all met for dep_context=requeueable deps ti=<TaskInstance: etl_airflow.transform scheduled__2024-01-03T00:00:00+00:00 [queued]>
[2025-12-17T01:50:06.807+0000] {taskinstance.py:2170} INFO - Starting attempt 1 of 3
[2025-12-17T01:50:06.855+0000] {taskinstance.py:2191} INFO - Executing <Task(PythonOperator): transform> on 2024-01-03 00:00:00+00:00
[2025-12-17T01:50:06.874+0000] {standard_task_runner.py:60} INFO - Started process 262 to run task
[2025-12-17T01:50:06.891+0000] {standard_task_runner.py:87} INFO - Running: ['***', 'tasks', 'run', 'etl_***', 'transform', 'scheduled__2024-01-03T00:00:00+00:00', '--job-id', '17', '--raw', '--subdir', 'DAGS_FOLDER/etl_dag.py', '--cfg-path', '/tmp/tmp9g2bfh3a']
[2025-12-17T01:50:06.897+0000] {standard_task_runner.py:88} INFO - Job 17: Subtask transform
[2025-12-17T01:50:07.139+0000] {task_command.py:423} INFO - Running <TaskInstance: etl_airflow.transform scheduled__2024-01-03T00:00:00+00:00 [running]> on host 571e042550da
[2025-12-17T01:50:07.906+0000] {taskinstance.py:2480} INFO - Exporting env vars: AIRFLOW_CTX_DAG_OWNER='***' AIRFLOW_CTX_DAG_ID='etl_***' AIRFLOW_CTX_TASK_ID='transform' AIRFLOW_CTX_EXECUTION_DATE='2024-01-03T00:00:00+00:00' AIRFLOW_CTX_TRY_NUMBER='1' AIRFLOW_CTX_DAG_RUN_ID='scheduled__2024-01-03T00:00:00+00:00'
[2025-12-17T01:50:07.915+0000] {logging_mixin.py:188} INFO - [TRANSFORM]
[2025-12-17T01:50:08.039+0000] {logging_mixin.py:188} INFO - [TRANSFORM] done
[2025-12-17T01:50:08.041+0000] {python.py:201} INFO - Done. Returned value was: None
[2025-12-17T01:50:08.090+0000] {taskinstance.py:1138} INFO - Marking task as SUCCESS. dag_id=etl_***, task_id=transform, execution_date=20240103T000000, start_date=20251217T015006, end_date=20251217T015008
[2025-12-17T01:50:08.489+0000] {local_task_job_runner.py:234} INFO - Task exited with return code 0
[2025-12-17T01:50:08.764+0000] {taskinstance.py:3280} INFO - 0 downstream tasks scheduled from follow-on schedule check
[2025-12-17T04:18:29.499+0000] {taskinstance.py:1956} INFO - Dependencies all met for dep_context=non-requeueable deps ti=<TaskInstance: etl_airflow.transform scheduled__2024-01-03T00:00:00+00:00 [queued]>
[2025-12-17T04:18:29.525+0000] {taskinstance.py:1956} INFO - Dependencies all met for dep_context=requeueable deps ti=<TaskInstance: etl_airflow.transform scheduled__2024-01-03T00:00:00+00:00 [queued]>
[2025-12-17T04:18:29.528+0000] {taskinstance.py:2170} INFO - Starting attempt 1 of 3
[2025-12-17T04:18:29.635+0000] {taskinstance.py:2191} INFO - Executing <Task(PythonOperator): transform> on 2024-01-03 00:00:00+00:00
[2025-12-17T04:18:29.671+0000] {standard_task_runner.py:60} INFO - Started process 271 to run task
[2025-12-17T04:18:29.688+0000] {standard_task_runner.py:87} INFO - Running: ['***', 'tasks', 'run', 'etl_***', 'transform', 'scheduled__2024-01-03T00:00:00+00:00', '--job-id', '17', '--raw', '--subdir', 'DAGS_FOLDER/etl_***.py', '--cfg-path', '/tmp/tmpx8pani40']
[2025-12-17T04:18:29.697+0000] {standard_task_runner.py:88} INFO - Job 17: Subtask transform
[2025-12-17T04:18:29.988+0000] {task_command.py:423} INFO - Running <TaskInstance: etl_airflow.transform scheduled__2024-01-03T00:00:00+00:00 [running]> on host c5811fe183ca
[2025-12-17T04:18:30.717+0000] {taskinstance.py:2480} INFO - Exporting env vars: AIRFLOW_CTX_DAG_OWNER='***' AIRFLOW_CTX_DAG_ID='etl_***' AIRFLOW_CTX_TASK_ID='transform' AIRFLOW_CTX_EXECUTION_DATE='2024-01-03T00:00:00+00:00' AIRFLOW_CTX_TRY_NUMBER='1' AIRFLOW_CTX_DAG_RUN_ID='scheduled__2024-01-03T00:00:00+00:00'
[2025-12-17T04:18:30.722+0000] {taskinstance.py:2698} ERROR - Task failed with exception
Traceback (most recent call last):
  File "/home/airflow/.local/lib/python3.8/site-packages/airflow/models/taskinstance.py", line 433, in _execute_task
    result = execute_callable(context=context, **execute_callable_kwargs)
  File "/home/airflow/.local/lib/python3.8/site-packages/airflow/operators/python.py", line 199, in execute
    return_value = self.execute_callable()
  File "/home/airflow/.local/lib/python3.8/site-packages/airflow/operators/python.py", line 216, in execute_callable
    return self.python_callable(*self.op_args, **self.op_kwargs)
TypeError: transform_data() missing 1 required positional argument: 'df'
[2025-12-17T04:18:30.749+0000] {taskinstance.py:1138} INFO - Marking task as UP_FOR_RETRY. dag_id=etl_***, task_id=transform, execution_date=20240103T000000, start_date=20251217T041829, end_date=20251217T041830
[2025-12-17T04:18:30.786+0000] {standard_task_runner.py:107} ERROR - Failed to execute job 17 for task transform (transform_data() missing 1 required positional argument: 'df'; 271)
[2025-12-17T04:18:30.831+0000] {local_task_job_runner.py:234} INFO - Task exited with return code 1
[2025-12-17T04:18:30.911+0000] {taskinstance.py:3280} INFO - 0 downstream tasks scheduled from follow-on schedule check
[2025-12-17T04:42:23.009+0000] {taskinstance.py:1956} INFO - Dependencies all met for dep_context=non-requeueable deps ti=<TaskInstance: etl_airflow.transform scheduled__2024-01-03T00:00:00+00:00 [queued]>
[2025-12-17T04:42:23.027+0000] {taskinstance.py:1956} INFO - Dependencies all met for dep_context=requeueable deps ti=<TaskInstance: etl_airflow.transform scheduled__2024-01-03T00:00:00+00:00 [queued]>
[2025-12-17T04:42:23.029+0000] {taskinstance.py:2170} INFO - Starting attempt 1 of 3
[2025-12-17T04:42:23.237+0000] {taskinstance.py:2191} INFO - Executing <Task(PythonOperator): transform> on 2024-01-03 00:00:00+00:00
[2025-12-17T04:42:23.281+0000] {standard_task_runner.py:60} INFO - Started process 289 to run task
[2025-12-17T04:42:23.323+0000] {standard_task_runner.py:87} INFO - Running: ['***', 'tasks', 'run', 'etl_***', 'transform', 'scheduled__2024-01-03T00:00:00+00:00', '--job-id', '15', '--raw', '--subdir', 'DAGS_FOLDER/etl_***.py', '--cfg-path', '/tmp/tmppkqggum_']
[2025-12-17T04:42:23.364+0000] {standard_task_runner.py:88} INFO - Job 15: Subtask transform
[2025-12-17T04:42:23.817+0000] {task_command.py:423} INFO - Running <TaskInstance: etl_airflow.transform scheduled__2024-01-03T00:00:00+00:00 [running]> on host b3426f05ac70
[2025-12-17T04:42:24.672+0000] {taskinstance.py:2480} INFO - Exporting env vars: AIRFLOW_CTX_DAG_OWNER='***' AIRFLOW_CTX_DAG_ID='etl_***' AIRFLOW_CTX_TASK_ID='transform' AIRFLOW_CTX_EXECUTION_DATE='2024-01-03T00:00:00+00:00' AIRFLOW_CTX_TRY_NUMBER='1' AIRFLOW_CTX_DAG_RUN_ID='scheduled__2024-01-03T00:00:00+00:00'
[2025-12-17T04:42:24.678+0000] {taskinstance.py:2698} ERROR - Task failed with exception
Traceback (most recent call last):
  File "/home/airflow/.local/lib/python3.8/site-packages/airflow/models/taskinstance.py", line 433, in _execute_task
    result = execute_callable(context=context, **execute_callable_kwargs)
  File "/home/airflow/.local/lib/python3.8/site-packages/airflow/operators/python.py", line 199, in execute
    return_value = self.execute_callable()
  File "/home/airflow/.local/lib/python3.8/site-packages/airflow/operators/python.py", line 216, in execute_callable
    return self.python_callable(*self.op_args, **self.op_kwargs)
TypeError: transform_data() missing 1 required positional argument: 'df'
[2025-12-17T04:42:24.744+0000] {taskinstance.py:1138} INFO - Marking task as UP_FOR_RETRY. dag_id=etl_***, task_id=transform, execution_date=20240103T000000, start_date=20251217T044223, end_date=20251217T044224
[2025-12-17T04:42:24.851+0000] {standard_task_runner.py:107} ERROR - Failed to execute job 15 for task transform (transform_data() missing 1 required positional argument: 'df'; 289)
[2025-12-17T04:42:24.900+0000] {local_task_job_runner.py:234} INFO - Task exited with return code 1
[2025-12-17T04:42:24.985+0000] {taskinstance.py:3280} INFO - 0 downstream tasks scheduled from follow-on schedule check
[2025-12-17T07:35:21.176+0000] {taskinstance.py:1956} INFO - Dependencies all met for dep_context=non-requeueable deps ti=<TaskInstance: etl_airflow.transform scheduled__2024-01-03T00:00:00+00:00 [queued]>
[2025-12-17T07:35:21.206+0000] {taskinstance.py:1956} INFO - Dependencies all met for dep_context=requeueable deps ti=<TaskInstance: etl_airflow.transform scheduled__2024-01-03T00:00:00+00:00 [queued]>
[2025-12-17T07:35:21.222+0000] {taskinstance.py:2170} INFO - Starting attempt 1 of 3
[2025-12-17T07:35:21.390+0000] {taskinstance.py:2191} INFO - Executing <Task(PythonOperator): transform> on 2024-01-03 00:00:00+00:00
[2025-12-17T07:35:21.417+0000] {standard_task_runner.py:60} INFO - Started process 365 to run task
[2025-12-17T07:35:21.433+0000] {standard_task_runner.py:87} INFO - Running: ['***', 'tasks', 'run', 'etl_***', 'transform', 'scheduled__2024-01-03T00:00:00+00:00', '--job-id', '23', '--raw', '--subdir', 'DAGS_FOLDER/etl_***.py', '--cfg-path', '/tmp/tmp97l2dwd2']
[2025-12-17T07:35:21.458+0000] {standard_task_runner.py:88} INFO - Job 23: Subtask transform
[2025-12-17T07:35:21.754+0000] {task_command.py:423} INFO - Running <TaskInstance: etl_airflow.transform scheduled__2024-01-03T00:00:00+00:00 [running]> on host 2a0de06c8905
[2025-12-17T07:35:23.025+0000] {taskinstance.py:2480} INFO - Exporting env vars: AIRFLOW_CTX_DAG_OWNER='***' AIRFLOW_CTX_DAG_ID='etl_***' AIRFLOW_CTX_TASK_ID='transform' AIRFLOW_CTX_EXECUTION_DATE='2024-01-03T00:00:00+00:00' AIRFLOW_CTX_TRY_NUMBER='1' AIRFLOW_CTX_DAG_RUN_ID='scheduled__2024-01-03T00:00:00+00:00'
[2025-12-17T07:35:23.045+0000] {taskinstance.py:2698} ERROR - Task failed with exception
Traceback (most recent call last):
  File "/home/airflow/.local/lib/python3.8/site-packages/airflow/models/taskinstance.py", line 433, in _execute_task
    result = execute_callable(context=context, **execute_callable_kwargs)
  File "/home/airflow/.local/lib/python3.8/site-packages/airflow/operators/python.py", line 199, in execute
    return_value = self.execute_callable()
  File "/home/airflow/.local/lib/python3.8/site-packages/airflow/operators/python.py", line 216, in execute_callable
    return self.python_callable(*self.op_args, **self.op_kwargs)
TypeError: transform_data() missing 1 required positional argument: 'df'
[2025-12-17T07:35:23.079+0000] {taskinstance.py:1138} INFO - Marking task as UP_FOR_RETRY. dag_id=etl_***, task_id=transform, execution_date=20240103T000000, start_date=20251217T073521, end_date=20251217T073523
[2025-12-17T07:35:23.121+0000] {standard_task_runner.py:107} ERROR - Failed to execute job 23 for task transform (transform_data() missing 1 required positional argument: 'df'; 365)
[2025-12-17T07:35:23.201+0000] {local_task_job_runner.py:234} INFO - Task exited with return code 1
[2025-12-17T07:35:23.287+0000] {taskinstance.py:3280} INFO - 0 downstream tasks scheduled from follow-on schedule check
