[2025-12-16T17:08:29.422+0000] {taskinstance.py:1956} INFO - Dependencies all met for dep_context=non-requeueable deps ti=<TaskInstance: etl_airflow.transform scheduled__2025-03-28T00:00:00+00:00 [queued]>
[2025-12-16T17:08:29.457+0000] {taskinstance.py:1956} INFO - Dependencies all met for dep_context=requeueable deps ti=<TaskInstance: etl_airflow.transform scheduled__2025-03-28T00:00:00+00:00 [queued]>
[2025-12-16T17:08:29.460+0000] {taskinstance.py:2170} INFO - Starting attempt 1 of 3
[2025-12-16T17:08:29.498+0000] {taskinstance.py:2191} INFO - Executing <Task(PythonOperator): transform> on 2025-03-28 00:00:00+00:00
[2025-12-16T17:08:29.517+0000] {standard_task_runner.py:60} INFO - Started process 1988 to run task
[2025-12-16T17:08:29.542+0000] {standard_task_runner.py:87} INFO - Running: ['***', 'tasks', 'run', 'etl_***', 'transform', 'scheduled__2025-03-28T00:00:00+00:00', '--job-id', '3521', '--raw', '--subdir', 'DAGS_FOLDER/etl_dag.py', '--cfg-path', '/tmp/tmp7ewlhot5']
[2025-12-16T17:08:29.554+0000] {standard_task_runner.py:88} INFO - Job 3521: Subtask transform
[2025-12-16T17:08:29.751+0000] {task_command.py:423} INFO - Running <TaskInstance: etl_airflow.transform scheduled__2025-03-28T00:00:00+00:00 [running]> on host db658e834d9d
[2025-12-16T17:08:30.126+0000] {taskinstance.py:2480} INFO - Exporting env vars: AIRFLOW_CTX_DAG_OWNER='***' AIRFLOW_CTX_DAG_ID='etl_***' AIRFLOW_CTX_TASK_ID='transform' AIRFLOW_CTX_EXECUTION_DATE='2025-03-28T00:00:00+00:00' AIRFLOW_CTX_TRY_NUMBER='1' AIRFLOW_CTX_DAG_RUN_ID='scheduled__2025-03-28T00:00:00+00:00'
[2025-12-16T17:08:30.133+0000] {logging_mixin.py:188} INFO - [TRANSFORM]
[2025-12-16T17:08:30.229+0000] {taskinstance.py:2698} ERROR - Task failed with exception
Traceback (most recent call last):
  File "/home/airflow/.local/lib/python3.8/site-packages/airflow/models/taskinstance.py", line 433, in _execute_task
    result = execute_callable(context=context, **execute_callable_kwargs)
  File "/home/airflow/.local/lib/python3.8/site-packages/airflow/operators/python.py", line 199, in execute
    return_value = self.execute_callable()
  File "/home/airflow/.local/lib/python3.8/site-packages/airflow/operators/python.py", line 216, in execute_callable
    return self.python_callable(*self.op_args, **self.op_kwargs)
  File "/opt/airflow/etl_logic/pipeline.py", line 113, in transform_data
    df.to_csv(OUTPUT_PATH, index=False)
  File "/home/airflow/.local/lib/python3.8/site-packages/pandas/core/generic.py", line 3772, in to_csv
    return DataFrameRenderer(formatter).to_csv(
  File "/home/airflow/.local/lib/python3.8/site-packages/pandas/io/formats/format.py", line 1186, in to_csv
    csv_formatter.save()
  File "/home/airflow/.local/lib/python3.8/site-packages/pandas/io/formats/csvs.py", line 240, in save
    with get_handle(
  File "/home/airflow/.local/lib/python3.8/site-packages/pandas/io/common.py", line 737, in get_handle
    check_parent_directory(str(handle))
  File "/home/airflow/.local/lib/python3.8/site-packages/pandas/io/common.py", line 600, in check_parent_directory
    raise OSError(rf"Cannot save file into a non-existent directory: '{parent}'")
OSError: Cannot save file into a non-existent directory: 'E:\GPP\Task_4\comparative-data-orchestrationirflow\data'
[2025-12-16T17:08:30.357+0000] {taskinstance.py:1138} INFO - Marking task as UP_FOR_RETRY. dag_id=etl_***, task_id=transform, execution_date=20250328T000000, start_date=20251216T170829, end_date=20251216T170830
[2025-12-16T17:08:30.404+0000] {standard_task_runner.py:107} ERROR - Failed to execute job 3521 for task transform (Cannot save file into a non-existent directory: 'E:\GPP\Task_4\comparative-data-orchestrationirflow\data'; 1988)
[2025-12-16T17:08:30.448+0000] {local_task_job_runner.py:234} INFO - Task exited with return code 1
[2025-12-16T17:08:30.592+0000] {taskinstance.py:3280} INFO - 0 downstream tasks scheduled from follow-on schedule check
[2025-12-17T01:57:55.665+0000] {taskinstance.py:1956} INFO - Dependencies all met for dep_context=non-requeueable deps ti=<TaskInstance: etl_airflow.transform scheduled__2025-03-28T00:00:00+00:00 [queued]>
[2025-12-17T01:57:55.695+0000] {taskinstance.py:1956} INFO - Dependencies all met for dep_context=requeueable deps ti=<TaskInstance: etl_airflow.transform scheduled__2025-03-28T00:00:00+00:00 [queued]>
[2025-12-17T01:57:55.697+0000] {taskinstance.py:2170} INFO - Starting attempt 1 of 3
[2025-12-17T01:57:55.984+0000] {taskinstance.py:2191} INFO - Executing <Task(PythonOperator): transform> on 2025-03-28 00:00:00+00:00
[2025-12-17T01:57:55.998+0000] {standard_task_runner.py:60} INFO - Started process 4578 to run task
[2025-12-17T01:57:56.007+0000] {standard_task_runner.py:87} INFO - Running: ['***', 'tasks', 'run', 'etl_***', 'transform', 'scheduled__2025-03-28T00:00:00+00:00', '--job-id', '1376', '--raw', '--subdir', 'DAGS_FOLDER/etl_dag.py', '--cfg-path', '/tmp/tmp143wzdx0']
[2025-12-17T01:57:56.013+0000] {standard_task_runner.py:88} INFO - Job 1376: Subtask transform
[2025-12-17T01:57:56.247+0000] {task_command.py:423} INFO - Running <TaskInstance: etl_airflow.transform scheduled__2025-03-28T00:00:00+00:00 [running]> on host 571e042550da
[2025-12-17T01:57:56.911+0000] {taskinstance.py:2480} INFO - Exporting env vars: AIRFLOW_CTX_DAG_OWNER='***' AIRFLOW_CTX_DAG_ID='etl_***' AIRFLOW_CTX_TASK_ID='transform' AIRFLOW_CTX_EXECUTION_DATE='2025-03-28T00:00:00+00:00' AIRFLOW_CTX_TRY_NUMBER='1' AIRFLOW_CTX_DAG_RUN_ID='scheduled__2025-03-28T00:00:00+00:00'
[2025-12-17T01:57:56.914+0000] {logging_mixin.py:188} INFO - [TRANSFORM]
[2025-12-17T01:57:56.953+0000] {logging_mixin.py:188} INFO - [TRANSFORM] done
[2025-12-17T01:57:56.955+0000] {python.py:201} INFO - Done. Returned value was: None
[2025-12-17T01:57:56.977+0000] {taskinstance.py:1138} INFO - Marking task as SUCCESS. dag_id=etl_***, task_id=transform, execution_date=20250328T000000, start_date=20251217T015755, end_date=20251217T015756
[2025-12-17T01:57:57.031+0000] {local_task_job_runner.py:234} INFO - Task exited with return code 0
[2025-12-17T01:57:57.077+0000] {taskinstance.py:3280} INFO - 1 downstream tasks scheduled from follow-on schedule check
[2025-12-17T04:58:40.548+0000] {taskinstance.py:1956} INFO - Dependencies all met for dep_context=non-requeueable deps ti=<TaskInstance: etl_airflow.transform scheduled__2025-03-28T00:00:00+00:00 [queued]>
[2025-12-17T04:58:40.565+0000] {taskinstance.py:1956} INFO - Dependencies all met for dep_context=requeueable deps ti=<TaskInstance: etl_airflow.transform scheduled__2025-03-28T00:00:00+00:00 [queued]>
[2025-12-17T04:58:40.566+0000] {taskinstance.py:2170} INFO - Starting attempt 1 of 3
[2025-12-17T04:58:40.588+0000] {taskinstance.py:2191} INFO - Executing <Task(PythonOperator): transform> on 2025-03-28 00:00:00+00:00
[2025-12-17T04:58:40.598+0000] {standard_task_runner.py:60} INFO - Started process 6198 to run task
[2025-12-17T04:58:40.608+0000] {standard_task_runner.py:87} INFO - Running: ['***', 'tasks', 'run', 'etl_***', 'transform', 'scheduled__2025-03-28T00:00:00+00:00', '--job-id', '1812', '--raw', '--subdir', 'DAGS_FOLDER/etl_***.py', '--cfg-path', '/tmp/tmpnlwriahj']
[2025-12-17T04:58:40.612+0000] {standard_task_runner.py:88} INFO - Job 1812: Subtask transform
[2025-12-17T04:58:40.756+0000] {task_command.py:423} INFO - Running <TaskInstance: etl_airflow.transform scheduled__2025-03-28T00:00:00+00:00 [running]> on host b3426f05ac70
[2025-12-17T04:58:41.176+0000] {taskinstance.py:2480} INFO - Exporting env vars: AIRFLOW_CTX_DAG_OWNER='***' AIRFLOW_CTX_DAG_ID='etl_***' AIRFLOW_CTX_TASK_ID='transform' AIRFLOW_CTX_EXECUTION_DATE='2025-03-28T00:00:00+00:00' AIRFLOW_CTX_TRY_NUMBER='1' AIRFLOW_CTX_DAG_RUN_ID='scheduled__2025-03-28T00:00:00+00:00'
[2025-12-17T04:58:41.179+0000] {taskinstance.py:2698} ERROR - Task failed with exception
Traceback (most recent call last):
  File "/home/airflow/.local/lib/python3.8/site-packages/airflow/models/taskinstance.py", line 433, in _execute_task
    result = execute_callable(context=context, **execute_callable_kwargs)
  File "/home/airflow/.local/lib/python3.8/site-packages/airflow/operators/python.py", line 199, in execute
    return_value = self.execute_callable()
  File "/home/airflow/.local/lib/python3.8/site-packages/airflow/operators/python.py", line 216, in execute_callable
    return self.python_callable(*self.op_args, **self.op_kwargs)
TypeError: transform_data() missing 1 required positional argument: 'df'
[2025-12-17T04:58:41.196+0000] {taskinstance.py:1138} INFO - Marking task as UP_FOR_RETRY. dag_id=etl_***, task_id=transform, execution_date=20250328T000000, start_date=20251217T045840, end_date=20251217T045841
[2025-12-17T04:58:41.308+0000] {standard_task_runner.py:107} ERROR - Failed to execute job 1812 for task transform (transform_data() missing 1 required positional argument: 'df'; 6198)
[2025-12-17T04:58:41.358+0000] {local_task_job_runner.py:234} INFO - Task exited with return code 1
[2025-12-17T04:58:41.721+0000] {taskinstance.py:3280} INFO - 0 downstream tasks scheduled from follow-on schedule check
