[2025-12-17T04:54:16.747+0000] {taskinstance.py:1956} INFO - Dependencies all met for dep_context=non-requeueable deps ti=<TaskInstance: etl_airflow.transform scheduled__2024-12-01T00:00:00+00:00 [queued]>
[2025-12-17T04:54:16.760+0000] {taskinstance.py:1956} INFO - Dependencies all met for dep_context=requeueable deps ti=<TaskInstance: etl_airflow.transform scheduled__2024-12-01T00:00:00+00:00 [queued]>
[2025-12-17T04:54:16.762+0000] {taskinstance.py:2170} INFO - Starting attempt 2 of 3
[2025-12-17T04:54:16.788+0000] {taskinstance.py:2191} INFO - Executing <Task(PythonOperator): transform> on 2024-12-01 00:00:00+00:00
[2025-12-17T04:54:16.797+0000] {standard_task_runner.py:60} INFO - Started process 4600 to run task
[2025-12-17T04:54:16.802+0000] {standard_task_runner.py:87} INFO - Running: ['***', 'tasks', 'run', 'etl_***', 'transform', 'scheduled__2024-12-01T00:00:00+00:00', '--job-id', '1329', '--raw', '--subdir', 'DAGS_FOLDER/etl_***.py', '--cfg-path', '/tmp/tmprg6mlb68']
[2025-12-17T04:54:16.806+0000] {standard_task_runner.py:88} INFO - Job 1329: Subtask transform
[2025-12-17T04:54:16.903+0000] {task_command.py:423} INFO - Running <TaskInstance: etl_airflow.transform scheduled__2024-12-01T00:00:00+00:00 [running]> on host b3426f05ac70
[2025-12-17T04:54:17.251+0000] {taskinstance.py:2480} INFO - Exporting env vars: AIRFLOW_CTX_DAG_OWNER='***' AIRFLOW_CTX_DAG_ID='etl_***' AIRFLOW_CTX_TASK_ID='transform' AIRFLOW_CTX_EXECUTION_DATE='2024-12-01T00:00:00+00:00' AIRFLOW_CTX_TRY_NUMBER='2' AIRFLOW_CTX_DAG_RUN_ID='scheduled__2024-12-01T00:00:00+00:00'
[2025-12-17T04:54:17.255+0000] {taskinstance.py:2698} ERROR - Task failed with exception
Traceback (most recent call last):
  File "/home/airflow/.local/lib/python3.8/site-packages/airflow/models/taskinstance.py", line 433, in _execute_task
    result = execute_callable(context=context, **execute_callable_kwargs)
  File "/home/airflow/.local/lib/python3.8/site-packages/airflow/operators/python.py", line 199, in execute
    return_value = self.execute_callable()
  File "/home/airflow/.local/lib/python3.8/site-packages/airflow/operators/python.py", line 216, in execute_callable
    return self.python_callable(*self.op_args, **self.op_kwargs)
TypeError: transform_data() missing 1 required positional argument: 'df'
[2025-12-17T04:54:17.271+0000] {taskinstance.py:1138} INFO - Marking task as UP_FOR_RETRY. dag_id=etl_***, task_id=transform, execution_date=20241201T000000, start_date=20251217T045416, end_date=20251217T045417
[2025-12-17T04:54:17.295+0000] {standard_task_runner.py:107} ERROR - Failed to execute job 1329 for task transform (transform_data() missing 1 required positional argument: 'df'; 4600)
[2025-12-17T04:54:17.336+0000] {local_task_job_runner.py:234} INFO - Task exited with return code 1
[2025-12-17T04:54:17.382+0000] {taskinstance.py:3280} INFO - 0 downstream tasks scheduled from follow-on schedule check
[2025-12-17T08:00:05.823+0000] {taskinstance.py:1956} INFO - Dependencies all met for dep_context=non-requeueable deps ti=<TaskInstance: etl_airflow.transform scheduled__2024-12-01T00:00:00+00:00 [queued]>
[2025-12-17T08:00:05.842+0000] {taskinstance.py:1956} INFO - Dependencies all met for dep_context=requeueable deps ti=<TaskInstance: etl_airflow.transform scheduled__2024-12-01T00:00:00+00:00 [queued]>
[2025-12-17T08:00:05.843+0000] {taskinstance.py:2170} INFO - Starting attempt 2 of 3
[2025-12-17T08:00:05.894+0000] {taskinstance.py:2191} INFO - Executing <Task(PythonOperator): transform> on 2024-12-01 00:00:00+00:00
[2025-12-17T08:00:05.905+0000] {standard_task_runner.py:60} INFO - Started process 4860 to run task
[2025-12-17T08:00:05.911+0000] {standard_task_runner.py:87} INFO - Running: ['***', 'tasks', 'run', 'etl_***', 'transform', 'scheduled__2024-12-01T00:00:00+00:00', '--job-id', '1378', '--raw', '--subdir', 'DAGS_FOLDER/etl_***.py', '--cfg-path', '/tmp/tmpnqnz8o9d']
[2025-12-17T08:00:05.917+0000] {standard_task_runner.py:88} INFO - Job 1378: Subtask transform
[2025-12-17T08:00:06.042+0000] {task_command.py:423} INFO - Running <TaskInstance: etl_airflow.transform scheduled__2024-12-01T00:00:00+00:00 [running]> on host 2a0de06c8905
[2025-12-17T08:00:06.473+0000] {taskinstance.py:2480} INFO - Exporting env vars: AIRFLOW_CTX_DAG_OWNER='***' AIRFLOW_CTX_DAG_ID='etl_***' AIRFLOW_CTX_TASK_ID='transform' AIRFLOW_CTX_EXECUTION_DATE='2024-12-01T00:00:00+00:00' AIRFLOW_CTX_TRY_NUMBER='2' AIRFLOW_CTX_DAG_RUN_ID='scheduled__2024-12-01T00:00:00+00:00'
[2025-12-17T08:00:06.479+0000] {taskinstance.py:2698} ERROR - Task failed with exception
Traceback (most recent call last):
  File "/home/airflow/.local/lib/python3.8/site-packages/airflow/models/taskinstance.py", line 433, in _execute_task
    result = execute_callable(context=context, **execute_callable_kwargs)
  File "/home/airflow/.local/lib/python3.8/site-packages/airflow/operators/python.py", line 199, in execute
    return_value = self.execute_callable()
  File "/home/airflow/.local/lib/python3.8/site-packages/airflow/operators/python.py", line 216, in execute_callable
    return self.python_callable(*self.op_args, **self.op_kwargs)
TypeError: transform_data() missing 1 required positional argument: 'df'
[2025-12-17T08:00:06.499+0000] {taskinstance.py:1138} INFO - Marking task as UP_FOR_RETRY. dag_id=etl_***, task_id=transform, execution_date=20241201T000000, start_date=20251217T080005, end_date=20251217T080006
[2025-12-17T08:00:06.525+0000] {standard_task_runner.py:107} ERROR - Failed to execute job 1378 for task transform (transform_data() missing 1 required positional argument: 'df'; 4860)
[2025-12-17T08:00:06.569+0000] {local_task_job_runner.py:234} INFO - Task exited with return code 1
[2025-12-17T08:00:06.609+0000] {taskinstance.py:3280} INFO - 0 downstream tasks scheduled from follow-on schedule check
