[2025-12-17T04:55:26.092+0000] {taskinstance.py:1956} INFO - Dependencies all met for dep_context=non-requeueable deps ti=<TaskInstance: etl_airflow.transform scheduled__2024-12-26T00:00:00+00:00 [queued]>
[2025-12-17T04:55:26.111+0000] {taskinstance.py:1956} INFO - Dependencies all met for dep_context=requeueable deps ti=<TaskInstance: etl_airflow.transform scheduled__2024-12-26T00:00:00+00:00 [queued]>
[2025-12-17T04:55:26.113+0000] {taskinstance.py:2170} INFO - Starting attempt 2 of 3
[2025-12-17T04:55:26.141+0000] {taskinstance.py:2191} INFO - Executing <Task(PythonOperator): transform> on 2024-12-26 00:00:00+00:00
[2025-12-17T04:55:26.159+0000] {standard_task_runner.py:60} INFO - Started process 5003 to run task
[2025-12-17T04:55:26.169+0000] {standard_task_runner.py:87} INFO - Running: ['***', 'tasks', 'run', 'etl_***', 'transform', 'scheduled__2024-12-26T00:00:00+00:00', '--job-id', '1452', '--raw', '--subdir', 'DAGS_FOLDER/etl_***.py', '--cfg-path', '/tmp/tmpzm2huomp']
[2025-12-17T04:55:26.175+0000] {standard_task_runner.py:88} INFO - Job 1452: Subtask transform
[2025-12-17T04:55:26.305+0000] {task_command.py:423} INFO - Running <TaskInstance: etl_airflow.transform scheduled__2024-12-26T00:00:00+00:00 [running]> on host b3426f05ac70
[2025-12-17T04:55:26.637+0000] {taskinstance.py:2480} INFO - Exporting env vars: AIRFLOW_CTX_DAG_OWNER='***' AIRFLOW_CTX_DAG_ID='etl_***' AIRFLOW_CTX_TASK_ID='transform' AIRFLOW_CTX_EXECUTION_DATE='2024-12-26T00:00:00+00:00' AIRFLOW_CTX_TRY_NUMBER='2' AIRFLOW_CTX_DAG_RUN_ID='scheduled__2024-12-26T00:00:00+00:00'
[2025-12-17T04:55:26.639+0000] {taskinstance.py:2698} ERROR - Task failed with exception
Traceback (most recent call last):
  File "/home/airflow/.local/lib/python3.8/site-packages/airflow/models/taskinstance.py", line 433, in _execute_task
    result = execute_callable(context=context, **execute_callable_kwargs)
  File "/home/airflow/.local/lib/python3.8/site-packages/airflow/operators/python.py", line 199, in execute
    return_value = self.execute_callable()
  File "/home/airflow/.local/lib/python3.8/site-packages/airflow/operators/python.py", line 216, in execute_callable
    return self.python_callable(*self.op_args, **self.op_kwargs)
TypeError: transform_data() missing 1 required positional argument: 'df'
[2025-12-17T04:55:26.663+0000] {taskinstance.py:1138} INFO - Marking task as UP_FOR_RETRY. dag_id=etl_***, task_id=transform, execution_date=20241226T000000, start_date=20251217T045526, end_date=20251217T045526
[2025-12-17T04:55:26.688+0000] {standard_task_runner.py:107} ERROR - Failed to execute job 1452 for task transform (transform_data() missing 1 required positional argument: 'df'; 5003)
[2025-12-17T04:55:26.708+0000] {local_task_job_runner.py:234} INFO - Task exited with return code 1
[2025-12-17T04:55:26.954+0000] {taskinstance.py:3280} INFO - 0 downstream tasks scheduled from follow-on schedule check
[2025-12-17T08:00:51.213+0000] {taskinstance.py:1956} INFO - Dependencies all met for dep_context=non-requeueable deps ti=<TaskInstance: etl_airflow.transform scheduled__2024-12-26T00:00:00+00:00 [queued]>
[2025-12-17T08:00:51.240+0000] {taskinstance.py:1956} INFO - Dependencies all met for dep_context=requeueable deps ti=<TaskInstance: etl_airflow.transform scheduled__2024-12-26T00:00:00+00:00 [queued]>
[2025-12-17T08:00:51.241+0000] {taskinstance.py:2170} INFO - Starting attempt 2 of 3
[2025-12-17T08:00:51.273+0000] {taskinstance.py:2191} INFO - Executing <Task(PythonOperator): transform> on 2024-12-26 00:00:00+00:00
[2025-12-17T08:00:51.285+0000] {standard_task_runner.py:60} INFO - Started process 5101 to run task
[2025-12-17T08:00:51.295+0000] {standard_task_runner.py:87} INFO - Running: ['***', 'tasks', 'run', 'etl_***', 'transform', 'scheduled__2024-12-26T00:00:00+00:00', '--job-id', '1452', '--raw', '--subdir', 'DAGS_FOLDER/etl_***.py', '--cfg-path', '/tmp/tmpfzrkud7m']
[2025-12-17T08:00:51.301+0000] {standard_task_runner.py:88} INFO - Job 1452: Subtask transform
[2025-12-17T08:00:51.477+0000] {task_command.py:423} INFO - Running <TaskInstance: etl_airflow.transform scheduled__2024-12-26T00:00:00+00:00 [running]> on host 2a0de06c8905
[2025-12-17T08:00:51.969+0000] {taskinstance.py:2480} INFO - Exporting env vars: AIRFLOW_CTX_DAG_OWNER='***' AIRFLOW_CTX_DAG_ID='etl_***' AIRFLOW_CTX_TASK_ID='transform' AIRFLOW_CTX_EXECUTION_DATE='2024-12-26T00:00:00+00:00' AIRFLOW_CTX_TRY_NUMBER='2' AIRFLOW_CTX_DAG_RUN_ID='scheduled__2024-12-26T00:00:00+00:00'
[2025-12-17T08:00:51.972+0000] {taskinstance.py:2698} ERROR - Task failed with exception
Traceback (most recent call last):
  File "/home/airflow/.local/lib/python3.8/site-packages/airflow/models/taskinstance.py", line 433, in _execute_task
    result = execute_callable(context=context, **execute_callable_kwargs)
  File "/home/airflow/.local/lib/python3.8/site-packages/airflow/operators/python.py", line 199, in execute
    return_value = self.execute_callable()
  File "/home/airflow/.local/lib/python3.8/site-packages/airflow/operators/python.py", line 216, in execute_callable
    return self.python_callable(*self.op_args, **self.op_kwargs)
TypeError: transform_data() missing 1 required positional argument: 'df'
[2025-12-17T08:00:51.989+0000] {taskinstance.py:1138} INFO - Marking task as UP_FOR_RETRY. dag_id=etl_***, task_id=transform, execution_date=20241226T000000, start_date=20251217T080051, end_date=20251217T080051
[2025-12-17T08:00:52.012+0000] {standard_task_runner.py:107} ERROR - Failed to execute job 1452 for task transform (transform_data() missing 1 required positional argument: 'df'; 5101)
[2025-12-17T08:00:52.074+0000] {local_task_job_runner.py:234} INFO - Task exited with return code 1
[2025-12-17T08:00:52.131+0000] {taskinstance.py:3280} INFO - 0 downstream tasks scheduled from follow-on schedule check
