[2025-12-17T04:53:07.874+0000] {taskinstance.py:1956} INFO - Dependencies all met for dep_context=non-requeueable deps ti=<TaskInstance: etl_airflow.transform scheduled__2024-10-30T00:00:00+00:00 [queued]>
[2025-12-17T04:53:07.885+0000] {taskinstance.py:1956} INFO - Dependencies all met for dep_context=requeueable deps ti=<TaskInstance: etl_airflow.transform scheduled__2024-10-30T00:00:00+00:00 [queued]>
[2025-12-17T04:53:07.886+0000] {taskinstance.py:2170} INFO - Starting attempt 2 of 3
[2025-12-17T04:53:07.910+0000] {taskinstance.py:2191} INFO - Executing <Task(PythonOperator): transform> on 2024-10-30 00:00:00+00:00
[2025-12-17T04:53:07.923+0000] {standard_task_runner.py:60} INFO - Started process 4176 to run task
[2025-12-17T04:53:07.936+0000] {standard_task_runner.py:87} INFO - Running: ['***', 'tasks', 'run', 'etl_***', 'transform', 'scheduled__2024-10-30T00:00:00+00:00', '--job-id', '1200', '--raw', '--subdir', 'DAGS_FOLDER/etl_***.py', '--cfg-path', '/tmp/tmpislmn_46']
[2025-12-17T04:53:07.944+0000] {standard_task_runner.py:88} INFO - Job 1200: Subtask transform
[2025-12-17T04:53:08.114+0000] {task_command.py:423} INFO - Running <TaskInstance: etl_airflow.transform scheduled__2024-10-30T00:00:00+00:00 [running]> on host b3426f05ac70
[2025-12-17T04:53:08.637+0000] {taskinstance.py:2480} INFO - Exporting env vars: AIRFLOW_CTX_DAG_OWNER='***' AIRFLOW_CTX_DAG_ID='etl_***' AIRFLOW_CTX_TASK_ID='transform' AIRFLOW_CTX_EXECUTION_DATE='2024-10-30T00:00:00+00:00' AIRFLOW_CTX_TRY_NUMBER='2' AIRFLOW_CTX_DAG_RUN_ID='scheduled__2024-10-30T00:00:00+00:00'
[2025-12-17T04:53:08.644+0000] {taskinstance.py:2698} ERROR - Task failed with exception
Traceback (most recent call last):
  File "/home/airflow/.local/lib/python3.8/site-packages/airflow/models/taskinstance.py", line 433, in _execute_task
    result = execute_callable(context=context, **execute_callable_kwargs)
  File "/home/airflow/.local/lib/python3.8/site-packages/airflow/operators/python.py", line 199, in execute
    return_value = self.execute_callable()
  File "/home/airflow/.local/lib/python3.8/site-packages/airflow/operators/python.py", line 216, in execute_callable
    return self.python_callable(*self.op_args, **self.op_kwargs)
TypeError: transform_data() missing 1 required positional argument: 'df'
[2025-12-17T04:53:08.684+0000] {taskinstance.py:1138} INFO - Marking task as UP_FOR_RETRY. dag_id=etl_***, task_id=transform, execution_date=20241030T000000, start_date=20251217T045307, end_date=20251217T045308
[2025-12-17T04:53:08.700+0000] {standard_task_runner.py:107} ERROR - Failed to execute job 1200 for task transform (transform_data() missing 1 required positional argument: 'df'; 4176)
[2025-12-17T04:53:08.757+0000] {local_task_job_runner.py:234} INFO - Task exited with return code 1
[2025-12-17T04:53:08.928+0000] {taskinstance.py:3280} INFO - 0 downstream tasks scheduled from follow-on schedule check
[2025-12-17T07:58:48.081+0000] {taskinstance.py:1956} INFO - Dependencies all met for dep_context=non-requeueable deps ti=<TaskInstance: etl_airflow.transform scheduled__2024-10-30T00:00:00+00:00 [queued]>
[2025-12-17T07:58:48.118+0000] {taskinstance.py:1956} INFO - Dependencies all met for dep_context=requeueable deps ti=<TaskInstance: etl_airflow.transform scheduled__2024-10-30T00:00:00+00:00 [queued]>
[2025-12-17T07:58:48.119+0000] {taskinstance.py:2170} INFO - Starting attempt 2 of 3
[2025-12-17T07:58:48.382+0000] {taskinstance.py:2191} INFO - Executing <Task(PythonOperator): transform> on 2024-10-30 00:00:00+00:00
[2025-12-17T07:58:48.396+0000] {standard_task_runner.py:60} INFO - Started process 4436 to run task
[2025-12-17T07:58:48.405+0000] {standard_task_runner.py:87} INFO - Running: ['***', 'tasks', 'run', 'etl_***', 'transform', 'scheduled__2024-10-30T00:00:00+00:00', '--job-id', '1251', '--raw', '--subdir', 'DAGS_FOLDER/etl_***.py', '--cfg-path', '/tmp/tmp7j_ln5p4']
[2025-12-17T07:58:48.411+0000] {standard_task_runner.py:88} INFO - Job 1251: Subtask transform
[2025-12-17T07:58:48.570+0000] {task_command.py:423} INFO - Running <TaskInstance: etl_airflow.transform scheduled__2024-10-30T00:00:00+00:00 [running]> on host 2a0de06c8905
[2025-12-17T07:58:49.036+0000] {taskinstance.py:2480} INFO - Exporting env vars: AIRFLOW_CTX_DAG_OWNER='***' AIRFLOW_CTX_DAG_ID='etl_***' AIRFLOW_CTX_TASK_ID='transform' AIRFLOW_CTX_EXECUTION_DATE='2024-10-30T00:00:00+00:00' AIRFLOW_CTX_TRY_NUMBER='2' AIRFLOW_CTX_DAG_RUN_ID='scheduled__2024-10-30T00:00:00+00:00'
[2025-12-17T07:58:49.040+0000] {taskinstance.py:2698} ERROR - Task failed with exception
Traceback (most recent call last):
  File "/home/airflow/.local/lib/python3.8/site-packages/airflow/models/taskinstance.py", line 433, in _execute_task
    result = execute_callable(context=context, **execute_callable_kwargs)
  File "/home/airflow/.local/lib/python3.8/site-packages/airflow/operators/python.py", line 199, in execute
    return_value = self.execute_callable()
  File "/home/airflow/.local/lib/python3.8/site-packages/airflow/operators/python.py", line 216, in execute_callable
    return self.python_callable(*self.op_args, **self.op_kwargs)
TypeError: transform_data() missing 1 required positional argument: 'df'
[2025-12-17T07:58:49.055+0000] {taskinstance.py:1138} INFO - Marking task as UP_FOR_RETRY. dag_id=etl_***, task_id=transform, execution_date=20241030T000000, start_date=20251217T075848, end_date=20251217T075849
[2025-12-17T07:58:49.078+0000] {standard_task_runner.py:107} ERROR - Failed to execute job 1251 for task transform (transform_data() missing 1 required positional argument: 'df'; 4436)
[2025-12-17T07:58:49.103+0000] {local_task_job_runner.py:234} INFO - Task exited with return code 1
[2025-12-17T07:58:49.148+0000] {taskinstance.py:3280} INFO - 0 downstream tasks scheduled from follow-on schedule check
