[2025-12-17T04:54:22.114+0000] {taskinstance.py:1956} INFO - Dependencies all met for dep_context=non-requeueable deps ti=<TaskInstance: etl_airflow.transform scheduled__2024-11-20T00:00:00+00:00 [queued]>
[2025-12-17T04:54:22.139+0000] {taskinstance.py:1956} INFO - Dependencies all met for dep_context=requeueable deps ti=<TaskInstance: etl_airflow.transform scheduled__2024-11-20T00:00:00+00:00 [queued]>
[2025-12-17T04:54:22.141+0000] {taskinstance.py:2170} INFO - Starting attempt 3 of 3
[2025-12-17T04:54:22.184+0000] {taskinstance.py:2191} INFO - Executing <Task(PythonOperator): transform> on 2024-11-20 00:00:00+00:00
[2025-12-17T04:54:22.191+0000] {standard_task_runner.py:60} INFO - Started process 4611 to run task
[2025-12-17T04:54:22.195+0000] {standard_task_runner.py:87} INFO - Running: ['***', 'tasks', 'run', 'etl_***', 'transform', 'scheduled__2024-11-20T00:00:00+00:00', '--job-id', '1330', '--raw', '--subdir', 'DAGS_FOLDER/etl_***.py', '--cfg-path', '/tmp/tmpvko0yk55']
[2025-12-17T04:54:22.199+0000] {standard_task_runner.py:88} INFO - Job 1330: Subtask transform
[2025-12-17T04:54:22.299+0000] {task_command.py:423} INFO - Running <TaskInstance: etl_airflow.transform scheduled__2024-11-20T00:00:00+00:00 [running]> on host b3426f05ac70
[2025-12-17T04:54:22.644+0000] {taskinstance.py:2480} INFO - Exporting env vars: AIRFLOW_CTX_DAG_OWNER='***' AIRFLOW_CTX_DAG_ID='etl_***' AIRFLOW_CTX_TASK_ID='transform' AIRFLOW_CTX_EXECUTION_DATE='2024-11-20T00:00:00+00:00' AIRFLOW_CTX_TRY_NUMBER='3' AIRFLOW_CTX_DAG_RUN_ID='scheduled__2024-11-20T00:00:00+00:00'
[2025-12-17T04:54:22.647+0000] {taskinstance.py:2698} ERROR - Task failed with exception
Traceback (most recent call last):
  File "/home/airflow/.local/lib/python3.8/site-packages/airflow/models/taskinstance.py", line 433, in _execute_task
    result = execute_callable(context=context, **execute_callable_kwargs)
  File "/home/airflow/.local/lib/python3.8/site-packages/airflow/operators/python.py", line 199, in execute
    return_value = self.execute_callable()
  File "/home/airflow/.local/lib/python3.8/site-packages/airflow/operators/python.py", line 216, in execute_callable
    return self.python_callable(*self.op_args, **self.op_kwargs)
TypeError: transform_data() missing 1 required positional argument: 'df'
[2025-12-17T04:54:22.663+0000] {taskinstance.py:1138} INFO - Marking task as FAILED. dag_id=etl_***, task_id=transform, execution_date=20241120T000000, start_date=20251217T045422, end_date=20251217T045422
[2025-12-17T04:54:22.679+0000] {standard_task_runner.py:107} ERROR - Failed to execute job 1330 for task transform (transform_data() missing 1 required positional argument: 'df'; 4611)
[2025-12-17T04:54:22.691+0000] {local_task_job_runner.py:234} INFO - Task exited with return code 1
[2025-12-17T04:54:22.723+0000] {taskinstance.py:3280} INFO - 0 downstream tasks scheduled from follow-on schedule check
[2025-12-17T07:59:42.186+0000] {taskinstance.py:1956} INFO - Dependencies all met for dep_context=non-requeueable deps ti=<TaskInstance: etl_airflow.transform scheduled__2024-11-20T00:00:00+00:00 [queued]>
[2025-12-17T07:59:42.203+0000] {taskinstance.py:1956} INFO - Dependencies all met for dep_context=requeueable deps ti=<TaskInstance: etl_airflow.transform scheduled__2024-11-20T00:00:00+00:00 [queued]>
[2025-12-17T07:59:42.204+0000] {taskinstance.py:2170} INFO - Starting attempt 3 of 3
[2025-12-17T07:59:42.235+0000] {taskinstance.py:2191} INFO - Executing <Task(PythonOperator): transform> on 2024-11-20 00:00:00+00:00
[2025-12-17T07:59:42.245+0000] {standard_task_runner.py:60} INFO - Started process 4727 to run task
[2025-12-17T07:59:42.252+0000] {standard_task_runner.py:87} INFO - Running: ['***', 'tasks', 'run', 'etl_***', 'transform', 'scheduled__2024-11-20T00:00:00+00:00', '--job-id', '1338', '--raw', '--subdir', 'DAGS_FOLDER/etl_***.py', '--cfg-path', '/tmp/tmpsle6f5rr']
[2025-12-17T07:59:42.256+0000] {standard_task_runner.py:88} INFO - Job 1338: Subtask transform
[2025-12-17T07:59:42.390+0000] {task_command.py:423} INFO - Running <TaskInstance: etl_airflow.transform scheduled__2024-11-20T00:00:00+00:00 [running]> on host 2a0de06c8905
[2025-12-17T07:59:42.796+0000] {taskinstance.py:2480} INFO - Exporting env vars: AIRFLOW_CTX_DAG_OWNER='***' AIRFLOW_CTX_DAG_ID='etl_***' AIRFLOW_CTX_TASK_ID='transform' AIRFLOW_CTX_EXECUTION_DATE='2024-11-20T00:00:00+00:00' AIRFLOW_CTX_TRY_NUMBER='3' AIRFLOW_CTX_DAG_RUN_ID='scheduled__2024-11-20T00:00:00+00:00'
[2025-12-17T07:59:42.800+0000] {taskinstance.py:2698} ERROR - Task failed with exception
Traceback (most recent call last):
  File "/home/airflow/.local/lib/python3.8/site-packages/airflow/models/taskinstance.py", line 433, in _execute_task
    result = execute_callable(context=context, **execute_callable_kwargs)
  File "/home/airflow/.local/lib/python3.8/site-packages/airflow/operators/python.py", line 199, in execute
    return_value = self.execute_callable()
  File "/home/airflow/.local/lib/python3.8/site-packages/airflow/operators/python.py", line 216, in execute_callable
    return self.python_callable(*self.op_args, **self.op_kwargs)
TypeError: transform_data() missing 1 required positional argument: 'df'
[2025-12-17T07:59:42.816+0000] {taskinstance.py:1138} INFO - Marking task as FAILED. dag_id=etl_***, task_id=transform, execution_date=20241120T000000, start_date=20251217T075942, end_date=20251217T075942
[2025-12-17T07:59:42.844+0000] {standard_task_runner.py:107} ERROR - Failed to execute job 1338 for task transform (transform_data() missing 1 required positional argument: 'df'; 4727)
[2025-12-17T07:59:42.869+0000] {local_task_job_runner.py:234} INFO - Task exited with return code 1
[2025-12-17T07:59:42.910+0000] {taskinstance.py:3280} INFO - 0 downstream tasks scheduled from follow-on schedule check
