[2025-12-17T04:55:26.085+0000] {taskinstance.py:1956} INFO - Dependencies all met for dep_context=non-requeueable deps ti=<TaskInstance: etl_airflow.transform scheduled__2024-12-27T00:00:00+00:00 [queued]>
[2025-12-17T04:55:26.097+0000] {taskinstance.py:1956} INFO - Dependencies all met for dep_context=requeueable deps ti=<TaskInstance: etl_airflow.transform scheduled__2024-12-27T00:00:00+00:00 [queued]>
[2025-12-17T04:55:26.098+0000] {taskinstance.py:2170} INFO - Starting attempt 2 of 3
[2025-12-17T04:55:26.126+0000] {taskinstance.py:2191} INFO - Executing <Task(PythonOperator): transform> on 2024-12-27 00:00:00+00:00
[2025-12-17T04:55:26.139+0000] {standard_task_runner.py:60} INFO - Started process 4999 to run task
[2025-12-17T04:55:26.148+0000] {standard_task_runner.py:87} INFO - Running: ['***', 'tasks', 'run', 'etl_***', 'transform', 'scheduled__2024-12-27T00:00:00+00:00', '--job-id', '1450', '--raw', '--subdir', 'DAGS_FOLDER/etl_***.py', '--cfg-path', '/tmp/tmp0yn9quuf']
[2025-12-17T04:55:26.156+0000] {standard_task_runner.py:88} INFO - Job 1450: Subtask transform
[2025-12-17T04:55:26.302+0000] {task_command.py:423} INFO - Running <TaskInstance: etl_airflow.transform scheduled__2024-12-27T00:00:00+00:00 [running]> on host b3426f05ac70
[2025-12-17T04:55:26.641+0000] {taskinstance.py:2480} INFO - Exporting env vars: AIRFLOW_CTX_DAG_OWNER='***' AIRFLOW_CTX_DAG_ID='etl_***' AIRFLOW_CTX_TASK_ID='transform' AIRFLOW_CTX_EXECUTION_DATE='2024-12-27T00:00:00+00:00' AIRFLOW_CTX_TRY_NUMBER='2' AIRFLOW_CTX_DAG_RUN_ID='scheduled__2024-12-27T00:00:00+00:00'
[2025-12-17T04:55:26.647+0000] {taskinstance.py:2698} ERROR - Task failed with exception
Traceback (most recent call last):
  File "/home/airflow/.local/lib/python3.8/site-packages/airflow/models/taskinstance.py", line 433, in _execute_task
    result = execute_callable(context=context, **execute_callable_kwargs)
  File "/home/airflow/.local/lib/python3.8/site-packages/airflow/operators/python.py", line 199, in execute
    return_value = self.execute_callable()
  File "/home/airflow/.local/lib/python3.8/site-packages/airflow/operators/python.py", line 216, in execute_callable
    return self.python_callable(*self.op_args, **self.op_kwargs)
TypeError: transform_data() missing 1 required positional argument: 'df'
[2025-12-17T04:55:26.665+0000] {taskinstance.py:1138} INFO - Marking task as UP_FOR_RETRY. dag_id=etl_***, task_id=transform, execution_date=20241227T000000, start_date=20251217T045526, end_date=20251217T045526
[2025-12-17T04:55:26.690+0000] {standard_task_runner.py:107} ERROR - Failed to execute job 1450 for task transform (transform_data() missing 1 required positional argument: 'df'; 4999)
[2025-12-17T04:55:26.730+0000] {local_task_job_runner.py:234} INFO - Task exited with return code 1
[2025-12-17T04:55:26.954+0000] {taskinstance.py:3280} INFO - 0 downstream tasks scheduled from follow-on schedule check
[2025-12-17T08:00:51.705+0000] {taskinstance.py:1956} INFO - Dependencies all met for dep_context=non-requeueable deps ti=<TaskInstance: etl_airflow.transform scheduled__2024-12-27T00:00:00+00:00 [queued]>
[2025-12-17T08:00:51.731+0000] {taskinstance.py:1956} INFO - Dependencies all met for dep_context=requeueable deps ti=<TaskInstance: etl_airflow.transform scheduled__2024-12-27T00:00:00+00:00 [queued]>
[2025-12-17T08:00:51.733+0000] {taskinstance.py:2170} INFO - Starting attempt 2 of 3
[2025-12-17T08:00:51.770+0000] {taskinstance.py:2191} INFO - Executing <Task(PythonOperator): transform> on 2024-12-27 00:00:00+00:00
[2025-12-17T08:00:51.784+0000] {standard_task_runner.py:60} INFO - Started process 5103 to run task
[2025-12-17T08:00:51.790+0000] {standard_task_runner.py:87} INFO - Running: ['***', 'tasks', 'run', 'etl_***', 'transform', 'scheduled__2024-12-27T00:00:00+00:00', '--job-id', '1454', '--raw', '--subdir', 'DAGS_FOLDER/etl_***.py', '--cfg-path', '/tmp/tmpaoxi1lvm']
[2025-12-17T08:00:51.796+0000] {standard_task_runner.py:88} INFO - Job 1454: Subtask transform
[2025-12-17T08:00:51.943+0000] {task_command.py:423} INFO - Running <TaskInstance: etl_airflow.transform scheduled__2024-12-27T00:00:00+00:00 [running]> on host 2a0de06c8905
[2025-12-17T08:00:52.456+0000] {taskinstance.py:2480} INFO - Exporting env vars: AIRFLOW_CTX_DAG_OWNER='***' AIRFLOW_CTX_DAG_ID='etl_***' AIRFLOW_CTX_TASK_ID='transform' AIRFLOW_CTX_EXECUTION_DATE='2024-12-27T00:00:00+00:00' AIRFLOW_CTX_TRY_NUMBER='2' AIRFLOW_CTX_DAG_RUN_ID='scheduled__2024-12-27T00:00:00+00:00'
[2025-12-17T08:00:52.459+0000] {taskinstance.py:2698} ERROR - Task failed with exception
Traceback (most recent call last):
  File "/home/airflow/.local/lib/python3.8/site-packages/airflow/models/taskinstance.py", line 433, in _execute_task
    result = execute_callable(context=context, **execute_callable_kwargs)
  File "/home/airflow/.local/lib/python3.8/site-packages/airflow/operators/python.py", line 199, in execute
    return_value = self.execute_callable()
  File "/home/airflow/.local/lib/python3.8/site-packages/airflow/operators/python.py", line 216, in execute_callable
    return self.python_callable(*self.op_args, **self.op_kwargs)
TypeError: transform_data() missing 1 required positional argument: 'df'
[2025-12-17T08:00:52.475+0000] {taskinstance.py:1138} INFO - Marking task as UP_FOR_RETRY. dag_id=etl_***, task_id=transform, execution_date=20241227T000000, start_date=20251217T080051, end_date=20251217T080052
[2025-12-17T08:00:52.519+0000] {standard_task_runner.py:107} ERROR - Failed to execute job 1454 for task transform (transform_data() missing 1 required positional argument: 'df'; 5103)
[2025-12-17T08:00:52.555+0000] {local_task_job_runner.py:234} INFO - Task exited with return code 1
[2025-12-17T08:00:52.597+0000] {taskinstance.py:3280} INFO - 0 downstream tasks scheduled from follow-on schedule check
