[2025-12-17T04:51:17.981+0000] {taskinstance.py:1956} INFO - Dependencies all met for dep_context=non-requeueable deps ti=<TaskInstance: etl_airflow.transform scheduled__2024-09-02T00:00:00+00:00 [queued]>
[2025-12-17T04:51:18.003+0000] {taskinstance.py:1956} INFO - Dependencies all met for dep_context=requeueable deps ti=<TaskInstance: etl_airflow.transform scheduled__2024-09-02T00:00:00+00:00 [queued]>
[2025-12-17T04:51:18.004+0000] {taskinstance.py:2170} INFO - Starting attempt 2 of 3
[2025-12-17T04:51:18.030+0000] {taskinstance.py:2191} INFO - Executing <Task(PythonOperator): transform> on 2024-09-02 00:00:00+00:00
[2025-12-17T04:51:18.040+0000] {standard_task_runner.py:60} INFO - Started process 3507 to run task
[2025-12-17T04:51:18.045+0000] {standard_task_runner.py:87} INFO - Running: ['***', 'tasks', 'run', 'etl_***', 'transform', 'scheduled__2024-09-02T00:00:00+00:00', '--job-id', '998', '--raw', '--subdir', 'DAGS_FOLDER/etl_***.py', '--cfg-path', '/tmp/tmpgnumq0bd']
[2025-12-17T04:51:18.049+0000] {standard_task_runner.py:88} INFO - Job 998: Subtask transform
[2025-12-17T04:51:18.178+0000] {task_command.py:423} INFO - Running <TaskInstance: etl_airflow.transform scheduled__2024-09-02T00:00:00+00:00 [running]> on host b3426f05ac70
[2025-12-17T04:51:18.517+0000] {taskinstance.py:2480} INFO - Exporting env vars: AIRFLOW_CTX_DAG_OWNER='***' AIRFLOW_CTX_DAG_ID='etl_***' AIRFLOW_CTX_TASK_ID='transform' AIRFLOW_CTX_EXECUTION_DATE='2024-09-02T00:00:00+00:00' AIRFLOW_CTX_TRY_NUMBER='2' AIRFLOW_CTX_DAG_RUN_ID='scheduled__2024-09-02T00:00:00+00:00'
[2025-12-17T04:51:18.521+0000] {taskinstance.py:2698} ERROR - Task failed with exception
Traceback (most recent call last):
  File "/home/airflow/.local/lib/python3.8/site-packages/airflow/models/taskinstance.py", line 433, in _execute_task
    result = execute_callable(context=context, **execute_callable_kwargs)
  File "/home/airflow/.local/lib/python3.8/site-packages/airflow/operators/python.py", line 199, in execute
    return_value = self.execute_callable()
  File "/home/airflow/.local/lib/python3.8/site-packages/airflow/operators/python.py", line 216, in execute_callable
    return self.python_callable(*self.op_args, **self.op_kwargs)
TypeError: transform_data() missing 1 required positional argument: 'df'
[2025-12-17T04:51:18.539+0000] {taskinstance.py:1138} INFO - Marking task as UP_FOR_RETRY. dag_id=etl_***, task_id=transform, execution_date=20240902T000000, start_date=20251217T045117, end_date=20251217T045118
[2025-12-17T04:51:18.556+0000] {standard_task_runner.py:107} ERROR - Failed to execute job 998 for task transform (transform_data() missing 1 required positional argument: 'df'; 3507)
[2025-12-17T04:51:18.584+0000] {local_task_job_runner.py:234} INFO - Task exited with return code 1
[2025-12-17T04:51:18.625+0000] {taskinstance.py:3280} INFO - 0 downstream tasks scheduled from follow-on schedule check
[2025-12-17T07:45:13.101+0000] {taskinstance.py:1956} INFO - Dependencies all met for dep_context=non-requeueable deps ti=<TaskInstance: etl_airflow.transform scheduled__2024-09-02T00:00:00+00:00 [queued]>
[2025-12-17T07:45:13.117+0000] {taskinstance.py:1956} INFO - Dependencies all met for dep_context=requeueable deps ti=<TaskInstance: etl_airflow.transform scheduled__2024-09-02T00:00:00+00:00 [queued]>
[2025-12-17T07:45:13.118+0000] {taskinstance.py:2170} INFO - Starting attempt 2 of 3
[2025-12-17T07:45:13.147+0000] {taskinstance.py:2191} INFO - Executing <Task(PythonOperator): transform> on 2024-09-02 00:00:00+00:00
[2025-12-17T07:45:13.167+0000] {standard_task_runner.py:60} INFO - Started process 3597 to run task
[2025-12-17T07:45:13.175+0000] {standard_task_runner.py:87} INFO - Running: ['***', 'tasks', 'run', 'etl_***', 'transform', 'scheduled__2024-09-02T00:00:00+00:00', '--job-id', '1001', '--raw', '--subdir', 'DAGS_FOLDER/etl_***.py', '--cfg-path', '/tmp/tmpta4av_8f']
[2025-12-17T07:45:13.180+0000] {standard_task_runner.py:88} INFO - Job 1001: Subtask transform
[2025-12-17T07:45:13.366+0000] {task_command.py:423} INFO - Running <TaskInstance: etl_airflow.transform scheduled__2024-09-02T00:00:00+00:00 [running]> on host 2a0de06c8905
[2025-12-17T07:45:13.772+0000] {taskinstance.py:2480} INFO - Exporting env vars: AIRFLOW_CTX_DAG_OWNER='***' AIRFLOW_CTX_DAG_ID='etl_***' AIRFLOW_CTX_TASK_ID='transform' AIRFLOW_CTX_EXECUTION_DATE='2024-09-02T00:00:00+00:00' AIRFLOW_CTX_TRY_NUMBER='2' AIRFLOW_CTX_DAG_RUN_ID='scheduled__2024-09-02T00:00:00+00:00'
[2025-12-17T07:45:13.774+0000] {taskinstance.py:2698} ERROR - Task failed with exception
Traceback (most recent call last):
  File "/home/airflow/.local/lib/python3.8/site-packages/airflow/models/taskinstance.py", line 433, in _execute_task
    result = execute_callable(context=context, **execute_callable_kwargs)
  File "/home/airflow/.local/lib/python3.8/site-packages/airflow/operators/python.py", line 199, in execute
    return_value = self.execute_callable()
  File "/home/airflow/.local/lib/python3.8/site-packages/airflow/operators/python.py", line 216, in execute_callable
    return self.python_callable(*self.op_args, **self.op_kwargs)
TypeError: transform_data() missing 1 required positional argument: 'df'
[2025-12-17T07:45:13.789+0000] {taskinstance.py:1138} INFO - Marking task as UP_FOR_RETRY. dag_id=etl_***, task_id=transform, execution_date=20240902T000000, start_date=20251217T074513, end_date=20251217T074513
[2025-12-17T07:45:13.826+0000] {standard_task_runner.py:107} ERROR - Failed to execute job 1001 for task transform (transform_data() missing 1 required positional argument: 'df'; 3597)
[2025-12-17T07:45:13.884+0000] {local_task_job_runner.py:234} INFO - Task exited with return code 1
[2025-12-17T07:45:14.195+0000] {taskinstance.py:3280} INFO - 0 downstream tasks scheduled from follow-on schedule check
