[2025-12-17T04:50:23.894+0000] {taskinstance.py:1956} INFO - Dependencies all met for dep_context=non-requeueable deps ti=<TaskInstance: etl_airflow.transform scheduled__2024-08-09T00:00:00+00:00 [queued]>
[2025-12-17T04:50:23.906+0000] {taskinstance.py:1956} INFO - Dependencies all met for dep_context=requeueable deps ti=<TaskInstance: etl_airflow.transform scheduled__2024-08-09T00:00:00+00:00 [queued]>
[2025-12-17T04:50:23.907+0000] {taskinstance.py:2170} INFO - Starting attempt 3 of 3
[2025-12-17T04:50:23.931+0000] {taskinstance.py:2191} INFO - Executing <Task(PythonOperator): transform> on 2024-08-09 00:00:00+00:00
[2025-12-17T04:50:23.940+0000] {standard_task_runner.py:60} INFO - Started process 3162 to run task
[2025-12-17T04:50:23.948+0000] {standard_task_runner.py:87} INFO - Running: ['***', 'tasks', 'run', 'etl_***', 'transform', 'scheduled__2024-08-09T00:00:00+00:00', '--job-id', '894', '--raw', '--subdir', 'DAGS_FOLDER/etl_***.py', '--cfg-path', '/tmp/tmp_j5mnmw3']
[2025-12-17T04:50:23.954+0000] {standard_task_runner.py:88} INFO - Job 894: Subtask transform
[2025-12-17T04:50:24.073+0000] {task_command.py:423} INFO - Running <TaskInstance: etl_airflow.transform scheduled__2024-08-09T00:00:00+00:00 [running]> on host b3426f05ac70
[2025-12-17T04:50:24.498+0000] {taskinstance.py:2480} INFO - Exporting env vars: AIRFLOW_CTX_DAG_OWNER='***' AIRFLOW_CTX_DAG_ID='etl_***' AIRFLOW_CTX_TASK_ID='transform' AIRFLOW_CTX_EXECUTION_DATE='2024-08-09T00:00:00+00:00' AIRFLOW_CTX_TRY_NUMBER='3' AIRFLOW_CTX_DAG_RUN_ID='scheduled__2024-08-09T00:00:00+00:00'
[2025-12-17T04:50:24.504+0000] {taskinstance.py:2698} ERROR - Task failed with exception
Traceback (most recent call last):
  File "/home/airflow/.local/lib/python3.8/site-packages/airflow/models/taskinstance.py", line 433, in _execute_task
    result = execute_callable(context=context, **execute_callable_kwargs)
  File "/home/airflow/.local/lib/python3.8/site-packages/airflow/operators/python.py", line 199, in execute
    return_value = self.execute_callable()
  File "/home/airflow/.local/lib/python3.8/site-packages/airflow/operators/python.py", line 216, in execute_callable
    return self.python_callable(*self.op_args, **self.op_kwargs)
TypeError: transform_data() missing 1 required positional argument: 'df'
[2025-12-17T04:50:24.518+0000] {taskinstance.py:1138} INFO - Marking task as FAILED. dag_id=etl_***, task_id=transform, execution_date=20240809T000000, start_date=20251217T045023, end_date=20251217T045024
[2025-12-17T04:50:24.551+0000] {standard_task_runner.py:107} ERROR - Failed to execute job 894 for task transform (transform_data() missing 1 required positional argument: 'df'; 3162)
[2025-12-17T04:50:24.607+0000] {local_task_job_runner.py:234} INFO - Task exited with return code 1
[2025-12-17T04:50:24.655+0000] {taskinstance.py:3280} INFO - 0 downstream tasks scheduled from follow-on schedule check
[2025-12-17T07:44:14.541+0000] {taskinstance.py:1956} INFO - Dependencies all met for dep_context=non-requeueable deps ti=<TaskInstance: etl_airflow.transform scheduled__2024-08-09T00:00:00+00:00 [queued]>
[2025-12-17T07:44:14.578+0000] {taskinstance.py:1956} INFO - Dependencies all met for dep_context=requeueable deps ti=<TaskInstance: etl_airflow.transform scheduled__2024-08-09T00:00:00+00:00 [queued]>
[2025-12-17T07:44:14.580+0000] {taskinstance.py:2170} INFO - Starting attempt 3 of 3
[2025-12-17T07:44:14.632+0000] {taskinstance.py:2191} INFO - Executing <Task(PythonOperator): transform> on 2024-08-09 00:00:00+00:00
[2025-12-17T07:44:14.653+0000] {standard_task_runner.py:60} INFO - Started process 3248 to run task
[2025-12-17T07:44:14.657+0000] {standard_task_runner.py:87} INFO - Running: ['***', 'tasks', 'run', 'etl_***', 'transform', 'scheduled__2024-08-09T00:00:00+00:00', '--job-id', '897', '--raw', '--subdir', 'DAGS_FOLDER/etl_***.py', '--cfg-path', '/tmp/tmp0alvlis8']
[2025-12-17T07:44:14.661+0000] {standard_task_runner.py:88} INFO - Job 897: Subtask transform
[2025-12-17T07:44:14.803+0000] {task_command.py:423} INFO - Running <TaskInstance: etl_airflow.transform scheduled__2024-08-09T00:00:00+00:00 [running]> on host 2a0de06c8905
[2025-12-17T07:44:15.400+0000] {taskinstance.py:2480} INFO - Exporting env vars: AIRFLOW_CTX_DAG_OWNER='***' AIRFLOW_CTX_DAG_ID='etl_***' AIRFLOW_CTX_TASK_ID='transform' AIRFLOW_CTX_EXECUTION_DATE='2024-08-09T00:00:00+00:00' AIRFLOW_CTX_TRY_NUMBER='3' AIRFLOW_CTX_DAG_RUN_ID='scheduled__2024-08-09T00:00:00+00:00'
[2025-12-17T07:44:15.404+0000] {taskinstance.py:2698} ERROR - Task failed with exception
Traceback (most recent call last):
  File "/home/airflow/.local/lib/python3.8/site-packages/airflow/models/taskinstance.py", line 433, in _execute_task
    result = execute_callable(context=context, **execute_callable_kwargs)
  File "/home/airflow/.local/lib/python3.8/site-packages/airflow/operators/python.py", line 199, in execute
    return_value = self.execute_callable()
  File "/home/airflow/.local/lib/python3.8/site-packages/airflow/operators/python.py", line 216, in execute_callable
    return self.python_callable(*self.op_args, **self.op_kwargs)
TypeError: transform_data() missing 1 required positional argument: 'df'
[2025-12-17T07:44:15.430+0000] {taskinstance.py:1138} INFO - Marking task as FAILED. dag_id=etl_***, task_id=transform, execution_date=20240809T000000, start_date=20251217T074414, end_date=20251217T074415
[2025-12-17T07:44:15.467+0000] {standard_task_runner.py:107} ERROR - Failed to execute job 897 for task transform (transform_data() missing 1 required positional argument: 'df'; 3248)
[2025-12-17T07:44:15.519+0000] {local_task_job_runner.py:234} INFO - Task exited with return code 1
[2025-12-17T07:44:15.573+0000] {taskinstance.py:3280} INFO - 0 downstream tasks scheduled from follow-on schedule check
