[2025-12-17T04:53:40.049+0000] {taskinstance.py:1956} INFO - Dependencies all met for dep_context=non-requeueable deps ti=<TaskInstance: etl_airflow.transform scheduled__2024-11-07T00:00:00+00:00 [queued]>
[2025-12-17T04:53:40.064+0000] {taskinstance.py:1956} INFO - Dependencies all met for dep_context=requeueable deps ti=<TaskInstance: etl_airflow.transform scheduled__2024-11-07T00:00:00+00:00 [queued]>
[2025-12-17T04:53:40.066+0000] {taskinstance.py:2170} INFO - Starting attempt 2 of 3
[2025-12-17T04:53:40.175+0000] {taskinstance.py:2191} INFO - Executing <Task(PythonOperator): transform> on 2024-11-07 00:00:00+00:00
[2025-12-17T04:53:40.189+0000] {standard_task_runner.py:60} INFO - Started process 4380 to run task
[2025-12-17T04:53:40.195+0000] {standard_task_runner.py:87} INFO - Running: ['***', 'tasks', 'run', 'etl_***', 'transform', 'scheduled__2024-11-07T00:00:00+00:00', '--job-id', '1257', '--raw', '--subdir', 'DAGS_FOLDER/etl_***.py', '--cfg-path', '/tmp/tmp8cm304uu']
[2025-12-17T04:53:40.200+0000] {standard_task_runner.py:88} INFO - Job 1257: Subtask transform
[2025-12-17T04:53:40.326+0000] {task_command.py:423} INFO - Running <TaskInstance: etl_airflow.transform scheduled__2024-11-07T00:00:00+00:00 [running]> on host b3426f05ac70
[2025-12-17T04:53:40.713+0000] {taskinstance.py:2480} INFO - Exporting env vars: AIRFLOW_CTX_DAG_OWNER='***' AIRFLOW_CTX_DAG_ID='etl_***' AIRFLOW_CTX_TASK_ID='transform' AIRFLOW_CTX_EXECUTION_DATE='2024-11-07T00:00:00+00:00' AIRFLOW_CTX_TRY_NUMBER='2' AIRFLOW_CTX_DAG_RUN_ID='scheduled__2024-11-07T00:00:00+00:00'
[2025-12-17T04:53:40.715+0000] {taskinstance.py:2698} ERROR - Task failed with exception
Traceback (most recent call last):
  File "/home/airflow/.local/lib/python3.8/site-packages/airflow/models/taskinstance.py", line 433, in _execute_task
    result = execute_callable(context=context, **execute_callable_kwargs)
  File "/home/airflow/.local/lib/python3.8/site-packages/airflow/operators/python.py", line 199, in execute
    return_value = self.execute_callable()
  File "/home/airflow/.local/lib/python3.8/site-packages/airflow/operators/python.py", line 216, in execute_callable
    return self.python_callable(*self.op_args, **self.op_kwargs)
TypeError: transform_data() missing 1 required positional argument: 'df'
[2025-12-17T04:53:40.728+0000] {taskinstance.py:1138} INFO - Marking task as UP_FOR_RETRY. dag_id=etl_***, task_id=transform, execution_date=20241107T000000, start_date=20251217T045340, end_date=20251217T045340
[2025-12-17T04:53:40.747+0000] {standard_task_runner.py:107} ERROR - Failed to execute job 1257 for task transform (transform_data() missing 1 required positional argument: 'df'; 4380)
[2025-12-17T04:53:40.773+0000] {local_task_job_runner.py:234} INFO - Task exited with return code 1
[2025-12-17T04:53:40.803+0000] {taskinstance.py:3280} INFO - 0 downstream tasks scheduled from follow-on schedule check
[2025-12-17T07:58:51.375+0000] {taskinstance.py:1956} INFO - Dependencies all met for dep_context=non-requeueable deps ti=<TaskInstance: etl_airflow.transform scheduled__2024-11-07T00:00:00+00:00 [queued]>
[2025-12-17T07:58:51.393+0000] {taskinstance.py:1956} INFO - Dependencies all met for dep_context=requeueable deps ti=<TaskInstance: etl_airflow.transform scheduled__2024-11-07T00:00:00+00:00 [queued]>
[2025-12-17T07:58:51.395+0000] {taskinstance.py:2170} INFO - Starting attempt 2 of 3
[2025-12-17T07:58:51.423+0000] {taskinstance.py:2191} INFO - Executing <Task(PythonOperator): transform> on 2024-11-07 00:00:00+00:00
[2025-12-17T07:58:51.432+0000] {standard_task_runner.py:60} INFO - Started process 4462 to run task
[2025-12-17T07:58:51.436+0000] {standard_task_runner.py:87} INFO - Running: ['***', 'tasks', 'run', 'etl_***', 'transform', 'scheduled__2024-11-07T00:00:00+00:00', '--job-id', '1260', '--raw', '--subdir', 'DAGS_FOLDER/etl_***.py', '--cfg-path', '/tmp/tmpn8uruox5']
[2025-12-17T07:58:51.441+0000] {standard_task_runner.py:88} INFO - Job 1260: Subtask transform
[2025-12-17T07:58:51.594+0000] {task_command.py:423} INFO - Running <TaskInstance: etl_airflow.transform scheduled__2024-11-07T00:00:00+00:00 [running]> on host 2a0de06c8905
[2025-12-17T07:58:52.039+0000] {taskinstance.py:2480} INFO - Exporting env vars: AIRFLOW_CTX_DAG_OWNER='***' AIRFLOW_CTX_DAG_ID='etl_***' AIRFLOW_CTX_TASK_ID='transform' AIRFLOW_CTX_EXECUTION_DATE='2024-11-07T00:00:00+00:00' AIRFLOW_CTX_TRY_NUMBER='2' AIRFLOW_CTX_DAG_RUN_ID='scheduled__2024-11-07T00:00:00+00:00'
[2025-12-17T07:58:52.042+0000] {taskinstance.py:2698} ERROR - Task failed with exception
Traceback (most recent call last):
  File "/home/airflow/.local/lib/python3.8/site-packages/airflow/models/taskinstance.py", line 433, in _execute_task
    result = execute_callable(context=context, **execute_callable_kwargs)
  File "/home/airflow/.local/lib/python3.8/site-packages/airflow/operators/python.py", line 199, in execute
    return_value = self.execute_callable()
  File "/home/airflow/.local/lib/python3.8/site-packages/airflow/operators/python.py", line 216, in execute_callable
    return self.python_callable(*self.op_args, **self.op_kwargs)
TypeError: transform_data() missing 1 required positional argument: 'df'
[2025-12-17T07:58:52.056+0000] {taskinstance.py:1138} INFO - Marking task as UP_FOR_RETRY. dag_id=etl_***, task_id=transform, execution_date=20241107T000000, start_date=20251217T075851, end_date=20251217T075852
[2025-12-17T07:58:52.072+0000] {standard_task_runner.py:107} ERROR - Failed to execute job 1260 for task transform (transform_data() missing 1 required positional argument: 'df'; 4462)
[2025-12-17T07:58:52.095+0000] {local_task_job_runner.py:234} INFO - Task exited with return code 1
[2025-12-17T07:58:52.420+0000] {taskinstance.py:3280} INFO - 0 downstream tasks scheduled from follow-on schedule check
