[2025-12-17T04:49:15.194+0000] {taskinstance.py:1956} INFO - Dependencies all met for dep_context=non-requeueable deps ti=<TaskInstance: etl_airflow.transform scheduled__2024-07-09T00:00:00+00:00 [queued]>
[2025-12-17T04:49:15.214+0000] {taskinstance.py:1956} INFO - Dependencies all met for dep_context=requeueable deps ti=<TaskInstance: etl_airflow.transform scheduled__2024-07-09T00:00:00+00:00 [queued]>
[2025-12-17T04:49:15.216+0000] {taskinstance.py:2170} INFO - Starting attempt 3 of 3
[2025-12-17T04:49:15.246+0000] {taskinstance.py:2191} INFO - Executing <Task(PythonOperator): transform> on 2024-07-09 00:00:00+00:00
[2025-12-17T04:49:15.257+0000] {standard_task_runner.py:60} INFO - Started process 2749 to run task
[2025-12-17T04:49:15.270+0000] {standard_task_runner.py:87} INFO - Running: ['***', 'tasks', 'run', 'etl_***', 'transform', 'scheduled__2024-07-09T00:00:00+00:00', '--job-id', '768', '--raw', '--subdir', 'DAGS_FOLDER/etl_***.py', '--cfg-path', '/tmp/tmp8h3apuuu']
[2025-12-17T04:49:15.279+0000] {standard_task_runner.py:88} INFO - Job 768: Subtask transform
[2025-12-17T04:49:15.434+0000] {task_command.py:423} INFO - Running <TaskInstance: etl_airflow.transform scheduled__2024-07-09T00:00:00+00:00 [running]> on host b3426f05ac70
[2025-12-17T04:49:15.777+0000] {taskinstance.py:2480} INFO - Exporting env vars: AIRFLOW_CTX_DAG_OWNER='***' AIRFLOW_CTX_DAG_ID='etl_***' AIRFLOW_CTX_TASK_ID='transform' AIRFLOW_CTX_EXECUTION_DATE='2024-07-09T00:00:00+00:00' AIRFLOW_CTX_TRY_NUMBER='3' AIRFLOW_CTX_DAG_RUN_ID='scheduled__2024-07-09T00:00:00+00:00'
[2025-12-17T04:49:15.779+0000] {taskinstance.py:2698} ERROR - Task failed with exception
Traceback (most recent call last):
  File "/home/airflow/.local/lib/python3.8/site-packages/airflow/models/taskinstance.py", line 433, in _execute_task
    result = execute_callable(context=context, **execute_callable_kwargs)
  File "/home/airflow/.local/lib/python3.8/site-packages/airflow/operators/python.py", line 199, in execute
    return_value = self.execute_callable()
  File "/home/airflow/.local/lib/python3.8/site-packages/airflow/operators/python.py", line 216, in execute_callable
    return self.python_callable(*self.op_args, **self.op_kwargs)
TypeError: transform_data() missing 1 required positional argument: 'df'
[2025-12-17T04:49:15.789+0000] {taskinstance.py:1138} INFO - Marking task as FAILED. dag_id=etl_***, task_id=transform, execution_date=20240709T000000, start_date=20251217T044915, end_date=20251217T044915
[2025-12-17T04:49:15.803+0000] {standard_task_runner.py:107} ERROR - Failed to execute job 768 for task transform (transform_data() missing 1 required positional argument: 'df'; 2749)
[2025-12-17T04:49:15.842+0000] {local_task_job_runner.py:234} INFO - Task exited with return code 1
[2025-12-17T04:49:15.991+0000] {taskinstance.py:3280} INFO - 0 downstream tasks scheduled from follow-on schedule check
[2025-12-17T07:43:28.777+0000] {taskinstance.py:1956} INFO - Dependencies all met for dep_context=non-requeueable deps ti=<TaskInstance: etl_airflow.transform scheduled__2024-07-09T00:00:00+00:00 [queued]>
[2025-12-17T07:43:28.805+0000] {taskinstance.py:1956} INFO - Dependencies all met for dep_context=requeueable deps ti=<TaskInstance: etl_airflow.transform scheduled__2024-07-09T00:00:00+00:00 [queued]>
[2025-12-17T07:43:28.807+0000] {taskinstance.py:2170} INFO - Starting attempt 3 of 3
[2025-12-17T07:43:28.837+0000] {taskinstance.py:2191} INFO - Executing <Task(PythonOperator): transform> on 2024-07-09 00:00:00+00:00
[2025-12-17T07:43:28.853+0000] {standard_task_runner.py:60} INFO - Started process 2986 to run task
[2025-12-17T07:43:28.859+0000] {standard_task_runner.py:87} INFO - Running: ['***', 'tasks', 'run', 'etl_***', 'transform', 'scheduled__2024-07-09T00:00:00+00:00', '--job-id', '819', '--raw', '--subdir', 'DAGS_FOLDER/etl_***.py', '--cfg-path', '/tmp/tmpcf6qyhij']
[2025-12-17T07:43:28.869+0000] {standard_task_runner.py:88} INFO - Job 819: Subtask transform
[2025-12-17T07:43:29.027+0000] {task_command.py:423} INFO - Running <TaskInstance: etl_airflow.transform scheduled__2024-07-09T00:00:00+00:00 [running]> on host 2a0de06c8905
[2025-12-17T07:43:29.495+0000] {taskinstance.py:2480} INFO - Exporting env vars: AIRFLOW_CTX_DAG_OWNER='***' AIRFLOW_CTX_DAG_ID='etl_***' AIRFLOW_CTX_TASK_ID='transform' AIRFLOW_CTX_EXECUTION_DATE='2024-07-09T00:00:00+00:00' AIRFLOW_CTX_TRY_NUMBER='3' AIRFLOW_CTX_DAG_RUN_ID='scheduled__2024-07-09T00:00:00+00:00'
[2025-12-17T07:43:29.498+0000] {taskinstance.py:2698} ERROR - Task failed with exception
Traceback (most recent call last):
  File "/home/airflow/.local/lib/python3.8/site-packages/airflow/models/taskinstance.py", line 433, in _execute_task
    result = execute_callable(context=context, **execute_callable_kwargs)
  File "/home/airflow/.local/lib/python3.8/site-packages/airflow/operators/python.py", line 199, in execute
    return_value = self.execute_callable()
  File "/home/airflow/.local/lib/python3.8/site-packages/airflow/operators/python.py", line 216, in execute_callable
    return self.python_callable(*self.op_args, **self.op_kwargs)
TypeError: transform_data() missing 1 required positional argument: 'df'
[2025-12-17T07:43:29.516+0000] {taskinstance.py:1138} INFO - Marking task as FAILED. dag_id=etl_***, task_id=transform, execution_date=20240709T000000, start_date=20251217T074328, end_date=20251217T074329
[2025-12-17T07:43:29.545+0000] {standard_task_runner.py:107} ERROR - Failed to execute job 819 for task transform (transform_data() missing 1 required positional argument: 'df'; 2986)
[2025-12-17T07:43:29.599+0000] {local_task_job_runner.py:234} INFO - Task exited with return code 1
[2025-12-17T07:43:29.653+0000] {taskinstance.py:3280} INFO - 0 downstream tasks scheduled from follow-on schedule check
