[2025-12-17T04:20:40.353+0000] {taskinstance.py:1956} INFO - Dependencies all met for dep_context=non-requeueable deps ti=<TaskInstance: etl_airflow.transform scheduled__2024-06-02T00:00:00+00:00 [queued]>
[2025-12-17T04:20:40.369+0000] {taskinstance.py:1956} INFO - Dependencies all met for dep_context=requeueable deps ti=<TaskInstance: etl_airflow.transform scheduled__2024-06-02T00:00:00+00:00 [queued]>
[2025-12-17T04:20:40.370+0000] {taskinstance.py:2170} INFO - Starting attempt 3 of 3
[2025-12-17T04:20:40.394+0000] {taskinstance.py:2191} INFO - Executing <Task(PythonOperator): transform> on 2024-06-02 00:00:00+00:00
[2025-12-17T04:20:40.401+0000] {standard_task_runner.py:60} INFO - Started process 1075 to run task
[2025-12-17T04:20:40.407+0000] {standard_task_runner.py:87} INFO - Running: ['***', 'tasks', 'run', 'etl_***', 'transform', 'scheduled__2024-06-02T00:00:00+00:00', '--job-id', '266', '--raw', '--subdir', 'DAGS_FOLDER/etl_***.py', '--cfg-path', '/tmp/tmp7fkyh3pq']
[2025-12-17T04:20:40.411+0000] {standard_task_runner.py:88} INFO - Job 266: Subtask transform
[2025-12-17T04:20:40.512+0000] {task_command.py:423} INFO - Running <TaskInstance: etl_airflow.transform scheduled__2024-06-02T00:00:00+00:00 [running]> on host c5811fe183ca
[2025-12-17T04:20:40.819+0000] {taskinstance.py:2480} INFO - Exporting env vars: AIRFLOW_CTX_DAG_OWNER='***' AIRFLOW_CTX_DAG_ID='etl_***' AIRFLOW_CTX_TASK_ID='transform' AIRFLOW_CTX_EXECUTION_DATE='2024-06-02T00:00:00+00:00' AIRFLOW_CTX_TRY_NUMBER='3' AIRFLOW_CTX_DAG_RUN_ID='scheduled__2024-06-02T00:00:00+00:00'
[2025-12-17T04:20:40.821+0000] {taskinstance.py:2698} ERROR - Task failed with exception
Traceback (most recent call last):
  File "/home/airflow/.local/lib/python3.8/site-packages/airflow/models/taskinstance.py", line 433, in _execute_task
    result = execute_callable(context=context, **execute_callable_kwargs)
  File "/home/airflow/.local/lib/python3.8/site-packages/airflow/operators/python.py", line 199, in execute
    return_value = self.execute_callable()
  File "/home/airflow/.local/lib/python3.8/site-packages/airflow/operators/python.py", line 216, in execute_callable
    return self.python_callable(*self.op_args, **self.op_kwargs)
TypeError: transform_data() missing 1 required positional argument: 'df'
[2025-12-17T04:20:40.834+0000] {taskinstance.py:1138} INFO - Marking task as FAILED. dag_id=etl_***, task_id=transform, execution_date=20240602T000000, start_date=20251217T042040, end_date=20251217T042040
[2025-12-17T04:20:40.849+0000] {standard_task_runner.py:107} ERROR - Failed to execute job 266 for task transform (transform_data() missing 1 required positional argument: 'df'; 1075)
[2025-12-17T04:20:40.868+0000] {local_task_job_runner.py:234} INFO - Task exited with return code 1
[2025-12-17T04:20:40.950+0000] {taskinstance.py:3280} INFO - 0 downstream tasks scheduled from follow-on schedule check
[2025-12-17T04:48:05.381+0000] {taskinstance.py:1956} INFO - Dependencies all met for dep_context=non-requeueable deps ti=<TaskInstance: etl_airflow.transform scheduled__2024-06-02T00:00:00+00:00 [queued]>
[2025-12-17T04:48:05.399+0000] {taskinstance.py:1956} INFO - Dependencies all met for dep_context=requeueable deps ti=<TaskInstance: etl_airflow.transform scheduled__2024-06-02T00:00:00+00:00 [queued]>
[2025-12-17T04:48:05.406+0000] {taskinstance.py:2170} INFO - Starting attempt 3 of 3
[2025-12-17T04:48:05.433+0000] {taskinstance.py:2191} INFO - Executing <Task(PythonOperator): transform> on 2024-06-02 00:00:00+00:00
[2025-12-17T04:48:05.448+0000] {standard_task_runner.py:60} INFO - Started process 2320 to run task
[2025-12-17T04:48:05.453+0000] {standard_task_runner.py:87} INFO - Running: ['***', 'tasks', 'run', 'etl_***', 'transform', 'scheduled__2024-06-02T00:00:00+00:00', '--job-id', '633', '--raw', '--subdir', 'DAGS_FOLDER/etl_***.py', '--cfg-path', '/tmp/tmpactw6g5u']
[2025-12-17T04:48:05.476+0000] {standard_task_runner.py:88} INFO - Job 633: Subtask transform
[2025-12-17T04:48:05.711+0000] {task_command.py:423} INFO - Running <TaskInstance: etl_airflow.transform scheduled__2024-06-02T00:00:00+00:00 [running]> on host b3426f05ac70
[2025-12-17T04:48:06.139+0000] {taskinstance.py:2480} INFO - Exporting env vars: AIRFLOW_CTX_DAG_OWNER='***' AIRFLOW_CTX_DAG_ID='etl_***' AIRFLOW_CTX_TASK_ID='transform' AIRFLOW_CTX_EXECUTION_DATE='2024-06-02T00:00:00+00:00' AIRFLOW_CTX_TRY_NUMBER='3' AIRFLOW_CTX_DAG_RUN_ID='scheduled__2024-06-02T00:00:00+00:00'
[2025-12-17T04:48:06.152+0000] {taskinstance.py:2698} ERROR - Task failed with exception
Traceback (most recent call last):
  File "/home/airflow/.local/lib/python3.8/site-packages/airflow/models/taskinstance.py", line 433, in _execute_task
    result = execute_callable(context=context, **execute_callable_kwargs)
  File "/home/airflow/.local/lib/python3.8/site-packages/airflow/operators/python.py", line 199, in execute
    return_value = self.execute_callable()
  File "/home/airflow/.local/lib/python3.8/site-packages/airflow/operators/python.py", line 216, in execute_callable
    return self.python_callable(*self.op_args, **self.op_kwargs)
TypeError: transform_data() missing 1 required positional argument: 'df'
[2025-12-17T04:48:06.174+0000] {taskinstance.py:1138} INFO - Marking task as FAILED. dag_id=etl_***, task_id=transform, execution_date=20240602T000000, start_date=20251217T044805, end_date=20251217T044806
[2025-12-17T04:48:06.198+0000] {standard_task_runner.py:107} ERROR - Failed to execute job 633 for task transform (transform_data() missing 1 required positional argument: 'df'; 2320)
[2025-12-17T04:48:06.242+0000] {local_task_job_runner.py:234} INFO - Task exited with return code 1
[2025-12-17T04:48:06.311+0000] {taskinstance.py:3280} INFO - 0 downstream tasks scheduled from follow-on schedule check
[2025-12-17T07:41:37.137+0000] {taskinstance.py:1956} INFO - Dependencies all met for dep_context=non-requeueable deps ti=<TaskInstance: etl_airflow.transform scheduled__2024-06-02T00:00:00+00:00 [queued]>
[2025-12-17T07:41:37.167+0000] {taskinstance.py:1956} INFO - Dependencies all met for dep_context=requeueable deps ti=<TaskInstance: etl_airflow.transform scheduled__2024-06-02T00:00:00+00:00 [queued]>
[2025-12-17T07:41:37.174+0000] {taskinstance.py:2170} INFO - Starting attempt 3 of 3
[2025-12-17T07:41:37.213+0000] {taskinstance.py:2191} INFO - Executing <Task(PythonOperator): transform> on 2024-06-02 00:00:00+00:00
[2025-12-17T07:41:37.227+0000] {standard_task_runner.py:60} INFO - Started process 2389 to run task
[2025-12-17T07:41:37.237+0000] {standard_task_runner.py:87} INFO - Running: ['***', 'tasks', 'run', 'etl_***', 'transform', 'scheduled__2024-06-02T00:00:00+00:00', '--job-id', '637', '--raw', '--subdir', 'DAGS_FOLDER/etl_***.py', '--cfg-path', '/tmp/tmpmi5pm5w8']
[2025-12-17T07:41:37.242+0000] {standard_task_runner.py:88} INFO - Job 637: Subtask transform
[2025-12-17T07:41:37.380+0000] {task_command.py:423} INFO - Running <TaskInstance: etl_airflow.transform scheduled__2024-06-02T00:00:00+00:00 [running]> on host 2a0de06c8905
[2025-12-17T07:41:37.809+0000] {taskinstance.py:2480} INFO - Exporting env vars: AIRFLOW_CTX_DAG_OWNER='***' AIRFLOW_CTX_DAG_ID='etl_***' AIRFLOW_CTX_TASK_ID='transform' AIRFLOW_CTX_EXECUTION_DATE='2024-06-02T00:00:00+00:00' AIRFLOW_CTX_TRY_NUMBER='3' AIRFLOW_CTX_DAG_RUN_ID='scheduled__2024-06-02T00:00:00+00:00'
[2025-12-17T07:41:37.813+0000] {taskinstance.py:2698} ERROR - Task failed with exception
Traceback (most recent call last):
  File "/home/airflow/.local/lib/python3.8/site-packages/airflow/models/taskinstance.py", line 433, in _execute_task
    result = execute_callable(context=context, **execute_callable_kwargs)
  File "/home/airflow/.local/lib/python3.8/site-packages/airflow/operators/python.py", line 199, in execute
    return_value = self.execute_callable()
  File "/home/airflow/.local/lib/python3.8/site-packages/airflow/operators/python.py", line 216, in execute_callable
    return self.python_callable(*self.op_args, **self.op_kwargs)
TypeError: transform_data() missing 1 required positional argument: 'df'
[2025-12-17T07:41:37.829+0000] {taskinstance.py:1138} INFO - Marking task as FAILED. dag_id=etl_***, task_id=transform, execution_date=20240602T000000, start_date=20251217T074137, end_date=20251217T074137
[2025-12-17T07:41:37.855+0000] {standard_task_runner.py:107} ERROR - Failed to execute job 637 for task transform (transform_data() missing 1 required positional argument: 'df'; 2389)
[2025-12-17T07:41:37.898+0000] {local_task_job_runner.py:234} INFO - Task exited with return code 1
[2025-12-17T07:41:37.986+0000] {taskinstance.py:3280} INFO - 0 downstream tasks scheduled from follow-on schedule check
