[2025-12-17T04:51:53.908+0000] {taskinstance.py:1956} INFO - Dependencies all met for dep_context=non-requeueable deps ti=<TaskInstance: etl_airflow.transform scheduled__2024-09-19T00:00:00+00:00 [queued]>
[2025-12-17T04:51:53.922+0000] {taskinstance.py:1956} INFO - Dependencies all met for dep_context=requeueable deps ti=<TaskInstance: etl_airflow.transform scheduled__2024-09-19T00:00:00+00:00 [queued]>
[2025-12-17T04:51:53.923+0000] {taskinstance.py:2170} INFO - Starting attempt 2 of 3
[2025-12-17T04:51:53.949+0000] {taskinstance.py:2191} INFO - Executing <Task(PythonOperator): transform> on 2024-09-19 00:00:00+00:00
[2025-12-17T04:51:53.958+0000] {standard_task_runner.py:60} INFO - Started process 3730 to run task
[2025-12-17T04:51:53.970+0000] {standard_task_runner.py:87} INFO - Running: ['***', 'tasks', 'run', 'etl_***', 'transform', 'scheduled__2024-09-19T00:00:00+00:00', '--job-id', '1064', '--raw', '--subdir', 'DAGS_FOLDER/etl_***.py', '--cfg-path', '/tmp/tmpdtil53am']
[2025-12-17T04:51:53.974+0000] {standard_task_runner.py:88} INFO - Job 1064: Subtask transform
[2025-12-17T04:51:54.100+0000] {task_command.py:423} INFO - Running <TaskInstance: etl_airflow.transform scheduled__2024-09-19T00:00:00+00:00 [running]> on host b3426f05ac70
[2025-12-17T04:51:54.506+0000] {taskinstance.py:2480} INFO - Exporting env vars: AIRFLOW_CTX_DAG_OWNER='***' AIRFLOW_CTX_DAG_ID='etl_***' AIRFLOW_CTX_TASK_ID='transform' AIRFLOW_CTX_EXECUTION_DATE='2024-09-19T00:00:00+00:00' AIRFLOW_CTX_TRY_NUMBER='2' AIRFLOW_CTX_DAG_RUN_ID='scheduled__2024-09-19T00:00:00+00:00'
[2025-12-17T04:51:54.509+0000] {taskinstance.py:2698} ERROR - Task failed with exception
Traceback (most recent call last):
  File "/home/airflow/.local/lib/python3.8/site-packages/airflow/models/taskinstance.py", line 433, in _execute_task
    result = execute_callable(context=context, **execute_callable_kwargs)
  File "/home/airflow/.local/lib/python3.8/site-packages/airflow/operators/python.py", line 199, in execute
    return_value = self.execute_callable()
  File "/home/airflow/.local/lib/python3.8/site-packages/airflow/operators/python.py", line 216, in execute_callable
    return self.python_callable(*self.op_args, **self.op_kwargs)
TypeError: transform_data() missing 1 required positional argument: 'df'
[2025-12-17T04:51:54.524+0000] {taskinstance.py:1138} INFO - Marking task as UP_FOR_RETRY. dag_id=etl_***, task_id=transform, execution_date=20240919T000000, start_date=20251217T045153, end_date=20251217T045154
[2025-12-17T04:51:54.547+0000] {standard_task_runner.py:107} ERROR - Failed to execute job 1064 for task transform (transform_data() missing 1 required positional argument: 'df'; 3730)
[2025-12-17T04:51:54.584+0000] {local_task_job_runner.py:234} INFO - Task exited with return code 1
[2025-12-17T04:51:54.628+0000] {taskinstance.py:3280} INFO - 0 downstream tasks scheduled from follow-on schedule check
[2025-12-17T07:56:48.055+0000] {taskinstance.py:1956} INFO - Dependencies all met for dep_context=non-requeueable deps ti=<TaskInstance: etl_airflow.transform scheduled__2024-09-19T00:00:00+00:00 [queued]>
[2025-12-17T07:56:48.104+0000] {taskinstance.py:1956} INFO - Dependencies all met for dep_context=requeueable deps ti=<TaskInstance: etl_airflow.transform scheduled__2024-09-19T00:00:00+00:00 [queued]>
[2025-12-17T07:56:48.121+0000] {taskinstance.py:2170} INFO - Starting attempt 2 of 3
[2025-12-17T07:56:48.183+0000] {taskinstance.py:2191} INFO - Executing <Task(PythonOperator): transform> on 2024-09-19 00:00:00+00:00
[2025-12-17T07:56:48.283+0000] {standard_task_runner.py:60} INFO - Started process 3825 to run task
[2025-12-17T07:56:48.292+0000] {standard_task_runner.py:87} INFO - Running: ['***', 'tasks', 'run', 'etl_***', 'transform', 'scheduled__2024-09-19T00:00:00+00:00', '--job-id', '1060', '--raw', '--subdir', 'DAGS_FOLDER/etl_***.py', '--cfg-path', '/tmp/tmpn_a1syf2']
[2025-12-17T07:56:48.308+0000] {standard_task_runner.py:88} INFO - Job 1060: Subtask transform
[2025-12-17T07:56:48.980+0000] {task_command.py:423} INFO - Running <TaskInstance: etl_airflow.transform scheduled__2024-09-19T00:00:00+00:00 [running]> on host 2a0de06c8905
[2025-12-17T07:56:51.226+0000] {taskinstance.py:2480} INFO - Exporting env vars: AIRFLOW_CTX_DAG_OWNER='***' AIRFLOW_CTX_DAG_ID='etl_***' AIRFLOW_CTX_TASK_ID='transform' AIRFLOW_CTX_EXECUTION_DATE='2024-09-19T00:00:00+00:00' AIRFLOW_CTX_TRY_NUMBER='2' AIRFLOW_CTX_DAG_RUN_ID='scheduled__2024-09-19T00:00:00+00:00'
[2025-12-17T07:56:51.249+0000] {taskinstance.py:2698} ERROR - Task failed with exception
Traceback (most recent call last):
  File "/home/airflow/.local/lib/python3.8/site-packages/airflow/models/taskinstance.py", line 433, in _execute_task
    result = execute_callable(context=context, **execute_callable_kwargs)
  File "/home/airflow/.local/lib/python3.8/site-packages/airflow/operators/python.py", line 199, in execute
    return_value = self.execute_callable()
  File "/home/airflow/.local/lib/python3.8/site-packages/airflow/operators/python.py", line 216, in execute_callable
    return self.python_callable(*self.op_args, **self.op_kwargs)
TypeError: transform_data() missing 1 required positional argument: 'df'
[2025-12-17T07:56:51.313+0000] {taskinstance.py:1138} INFO - Marking task as UP_FOR_RETRY. dag_id=etl_***, task_id=transform, execution_date=20240919T000000, start_date=20251217T075648, end_date=20251217T075651
[2025-12-17T07:56:51.469+0000] {standard_task_runner.py:107} ERROR - Failed to execute job 1060 for task transform (transform_data() missing 1 required positional argument: 'df'; 3825)
[2025-12-17T07:56:51.625+0000] {local_task_job_runner.py:234} INFO - Task exited with return code 1
[2025-12-17T07:56:51.928+0000] {taskinstance.py:3280} INFO - 0 downstream tasks scheduled from follow-on schedule check
