[2025-12-17T04:54:28.375+0000] {taskinstance.py:1956} INFO - Dependencies all met for dep_context=non-requeueable deps ti=<TaskInstance: etl_airflow.transform scheduled__2024-11-28T00:00:00+00:00 [queued]>
[2025-12-17T04:54:28.391+0000] {taskinstance.py:1956} INFO - Dependencies all met for dep_context=requeueable deps ti=<TaskInstance: etl_airflow.transform scheduled__2024-11-28T00:00:00+00:00 [queued]>
[2025-12-17T04:54:28.392+0000] {taskinstance.py:2170} INFO - Starting attempt 3 of 3
[2025-12-17T04:54:28.413+0000] {taskinstance.py:2191} INFO - Executing <Task(PythonOperator): transform> on 2024-11-28 00:00:00+00:00
[2025-12-17T04:54:28.424+0000] {standard_task_runner.py:60} INFO - Started process 4645 to run task
[2025-12-17T04:54:28.431+0000] {standard_task_runner.py:87} INFO - Running: ['***', 'tasks', 'run', 'etl_***', 'transform', 'scheduled__2024-11-28T00:00:00+00:00', '--job-id', '1342', '--raw', '--subdir', 'DAGS_FOLDER/etl_***.py', '--cfg-path', '/tmp/tmpres4kgit']
[2025-12-17T04:54:28.436+0000] {standard_task_runner.py:88} INFO - Job 1342: Subtask transform
[2025-12-17T04:54:28.566+0000] {task_command.py:423} INFO - Running <TaskInstance: etl_airflow.transform scheduled__2024-11-28T00:00:00+00:00 [running]> on host b3426f05ac70
[2025-12-17T04:54:29.091+0000] {taskinstance.py:2480} INFO - Exporting env vars: AIRFLOW_CTX_DAG_OWNER='***' AIRFLOW_CTX_DAG_ID='etl_***' AIRFLOW_CTX_TASK_ID='transform' AIRFLOW_CTX_EXECUTION_DATE='2024-11-28T00:00:00+00:00' AIRFLOW_CTX_TRY_NUMBER='3' AIRFLOW_CTX_DAG_RUN_ID='scheduled__2024-11-28T00:00:00+00:00'
[2025-12-17T04:54:29.094+0000] {taskinstance.py:2698} ERROR - Task failed with exception
Traceback (most recent call last):
  File "/home/airflow/.local/lib/python3.8/site-packages/airflow/models/taskinstance.py", line 433, in _execute_task
    result = execute_callable(context=context, **execute_callable_kwargs)
  File "/home/airflow/.local/lib/python3.8/site-packages/airflow/operators/python.py", line 199, in execute
    return_value = self.execute_callable()
  File "/home/airflow/.local/lib/python3.8/site-packages/airflow/operators/python.py", line 216, in execute_callable
    return self.python_callable(*self.op_args, **self.op_kwargs)
TypeError: transform_data() missing 1 required positional argument: 'df'
[2025-12-17T04:54:29.109+0000] {taskinstance.py:1138} INFO - Marking task as FAILED. dag_id=etl_***, task_id=transform, execution_date=20241128T000000, start_date=20251217T045428, end_date=20251217T045429
[2025-12-17T04:54:29.138+0000] {standard_task_runner.py:107} ERROR - Failed to execute job 1342 for task transform (transform_data() missing 1 required positional argument: 'df'; 4645)
[2025-12-17T04:54:29.171+0000] {local_task_job_runner.py:234} INFO - Task exited with return code 1
[2025-12-17T04:54:29.309+0000] {taskinstance.py:3280} INFO - 0 downstream tasks scheduled from follow-on schedule check
[2025-12-17T07:59:45.158+0000] {taskinstance.py:1956} INFO - Dependencies all met for dep_context=non-requeueable deps ti=<TaskInstance: etl_airflow.transform scheduled__2024-11-28T00:00:00+00:00 [queued]>
[2025-12-17T07:59:45.217+0000] {taskinstance.py:1956} INFO - Dependencies all met for dep_context=requeueable deps ti=<TaskInstance: etl_airflow.transform scheduled__2024-11-28T00:00:00+00:00 [queued]>
[2025-12-17T07:59:45.219+0000] {taskinstance.py:2170} INFO - Starting attempt 3 of 3
[2025-12-17T07:59:45.243+0000] {taskinstance.py:2191} INFO - Executing <Task(PythonOperator): transform> on 2024-11-28 00:00:00+00:00
[2025-12-17T07:59:45.255+0000] {standard_task_runner.py:60} INFO - Started process 4737 to run task
[2025-12-17T07:59:45.263+0000] {standard_task_runner.py:87} INFO - Running: ['***', 'tasks', 'run', 'etl_***', 'transform', 'scheduled__2024-11-28T00:00:00+00:00', '--job-id', '1344', '--raw', '--subdir', 'DAGS_FOLDER/etl_***.py', '--cfg-path', '/tmp/tmpbhwrqkn6']
[2025-12-17T07:59:45.269+0000] {standard_task_runner.py:88} INFO - Job 1344: Subtask transform
[2025-12-17T07:59:45.509+0000] {task_command.py:423} INFO - Running <TaskInstance: etl_airflow.transform scheduled__2024-11-28T00:00:00+00:00 [running]> on host 2a0de06c8905
[2025-12-17T07:59:46.048+0000] {taskinstance.py:2480} INFO - Exporting env vars: AIRFLOW_CTX_DAG_OWNER='***' AIRFLOW_CTX_DAG_ID='etl_***' AIRFLOW_CTX_TASK_ID='transform' AIRFLOW_CTX_EXECUTION_DATE='2024-11-28T00:00:00+00:00' AIRFLOW_CTX_TRY_NUMBER='3' AIRFLOW_CTX_DAG_RUN_ID='scheduled__2024-11-28T00:00:00+00:00'
[2025-12-17T07:59:46.052+0000] {taskinstance.py:2698} ERROR - Task failed with exception
Traceback (most recent call last):
  File "/home/airflow/.local/lib/python3.8/site-packages/airflow/models/taskinstance.py", line 433, in _execute_task
    result = execute_callable(context=context, **execute_callable_kwargs)
  File "/home/airflow/.local/lib/python3.8/site-packages/airflow/operators/python.py", line 199, in execute
    return_value = self.execute_callable()
  File "/home/airflow/.local/lib/python3.8/site-packages/airflow/operators/python.py", line 216, in execute_callable
    return self.python_callable(*self.op_args, **self.op_kwargs)
TypeError: transform_data() missing 1 required positional argument: 'df'
[2025-12-17T07:59:46.066+0000] {taskinstance.py:1138} INFO - Marking task as FAILED. dag_id=etl_***, task_id=transform, execution_date=20241128T000000, start_date=20251217T075945, end_date=20251217T075946
[2025-12-17T07:59:46.117+0000] {standard_task_runner.py:107} ERROR - Failed to execute job 1344 for task transform (transform_data() missing 1 required positional argument: 'df'; 4737)
[2025-12-17T07:59:46.205+0000] {local_task_job_runner.py:234} INFO - Task exited with return code 1
[2025-12-17T07:59:46.273+0000] {taskinstance.py:3280} INFO - 0 downstream tasks scheduled from follow-on schedule check
