[2025-12-16T17:06:39.163+0000] {taskinstance.py:1956} INFO - Dependencies all met for dep_context=non-requeueable deps ti=<TaskInstance: etl_airflow.transform scheduled__2025-01-27T00:00:00+00:00 [queued]>
[2025-12-16T17:06:39.178+0000] {taskinstance.py:1956} INFO - Dependencies all met for dep_context=requeueable deps ti=<TaskInstance: etl_airflow.transform scheduled__2025-01-27T00:00:00+00:00 [queued]>
[2025-12-16T17:06:39.179+0000] {taskinstance.py:2170} INFO - Starting attempt 1 of 3
[2025-12-16T17:06:39.202+0000] {taskinstance.py:2191} INFO - Executing <Task(PythonOperator): transform> on 2025-01-27 00:00:00+00:00
[2025-12-16T17:06:39.213+0000] {standard_task_runner.py:60} INFO - Started process 1222 to run task
[2025-12-16T17:06:39.219+0000] {standard_task_runner.py:87} INFO - Running: ['***', 'tasks', 'run', 'etl_***', 'transform', 'scheduled__2025-01-27T00:00:00+00:00', '--job-id', '3292', '--raw', '--subdir', 'DAGS_FOLDER/etl_dag.py', '--cfg-path', '/tmp/tmp8berr5d_']
[2025-12-16T17:06:39.223+0000] {standard_task_runner.py:88} INFO - Job 3292: Subtask transform
[2025-12-16T17:06:39.343+0000] {task_command.py:423} INFO - Running <TaskInstance: etl_airflow.transform scheduled__2025-01-27T00:00:00+00:00 [running]> on host db658e834d9d
[2025-12-16T17:06:39.499+0000] {taskinstance.py:2480} INFO - Exporting env vars: AIRFLOW_CTX_DAG_OWNER='***' AIRFLOW_CTX_DAG_ID='etl_***' AIRFLOW_CTX_TASK_ID='transform' AIRFLOW_CTX_EXECUTION_DATE='2025-01-27T00:00:00+00:00' AIRFLOW_CTX_TRY_NUMBER='1' AIRFLOW_CTX_DAG_RUN_ID='scheduled__2025-01-27T00:00:00+00:00'
[2025-12-16T17:06:39.503+0000] {logging_mixin.py:188} INFO - [TRANSFORM]
[2025-12-16T17:06:39.529+0000] {taskinstance.py:2698} ERROR - Task failed with exception
Traceback (most recent call last):
  File "/home/airflow/.local/lib/python3.8/site-packages/airflow/models/taskinstance.py", line 433, in _execute_task
    result = execute_callable(context=context, **execute_callable_kwargs)
  File "/home/airflow/.local/lib/python3.8/site-packages/airflow/operators/python.py", line 199, in execute
    return_value = self.execute_callable()
  File "/home/airflow/.local/lib/python3.8/site-packages/airflow/operators/python.py", line 216, in execute_callable
    return self.python_callable(*self.op_args, **self.op_kwargs)
  File "/opt/airflow/etl_logic/pipeline.py", line 113, in transform_data
    df.to_csv(OUTPUT_PATH, index=False)
  File "/home/airflow/.local/lib/python3.8/site-packages/pandas/core/generic.py", line 3772, in to_csv
    return DataFrameRenderer(formatter).to_csv(
  File "/home/airflow/.local/lib/python3.8/site-packages/pandas/io/formats/format.py", line 1186, in to_csv
    csv_formatter.save()
  File "/home/airflow/.local/lib/python3.8/site-packages/pandas/io/formats/csvs.py", line 240, in save
    with get_handle(
  File "/home/airflow/.local/lib/python3.8/site-packages/pandas/io/common.py", line 737, in get_handle
    check_parent_directory(str(handle))
  File "/home/airflow/.local/lib/python3.8/site-packages/pandas/io/common.py", line 600, in check_parent_directory
    raise OSError(rf"Cannot save file into a non-existent directory: '{parent}'")
OSError: Cannot save file into a non-existent directory: 'E:\GPP\Task_4\comparative-data-orchestrationirflow\data'
[2025-12-16T17:06:39.571+0000] {taskinstance.py:1138} INFO - Marking task as UP_FOR_RETRY. dag_id=etl_***, task_id=transform, execution_date=20250127T000000, start_date=20251216T170639, end_date=20251216T170639
[2025-12-16T17:06:39.612+0000] {standard_task_runner.py:107} ERROR - Failed to execute job 3292 for task transform (Cannot save file into a non-existent directory: 'E:\GPP\Task_4\comparative-data-orchestrationirflow\data'; 1222)
[2025-12-16T17:06:39.677+0000] {local_task_job_runner.py:234} INFO - Task exited with return code 1
[2025-12-16T17:06:39.740+0000] {taskinstance.py:3280} INFO - 0 downstream tasks scheduled from follow-on schedule check
[2025-12-17T01:57:02.268+0000] {taskinstance.py:1956} INFO - Dependencies all met for dep_context=non-requeueable deps ti=<TaskInstance: etl_airflow.transform scheduled__2025-01-27T00:00:00+00:00 [queued]>
[2025-12-17T01:57:02.288+0000] {taskinstance.py:1956} INFO - Dependencies all met for dep_context=requeueable deps ti=<TaskInstance: etl_airflow.transform scheduled__2025-01-27T00:00:00+00:00 [queued]>
[2025-12-17T01:57:02.290+0000] {taskinstance.py:2170} INFO - Starting attempt 1 of 3
[2025-12-17T01:57:02.318+0000] {taskinstance.py:2191} INFO - Executing <Task(PythonOperator): transform> on 2025-01-27 00:00:00+00:00
[2025-12-17T01:57:02.331+0000] {standard_task_runner.py:60} INFO - Started process 4041 to run task
[2025-12-17T01:57:02.342+0000] {standard_task_runner.py:87} INFO - Running: ['***', 'tasks', 'run', 'etl_***', 'transform', 'scheduled__2025-01-27T00:00:00+00:00', '--job-id', '1205', '--raw', '--subdir', 'DAGS_FOLDER/etl_dag.py', '--cfg-path', '/tmp/tmpjvn24xnh']
[2025-12-17T01:57:02.347+0000] {standard_task_runner.py:88} INFO - Job 1205: Subtask transform
[2025-12-17T01:57:02.524+0000] {task_command.py:423} INFO - Running <TaskInstance: etl_airflow.transform scheduled__2025-01-27T00:00:00+00:00 [running]> on host 571e042550da
[2025-12-17T01:57:03.208+0000] {taskinstance.py:2480} INFO - Exporting env vars: AIRFLOW_CTX_DAG_OWNER='***' AIRFLOW_CTX_DAG_ID='etl_***' AIRFLOW_CTX_TASK_ID='transform' AIRFLOW_CTX_EXECUTION_DATE='2025-01-27T00:00:00+00:00' AIRFLOW_CTX_TRY_NUMBER='1' AIRFLOW_CTX_DAG_RUN_ID='scheduled__2025-01-27T00:00:00+00:00'
[2025-12-17T01:57:03.212+0000] {logging_mixin.py:188} INFO - [TRANSFORM]
[2025-12-17T01:57:03.273+0000] {logging_mixin.py:188} INFO - [TRANSFORM] done
[2025-12-17T01:57:03.276+0000] {python.py:201} INFO - Done. Returned value was: None
[2025-12-17T01:57:03.318+0000] {taskinstance.py:1138} INFO - Marking task as SUCCESS. dag_id=etl_***, task_id=transform, execution_date=20250127T000000, start_date=20251217T015702, end_date=20251217T015703
[2025-12-17T01:57:03.744+0000] {local_task_job_runner.py:234} INFO - Task exited with return code 0
[2025-12-17T01:57:03.804+0000] {taskinstance.py:3280} INFO - 1 downstream tasks scheduled from follow-on schedule check
[2025-12-17T04:56:25.358+0000] {taskinstance.py:1956} INFO - Dependencies all met for dep_context=non-requeueable deps ti=<TaskInstance: etl_airflow.transform scheduled__2025-01-27T00:00:00+00:00 [queued]>
[2025-12-17T04:56:25.372+0000] {taskinstance.py:1956} INFO - Dependencies all met for dep_context=requeueable deps ti=<TaskInstance: etl_airflow.transform scheduled__2025-01-27T00:00:00+00:00 [queued]>
[2025-12-17T04:56:25.373+0000] {taskinstance.py:2170} INFO - Starting attempt 1 of 3
[2025-12-17T04:56:25.404+0000] {taskinstance.py:2191} INFO - Executing <Task(PythonOperator): transform> on 2025-01-27 00:00:00+00:00
[2025-12-17T04:56:25.417+0000] {standard_task_runner.py:60} INFO - Started process 5374 to run task
[2025-12-17T04:56:25.427+0000] {standard_task_runner.py:87} INFO - Running: ['***', 'tasks', 'run', 'etl_***', 'transform', 'scheduled__2025-01-27T00:00:00+00:00', '--job-id', '1563', '--raw', '--subdir', 'DAGS_FOLDER/etl_***.py', '--cfg-path', '/tmp/tmpwpcrnqn_']
[2025-12-17T04:56:25.434+0000] {standard_task_runner.py:88} INFO - Job 1563: Subtask transform
[2025-12-17T04:56:25.567+0000] {task_command.py:423} INFO - Running <TaskInstance: etl_airflow.transform scheduled__2025-01-27T00:00:00+00:00 [running]> on host b3426f05ac70
[2025-12-17T04:56:25.937+0000] {taskinstance.py:2480} INFO - Exporting env vars: AIRFLOW_CTX_DAG_OWNER='***' AIRFLOW_CTX_DAG_ID='etl_***' AIRFLOW_CTX_TASK_ID='transform' AIRFLOW_CTX_EXECUTION_DATE='2025-01-27T00:00:00+00:00' AIRFLOW_CTX_TRY_NUMBER='1' AIRFLOW_CTX_DAG_RUN_ID='scheduled__2025-01-27T00:00:00+00:00'
[2025-12-17T04:56:25.940+0000] {taskinstance.py:2698} ERROR - Task failed with exception
Traceback (most recent call last):
  File "/home/airflow/.local/lib/python3.8/site-packages/airflow/models/taskinstance.py", line 433, in _execute_task
    result = execute_callable(context=context, **execute_callable_kwargs)
  File "/home/airflow/.local/lib/python3.8/site-packages/airflow/operators/python.py", line 199, in execute
    return_value = self.execute_callable()
  File "/home/airflow/.local/lib/python3.8/site-packages/airflow/operators/python.py", line 216, in execute_callable
    return self.python_callable(*self.op_args, **self.op_kwargs)
TypeError: transform_data() missing 1 required positional argument: 'df'
[2025-12-17T04:56:25.950+0000] {taskinstance.py:1138} INFO - Marking task as UP_FOR_RETRY. dag_id=etl_***, task_id=transform, execution_date=20250127T000000, start_date=20251217T045625, end_date=20251217T045625
[2025-12-17T04:56:25.967+0000] {standard_task_runner.py:107} ERROR - Failed to execute job 1563 for task transform (transform_data() missing 1 required positional argument: 'df'; 5374)
[2025-12-17T04:56:26.003+0000] {local_task_job_runner.py:234} INFO - Task exited with return code 1
[2025-12-17T04:56:26.042+0000] {taskinstance.py:3280} INFO - 0 downstream tasks scheduled from follow-on schedule check
