[2025-12-16T17:08:06.373+0000] {taskinstance.py:1956} INFO - Dependencies all met for dep_context=non-requeueable deps ti=<TaskInstance: etl_airflow.transform scheduled__2025-03-24T00:00:00+00:00 [queued]>
[2025-12-16T17:08:06.388+0000] {taskinstance.py:1956} INFO - Dependencies all met for dep_context=requeueable deps ti=<TaskInstance: etl_airflow.transform scheduled__2025-03-24T00:00:00+00:00 [queued]>
[2025-12-16T17:08:06.389+0000] {taskinstance.py:2170} INFO - Starting attempt 1 of 3
[2025-12-16T17:08:06.407+0000] {taskinstance.py:2191} INFO - Executing <Task(PythonOperator): transform> on 2025-03-24 00:00:00+00:00
[2025-12-16T17:08:06.414+0000] {standard_task_runner.py:60} INFO - Started process 1842 to run task
[2025-12-16T17:08:06.420+0000] {standard_task_runner.py:87} INFO - Running: ['***', 'tasks', 'run', 'etl_***', 'transform', 'scheduled__2025-03-24T00:00:00+00:00', '--job-id', '3481', '--raw', '--subdir', 'DAGS_FOLDER/etl_dag.py', '--cfg-path', '/tmp/tmpadcw0h9v']
[2025-12-16T17:08:06.424+0000] {standard_task_runner.py:88} INFO - Job 3481: Subtask transform
[2025-12-16T17:08:06.532+0000] {task_command.py:423} INFO - Running <TaskInstance: etl_airflow.transform scheduled__2025-03-24T00:00:00+00:00 [running]> on host db658e834d9d
[2025-12-16T17:08:06.668+0000] {taskinstance.py:2480} INFO - Exporting env vars: AIRFLOW_CTX_DAG_OWNER='***' AIRFLOW_CTX_DAG_ID='etl_***' AIRFLOW_CTX_TASK_ID='transform' AIRFLOW_CTX_EXECUTION_DATE='2025-03-24T00:00:00+00:00' AIRFLOW_CTX_TRY_NUMBER='1' AIRFLOW_CTX_DAG_RUN_ID='scheduled__2025-03-24T00:00:00+00:00'
[2025-12-16T17:08:06.670+0000] {logging_mixin.py:188} INFO - [TRANSFORM]
[2025-12-16T17:08:06.689+0000] {taskinstance.py:2698} ERROR - Task failed with exception
Traceback (most recent call last):
  File "/home/airflow/.local/lib/python3.8/site-packages/airflow/models/taskinstance.py", line 433, in _execute_task
    result = execute_callable(context=context, **execute_callable_kwargs)
  File "/home/airflow/.local/lib/python3.8/site-packages/airflow/operators/python.py", line 199, in execute
    return_value = self.execute_callable()
  File "/home/airflow/.local/lib/python3.8/site-packages/airflow/operators/python.py", line 216, in execute_callable
    return self.python_callable(*self.op_args, **self.op_kwargs)
  File "/opt/airflow/etl_logic/pipeline.py", line 113, in transform_data
    df.to_csv(OUTPUT_PATH, index=False)
  File "/home/airflow/.local/lib/python3.8/site-packages/pandas/core/generic.py", line 3772, in to_csv
    return DataFrameRenderer(formatter).to_csv(
  File "/home/airflow/.local/lib/python3.8/site-packages/pandas/io/formats/format.py", line 1186, in to_csv
    csv_formatter.save()
  File "/home/airflow/.local/lib/python3.8/site-packages/pandas/io/formats/csvs.py", line 240, in save
    with get_handle(
  File "/home/airflow/.local/lib/python3.8/site-packages/pandas/io/common.py", line 737, in get_handle
    check_parent_directory(str(handle))
  File "/home/airflow/.local/lib/python3.8/site-packages/pandas/io/common.py", line 600, in check_parent_directory
    raise OSError(rf"Cannot save file into a non-existent directory: '{parent}'")
OSError: Cannot save file into a non-existent directory: 'E:\GPP\Task_4\comparative-data-orchestrationirflow\data'
[2025-12-16T17:08:06.716+0000] {taskinstance.py:1138} INFO - Marking task as UP_FOR_RETRY. dag_id=etl_***, task_id=transform, execution_date=20250324T000000, start_date=20251216T170806, end_date=20251216T170806
[2025-12-16T17:08:06.736+0000] {standard_task_runner.py:107} ERROR - Failed to execute job 3481 for task transform (Cannot save file into a non-existent directory: 'E:\GPP\Task_4\comparative-data-orchestrationirflow\data'; 1842)
[2025-12-16T17:08:06.753+0000] {local_task_job_runner.py:234} INFO - Task exited with return code 1
[2025-12-16T17:08:06.789+0000] {taskinstance.py:3280} INFO - 0 downstream tasks scheduled from follow-on schedule check
[2025-12-17T01:57:53.903+0000] {taskinstance.py:1956} INFO - Dependencies all met for dep_context=non-requeueable deps ti=<TaskInstance: etl_airflow.transform scheduled__2025-03-24T00:00:00+00:00 [queued]>
[2025-12-17T01:57:53.934+0000] {taskinstance.py:1956} INFO - Dependencies all met for dep_context=requeueable deps ti=<TaskInstance: etl_airflow.transform scheduled__2025-03-24T00:00:00+00:00 [queued]>
[2025-12-17T01:57:53.938+0000] {taskinstance.py:2170} INFO - Starting attempt 1 of 3
[2025-12-17T01:57:54.164+0000] {taskinstance.py:2191} INFO - Executing <Task(PythonOperator): transform> on 2025-03-24 00:00:00+00:00
[2025-12-17T01:57:54.180+0000] {standard_task_runner.py:60} INFO - Started process 4553 to run task
[2025-12-17T01:57:54.192+0000] {standard_task_runner.py:87} INFO - Running: ['***', 'tasks', 'run', 'etl_***', 'transform', 'scheduled__2025-03-24T00:00:00+00:00', '--job-id', '1367', '--raw', '--subdir', 'DAGS_FOLDER/etl_dag.py', '--cfg-path', '/tmp/tmp30cp0bz9']
[2025-12-17T01:57:54.206+0000] {standard_task_runner.py:88} INFO - Job 1367: Subtask transform
[2025-12-17T01:57:54.424+0000] {task_command.py:423} INFO - Running <TaskInstance: etl_airflow.transform scheduled__2025-03-24T00:00:00+00:00 [running]> on host 571e042550da
[2025-12-17T01:57:54.944+0000] {taskinstance.py:2480} INFO - Exporting env vars: AIRFLOW_CTX_DAG_OWNER='***' AIRFLOW_CTX_DAG_ID='etl_***' AIRFLOW_CTX_TASK_ID='transform' AIRFLOW_CTX_EXECUTION_DATE='2025-03-24T00:00:00+00:00' AIRFLOW_CTX_TRY_NUMBER='1' AIRFLOW_CTX_DAG_RUN_ID='scheduled__2025-03-24T00:00:00+00:00'
[2025-12-17T01:57:54.949+0000] {logging_mixin.py:188} INFO - [TRANSFORM]
[2025-12-17T01:57:54.997+0000] {logging_mixin.py:188} INFO - [TRANSFORM] done
[2025-12-17T01:57:54.998+0000] {python.py:201} INFO - Done. Returned value was: None
[2025-12-17T01:57:55.019+0000] {taskinstance.py:1138} INFO - Marking task as SUCCESS. dag_id=etl_***, task_id=transform, execution_date=20250324T000000, start_date=20251217T015753, end_date=20251217T015755
[2025-12-17T01:57:55.232+0000] {local_task_job_runner.py:234} INFO - Task exited with return code 0
[2025-12-17T01:57:55.297+0000] {taskinstance.py:3280} INFO - 1 downstream tasks scheduled from follow-on schedule check
[2025-12-17T04:58:27.592+0000] {taskinstance.py:1956} INFO - Dependencies all met for dep_context=non-requeueable deps ti=<TaskInstance: etl_airflow.transform scheduled__2025-03-24T00:00:00+00:00 [queued]>
[2025-12-17T04:58:27.611+0000] {taskinstance.py:1956} INFO - Dependencies all met for dep_context=requeueable deps ti=<TaskInstance: etl_airflow.transform scheduled__2025-03-24T00:00:00+00:00 [queued]>
[2025-12-17T04:58:27.612+0000] {taskinstance.py:2170} INFO - Starting attempt 1 of 3
[2025-12-17T04:58:27.633+0000] {taskinstance.py:2191} INFO - Executing <Task(PythonOperator): transform> on 2025-03-24 00:00:00+00:00
[2025-12-17T04:58:27.641+0000] {standard_task_runner.py:60} INFO - Started process 6089 to run task
[2025-12-17T04:58:27.646+0000] {standard_task_runner.py:87} INFO - Running: ['***', 'tasks', 'run', 'etl_***', 'transform', 'scheduled__2025-03-24T00:00:00+00:00', '--job-id', '1780', '--raw', '--subdir', 'DAGS_FOLDER/etl_***.py', '--cfg-path', '/tmp/tmpssqczges']
[2025-12-17T04:58:27.650+0000] {standard_task_runner.py:88} INFO - Job 1780: Subtask transform
[2025-12-17T04:58:27.793+0000] {task_command.py:423} INFO - Running <TaskInstance: etl_airflow.transform scheduled__2025-03-24T00:00:00+00:00 [running]> on host b3426f05ac70
[2025-12-17T04:58:28.246+0000] {taskinstance.py:2480} INFO - Exporting env vars: AIRFLOW_CTX_DAG_OWNER='***' AIRFLOW_CTX_DAG_ID='etl_***' AIRFLOW_CTX_TASK_ID='transform' AIRFLOW_CTX_EXECUTION_DATE='2025-03-24T00:00:00+00:00' AIRFLOW_CTX_TRY_NUMBER='1' AIRFLOW_CTX_DAG_RUN_ID='scheduled__2025-03-24T00:00:00+00:00'
[2025-12-17T04:58:28.250+0000] {taskinstance.py:2698} ERROR - Task failed with exception
Traceback (most recent call last):
  File "/home/airflow/.local/lib/python3.8/site-packages/airflow/models/taskinstance.py", line 433, in _execute_task
    result = execute_callable(context=context, **execute_callable_kwargs)
  File "/home/airflow/.local/lib/python3.8/site-packages/airflow/operators/python.py", line 199, in execute
    return_value = self.execute_callable()
  File "/home/airflow/.local/lib/python3.8/site-packages/airflow/operators/python.py", line 216, in execute_callable
    return self.python_callable(*self.op_args, **self.op_kwargs)
TypeError: transform_data() missing 1 required positional argument: 'df'
[2025-12-17T04:58:28.269+0000] {taskinstance.py:1138} INFO - Marking task as UP_FOR_RETRY. dag_id=etl_***, task_id=transform, execution_date=20250324T000000, start_date=20251217T045827, end_date=20251217T045828
[2025-12-17T04:58:28.290+0000] {standard_task_runner.py:107} ERROR - Failed to execute job 1780 for task transform (transform_data() missing 1 required positional argument: 'df'; 6089)
[2025-12-17T04:58:28.344+0000] {local_task_job_runner.py:234} INFO - Task exited with return code 1
[2025-12-17T04:58:28.397+0000] {taskinstance.py:3280} INFO - 0 downstream tasks scheduled from follow-on schedule check
