[2025-12-16T17:20:09.954+0000] {taskinstance.py:1956} INFO - Dependencies all met for dep_context=non-requeueable deps ti=<TaskInstance: etl_airflow.transform scheduled__2024-05-25T00:00:00+00:00 [queued]>
[2025-12-16T17:20:09.979+0000] {taskinstance.py:1956} INFO - Dependencies all met for dep_context=requeueable deps ti=<TaskInstance: etl_airflow.transform scheduled__2024-05-25T00:00:00+00:00 [queued]>
[2025-12-16T17:20:09.982+0000] {taskinstance.py:2170} INFO - Starting attempt 2 of 4
[2025-12-16T17:20:10.021+0000] {taskinstance.py:2191} INFO - Executing <Task(PythonOperator): transform> on 2024-05-25 00:00:00+00:00
[2025-12-16T17:20:10.039+0000] {standard_task_runner.py:60} INFO - Started process 4863 to run task
[2025-12-16T17:20:10.062+0000] {standard_task_runner.py:87} INFO - Running: ['***', 'tasks', 'run', 'etl_***', 'transform', 'scheduled__2024-05-25T00:00:00+00:00', '--job-id', '5619', '--raw', '--subdir', 'DAGS_FOLDER/etl_dag.py', '--cfg-path', '/tmp/tmp90xbp5gj']
[2025-12-16T17:20:10.087+0000] {standard_task_runner.py:88} INFO - Job 5619: Subtask transform
[2025-12-16T17:20:10.393+0000] {task_command.py:423} INFO - Running <TaskInstance: etl_airflow.transform scheduled__2024-05-25T00:00:00+00:00 [running]> on host 3b89cfee50e9
[2025-12-16T17:20:10.797+0000] {taskinstance.py:2480} INFO - Exporting env vars: AIRFLOW_CTX_DAG_OWNER='***' AIRFLOW_CTX_DAG_ID='etl_***' AIRFLOW_CTX_TASK_ID='transform' AIRFLOW_CTX_EXECUTION_DATE='2024-05-25T00:00:00+00:00' AIRFLOW_CTX_TRY_NUMBER='2' AIRFLOW_CTX_DAG_RUN_ID='scheduled__2024-05-25T00:00:00+00:00'
[2025-12-16T17:20:10.813+0000] {logging_mixin.py:188} INFO - [TRANSFORM]
[2025-12-16T17:20:11.239+0000] {logging_mixin.py:188} INFO - [TRANSFORM] done
[2025-12-16T17:20:11.241+0000] {python.py:201} INFO - Done. Returned value was: None
[2025-12-16T17:20:11.266+0000] {taskinstance.py:1138} INFO - Marking task as SUCCESS. dag_id=etl_***, task_id=transform, execution_date=20240525T000000, start_date=20251216T172009, end_date=20251216T172011
[2025-12-16T17:20:11.321+0000] {local_task_job_runner.py:234} INFO - Task exited with return code 0
[2025-12-16T17:20:11.371+0000] {taskinstance.py:3280} INFO - 1 downstream tasks scheduled from follow-on schedule check
[2025-12-17T04:20:26.410+0000] {taskinstance.py:1956} INFO - Dependencies all met for dep_context=non-requeueable deps ti=<TaskInstance: etl_airflow.transform scheduled__2024-05-25T00:00:00+00:00 [queued]>
[2025-12-17T04:20:26.423+0000] {taskinstance.py:1956} INFO - Dependencies all met for dep_context=requeueable deps ti=<TaskInstance: etl_airflow.transform scheduled__2024-05-25T00:00:00+00:00 [queued]>
[2025-12-17T04:20:26.424+0000] {taskinstance.py:2170} INFO - Starting attempt 2 of 3
[2025-12-17T04:20:26.443+0000] {taskinstance.py:2191} INFO - Executing <Task(PythonOperator): transform> on 2024-05-25 00:00:00+00:00
[2025-12-17T04:20:26.450+0000] {standard_task_runner.py:60} INFO - Started process 999 to run task
[2025-12-17T04:20:26.455+0000] {standard_task_runner.py:87} INFO - Running: ['***', 'tasks', 'run', 'etl_***', 'transform', 'scheduled__2024-05-25T00:00:00+00:00', '--job-id', '240', '--raw', '--subdir', 'DAGS_FOLDER/etl_***.py', '--cfg-path', '/tmp/tmpdqltbeet']
[2025-12-17T04:20:26.458+0000] {standard_task_runner.py:88} INFO - Job 240: Subtask transform
[2025-12-17T04:20:26.562+0000] {task_command.py:423} INFO - Running <TaskInstance: etl_airflow.transform scheduled__2024-05-25T00:00:00+00:00 [running]> on host c5811fe183ca
[2025-12-17T04:20:26.922+0000] {taskinstance.py:2480} INFO - Exporting env vars: AIRFLOW_CTX_DAG_OWNER='***' AIRFLOW_CTX_DAG_ID='etl_***' AIRFLOW_CTX_TASK_ID='transform' AIRFLOW_CTX_EXECUTION_DATE='2024-05-25T00:00:00+00:00' AIRFLOW_CTX_TRY_NUMBER='2' AIRFLOW_CTX_DAG_RUN_ID='scheduled__2024-05-25T00:00:00+00:00'
[2025-12-17T04:20:26.924+0000] {taskinstance.py:2698} ERROR - Task failed with exception
Traceback (most recent call last):
  File "/home/airflow/.local/lib/python3.8/site-packages/airflow/models/taskinstance.py", line 433, in _execute_task
    result = execute_callable(context=context, **execute_callable_kwargs)
  File "/home/airflow/.local/lib/python3.8/site-packages/airflow/operators/python.py", line 199, in execute
    return_value = self.execute_callable()
  File "/home/airflow/.local/lib/python3.8/site-packages/airflow/operators/python.py", line 216, in execute_callable
    return self.python_callable(*self.op_args, **self.op_kwargs)
TypeError: transform_data() missing 1 required positional argument: 'df'
[2025-12-17T04:20:26.937+0000] {taskinstance.py:1138} INFO - Marking task as UP_FOR_RETRY. dag_id=etl_***, task_id=transform, execution_date=20240525T000000, start_date=20251217T042026, end_date=20251217T042026
[2025-12-17T04:20:26.952+0000] {standard_task_runner.py:107} ERROR - Failed to execute job 240 for task transform (transform_data() missing 1 required positional argument: 'df'; 999)
[2025-12-17T04:20:26.984+0000] {local_task_job_runner.py:234} INFO - Task exited with return code 1
[2025-12-17T04:20:27.050+0000] {taskinstance.py:3280} INFO - 0 downstream tasks scheduled from follow-on schedule check
[2025-12-17T04:47:51.057+0000] {taskinstance.py:1956} INFO - Dependencies all met for dep_context=non-requeueable deps ti=<TaskInstance: etl_airflow.transform scheduled__2024-05-25T00:00:00+00:00 [queued]>
[2025-12-17T04:47:51.075+0000] {taskinstance.py:1956} INFO - Dependencies all met for dep_context=requeueable deps ti=<TaskInstance: etl_airflow.transform scheduled__2024-05-25T00:00:00+00:00 [queued]>
[2025-12-17T04:47:51.076+0000] {taskinstance.py:2170} INFO - Starting attempt 2 of 3
[2025-12-17T04:47:51.095+0000] {taskinstance.py:2191} INFO - Executing <Task(PythonOperator): transform> on 2024-05-25 00:00:00+00:00
[2025-12-17T04:47:51.103+0000] {standard_task_runner.py:60} INFO - Started process 2234 to run task
[2025-12-17T04:47:51.107+0000] {standard_task_runner.py:87} INFO - Running: ['***', 'tasks', 'run', 'etl_***', 'transform', 'scheduled__2024-05-25T00:00:00+00:00', '--job-id', '612', '--raw', '--subdir', 'DAGS_FOLDER/etl_***.py', '--cfg-path', '/tmp/tmpjjjvqdox']
[2025-12-17T04:47:51.112+0000] {standard_task_runner.py:88} INFO - Job 612: Subtask transform
[2025-12-17T04:47:51.238+0000] {task_command.py:423} INFO - Running <TaskInstance: etl_airflow.transform scheduled__2024-05-25T00:00:00+00:00 [running]> on host b3426f05ac70
[2025-12-17T04:47:51.576+0000] {taskinstance.py:2480} INFO - Exporting env vars: AIRFLOW_CTX_DAG_OWNER='***' AIRFLOW_CTX_DAG_ID='etl_***' AIRFLOW_CTX_TASK_ID='transform' AIRFLOW_CTX_EXECUTION_DATE='2024-05-25T00:00:00+00:00' AIRFLOW_CTX_TRY_NUMBER='2' AIRFLOW_CTX_DAG_RUN_ID='scheduled__2024-05-25T00:00:00+00:00'
[2025-12-17T04:47:51.578+0000] {taskinstance.py:2698} ERROR - Task failed with exception
Traceback (most recent call last):
  File "/home/airflow/.local/lib/python3.8/site-packages/airflow/models/taskinstance.py", line 433, in _execute_task
    result = execute_callable(context=context, **execute_callable_kwargs)
  File "/home/airflow/.local/lib/python3.8/site-packages/airflow/operators/python.py", line 199, in execute
    return_value = self.execute_callable()
  File "/home/airflow/.local/lib/python3.8/site-packages/airflow/operators/python.py", line 216, in execute_callable
    return self.python_callable(*self.op_args, **self.op_kwargs)
TypeError: transform_data() missing 1 required positional argument: 'df'
[2025-12-17T04:47:51.589+0000] {taskinstance.py:1138} INFO - Marking task as UP_FOR_RETRY. dag_id=etl_***, task_id=transform, execution_date=20240525T000000, start_date=20251217T044751, end_date=20251217T044751
[2025-12-17T04:47:51.607+0000] {standard_task_runner.py:107} ERROR - Failed to execute job 612 for task transform (transform_data() missing 1 required positional argument: 'df'; 2234)
[2025-12-17T04:47:51.643+0000] {local_task_job_runner.py:234} INFO - Task exited with return code 1
[2025-12-17T04:47:51.679+0000] {taskinstance.py:3280} INFO - 0 downstream tasks scheduled from follow-on schedule check
[2025-12-17T07:41:21.012+0000] {taskinstance.py:1956} INFO - Dependencies all met for dep_context=non-requeueable deps ti=<TaskInstance: etl_airflow.transform scheduled__2024-05-25T00:00:00+00:00 [queued]>
[2025-12-17T07:41:21.051+0000] {taskinstance.py:1956} INFO - Dependencies all met for dep_context=requeueable deps ti=<TaskInstance: etl_airflow.transform scheduled__2024-05-25T00:00:00+00:00 [queued]>
[2025-12-17T07:41:21.053+0000] {taskinstance.py:2170} INFO - Starting attempt 2 of 3
[2025-12-17T07:41:21.103+0000] {taskinstance.py:2191} INFO - Executing <Task(PythonOperator): transform> on 2024-05-25 00:00:00+00:00
[2025-12-17T07:41:21.122+0000] {standard_task_runner.py:60} INFO - Started process 2298 to run task
[2025-12-17T07:41:21.140+0000] {standard_task_runner.py:87} INFO - Running: ['***', 'tasks', 'run', 'etl_***', 'transform', 'scheduled__2024-05-25T00:00:00+00:00', '--job-id', '610', '--raw', '--subdir', 'DAGS_FOLDER/etl_***.py', '--cfg-path', '/tmp/tmp1cspv77g']
[2025-12-17T07:41:21.152+0000] {standard_task_runner.py:88} INFO - Job 610: Subtask transform
[2025-12-17T07:41:21.375+0000] {task_command.py:423} INFO - Running <TaskInstance: etl_airflow.transform scheduled__2024-05-25T00:00:00+00:00 [running]> on host 2a0de06c8905
[2025-12-17T07:41:22.006+0000] {taskinstance.py:2480} INFO - Exporting env vars: AIRFLOW_CTX_DAG_OWNER='***' AIRFLOW_CTX_DAG_ID='etl_***' AIRFLOW_CTX_TASK_ID='transform' AIRFLOW_CTX_EXECUTION_DATE='2024-05-25T00:00:00+00:00' AIRFLOW_CTX_TRY_NUMBER='2' AIRFLOW_CTX_DAG_RUN_ID='scheduled__2024-05-25T00:00:00+00:00'
[2025-12-17T07:41:22.013+0000] {taskinstance.py:2698} ERROR - Task failed with exception
Traceback (most recent call last):
  File "/home/airflow/.local/lib/python3.8/site-packages/airflow/models/taskinstance.py", line 433, in _execute_task
    result = execute_callable(context=context, **execute_callable_kwargs)
  File "/home/airflow/.local/lib/python3.8/site-packages/airflow/operators/python.py", line 199, in execute
    return_value = self.execute_callable()
  File "/home/airflow/.local/lib/python3.8/site-packages/airflow/operators/python.py", line 216, in execute_callable
    return self.python_callable(*self.op_args, **self.op_kwargs)
TypeError: transform_data() missing 1 required positional argument: 'df'
[2025-12-17T07:41:22.029+0000] {taskinstance.py:1138} INFO - Marking task as UP_FOR_RETRY. dag_id=etl_***, task_id=transform, execution_date=20240525T000000, start_date=20251217T074121, end_date=20251217T074122
[2025-12-17T07:41:22.059+0000] {standard_task_runner.py:107} ERROR - Failed to execute job 610 for task transform (transform_data() missing 1 required positional argument: 'df'; 2298)
[2025-12-17T07:41:22.123+0000] {local_task_job_runner.py:234} INFO - Task exited with return code 1
[2025-12-17T07:41:22.394+0000] {taskinstance.py:3280} INFO - 0 downstream tasks scheduled from follow-on schedule check
