[2025-12-16T17:06:58.505+0000] {taskinstance.py:1956} INFO - Dependencies all met for dep_context=non-requeueable deps ti=<TaskInstance: etl_airflow.transform scheduled__2025-02-14T00:00:00+00:00 [queued]>
[2025-12-16T17:06:58.525+0000] {taskinstance.py:1956} INFO - Dependencies all met for dep_context=requeueable deps ti=<TaskInstance: etl_airflow.transform scheduled__2025-02-14T00:00:00+00:00 [queued]>
[2025-12-16T17:06:58.527+0000] {taskinstance.py:2170} INFO - Starting attempt 1 of 3
[2025-12-16T17:06:58.554+0000] {taskinstance.py:2191} INFO - Executing <Task(PythonOperator): transform> on 2025-02-14 00:00:00+00:00
[2025-12-16T17:06:58.567+0000] {standard_task_runner.py:60} INFO - Started process 1353 to run task
[2025-12-16T17:06:58.572+0000] {standard_task_runner.py:87} INFO - Running: ['***', 'tasks', 'run', 'etl_***', 'transform', 'scheduled__2025-02-14T00:00:00+00:00', '--job-id', '3326', '--raw', '--subdir', 'DAGS_FOLDER/etl_dag.py', '--cfg-path', '/tmp/tmpbf3n0d0v']
[2025-12-16T17:06:58.578+0000] {standard_task_runner.py:88} INFO - Job 3326: Subtask transform
[2025-12-16T17:06:58.676+0000] {task_command.py:423} INFO - Running <TaskInstance: etl_airflow.transform scheduled__2025-02-14T00:00:00+00:00 [running]> on host db658e834d9d
[2025-12-16T17:06:58.805+0000] {taskinstance.py:2480} INFO - Exporting env vars: AIRFLOW_CTX_DAG_OWNER='***' AIRFLOW_CTX_DAG_ID='etl_***' AIRFLOW_CTX_TASK_ID='transform' AIRFLOW_CTX_EXECUTION_DATE='2025-02-14T00:00:00+00:00' AIRFLOW_CTX_TRY_NUMBER='1' AIRFLOW_CTX_DAG_RUN_ID='scheduled__2025-02-14T00:00:00+00:00'
[2025-12-16T17:06:58.808+0000] {logging_mixin.py:188} INFO - [TRANSFORM]
[2025-12-16T17:06:58.830+0000] {taskinstance.py:2698} ERROR - Task failed with exception
Traceback (most recent call last):
  File "/home/airflow/.local/lib/python3.8/site-packages/airflow/models/taskinstance.py", line 433, in _execute_task
    result = execute_callable(context=context, **execute_callable_kwargs)
  File "/home/airflow/.local/lib/python3.8/site-packages/airflow/operators/python.py", line 199, in execute
    return_value = self.execute_callable()
  File "/home/airflow/.local/lib/python3.8/site-packages/airflow/operators/python.py", line 216, in execute_callable
    return self.python_callable(*self.op_args, **self.op_kwargs)
  File "/opt/airflow/etl_logic/pipeline.py", line 113, in transform_data
    df.to_csv(OUTPUT_PATH, index=False)
  File "/home/airflow/.local/lib/python3.8/site-packages/pandas/core/generic.py", line 3772, in to_csv
    return DataFrameRenderer(formatter).to_csv(
  File "/home/airflow/.local/lib/python3.8/site-packages/pandas/io/formats/format.py", line 1186, in to_csv
    csv_formatter.save()
  File "/home/airflow/.local/lib/python3.8/site-packages/pandas/io/formats/csvs.py", line 240, in save
    with get_handle(
  File "/home/airflow/.local/lib/python3.8/site-packages/pandas/io/common.py", line 737, in get_handle
    check_parent_directory(str(handle))
  File "/home/airflow/.local/lib/python3.8/site-packages/pandas/io/common.py", line 600, in check_parent_directory
    raise OSError(rf"Cannot save file into a non-existent directory: '{parent}'")
OSError: Cannot save file into a non-existent directory: 'E:\GPP\Task_4\comparative-data-orchestrationirflow\data'
[2025-12-16T17:06:58.857+0000] {taskinstance.py:1138} INFO - Marking task as UP_FOR_RETRY. dag_id=etl_***, task_id=transform, execution_date=20250214T000000, start_date=20251216T170658, end_date=20251216T170658
[2025-12-16T17:06:58.880+0000] {standard_task_runner.py:107} ERROR - Failed to execute job 3326 for task transform (Cannot save file into a non-existent directory: 'E:\GPP\Task_4\comparative-data-orchestrationirflow\data'; 1353)
[2025-12-16T17:06:58.903+0000] {local_task_job_runner.py:234} INFO - Task exited with return code 1
[2025-12-16T17:06:58.939+0000] {taskinstance.py:3280} INFO - 0 downstream tasks scheduled from follow-on schedule check
[2025-12-17T01:57:18.316+0000] {taskinstance.py:1956} INFO - Dependencies all met for dep_context=non-requeueable deps ti=<TaskInstance: etl_airflow.transform scheduled__2025-02-14T00:00:00+00:00 [queued]>
[2025-12-17T01:57:18.373+0000] {taskinstance.py:1956} INFO - Dependencies all met for dep_context=requeueable deps ti=<TaskInstance: etl_airflow.transform scheduled__2025-02-14T00:00:00+00:00 [queued]>
[2025-12-17T01:57:18.378+0000] {taskinstance.py:2170} INFO - Starting attempt 1 of 3
[2025-12-17T01:57:18.498+0000] {taskinstance.py:2191} INFO - Executing <Task(PythonOperator): transform> on 2025-02-14 00:00:00+00:00
[2025-12-17T01:57:18.518+0000] {standard_task_runner.py:60} INFO - Started process 4204 to run task
[2025-12-17T01:57:18.534+0000] {standard_task_runner.py:87} INFO - Running: ['***', 'tasks', 'run', 'etl_***', 'transform', 'scheduled__2025-02-14T00:00:00+00:00', '--job-id', '1258', '--raw', '--subdir', 'DAGS_FOLDER/etl_dag.py', '--cfg-path', '/tmp/tmpy6sa8hau']
[2025-12-17T01:57:18.550+0000] {standard_task_runner.py:88} INFO - Job 1258: Subtask transform
[2025-12-17T01:57:18.768+0000] {task_command.py:423} INFO - Running <TaskInstance: etl_airflow.transform scheduled__2025-02-14T00:00:00+00:00 [running]> on host 571e042550da
[2025-12-17T01:57:19.525+0000] {taskinstance.py:2480} INFO - Exporting env vars: AIRFLOW_CTX_DAG_OWNER='***' AIRFLOW_CTX_DAG_ID='etl_***' AIRFLOW_CTX_TASK_ID='transform' AIRFLOW_CTX_EXECUTION_DATE='2025-02-14T00:00:00+00:00' AIRFLOW_CTX_TRY_NUMBER='1' AIRFLOW_CTX_DAG_RUN_ID='scheduled__2025-02-14T00:00:00+00:00'
[2025-12-17T01:57:19.538+0000] {logging_mixin.py:188} INFO - [TRANSFORM]
[2025-12-17T01:57:19.632+0000] {logging_mixin.py:188} INFO - [TRANSFORM] done
[2025-12-17T01:57:19.636+0000] {python.py:201} INFO - Done. Returned value was: None
[2025-12-17T01:57:19.695+0000] {taskinstance.py:1138} INFO - Marking task as SUCCESS. dag_id=etl_***, task_id=transform, execution_date=20250214T000000, start_date=20251217T015718, end_date=20251217T015719
[2025-12-17T01:57:20.210+0000] {local_task_job_runner.py:234} INFO - Task exited with return code 0
[2025-12-17T01:57:20.321+0000] {taskinstance.py:3280} INFO - 1 downstream tasks scheduled from follow-on schedule check
[2025-12-17T04:56:59.619+0000] {taskinstance.py:1956} INFO - Dependencies all met for dep_context=non-requeueable deps ti=<TaskInstance: etl_airflow.transform scheduled__2025-02-14T00:00:00+00:00 [queued]>
[2025-12-17T04:56:59.634+0000] {taskinstance.py:1956} INFO - Dependencies all met for dep_context=requeueable deps ti=<TaskInstance: etl_airflow.transform scheduled__2025-02-14T00:00:00+00:00 [queued]>
[2025-12-17T04:56:59.636+0000] {taskinstance.py:2170} INFO - Starting attempt 1 of 3
[2025-12-17T04:56:59.671+0000] {taskinstance.py:2191} INFO - Executing <Task(PythonOperator): transform> on 2025-02-14 00:00:00+00:00
[2025-12-17T04:56:59.681+0000] {standard_task_runner.py:60} INFO - Started process 5587 to run task
[2025-12-17T04:56:59.696+0000] {standard_task_runner.py:87} INFO - Running: ['***', 'tasks', 'run', 'etl_***', 'transform', 'scheduled__2025-02-14T00:00:00+00:00', '--job-id', '1628', '--raw', '--subdir', 'DAGS_FOLDER/etl_***.py', '--cfg-path', '/tmp/tmpape14cyh']
[2025-12-17T04:56:59.705+0000] {standard_task_runner.py:88} INFO - Job 1628: Subtask transform
[2025-12-17T04:56:59.843+0000] {task_command.py:423} INFO - Running <TaskInstance: etl_airflow.transform scheduled__2025-02-14T00:00:00+00:00 [running]> on host b3426f05ac70
[2025-12-17T04:57:00.197+0000] {taskinstance.py:2480} INFO - Exporting env vars: AIRFLOW_CTX_DAG_OWNER='***' AIRFLOW_CTX_DAG_ID='etl_***' AIRFLOW_CTX_TASK_ID='transform' AIRFLOW_CTX_EXECUTION_DATE='2025-02-14T00:00:00+00:00' AIRFLOW_CTX_TRY_NUMBER='1' AIRFLOW_CTX_DAG_RUN_ID='scheduled__2025-02-14T00:00:00+00:00'
[2025-12-17T04:57:00.199+0000] {taskinstance.py:2698} ERROR - Task failed with exception
Traceback (most recent call last):
  File "/home/airflow/.local/lib/python3.8/site-packages/airflow/models/taskinstance.py", line 433, in _execute_task
    result = execute_callable(context=context, **execute_callable_kwargs)
  File "/home/airflow/.local/lib/python3.8/site-packages/airflow/operators/python.py", line 199, in execute
    return_value = self.execute_callable()
  File "/home/airflow/.local/lib/python3.8/site-packages/airflow/operators/python.py", line 216, in execute_callable
    return self.python_callable(*self.op_args, **self.op_kwargs)
TypeError: transform_data() missing 1 required positional argument: 'df'
[2025-12-17T04:57:00.214+0000] {taskinstance.py:1138} INFO - Marking task as UP_FOR_RETRY. dag_id=etl_***, task_id=transform, execution_date=20250214T000000, start_date=20251217T045659, end_date=20251217T045700
[2025-12-17T04:57:00.242+0000] {standard_task_runner.py:107} ERROR - Failed to execute job 1628 for task transform (transform_data() missing 1 required positional argument: 'df'; 5587)
[2025-12-17T04:57:00.273+0000] {local_task_job_runner.py:234} INFO - Task exited with return code 1
[2025-12-17T04:57:00.300+0000] {taskinstance.py:3280} INFO - 0 downstream tasks scheduled from follow-on schedule check
