[2025-12-17T04:20:37.871+0000] {taskinstance.py:1956} INFO - Dependencies all met for dep_context=non-requeueable deps ti=<TaskInstance: etl_airflow.transform scheduled__2024-05-26T00:00:00+00:00 [queued]>
[2025-12-17T04:20:37.885+0000] {taskinstance.py:1956} INFO - Dependencies all met for dep_context=requeueable deps ti=<TaskInstance: etl_airflow.transform scheduled__2024-05-26T00:00:00+00:00 [queued]>
[2025-12-17T04:20:37.887+0000] {taskinstance.py:2170} INFO - Starting attempt 3 of 3
[2025-12-17T04:20:37.906+0000] {taskinstance.py:2191} INFO - Executing <Task(PythonOperator): transform> on 2024-05-26 00:00:00+00:00
[2025-12-17T04:20:37.914+0000] {standard_task_runner.py:60} INFO - Started process 1046 to run task
[2025-12-17T04:20:37.921+0000] {standard_task_runner.py:87} INFO - Running: ['***', 'tasks', 'run', 'etl_***', 'transform', 'scheduled__2024-05-26T00:00:00+00:00', '--job-id', '255', '--raw', '--subdir', 'DAGS_FOLDER/etl_***.py', '--cfg-path', '/tmp/tmpfvzua69m']
[2025-12-17T04:20:37.926+0000] {standard_task_runner.py:88} INFO - Job 255: Subtask transform
[2025-12-17T04:20:38.029+0000] {task_command.py:423} INFO - Running <TaskInstance: etl_airflow.transform scheduled__2024-05-26T00:00:00+00:00 [running]> on host c5811fe183ca
[2025-12-17T04:20:38.402+0000] {taskinstance.py:2480} INFO - Exporting env vars: AIRFLOW_CTX_DAG_OWNER='***' AIRFLOW_CTX_DAG_ID='etl_***' AIRFLOW_CTX_TASK_ID='transform' AIRFLOW_CTX_EXECUTION_DATE='2024-05-26T00:00:00+00:00' AIRFLOW_CTX_TRY_NUMBER='3' AIRFLOW_CTX_DAG_RUN_ID='scheduled__2024-05-26T00:00:00+00:00'
[2025-12-17T04:20:38.404+0000] {taskinstance.py:2698} ERROR - Task failed with exception
Traceback (most recent call last):
  File "/home/airflow/.local/lib/python3.8/site-packages/airflow/models/taskinstance.py", line 433, in _execute_task
    result = execute_callable(context=context, **execute_callable_kwargs)
  File "/home/airflow/.local/lib/python3.8/site-packages/airflow/operators/python.py", line 199, in execute
    return_value = self.execute_callable()
  File "/home/airflow/.local/lib/python3.8/site-packages/airflow/operators/python.py", line 216, in execute_callable
    return self.python_callable(*self.op_args, **self.op_kwargs)
TypeError: transform_data() missing 1 required positional argument: 'df'
[2025-12-17T04:20:38.418+0000] {taskinstance.py:1138} INFO - Marking task as FAILED. dag_id=etl_***, task_id=transform, execution_date=20240526T000000, start_date=20251217T042037, end_date=20251217T042038
[2025-12-17T04:20:38.437+0000] {standard_task_runner.py:107} ERROR - Failed to execute job 255 for task transform (transform_data() missing 1 required positional argument: 'df'; 1046)
[2025-12-17T04:20:38.454+0000] {local_task_job_runner.py:234} INFO - Task exited with return code 1
[2025-12-17T04:20:38.493+0000] {taskinstance.py:3280} INFO - 0 downstream tasks scheduled from follow-on schedule check
[2025-12-17T04:48:03.392+0000] {taskinstance.py:1956} INFO - Dependencies all met for dep_context=non-requeueable deps ti=<TaskInstance: etl_airflow.transform scheduled__2024-05-26T00:00:00+00:00 [queued]>
[2025-12-17T04:48:03.403+0000] {taskinstance.py:1956} INFO - Dependencies all met for dep_context=requeueable deps ti=<TaskInstance: etl_airflow.transform scheduled__2024-05-26T00:00:00+00:00 [queued]>
[2025-12-17T04:48:03.404+0000] {taskinstance.py:2170} INFO - Starting attempt 3 of 3
[2025-12-17T04:48:03.423+0000] {taskinstance.py:2191} INFO - Executing <Task(PythonOperator): transform> on 2024-05-26 00:00:00+00:00
[2025-12-17T04:48:03.431+0000] {standard_task_runner.py:60} INFO - Started process 2300 to run task
[2025-12-17T04:48:03.435+0000] {standard_task_runner.py:87} INFO - Running: ['***', 'tasks', 'run', 'etl_***', 'transform', 'scheduled__2024-05-26T00:00:00+00:00', '--job-id', '629', '--raw', '--subdir', 'DAGS_FOLDER/etl_***.py', '--cfg-path', '/tmp/tmpwakp8d8o']
[2025-12-17T04:48:03.438+0000] {standard_task_runner.py:88} INFO - Job 629: Subtask transform
[2025-12-17T04:48:03.548+0000] {task_command.py:423} INFO - Running <TaskInstance: etl_airflow.transform scheduled__2024-05-26T00:00:00+00:00 [running]> on host b3426f05ac70
[2025-12-17T04:48:03.941+0000] {taskinstance.py:2480} INFO - Exporting env vars: AIRFLOW_CTX_DAG_OWNER='***' AIRFLOW_CTX_DAG_ID='etl_***' AIRFLOW_CTX_TASK_ID='transform' AIRFLOW_CTX_EXECUTION_DATE='2024-05-26T00:00:00+00:00' AIRFLOW_CTX_TRY_NUMBER='3' AIRFLOW_CTX_DAG_RUN_ID='scheduled__2024-05-26T00:00:00+00:00'
[2025-12-17T04:48:03.944+0000] {taskinstance.py:2698} ERROR - Task failed with exception
Traceback (most recent call last):
  File "/home/airflow/.local/lib/python3.8/site-packages/airflow/models/taskinstance.py", line 433, in _execute_task
    result = execute_callable(context=context, **execute_callable_kwargs)
  File "/home/airflow/.local/lib/python3.8/site-packages/airflow/operators/python.py", line 199, in execute
    return_value = self.execute_callable()
  File "/home/airflow/.local/lib/python3.8/site-packages/airflow/operators/python.py", line 216, in execute_callable
    return self.python_callable(*self.op_args, **self.op_kwargs)
TypeError: transform_data() missing 1 required positional argument: 'df'
[2025-12-17T04:48:03.956+0000] {taskinstance.py:1138} INFO - Marking task as FAILED. dag_id=etl_***, task_id=transform, execution_date=20240526T000000, start_date=20251217T044803, end_date=20251217T044803
[2025-12-17T04:48:03.974+0000] {standard_task_runner.py:107} ERROR - Failed to execute job 629 for task transform (transform_data() missing 1 required positional argument: 'df'; 2300)
[2025-12-17T04:48:04.013+0000] {local_task_job_runner.py:234} INFO - Task exited with return code 1
[2025-12-17T04:48:04.296+0000] {taskinstance.py:3280} INFO - 0 downstream tasks scheduled from follow-on schedule check
[2025-12-17T07:41:34.581+0000] {taskinstance.py:1956} INFO - Dependencies all met for dep_context=non-requeueable deps ti=<TaskInstance: etl_airflow.transform scheduled__2024-05-26T00:00:00+00:00 [queued]>
[2025-12-17T07:41:34.611+0000] {taskinstance.py:1956} INFO - Dependencies all met for dep_context=requeueable deps ti=<TaskInstance: etl_airflow.transform scheduled__2024-05-26T00:00:00+00:00 [queued]>
[2025-12-17T07:41:34.618+0000] {taskinstance.py:2170} INFO - Starting attempt 3 of 3
[2025-12-17T07:41:34.664+0000] {taskinstance.py:2191} INFO - Executing <Task(PythonOperator): transform> on 2024-05-26 00:00:00+00:00
[2025-12-17T07:41:34.677+0000] {standard_task_runner.py:60} INFO - Started process 2366 to run task
[2025-12-17T07:41:34.689+0000] {standard_task_runner.py:87} INFO - Running: ['***', 'tasks', 'run', 'etl_***', 'transform', 'scheduled__2024-05-26T00:00:00+00:00', '--job-id', '628', '--raw', '--subdir', 'DAGS_FOLDER/etl_***.py', '--cfg-path', '/tmp/tmpcmegrzxy']
[2025-12-17T07:41:34.694+0000] {standard_task_runner.py:88} INFO - Job 628: Subtask transform
[2025-12-17T07:41:34.874+0000] {task_command.py:423} INFO - Running <TaskInstance: etl_airflow.transform scheduled__2024-05-26T00:00:00+00:00 [running]> on host 2a0de06c8905
[2025-12-17T07:41:35.361+0000] {taskinstance.py:2480} INFO - Exporting env vars: AIRFLOW_CTX_DAG_OWNER='***' AIRFLOW_CTX_DAG_ID='etl_***' AIRFLOW_CTX_TASK_ID='transform' AIRFLOW_CTX_EXECUTION_DATE='2024-05-26T00:00:00+00:00' AIRFLOW_CTX_TRY_NUMBER='3' AIRFLOW_CTX_DAG_RUN_ID='scheduled__2024-05-26T00:00:00+00:00'
[2025-12-17T07:41:35.364+0000] {taskinstance.py:2698} ERROR - Task failed with exception
Traceback (most recent call last):
  File "/home/airflow/.local/lib/python3.8/site-packages/airflow/models/taskinstance.py", line 433, in _execute_task
    result = execute_callable(context=context, **execute_callable_kwargs)
  File "/home/airflow/.local/lib/python3.8/site-packages/airflow/operators/python.py", line 199, in execute
    return_value = self.execute_callable()
  File "/home/airflow/.local/lib/python3.8/site-packages/airflow/operators/python.py", line 216, in execute_callable
    return self.python_callable(*self.op_args, **self.op_kwargs)
TypeError: transform_data() missing 1 required positional argument: 'df'
[2025-12-17T07:41:35.381+0000] {taskinstance.py:1138} INFO - Marking task as FAILED. dag_id=etl_***, task_id=transform, execution_date=20240526T000000, start_date=20251217T074134, end_date=20251217T074135
[2025-12-17T07:41:35.407+0000] {standard_task_runner.py:107} ERROR - Failed to execute job 628 for task transform (transform_data() missing 1 required positional argument: 'df'; 2366)
[2025-12-17T07:41:35.453+0000] {local_task_job_runner.py:234} INFO - Task exited with return code 1
[2025-12-17T07:41:35.509+0000] {taskinstance.py:3280} INFO - 0 downstream tasks scheduled from follow-on schedule check
