[2025-12-17T04:54:28.329+0000] {taskinstance.py:1956} INFO - Dependencies all met for dep_context=non-requeueable deps ti=<TaskInstance: etl_airflow.transform scheduled__2024-11-23T00:00:00+00:00 [queued]>
[2025-12-17T04:54:28.346+0000] {taskinstance.py:1956} INFO - Dependencies all met for dep_context=requeueable deps ti=<TaskInstance: etl_airflow.transform scheduled__2024-11-23T00:00:00+00:00 [queued]>
[2025-12-17T04:54:28.348+0000] {taskinstance.py:2170} INFO - Starting attempt 3 of 3
[2025-12-17T04:54:28.371+0000] {taskinstance.py:2191} INFO - Executing <Task(PythonOperator): transform> on 2024-11-23 00:00:00+00:00
[2025-12-17T04:54:28.379+0000] {standard_task_runner.py:60} INFO - Started process 4641 to run task
[2025-12-17T04:54:28.384+0000] {standard_task_runner.py:87} INFO - Running: ['***', 'tasks', 'run', 'etl_***', 'transform', 'scheduled__2024-11-23T00:00:00+00:00', '--job-id', '1337', '--raw', '--subdir', 'DAGS_FOLDER/etl_***.py', '--cfg-path', '/tmp/tmpxqt6t8k6']
[2025-12-17T04:54:28.388+0000] {standard_task_runner.py:88} INFO - Job 1337: Subtask transform
[2025-12-17T04:54:28.517+0000] {task_command.py:423} INFO - Running <TaskInstance: etl_airflow.transform scheduled__2024-11-23T00:00:00+00:00 [running]> on host b3426f05ac70
[2025-12-17T04:54:29.016+0000] {taskinstance.py:2480} INFO - Exporting env vars: AIRFLOW_CTX_DAG_OWNER='***' AIRFLOW_CTX_DAG_ID='etl_***' AIRFLOW_CTX_TASK_ID='transform' AIRFLOW_CTX_EXECUTION_DATE='2024-11-23T00:00:00+00:00' AIRFLOW_CTX_TRY_NUMBER='3' AIRFLOW_CTX_DAG_RUN_ID='scheduled__2024-11-23T00:00:00+00:00'
[2025-12-17T04:54:29.020+0000] {taskinstance.py:2698} ERROR - Task failed with exception
Traceback (most recent call last):
  File "/home/airflow/.local/lib/python3.8/site-packages/airflow/models/taskinstance.py", line 433, in _execute_task
    result = execute_callable(context=context, **execute_callable_kwargs)
  File "/home/airflow/.local/lib/python3.8/site-packages/airflow/operators/python.py", line 199, in execute
    return_value = self.execute_callable()
  File "/home/airflow/.local/lib/python3.8/site-packages/airflow/operators/python.py", line 216, in execute_callable
    return self.python_callable(*self.op_args, **self.op_kwargs)
TypeError: transform_data() missing 1 required positional argument: 'df'
[2025-12-17T04:54:29.039+0000] {taskinstance.py:1138} INFO - Marking task as FAILED. dag_id=etl_***, task_id=transform, execution_date=20241123T000000, start_date=20251217T045428, end_date=20251217T045429
[2025-12-17T04:54:29.065+0000] {standard_task_runner.py:107} ERROR - Failed to execute job 1337 for task transform (transform_data() missing 1 required positional argument: 'df'; 4641)
[2025-12-17T04:54:29.121+0000] {local_task_job_runner.py:234} INFO - Task exited with return code 1
[2025-12-17T04:54:29.310+0000] {taskinstance.py:3280} INFO - 0 downstream tasks scheduled from follow-on schedule check
[2025-12-17T07:59:42.829+0000] {taskinstance.py:1956} INFO - Dependencies all met for dep_context=non-requeueable deps ti=<TaskInstance: etl_airflow.transform scheduled__2024-11-23T00:00:00+00:00 [queued]>
[2025-12-17T07:59:42.849+0000] {taskinstance.py:1956} INFO - Dependencies all met for dep_context=requeueable deps ti=<TaskInstance: etl_airflow.transform scheduled__2024-11-23T00:00:00+00:00 [queued]>
[2025-12-17T07:59:42.851+0000] {taskinstance.py:2170} INFO - Starting attempt 3 of 3
[2025-12-17T07:59:42.878+0000] {taskinstance.py:2191} INFO - Executing <Task(PythonOperator): transform> on 2024-11-23 00:00:00+00:00
[2025-12-17T07:59:42.890+0000] {standard_task_runner.py:60} INFO - Started process 4732 to run task
[2025-12-17T07:59:42.901+0000] {standard_task_runner.py:87} INFO - Running: ['***', 'tasks', 'run', 'etl_***', 'transform', 'scheduled__2024-11-23T00:00:00+00:00', '--job-id', '1342', '--raw', '--subdir', 'DAGS_FOLDER/etl_***.py', '--cfg-path', '/tmp/tmp49bf5frl']
[2025-12-17T07:59:42.907+0000] {standard_task_runner.py:88} INFO - Job 1342: Subtask transform
[2025-12-17T07:59:43.067+0000] {task_command.py:423} INFO - Running <TaskInstance: etl_airflow.transform scheduled__2024-11-23T00:00:00+00:00 [running]> on host 2a0de06c8905
[2025-12-17T07:59:43.627+0000] {taskinstance.py:2480} INFO - Exporting env vars: AIRFLOW_CTX_DAG_OWNER='***' AIRFLOW_CTX_DAG_ID='etl_***' AIRFLOW_CTX_TASK_ID='transform' AIRFLOW_CTX_EXECUTION_DATE='2024-11-23T00:00:00+00:00' AIRFLOW_CTX_TRY_NUMBER='3' AIRFLOW_CTX_DAG_RUN_ID='scheduled__2024-11-23T00:00:00+00:00'
[2025-12-17T07:59:43.634+0000] {taskinstance.py:2698} ERROR - Task failed with exception
Traceback (most recent call last):
  File "/home/airflow/.local/lib/python3.8/site-packages/airflow/models/taskinstance.py", line 433, in _execute_task
    result = execute_callable(context=context, **execute_callable_kwargs)
  File "/home/airflow/.local/lib/python3.8/site-packages/airflow/operators/python.py", line 199, in execute
    return_value = self.execute_callable()
  File "/home/airflow/.local/lib/python3.8/site-packages/airflow/operators/python.py", line 216, in execute_callable
    return self.python_callable(*self.op_args, **self.op_kwargs)
TypeError: transform_data() missing 1 required positional argument: 'df'
[2025-12-17T07:59:43.658+0000] {taskinstance.py:1138} INFO - Marking task as FAILED. dag_id=etl_***, task_id=transform, execution_date=20241123T000000, start_date=20251217T075942, end_date=20251217T075943
[2025-12-17T07:59:43.688+0000] {standard_task_runner.py:107} ERROR - Failed to execute job 1342 for task transform (transform_data() missing 1 required positional argument: 'df'; 4732)
[2025-12-17T07:59:43.759+0000] {local_task_job_runner.py:234} INFO - Task exited with return code 1
[2025-12-17T07:59:43.849+0000] {taskinstance.py:3280} INFO - 0 downstream tasks scheduled from follow-on schedule check
