[2025-12-17T04:54:15.367+0000] {taskinstance.py:1956} INFO - Dependencies all met for dep_context=non-requeueable deps ti=<TaskInstance: etl_airflow.transform scheduled__2024-11-24T00:00:00+00:00 [queued]>
[2025-12-17T04:54:15.382+0000] {taskinstance.py:1956} INFO - Dependencies all met for dep_context=requeueable deps ti=<TaskInstance: etl_airflow.transform scheduled__2024-11-24T00:00:00+00:00 [queued]>
[2025-12-17T04:54:15.383+0000] {taskinstance.py:2170} INFO - Starting attempt 2 of 3
[2025-12-17T04:54:15.452+0000] {taskinstance.py:2191} INFO - Executing <Task(PythonOperator): transform> on 2024-11-24 00:00:00+00:00
[2025-12-17T04:54:15.461+0000] {standard_task_runner.py:60} INFO - Started process 4584 to run task
[2025-12-17T04:54:15.467+0000] {standard_task_runner.py:87} INFO - Running: ['***', 'tasks', 'run', 'etl_***', 'transform', 'scheduled__2024-11-24T00:00:00+00:00', '--job-id', '1323', '--raw', '--subdir', 'DAGS_FOLDER/etl_***.py', '--cfg-path', '/tmp/tmptjuv01g9']
[2025-12-17T04:54:15.473+0000] {standard_task_runner.py:88} INFO - Job 1323: Subtask transform
[2025-12-17T04:54:15.577+0000] {task_command.py:423} INFO - Running <TaskInstance: etl_airflow.transform scheduled__2024-11-24T00:00:00+00:00 [running]> on host b3426f05ac70
[2025-12-17T04:54:15.952+0000] {taskinstance.py:2480} INFO - Exporting env vars: AIRFLOW_CTX_DAG_OWNER='***' AIRFLOW_CTX_DAG_ID='etl_***' AIRFLOW_CTX_TASK_ID='transform' AIRFLOW_CTX_EXECUTION_DATE='2024-11-24T00:00:00+00:00' AIRFLOW_CTX_TRY_NUMBER='2' AIRFLOW_CTX_DAG_RUN_ID='scheduled__2024-11-24T00:00:00+00:00'
[2025-12-17T04:54:15.954+0000] {taskinstance.py:2698} ERROR - Task failed with exception
Traceback (most recent call last):
  File "/home/airflow/.local/lib/python3.8/site-packages/airflow/models/taskinstance.py", line 433, in _execute_task
    result = execute_callable(context=context, **execute_callable_kwargs)
  File "/home/airflow/.local/lib/python3.8/site-packages/airflow/operators/python.py", line 199, in execute
    return_value = self.execute_callable()
  File "/home/airflow/.local/lib/python3.8/site-packages/airflow/operators/python.py", line 216, in execute_callable
    return self.python_callable(*self.op_args, **self.op_kwargs)
TypeError: transform_data() missing 1 required positional argument: 'df'
[2025-12-17T04:54:15.968+0000] {taskinstance.py:1138} INFO - Marking task as UP_FOR_RETRY. dag_id=etl_***, task_id=transform, execution_date=20241124T000000, start_date=20251217T045415, end_date=20251217T045415
[2025-12-17T04:54:16.019+0000] {standard_task_runner.py:107} ERROR - Failed to execute job 1323 for task transform (transform_data() missing 1 required positional argument: 'df'; 4584)
[2025-12-17T04:54:16.082+0000] {local_task_job_runner.py:234} INFO - Task exited with return code 1
[2025-12-17T04:54:16.268+0000] {taskinstance.py:3280} INFO - 0 downstream tasks scheduled from follow-on schedule check
[2025-12-17T07:59:30.518+0000] {taskinstance.py:1956} INFO - Dependencies all met for dep_context=non-requeueable deps ti=<TaskInstance: etl_airflow.transform scheduled__2024-11-24T00:00:00+00:00 [queued]>
[2025-12-17T07:59:30.539+0000] {taskinstance.py:1956} INFO - Dependencies all met for dep_context=requeueable deps ti=<TaskInstance: etl_airflow.transform scheduled__2024-11-24T00:00:00+00:00 [queued]>
[2025-12-17T07:59:30.543+0000] {taskinstance.py:2170} INFO - Starting attempt 2 of 3
[2025-12-17T07:59:30.572+0000] {taskinstance.py:2191} INFO - Executing <Task(PythonOperator): transform> on 2024-11-24 00:00:00+00:00
[2025-12-17T07:59:30.585+0000] {standard_task_runner.py:60} INFO - Started process 4681 to run task
[2025-12-17T07:59:30.593+0000] {standard_task_runner.py:87} INFO - Running: ['***', 'tasks', 'run', 'etl_***', 'transform', 'scheduled__2024-11-24T00:00:00+00:00', '--job-id', '1324', '--raw', '--subdir', 'DAGS_FOLDER/etl_***.py', '--cfg-path', '/tmp/tmpfd4edw4f']
[2025-12-17T07:59:30.598+0000] {standard_task_runner.py:88} INFO - Job 1324: Subtask transform
[2025-12-17T07:59:30.777+0000] {task_command.py:423} INFO - Running <TaskInstance: etl_airflow.transform scheduled__2024-11-24T00:00:00+00:00 [running]> on host 2a0de06c8905
[2025-12-17T07:59:31.234+0000] {taskinstance.py:2480} INFO - Exporting env vars: AIRFLOW_CTX_DAG_OWNER='***' AIRFLOW_CTX_DAG_ID='etl_***' AIRFLOW_CTX_TASK_ID='transform' AIRFLOW_CTX_EXECUTION_DATE='2024-11-24T00:00:00+00:00' AIRFLOW_CTX_TRY_NUMBER='2' AIRFLOW_CTX_DAG_RUN_ID='scheduled__2024-11-24T00:00:00+00:00'
[2025-12-17T07:59:31.236+0000] {taskinstance.py:2698} ERROR - Task failed with exception
Traceback (most recent call last):
  File "/home/airflow/.local/lib/python3.8/site-packages/airflow/models/taskinstance.py", line 433, in _execute_task
    result = execute_callable(context=context, **execute_callable_kwargs)
  File "/home/airflow/.local/lib/python3.8/site-packages/airflow/operators/python.py", line 199, in execute
    return_value = self.execute_callable()
  File "/home/airflow/.local/lib/python3.8/site-packages/airflow/operators/python.py", line 216, in execute_callable
    return self.python_callable(*self.op_args, **self.op_kwargs)
TypeError: transform_data() missing 1 required positional argument: 'df'
[2025-12-17T07:59:31.252+0000] {taskinstance.py:1138} INFO - Marking task as UP_FOR_RETRY. dag_id=etl_***, task_id=transform, execution_date=20241124T000000, start_date=20251217T075930, end_date=20251217T075931
[2025-12-17T07:59:31.367+0000] {standard_task_runner.py:107} ERROR - Failed to execute job 1324 for task transform (transform_data() missing 1 required positional argument: 'df'; 4681)
[2025-12-17T07:59:31.409+0000] {local_task_job_runner.py:234} INFO - Task exited with return code 1
[2025-12-17T07:59:31.457+0000] {taskinstance.py:3280} INFO - 0 downstream tasks scheduled from follow-on schedule check
