[2025-12-17T04:55:07.637+0000] {taskinstance.py:1956} INFO - Dependencies all met for dep_context=non-requeueable deps ti=<TaskInstance: etl_airflow.transform scheduled__2024-12-16T00:00:00+00:00 [queued]>
[2025-12-17T04:55:07.647+0000] {taskinstance.py:1956} INFO - Dependencies all met for dep_context=requeueable deps ti=<TaskInstance: etl_airflow.transform scheduled__2024-12-16T00:00:00+00:00 [queued]>
[2025-12-17T04:55:07.649+0000] {taskinstance.py:2170} INFO - Starting attempt 3 of 3
[2025-12-17T04:55:07.662+0000] {taskinstance.py:2191} INFO - Executing <Task(PythonOperator): transform> on 2024-12-16 00:00:00+00:00
[2025-12-17T04:55:07.671+0000] {standard_task_runner.py:60} INFO - Started process 4859 to run task
[2025-12-17T04:55:07.674+0000] {standard_task_runner.py:87} INFO - Running: ['***', 'tasks', 'run', 'etl_***', 'transform', 'scheduled__2024-12-16T00:00:00+00:00', '--job-id', '1408', '--raw', '--subdir', 'DAGS_FOLDER/etl_***.py', '--cfg-path', '/tmp/tmprojd9vpc']
[2025-12-17T04:55:07.678+0000] {standard_task_runner.py:88} INFO - Job 1408: Subtask transform
[2025-12-17T04:55:07.763+0000] {task_command.py:423} INFO - Running <TaskInstance: etl_airflow.transform scheduled__2024-12-16T00:00:00+00:00 [running]> on host b3426f05ac70
[2025-12-17T04:55:08.002+0000] {taskinstance.py:2480} INFO - Exporting env vars: AIRFLOW_CTX_DAG_OWNER='***' AIRFLOW_CTX_DAG_ID='etl_***' AIRFLOW_CTX_TASK_ID='transform' AIRFLOW_CTX_EXECUTION_DATE='2024-12-16T00:00:00+00:00' AIRFLOW_CTX_TRY_NUMBER='3' AIRFLOW_CTX_DAG_RUN_ID='scheduled__2024-12-16T00:00:00+00:00'
[2025-12-17T04:55:08.005+0000] {taskinstance.py:2698} ERROR - Task failed with exception
Traceback (most recent call last):
  File "/home/airflow/.local/lib/python3.8/site-packages/airflow/models/taskinstance.py", line 433, in _execute_task
    result = execute_callable(context=context, **execute_callable_kwargs)
  File "/home/airflow/.local/lib/python3.8/site-packages/airflow/operators/python.py", line 199, in execute
    return_value = self.execute_callable()
  File "/home/airflow/.local/lib/python3.8/site-packages/airflow/operators/python.py", line 216, in execute_callable
    return self.python_callable(*self.op_args, **self.op_kwargs)
TypeError: transform_data() missing 1 required positional argument: 'df'
[2025-12-17T04:55:08.013+0000] {taskinstance.py:1138} INFO - Marking task as FAILED. dag_id=etl_***, task_id=transform, execution_date=20241216T000000, start_date=20251217T045507, end_date=20251217T045508
[2025-12-17T04:55:08.026+0000] {standard_task_runner.py:107} ERROR - Failed to execute job 1408 for task transform (transform_data() missing 1 required positional argument: 'df'; 4859)
[2025-12-17T04:55:08.049+0000] {local_task_job_runner.py:234} INFO - Task exited with return code 1
[2025-12-17T04:55:08.086+0000] {taskinstance.py:3280} INFO - 0 downstream tasks scheduled from follow-on schedule check
[2025-12-17T08:00:58.830+0000] {taskinstance.py:1956} INFO - Dependencies all met for dep_context=non-requeueable deps ti=<TaskInstance: etl_airflow.transform scheduled__2024-12-16T00:00:00+00:00 [queued]>
[2025-12-17T08:00:58.879+0000] {taskinstance.py:1956} INFO - Dependencies all met for dep_context=requeueable deps ti=<TaskInstance: etl_airflow.transform scheduled__2024-12-16T00:00:00+00:00 [queued]>
[2025-12-17T08:00:58.883+0000] {taskinstance.py:2170} INFO - Starting attempt 3 of 3
[2025-12-17T08:00:58.925+0000] {taskinstance.py:2191} INFO - Executing <Task(PythonOperator): transform> on 2024-12-16 00:00:00+00:00
[2025-12-17T08:00:58.937+0000] {standard_task_runner.py:60} INFO - Started process 5133 to run task
[2025-12-17T08:00:58.943+0000] {standard_task_runner.py:87} INFO - Running: ['***', 'tasks', 'run', 'etl_***', 'transform', 'scheduled__2024-12-16T00:00:00+00:00', '--job-id', '1459', '--raw', '--subdir', 'DAGS_FOLDER/etl_***.py', '--cfg-path', '/tmp/tmpapvu_kno']
[2025-12-17T08:00:58.947+0000] {standard_task_runner.py:88} INFO - Job 1459: Subtask transform
[2025-12-17T08:00:59.089+0000] {task_command.py:423} INFO - Running <TaskInstance: etl_airflow.transform scheduled__2024-12-16T00:00:00+00:00 [running]> on host 2a0de06c8905
[2025-12-17T08:00:59.772+0000] {taskinstance.py:2480} INFO - Exporting env vars: AIRFLOW_CTX_DAG_OWNER='***' AIRFLOW_CTX_DAG_ID='etl_***' AIRFLOW_CTX_TASK_ID='transform' AIRFLOW_CTX_EXECUTION_DATE='2024-12-16T00:00:00+00:00' AIRFLOW_CTX_TRY_NUMBER='3' AIRFLOW_CTX_DAG_RUN_ID='scheduled__2024-12-16T00:00:00+00:00'
[2025-12-17T08:00:59.777+0000] {taskinstance.py:2698} ERROR - Task failed with exception
Traceback (most recent call last):
  File "/home/airflow/.local/lib/python3.8/site-packages/airflow/models/taskinstance.py", line 433, in _execute_task
    result = execute_callable(context=context, **execute_callable_kwargs)
  File "/home/airflow/.local/lib/python3.8/site-packages/airflow/operators/python.py", line 199, in execute
    return_value = self.execute_callable()
  File "/home/airflow/.local/lib/python3.8/site-packages/airflow/operators/python.py", line 216, in execute_callable
    return self.python_callable(*self.op_args, **self.op_kwargs)
TypeError: transform_data() missing 1 required positional argument: 'df'
[2025-12-17T08:00:59.812+0000] {taskinstance.py:1138} INFO - Marking task as FAILED. dag_id=etl_***, task_id=transform, execution_date=20241216T000000, start_date=20251217T080058, end_date=20251217T080059
[2025-12-17T08:00:59.867+0000] {standard_task_runner.py:107} ERROR - Failed to execute job 1459 for task transform (transform_data() missing 1 required positional argument: 'df'; 5133)
[2025-12-17T08:00:59.926+0000] {local_task_job_runner.py:234} INFO - Task exited with return code 1
[2025-12-17T08:00:59.998+0000] {taskinstance.py:3280} INFO - 0 downstream tasks scheduled from follow-on schedule check
