[2025-12-17T04:53:38.494+0000] {taskinstance.py:1956} INFO - Dependencies all met for dep_context=non-requeueable deps ti=<TaskInstance: etl_airflow.transform scheduled__2024-11-04T00:00:00+00:00 [queued]>
[2025-12-17T04:53:38.507+0000] {taskinstance.py:1956} INFO - Dependencies all met for dep_context=requeueable deps ti=<TaskInstance: etl_airflow.transform scheduled__2024-11-04T00:00:00+00:00 [queued]>
[2025-12-17T04:53:38.509+0000] {taskinstance.py:2170} INFO - Starting attempt 2 of 3
[2025-12-17T04:53:38.528+0000] {taskinstance.py:2191} INFO - Executing <Task(PythonOperator): transform> on 2024-11-04 00:00:00+00:00
[2025-12-17T04:53:38.537+0000] {standard_task_runner.py:60} INFO - Started process 4357 to run task
[2025-12-17T04:53:38.542+0000] {standard_task_runner.py:87} INFO - Running: ['***', 'tasks', 'run', 'etl_***', 'transform', 'scheduled__2024-11-04T00:00:00+00:00', '--job-id', '1255', '--raw', '--subdir', 'DAGS_FOLDER/etl_***.py', '--cfg-path', '/tmp/tmpq2jzvfmh']
[2025-12-17T04:53:38.545+0000] {standard_task_runner.py:88} INFO - Job 1255: Subtask transform
[2025-12-17T04:53:38.663+0000] {task_command.py:423} INFO - Running <TaskInstance: etl_airflow.transform scheduled__2024-11-04T00:00:00+00:00 [running]> on host b3426f05ac70
[2025-12-17T04:53:39.097+0000] {taskinstance.py:2480} INFO - Exporting env vars: AIRFLOW_CTX_DAG_OWNER='***' AIRFLOW_CTX_DAG_ID='etl_***' AIRFLOW_CTX_TASK_ID='transform' AIRFLOW_CTX_EXECUTION_DATE='2024-11-04T00:00:00+00:00' AIRFLOW_CTX_TRY_NUMBER='2' AIRFLOW_CTX_DAG_RUN_ID='scheduled__2024-11-04T00:00:00+00:00'
[2025-12-17T04:53:39.100+0000] {taskinstance.py:2698} ERROR - Task failed with exception
Traceback (most recent call last):
  File "/home/airflow/.local/lib/python3.8/site-packages/airflow/models/taskinstance.py", line 433, in _execute_task
    result = execute_callable(context=context, **execute_callable_kwargs)
  File "/home/airflow/.local/lib/python3.8/site-packages/airflow/operators/python.py", line 199, in execute
    return_value = self.execute_callable()
  File "/home/airflow/.local/lib/python3.8/site-packages/airflow/operators/python.py", line 216, in execute_callable
    return self.python_callable(*self.op_args, **self.op_kwargs)
TypeError: transform_data() missing 1 required positional argument: 'df'
[2025-12-17T04:53:39.113+0000] {taskinstance.py:1138} INFO - Marking task as UP_FOR_RETRY. dag_id=etl_***, task_id=transform, execution_date=20241104T000000, start_date=20251217T045338, end_date=20251217T045339
[2025-12-17T04:53:39.132+0000] {standard_task_runner.py:107} ERROR - Failed to execute job 1255 for task transform (transform_data() missing 1 required positional argument: 'df'; 4357)
[2025-12-17T04:53:39.158+0000] {local_task_job_runner.py:234} INFO - Task exited with return code 1
[2025-12-17T04:53:39.294+0000] {taskinstance.py:3280} INFO - 0 downstream tasks scheduled from follow-on schedule check
[2025-12-17T07:58:48.804+0000] {taskinstance.py:1956} INFO - Dependencies all met for dep_context=non-requeueable deps ti=<TaskInstance: etl_airflow.transform scheduled__2024-11-04T00:00:00+00:00 [queued]>
[2025-12-17T07:58:48.826+0000] {taskinstance.py:1956} INFO - Dependencies all met for dep_context=requeueable deps ti=<TaskInstance: etl_airflow.transform scheduled__2024-11-04T00:00:00+00:00 [queued]>
[2025-12-17T07:58:48.833+0000] {taskinstance.py:2170} INFO - Starting attempt 2 of 3
[2025-12-17T07:58:48.871+0000] {taskinstance.py:2191} INFO - Executing <Task(PythonOperator): transform> on 2024-11-04 00:00:00+00:00
[2025-12-17T07:58:48.889+0000] {standard_task_runner.py:60} INFO - Started process 4441 to run task
[2025-12-17T07:58:48.898+0000] {standard_task_runner.py:87} INFO - Running: ['***', 'tasks', 'run', 'etl_***', 'transform', 'scheduled__2024-11-04T00:00:00+00:00', '--job-id', '1255', '--raw', '--subdir', 'DAGS_FOLDER/etl_***.py', '--cfg-path', '/tmp/tmpclw6s7eh']
[2025-12-17T07:58:48.905+0000] {standard_task_runner.py:88} INFO - Job 1255: Subtask transform
[2025-12-17T07:58:49.053+0000] {task_command.py:423} INFO - Running <TaskInstance: etl_airflow.transform scheduled__2024-11-04T00:00:00+00:00 [running]> on host 2a0de06c8905
[2025-12-17T07:58:49.513+0000] {taskinstance.py:2480} INFO - Exporting env vars: AIRFLOW_CTX_DAG_OWNER='***' AIRFLOW_CTX_DAG_ID='etl_***' AIRFLOW_CTX_TASK_ID='transform' AIRFLOW_CTX_EXECUTION_DATE='2024-11-04T00:00:00+00:00' AIRFLOW_CTX_TRY_NUMBER='2' AIRFLOW_CTX_DAG_RUN_ID='scheduled__2024-11-04T00:00:00+00:00'
[2025-12-17T07:58:49.516+0000] {taskinstance.py:2698} ERROR - Task failed with exception
Traceback (most recent call last):
  File "/home/airflow/.local/lib/python3.8/site-packages/airflow/models/taskinstance.py", line 433, in _execute_task
    result = execute_callable(context=context, **execute_callable_kwargs)
  File "/home/airflow/.local/lib/python3.8/site-packages/airflow/operators/python.py", line 199, in execute
    return_value = self.execute_callable()
  File "/home/airflow/.local/lib/python3.8/site-packages/airflow/operators/python.py", line 216, in execute_callable
    return self.python_callable(*self.op_args, **self.op_kwargs)
TypeError: transform_data() missing 1 required positional argument: 'df'
[2025-12-17T07:58:49.539+0000] {taskinstance.py:1138} INFO - Marking task as UP_FOR_RETRY. dag_id=etl_***, task_id=transform, execution_date=20241104T000000, start_date=20251217T075848, end_date=20251217T075849
[2025-12-17T07:58:49.591+0000] {standard_task_runner.py:107} ERROR - Failed to execute job 1255 for task transform (transform_data() missing 1 required positional argument: 'df'; 4441)
[2025-12-17T07:58:49.638+0000] {local_task_job_runner.py:234} INFO - Task exited with return code 1
[2025-12-17T07:58:49.892+0000] {taskinstance.py:3280} INFO - 0 downstream tasks scheduled from follow-on schedule check
