[2025-12-17T05:05:20.030+0000] {taskinstance.py:1956} INFO - Dependencies all met for dep_context=non-requeueable deps ti=<TaskInstance: etl_airflow.transform scheduled__2025-09-29T00:00:00+00:00 [queued]>
[2025-12-17T05:05:20.046+0000] {taskinstance.py:1956} INFO - Dependencies all met for dep_context=requeueable deps ti=<TaskInstance: etl_airflow.transform scheduled__2025-09-29T00:00:00+00:00 [queued]>
[2025-12-17T05:05:20.047+0000] {taskinstance.py:2170} INFO - Starting attempt 3 of 3
[2025-12-17T05:05:20.068+0000] {taskinstance.py:2191} INFO - Executing <Task(PythonOperator): transform> on 2025-09-29 00:00:00+00:00
[2025-12-17T05:05:20.075+0000] {standard_task_runner.py:60} INFO - Started process 8662 to run task
[2025-12-17T05:05:20.080+0000] {standard_task_runner.py:87} INFO - Running: ['***', 'tasks', 'run', 'etl_***', 'transform', 'scheduled__2025-09-29T00:00:00+00:00', '--job-id', '2561', '--raw', '--subdir', 'DAGS_FOLDER/etl_***.py', '--cfg-path', '/tmp/tmp0is3ub1y']
[2025-12-17T05:05:20.083+0000] {standard_task_runner.py:88} INFO - Job 2561: Subtask transform
[2025-12-17T05:05:20.212+0000] {task_command.py:423} INFO - Running <TaskInstance: etl_airflow.transform scheduled__2025-09-29T00:00:00+00:00 [running]> on host b3426f05ac70
[2025-12-17T05:05:20.614+0000] {taskinstance.py:2480} INFO - Exporting env vars: AIRFLOW_CTX_DAG_OWNER='***' AIRFLOW_CTX_DAG_ID='etl_***' AIRFLOW_CTX_TASK_ID='transform' AIRFLOW_CTX_EXECUTION_DATE='2025-09-29T00:00:00+00:00' AIRFLOW_CTX_TRY_NUMBER='3' AIRFLOW_CTX_DAG_RUN_ID='scheduled__2025-09-29T00:00:00+00:00'
[2025-12-17T05:05:20.617+0000] {taskinstance.py:2698} ERROR - Task failed with exception
Traceback (most recent call last):
  File "/home/airflow/.local/lib/python3.8/site-packages/airflow/models/taskinstance.py", line 433, in _execute_task
    result = execute_callable(context=context, **execute_callable_kwargs)
  File "/home/airflow/.local/lib/python3.8/site-packages/airflow/operators/python.py", line 199, in execute
    return_value = self.execute_callable()
  File "/home/airflow/.local/lib/python3.8/site-packages/airflow/operators/python.py", line 216, in execute_callable
    return self.python_callable(*self.op_args, **self.op_kwargs)
TypeError: transform_data() missing 1 required positional argument: 'df'
[2025-12-17T05:05:20.628+0000] {taskinstance.py:1138} INFO - Marking task as FAILED. dag_id=etl_***, task_id=transform, execution_date=20250929T000000, start_date=20251217T050520, end_date=20251217T050520
[2025-12-17T05:05:20.643+0000] {standard_task_runner.py:107} ERROR - Failed to execute job 2561 for task transform (transform_data() missing 1 required positional argument: 'df'; 8662)
[2025-12-17T05:05:20.697+0000] {local_task_job_runner.py:234} INFO - Task exited with return code 1
[2025-12-17T05:05:20.732+0000] {taskinstance.py:3280} INFO - 0 downstream tasks scheduled from follow-on schedule check
